### AI Lover Log - Last updated at 2025-09-29T23:35:51.728767 ###

2025-09-29 21:49:28 - [INFO] - [512280345618546699] Profile æ›´æ–°ä¸¦æŒä¹…åŒ–æˆåŠŸã€‚
2025-09-29 21:49:37 - [INFO] - Logged in as AI#4450 (ID: 1358417100250808531)
2025-09-29 22:02:06 - [INFO] - æ‰€æœ‰æŒä¹…åŒ– UI è¦–åœ–å·²æˆåŠŸè¨»å†Šã€‚
2025-09-29 22:02:06 - [INFO] - æ­£åœ¨å˜—è©¦å°‡æ‡‰ç”¨ç¨‹å¼æŒ‡ä»¤ (Slash Commands) å…¨åŸŸåŒæ­¥åˆ° Discord...
2025-09-29 22:02:07 - [INFO] - âœ… æ‡‰ç”¨ç¨‹å¼æŒ‡ä»¤å…¨åŸŸåŒæ­¥æˆåŠŸï¼(æ³¨æ„ï¼šå…¨åŸŸæŒ‡ä»¤æ›´æ–°å¯èƒ½éœ€è¦é•·é”ä¸€å°æ™‚æ‰èƒ½åœ¨æ‰€æœ‰ä¼ºæœå™¨ç”Ÿæ•ˆ)
2025-09-29 22:02:07 - [INFO] - Discord Bot is ready!
2025-09-29 22:02:09 - [INFO] - ã€å¥åº·æª¢æŸ¥ & Keep-Aliveã€‘èƒŒæ™¯ä»»å‹™å·²å•Ÿå‹•ã€‚
2025-09-29 22:02:09 - [INFO] - Logged in as AI#4450 (ID: 1358417100250808531)
2025-09-29 22:02:10 - [INFO] - å·²æˆåŠŸç™¼é€å•Ÿå‹•æˆåŠŸé€šçŸ¥çµ¦ç®¡ç†å“¡ã€‚
2025-09-29 22:02:48 - [INFO] - [512280345618546699] å¾Œå°é‡ç½®ä»»å‹™é–‹å§‹...
2025-09-29 22:02:48 - [INFO] - [512280345618546699] æ­£åœ¨ä»æ•°æ®åº“åˆ é™¤æ‰€æœ‰ç›¸å…³æ•°æ®...
2025-09-29 22:02:49 - [INFO] - [512280345618546699] æ•°æ®åº“æ¸…ç†å®Œæˆã€‚
2025-09-29 22:02:53 - [INFO] - [512280345618546699] (UI Event) Persistent 'StartSetupView' button clicked.
2025-09-29 22:02:58 - [INFO] - [512280345618546699] (UI Event) WorldSettingsModal submitted. is_setup_flow: True
2025-09-29 22:02:58 - [INFO] - ä½¿ç”¨è€… 512280345618546699 æ²’æœ‰æ´»èºçš„ AI å¯¦ä¾‹ï¼Œå˜—è©¦å‰µå»º...
2025-09-29 22:02:58 - [INFO] - [512280345618546699] è™•æ–¼è¨­å®šæµç¨‹ä¸­ï¼Œå³ä½¿è³‡æ–™åº«ç„¡è¨˜éŒ„ï¼Œä¹Ÿå‰µå»ºä¸€å€‹è‡¨æ™‚çš„è¨˜æ†¶é«”å¯¦ä¾‹ã€‚
2025-09-29 22:02:58 - [ERROR] - [512280345618546699] è‡´å‘½éŒ¯èª¤: æœªæ‰¾åˆ°æ ¸å¿ƒæ•¸æ“šæ¨¡æ¿ 'world_snapshot_template.txt'ï¼
2025-09-29 22:02:58 - [CRITICAL] - [512280345618546699] è‡´å‘½éŒ¯èª¤: æœªæ‰¾åˆ°æ ¸å¿ƒå”è­° '00_supreme_directive.txt'ï¼
2025-09-29 22:02:58 - [INFO] - [512280345618546699] [RAG Mode] æ­£åœ¨å˜—è©¦åˆå§‹åŒ–ã€æ··åˆé›²ç«¯æ¨¡å¼ã€‘...
2025-09-29 22:02:58 - [INFO] - [512280345618546699] æ­£åœ¨å‰µå»º Embedding æ¨¡å‹å¯¦ä¾‹ (API Key index: 0)
2025-09-29 22:02:58 - [WARNING] - [512280345618546699] [RAG Mode] åˆå§‹åŒ–ã€æ··åˆé›²ç«¯æ¨¡å¼ã€‘å¤±æ•—: GoogleGenerativeAIErrorã€‚æ­£åœ¨é™ç´š...
2025-09-29 22:02:58 - [INFO] - [512280345618546699] [RAG Mode] æ­£åœ¨å˜—è©¦åˆå§‹åŒ–ã€æ··åˆæœ¬åœ°æ¨¡å¼ã€‘ï¼ˆå°‡è‡ªå‹•å¾é¡åƒæºä¸‹è¼‰ï¼‰...
2025-09-29 22:03:02 - [ERROR] - [512280345618546699] [RAG Mode] åˆå§‹åŒ–ã€æ··åˆæœ¬åœ°æ¨¡å¼ã€‘æœ€çµ‚å¤±æ•— (å¯èƒ½æ˜¯æ¨¡å‹ä¸‹è¼‰/åŠ è¼‰å•é¡Œ): Could not import sentence_transformers python package. Please install it with `pip install sentence-transformers`.
Traceback (most recent call last):
  File "C:\Users\USER\AppData\Local\Programs\Python\Python310\lib\site-packages\langchain_google_genai\embeddings.py", line 225, in embed_documents
    result = self.client.batch_embed_contents(
  File "C:\Users\USER\AppData\Local\Programs\Python\Python310\lib\site-packages\google\ai\generativelanguage_v1beta\services\generative_service\client.py", line 1365, in batch_embed_contents
    response = rpc(
  File "C:\Users\USER\AppData\Local\Programs\Python\Python310\lib\site-packages\google\api_core\gapic_v1\method.py", line 131, in __call__
    return wrapped_func(*args, **kwargs)
  File "C:\Users\USER\AppData\Local\Programs\Python\Python310\lib\site-packages\google\api_core\retry\retry_unary.py", line 294, in retry_wrapped_func
    return retry_target(
  File "C:\Users\USER\AppData\Local\Programs\Python\Python310\lib\site-packages\google\api_core\retry\retry_unary.py", line 156, in retry_target
    next_sleep = _retry_error_helper(
  File "C:\Users\USER\AppData\Local\Programs\Python\Python310\lib\site-packages\google\api_core\retry\retry_base.py", line 214, in _retry_error_helper
    raise final_exc from source_exc
  File "C:\Users\USER\AppData\Local\Programs\Python\Python310\lib\site-packages\google\api_core\retry\retry_unary.py", line 147, in retry_target
    result = target()
  File "C:\Users\USER\AppData\Local\Programs\Python\Python310\lib\site-packages\google\api_core\timeout.py", line 130, in func_with_timeout
    return func(*args, **kwargs)
  File "C:\Users\USER\AppData\Local\Programs\Python\Python310\lib\site-packages\google\api_core\grpc_helpers.py", line 78, in error_remapped_callable
    raise exceptions.from_grpc_error(exc) from exc
google.api_core.exceptions.ResourceExhausted: 429 You exceeded your current quota, please check your plan and billing details. For more information on this error, head to: https://ai.google.dev/gemini-api/docs/rate-limits.
* Quota exceeded for metric: generativelanguage.googleapis.com/embed_content_free_tier_requests, limit: 0
* Quota exceeded for metric: generativelanguage.googleapis.com/embed_content_free_tier_requests, limit: 0
* Quota exceeded for metric: generativelanguage.googleapis.com/embed_content_free_tier_requests, limit: 0
* Quota exceeded for metric: generativelanguage.googleapis.com/embed_content_free_tier_requests, limit: 0 [violations {
  quota_metric: "generativelanguage.googleapis.com/embed_content_free_tier_requests"
  quota_id: "EmbedContentRequestsPerDayPerUserPerProjectPerModel-FreeTier"
}
violations {
  quota_metric: "generativelanguage.googleapis.com/embed_content_free_tier_requests"
  quota_id: "EmbedContentRequestsPerMinutePerUserPerProjectPerModel-FreeTier"
}
violations {
  quota_metric: "generativelanguage.googleapis.com/embed_content_free_tier_requests"
  quota_id: "EmbedContentRequestsPerMinutePerProjectPerModel-FreeTier"
}
violations {
  quota_metric: "generativelanguage.googleapis.com/embed_content_free_tier_requests"
  quota_id: "EmbedContentRequestsPerDayPerProjectPerModel-FreeTier"
}
, links {
  description: "Learn more about Gemini API quotas"
  url: "https://ai.google.dev/gemini-api/docs/rate-limits"
}
]

The above exception was the direct cause of the following exception:

Traceback (most recent call last):
  File "D:\DINO\SD\ComfyUI\personal_server\ai_lover_service\src\ai_core.py", line 3553, in _configure_pre_requisites
    await google_embeddings.aembed_query("test")
  File "C:\Users\USER\AppData\Local\Programs\Python\Python310\lib\site-packages\langchain_core\embeddings\embeddings.py", line 79, in aembed_query
    return await run_in_executor(None, self.embed_query, text)
  File "C:\Users\USER\AppData\Local\Programs\Python\Python310\lib\site-packages\langchain_core\runnables\config.py", line 590, in run_in_executor
    return await asyncio.get_running_loop().run_in_executor(
  File "C:\Users\USER\AppData\Local\Programs\Python\Python310\lib\concurrent\futures\thread.py", line 58, in run
    result = self.fn(*self.args, **self.kwargs)
  File "C:\Users\USER\AppData\Local\Programs\Python\Python310\lib\site-packages\langchain_core\runnables\config.py", line 581, in wrapper
    return func(*args, **kwargs)
  File "C:\Users\USER\AppData\Local\Programs\Python\Python310\lib\site-packages\langchain_google_genai\embeddings.py", line 254, in embed_query
    return self.embed_documents(
  File "C:\Users\USER\AppData\Local\Programs\Python\Python310\lib\site-packages\langchain_google_genai\embeddings.py", line 229, in embed_documents
    raise GoogleGenerativeAIError(f"Error embedding content: {e}") from e
langchain_google_genai._common.GoogleGenerativeAIError: Error embedding content: 429 You exceeded your current quota, please check your plan and billing details. For more information on this error, head to: https://ai.google.dev/gemini-api/docs/rate-limits.
* Quota exceeded for metric: generativelanguage.googleapis.com/embed_content_free_tier_requests, limit: 0
* Quota exceeded for metric: generativelanguage.googleapis.com/embed_content_free_tier_requests, limit: 0
* Quota exceeded for metric: generativelanguage.googleapis.com/embed_content_free_tier_requests, limit: 0
* Quota exceeded for metric: generativelanguage.googleapis.com/embed_content_free_tier_requests, limit: 0 [violations {
  quota_metric: "generativelanguage.googleapis.com/embed_content_free_tier_requests"
  quota_id: "EmbedContentRequestsPerDayPerUserPerProjectPerModel-FreeTier"
}
violations {
  quota_metric: "generativelanguage.googleapis.com/embed_content_free_tier_requests"
  quota_id: "EmbedContentRequestsPerMinutePerUserPerProjectPerModel-FreeTier"
}
violations {
  quota_metric: "generativelanguage.googleapis.com/embed_content_free_tier_requests"
  quota_id: "EmbedContentRequestsPerMinutePerProjectPerModel-FreeTier"
}
violations {
  quota_metric: "generativelanguage.googleapis.com/embed_content_free_tier_requests"
  quota_id: "EmbedContentRequestsPerDayPerProjectPerModel-FreeTier"
}
, links {
  description: "Learn more about Gemini API quotas"
  url: "https://ai.google.dev/gemini-api/docs/rate-limits"
}
]

During handling of the above exception, another exception occurred:

Traceback (most recent call last):
  File "C:\Users\USER\AppData\Local\Programs\Python\Python310\lib\site-packages\transformers\utils\import_utils.py", line 2154, in __getattr__
    module = self._get_module(self._class_to_module[name])
  File "C:\Users\USER\AppData\Local\Programs\Python\Python310\lib\site-packages\transformers\utils\import_utils.py", line 2184, in _get_module
    raise e
  File "C:\Users\USER\AppData\Local\Programs\Python\Python310\lib\site-packages\transformers\utils\import_utils.py", line 2182, in _get_module
    return importlib.import_module("." + module_name, self.__name__)
  File "C:\Users\USER\AppData\Local\Programs\Python\Python310\lib\importlib\__init__.py", line 126, in import_module
    return _bootstrap._gcd_import(name[level:], package, level)
  File "<frozen importlib._bootstrap>", line 1050, in _gcd_import
  File "<frozen importlib._bootstrap>", line 1027, in _find_and_load
  File "<frozen importlib._bootstrap>", line 1006, in _find_and_load_unlocked
  File "<frozen importlib._bootstrap>", line 688, in _load_unlocked
  File "<frozen importlib._bootstrap_external>", line 883, in exec_module
  File "<frozen importlib._bootstrap>", line 241, in _call_with_frames_removed
  File "C:\Users\USER\AppData\Local\Programs\Python\Python310\lib\site-packages\transformers\modeling_utils.py", line 73, in <module>
    from .loss.loss_utils import LOSS_MAPPING
  File "C:\Users\USER\AppData\Local\Programs\Python\Python310\lib\site-packages\transformers\loss\loss_utils.py", line 21, in <module>
    from .loss_d_fine import DFineForObjectDetectionLoss
  File "C:\Users\USER\AppData\Local\Programs\Python\Python310\lib\site-packages\transformers\loss\loss_d_fine.py", line 21, in <module>
    from .loss_for_object_detection import (
  File "C:\Users\USER\AppData\Local\Programs\Python\Python310\lib\site-packages\transformers\loss\loss_for_object_detection.py", line 32, in <module>
    from transformers.image_transforms import center_to_corners_format
  File "C:\Users\USER\AppData\Local\Programs\Python\Python310\lib\site-packages\transformers\image_transforms.py", line 22, in <module>
    from .image_utils import (
  File "C:\Users\USER\AppData\Local\Programs\Python\Python310\lib\site-packages\transformers\image_utils.py", line 59, in <module>
    from torchvision.transforms import InterpolationMode
  File "C:\Users\USER\AppData\Local\Programs\Python\Python310\lib\site-packages\torchvision\__init__.py", line 10, in <module>
    from torchvision import _meta_registrations, datasets, io, models, ops, transforms, utils  # usort:skip
  File "C:\Users\USER\AppData\Local\Programs\Python\Python310\lib\site-packages\torchvision\_meta_registrations.py", line 164, in <module>
    def meta_nms(dets, scores, iou_threshold):
  File "C:\Users\USER\AppData\Local\Programs\Python\Python310\lib\site-packages\torch\library.py", line 1069, in register
    use_lib._register_fake(
  File "C:\Users\USER\AppData\Local\Programs\Python\Python310\lib\site-packages\torch\library.py", line 219, in _register_fake
    handle = entry.fake_impl.register(
  File "C:\Users\USER\AppData\Local\Programs\Python\Python310\lib\site-packages\torch\_library\fake_impl.py", line 50, in register
    if torch._C._dispatch_has_kernel_for_dispatch_key(self.qualname, "Meta"):
RuntimeError: operator torchvision::nms does not exist

The above exception was the direct cause of the following exception:

Traceback (most recent call last):
  File "C:\Users\USER\AppData\Local\Programs\Python\Python310\lib\site-packages\langchain_community\embeddings\huggingface.py", line 84, in __init__
    import sentence_transformers
  File "C:\Users\USER\AppData\Local\Programs\Python\Python310\lib\site-packages\sentence_transformers\__init__.py", line 15, in <module>
    from sentence_transformers.cross_encoder import (
  File "C:\Users\USER\AppData\Local\Programs\Python\Python310\lib\site-packages\sentence_transformers\cross_encoder\__init__.py", line 3, in <module>
    from .CrossEncoder import CrossEncoder
  File "C:\Users\USER\AppData\Local\Programs\Python\Python310\lib\site-packages\sentence_transformers\cross_encoder\CrossEncoder.py", line 16, in <module>
    from transformers import (
  File "C:\Users\USER\AppData\Local\Programs\Python\Python310\lib\site-packages\transformers\utils\import_utils.py", line 2157, in __getattr__
    raise ModuleNotFoundError(
ModuleNotFoundError: Could not import module 'PreTrainedModel'. Are this object's requirements defined correctly?

The above exception was the direct cause of the following exception:

Traceback (most recent call last):
  File "D:\DINO\SD\ComfyUI\personal_server\ai_lover_service\src\ai_core.py", line 3567, in _configure_pre_requisites
    self.embeddings = HuggingFaceEmbeddings(
  File "C:\Users\USER\AppData\Local\Programs\Python\Python310\lib\site-packages\langchain_core\_api\deprecation.py", line 215, in warn_if_direct_instance
    return wrapped(self, *args, **kwargs)
  File "C:\Users\USER\AppData\Local\Programs\Python\Python310\lib\site-packages\langchain_community\embeddings\huggingface.py", line 87, in __init__
    raise ImportError(
ImportError: Could not import sentence_transformers python package. Please install it with `pip install sentence-transformers`.
2025-09-29 22:03:02 - [CRITICAL] - [512280345618546699] [RAG Mode] ğŸ”¥ æ‰€æœ‰ Embedding æ–¹æ¡ˆå‡å¤±æ•—ï¼ç³»çµ±å·²é™ç´šè‡³ã€ç´”é—œéµå­—æ¨¡å¼ã€‘ã€‚
2025-09-29 22:03:02 - [INFO] - [512280345618546699] (Retriever Builder) æ­£åœ¨æ§‹å»º RAG æª¢ç´¢å™¨ (æ¨¡å¼: keyword_only, å¼·åˆ¶é‡å»º: False)...
2025-09-29 22:03:02 - [INFO] - [512280345618546699] (Retriever Builder) âš ï¸ SQL çŸ¥è­˜åº«ç‚ºç©ºï¼ŒBM25 æª¢ç´¢å™¨æœªåˆå§‹åŒ–ã€‚
2025-09-29 22:03:02 - [WARNING] - [512280345618546699] (Retriever Builder) âš ï¸ èªæ„æœç´¢åŠŸèƒ½æœªå•Ÿç”¨ï¼Œè·³éåˆå§‹åŒ– ChromaDB æª¢ç´¢å™¨ã€‚
2025-09-29 22:03:02 - [ERROR] - [512280345618546699] (Retriever Builder) ğŸ”¥ æ‰€æœ‰æª¢ç´¢å™¨å‡åˆå§‹åŒ–å¤±æ•—ï¼RAG ç³»çµ±å°‡è¿”å›ç©ºçµæœã€‚
2025-09-29 22:03:02 - [INFO] - [512280345618546699] æ‰€æœ‰æ§‹å»ºéˆçš„å‰ç½®è³‡æºå·²æº–å‚™å°±ç·’ (ç•¶å‰ RAG æ¨¡å¼: keyword_only)ã€‚
2025-09-29 22:03:02 - [INFO] - [512280345618546699] æ¥æ”¶åˆ° profile æ›´æ–°è«‹æ±‚: ['world_settings']
2025-09-29 22:03:02 - [WARNING] - [512280345618546699] åœ¨æŒä¹…åŒ–æ›´æ–°æ™‚æ‰¾ä¸åˆ°ä½¿ç”¨è€…è³‡æ–™ï¼Œå°‡å‰µå»ºæ–°è¨˜éŒ„ã€‚
2025-09-29 22:03:02 - [INFO] - [512280345618546699] Profile æ›´æ–°ä¸¦æŒä¹…åŒ–æˆåŠŸã€‚
2025-09-29 23:07:38 - [INFO] - æ‰€æœ‰æŒä¹…åŒ– UI è¦–åœ–å·²æˆåŠŸè¨»å†Šã€‚
2025-09-29 23:07:38 - [INFO] - æ­£åœ¨å˜—è©¦å°‡æ‡‰ç”¨ç¨‹å¼æŒ‡ä»¤ (Slash Commands) å…¨åŸŸåŒæ­¥åˆ° Discord...
2025-09-29 23:07:39 - [INFO] - âœ… æ‡‰ç”¨ç¨‹å¼æŒ‡ä»¤å…¨åŸŸåŒæ­¥æˆåŠŸï¼(æ³¨æ„ï¼šå…¨åŸŸæŒ‡ä»¤æ›´æ–°å¯èƒ½éœ€è¦é•·é”ä¸€å°æ™‚æ‰èƒ½åœ¨æ‰€æœ‰ä¼ºæœå™¨ç”Ÿæ•ˆ)
2025-09-29 23:07:39 - [INFO] - Discord Bot is ready!
2025-09-29 23:07:43 - [INFO] - ã€å¥åº·æª¢æŸ¥ & Keep-Aliveã€‘èƒŒæ™¯ä»»å‹™å·²å•Ÿå‹•ã€‚
2025-09-29 23:07:43 - [INFO] - Logged in as AI#4450 (ID: 1358417100250808531)
2025-09-29 23:07:44 - [INFO] - å·²æˆåŠŸç™¼é€å•Ÿå‹•æˆåŠŸé€šçŸ¥çµ¦ç®¡ç†å“¡ã€‚
2025-09-29 23:09:30 - [INFO] - [512280345618546699] å¾Œå°é‡ç½®ä»»å‹™é–‹å§‹...
2025-09-29 23:09:30 - [INFO] - ä½¿ç”¨è€… 512280345618546699 æ²’æœ‰æ´»èºçš„ AI å¯¦ä¾‹ï¼Œå˜—è©¦å‰µå»º...
2025-09-29 23:09:30 - [INFO] - [512280345618546699] æ ¸å¿ƒæ•¸æ“šæ¨¡æ¿ 'world_snapshot_template.txt' å·²æˆåŠŸåŠ è¼‰ã€‚
2025-09-29 23:09:30 - [INFO] - [512280345618546699] æ ¸å¿ƒå”è­° '00_supreme_directive.txt' å·²æˆåŠŸåŠ è¼‰ã€‚
2025-09-29 23:09:30 - [INFO] - [512280345618546699] (Retriever Builder) æœªæ‰¾åˆ°æŒä¹…åŒ– RAG ç´¢å¼•ï¼Œæ­£åœ¨å¾è³‡æ–™åº«åŸ·è¡Œå…¨é‡å‰µå§‹æ§‹å»º...
2025-09-29 23:09:30 - [INFO] - [512280345618546699] (Retriever Builder) å·²å¾ SQL å’Œ LORE åŠ è¼‰ 0 æ¢æ–‡æª”ç”¨æ–¼å‰µå§‹æ§‹å»ºã€‚
2025-09-29 23:09:30 - [INFO] - [512280345618546699] (Retriever Builder) çŸ¥è­˜åº«ç‚ºç©ºï¼Œå‰µå§‹æ§‹å»ºç‚ºç©ºã€‚
2025-09-29 23:09:30 - [INFO] - [512280345618546699] æ‰€æœ‰æ§‹å»ºéˆçš„å‰ç½®è³‡æºå·²æº–å‚™å°±ç·’ã€‚
2025-09-29 23:09:30 - [INFO] - ç‚ºä½¿ç”¨è€… 512280345618546699 æˆåŠŸå‰µå»ºä¸¦åˆå§‹åŒ– AI å¯¦ä¾‹ã€‚
2025-09-29 23:09:30 - [INFO] - [512280345618546699] æ­£åœ¨å¾è³‡æ–™åº«æ¢å¾©çŸ­æœŸå ´æ™¯è¨˜æ†¶...
2025-09-29 23:09:30 - [INFO] - [512280345618546699] è³‡æ–™åº«ä¸­æ²’æœ‰æ‰¾åˆ°æ­·å²å ´æ™¯è¨˜æ†¶ã€‚
2025-09-29 23:09:30 - [INFO] - [512280345618546699] æ­£åœ¨é—œé–‰ AI å¯¦ä¾‹ä¸¦é‡‹æ”¾è³‡æº...
2025-09-29 23:09:31 - [INFO] - [512280345618546699] AI å¯¦ä¾‹è³‡æºå·²é‡‹æ”¾ã€‚
2025-09-29 23:09:33 - [INFO] - [512280345618546699] æ­£åœ¨æ¸…é™¤æ‰€æœ‰çŸ­æœŸå ´æ™¯è¨˜æ†¶...
2025-09-29 23:09:33 - [INFO] - [512280345618546699] å·²æˆåŠŸå¾è³‡æ–™åº«ä¸­åˆªé™¤ 0 æ¢å ´æ™¯æ­·å²è¨˜éŒ„ã€‚
2025-09-29 23:09:36 - [INFO] - [512280345618546699] (UI Event) Persistent 'StartSetupView' button clicked.
2025-09-29 23:09:41 - [INFO] - [512280345618546699] (UI Event) WorldSettingsModal submitted. is_setup_flow: True
2025-09-29 23:09:42 - [INFO] - ä½¿ç”¨è€… 512280345618546699 æ²’æœ‰æ´»èºçš„ AI å¯¦ä¾‹ï¼Œå˜—è©¦å‰µå»º...
2025-09-29 23:09:42 - [INFO] - [512280345618546699] è™•æ–¼è¨­å®šæµç¨‹ä¸­ï¼Œå³ä½¿è³‡æ–™åº«ç„¡è¨˜éŒ„ï¼Œä¹Ÿå‰µå»ºä¸€å€‹è‡¨æ™‚çš„è¨˜æ†¶é«”å¯¦ä¾‹ã€‚
2025-09-29 23:09:42 - [INFO] - [512280345618546699] æ ¸å¿ƒæ•¸æ“šæ¨¡æ¿ 'world_snapshot_template.txt' å·²æˆåŠŸåŠ è¼‰ã€‚
2025-09-29 23:09:42 - [INFO] - [512280345618546699] æ ¸å¿ƒå”è­° '00_supreme_directive.txt' å·²æˆåŠŸåŠ è¼‰ã€‚
2025-09-29 23:09:42 - [INFO] - [512280345618546699] (Retriever Builder) æœªæ‰¾åˆ°æŒä¹…åŒ– RAG ç´¢å¼•ï¼Œæ­£åœ¨å¾è³‡æ–™åº«åŸ·è¡Œå…¨é‡å‰µå§‹æ§‹å»º...
2025-09-29 23:09:42 - [INFO] - [512280345618546699] (Retriever Builder) å·²å¾ SQL å’Œ LORE åŠ è¼‰ 0 æ¢æ–‡æª”ç”¨æ–¼å‰µå§‹æ§‹å»ºã€‚
2025-09-29 23:09:42 - [INFO] - [512280345618546699] (Retriever Builder) çŸ¥è­˜åº«ç‚ºç©ºï¼Œå‰µå§‹æ§‹å»ºç‚ºç©ºã€‚
2025-09-29 23:09:42 - [INFO] - [512280345618546699] æ‰€æœ‰æ§‹å»ºéˆçš„å‰ç½®è³‡æºå·²æº–å‚™å°±ç·’ã€‚
2025-09-29 23:09:42 - [INFO] - [512280345618546699] æ¥æ”¶åˆ° profile æ›´æ–°è«‹æ±‚: ['world_settings']
2025-09-29 23:09:42 - [WARNING] - [512280345618546699] åœ¨æŒä¹…åŒ–æ›´æ–°æ™‚æ‰¾ä¸åˆ°ä½¿ç”¨è€…è³‡æ–™ï¼Œå°‡å‰µå»ºæ–°è¨˜éŒ„ã€‚
2025-09-29 23:09:42 - [INFO] - [512280345618546699] Profile æ›´æ–°ä¸¦æŒä¹…åŒ–æˆåŠŸã€‚
2025-09-29 23:27:18 - [INFO] - æ‰€æœ‰æŒä¹…åŒ– UI è¦–åœ–å·²æˆåŠŸè¨»å†Šã€‚
2025-09-29 23:27:18 - [INFO] - æ­£åœ¨å˜—è©¦å°‡æ‡‰ç”¨ç¨‹å¼æŒ‡ä»¤ (Slash Commands) å…¨åŸŸåŒæ­¥åˆ° Discord...
2025-09-29 23:27:18 - [INFO] - âœ… æ‡‰ç”¨ç¨‹å¼æŒ‡ä»¤å…¨åŸŸåŒæ­¥æˆåŠŸï¼(æ³¨æ„ï¼šå…¨åŸŸæŒ‡ä»¤æ›´æ–°å¯èƒ½éœ€è¦é•·é”ä¸€å°æ™‚æ‰èƒ½åœ¨æ‰€æœ‰ä¼ºæœå™¨ç”Ÿæ•ˆ)
2025-09-29 23:27:18 - [INFO] - Discord Bot is ready!
2025-09-29 23:27:21 - [INFO] - ã€å¥åº·æª¢æŸ¥ & Keep-Aliveã€‘èƒŒæ™¯ä»»å‹™å·²å•Ÿå‹•ã€‚
2025-09-29 23:27:21 - [INFO] - Logged in as AI#4450 (ID: 1358417100250808531)
2025-09-29 23:27:22 - [INFO] - å·²æˆåŠŸç™¼é€å•Ÿå‹•æˆåŠŸé€šçŸ¥çµ¦ç®¡ç†å“¡ã€‚
2025-09-29 23:30:06 - [INFO] - æ‰€æœ‰æŒä¹…åŒ– UI è¦–åœ–å·²æˆåŠŸè¨»å†Šã€‚
2025-09-29 23:30:06 - [INFO] - æ­£åœ¨å˜—è©¦å°‡æ‡‰ç”¨ç¨‹å¼æŒ‡ä»¤ (Slash Commands) å…¨åŸŸåŒæ­¥åˆ° Discord...
2025-09-29 23:30:06 - [INFO] - âœ… æ‡‰ç”¨ç¨‹å¼æŒ‡ä»¤å…¨åŸŸåŒæ­¥æˆåŠŸï¼(æ³¨æ„ï¼šå…¨åŸŸæŒ‡ä»¤æ›´æ–°å¯èƒ½éœ€è¦é•·é”ä¸€å°æ™‚æ‰èƒ½åœ¨æ‰€æœ‰ä¼ºæœå™¨ç”Ÿæ•ˆ)
2025-09-29 23:30:06 - [INFO] - Discord Bot is ready!
2025-09-29 23:30:09 - [INFO] - ã€å¥åº·æª¢æŸ¥ & Keep-Aliveã€‘èƒŒæ™¯ä»»å‹™å·²å•Ÿå‹•ã€‚
2025-09-29 23:30:09 - [INFO] - Logged in as AI#4450 (ID: 1358417100250808531)
2025-09-29 23:30:10 - [INFO] - å·²æˆåŠŸç™¼é€å•Ÿå‹•æˆåŠŸé€šçŸ¥çµ¦ç®¡ç†å“¡ã€‚
2025-09-29 23:30:20 - [INFO] - [512280345618546699] å¾Œå°é‡ç½®ä»»å‹™é–‹å§‹...
2025-09-29 23:30:20 - [INFO] - ä½¿ç”¨è€… 512280345618546699 æ²’æœ‰æ´»èºçš„ AI å¯¦ä¾‹ï¼Œå˜—è©¦å‰µå»º...
2025-09-29 23:30:21 - [INFO] - [512280345618546699] æ ¸å¿ƒæ•¸æ“šæ¨¡æ¿ 'world_snapshot_template.txt' å·²æˆåŠŸåŠ è¼‰ã€‚
2025-09-29 23:30:21 - [INFO] - [512280345618546699] æ ¸å¿ƒå”è­° '00_supreme_directive.txt' å·²æˆåŠŸåŠ è¼‰ã€‚
2025-09-29 23:30:21 - [INFO] - [512280345618546699] æ­£åœ¨å‰µå»ºæœ¬åœ° Embedding æ¨¡å‹ 'infgrad/stella-base-zh-v3' å¯¦ä¾‹...
2025-09-29 23:30:27 - [ERROR] - [512280345618546699] ğŸ”¥ å‰µå»ºæœ¬åœ° Embedding æ¨¡å‹å¯¦ä¾‹æ™‚ç™¼ç”Ÿè‡´å‘½éŒ¯èª¤: Failed to import transformers.trainer because of the following error (look up to see its traceback):
cannot import name 'EncoderDecoderCache' from 'transformers' (C:\Users\USER\AppData\Local\Programs\Python\Python310\lib\site-packages\transformers\__init__.py)
Traceback (most recent call last):
  File "C:\Users\USER\AppData\Local\Programs\Python\Python310\lib\site-packages\transformers\utils\import_utils.py", line 1535, in _get_module
    return importlib.import_module("." + module_name, self.__name__)
  File "C:\Users\USER\AppData\Local\Programs\Python\Python310\lib\importlib\__init__.py", line 126, in import_module
    return _bootstrap._gcd_import(name[level:], package, level)
  File "<frozen importlib._bootstrap>", line 1050, in _gcd_import
  File "<frozen importlib._bootstrap>", line 1027, in _find_and_load
  File "<frozen importlib._bootstrap>", line 1006, in _find_and_load_unlocked
  File "<frozen importlib._bootstrap>", line 688, in _load_unlocked
  File "<frozen importlib._bootstrap_external>", line 883, in exec_module
  File "<frozen importlib._bootstrap>", line 241, in _call_with_frames_removed
  File "C:\Users\USER\AppData\Local\Programs\Python\Python310\lib\site-packages\transformers\trainer.py", line 213, in <module>
    from peft import PeftModel
  File "C:\Users\USER\AppData\Local\Programs\Python\Python310\lib\site-packages\peft\__init__.py", line 17, in <module>
    from .auto import (
  File "C:\Users\USER\AppData\Local\Programs\Python\Python310\lib\site-packages\peft\auto.py", line 32, in <module>
    from .peft_model import (
  File "C:\Users\USER\AppData\Local\Programs\Python\Python310\lib\site-packages\peft\peft_model.py", line 37, in <module>
    from transformers import Cache, DynamicCache, EncoderDecoderCache, HybridCache, PreTrainedModel
ImportError: cannot import name 'EncoderDecoderCache' from 'transformers' (C:\Users\USER\AppData\Local\Programs\Python\Python310\lib\site-packages\transformers\__init__.py)

The above exception was the direct cause of the following exception:

Traceback (most recent call last):
  File "D:\DINO\SD\ComfyUI\personal_server\ai_lover_service\src\ai_core.py", line 3703, in _create_embeddings_instance
    embeddings = HuggingFaceEmbeddings(
  File "C:\Users\USER\AppData\Local\Programs\Python\Python310\lib\site-packages\langchain_core\_api\deprecation.py", line 215, in warn_if_direct_instance
    return wrapped(self, *args, **kwargs)
  File "C:\Users\USER\AppData\Local\Programs\Python\Python310\lib\site-packages\langchain_community\embeddings\huggingface.py", line 71, in __init__
    import sentence_transformers
  File "C:\Users\USER\AppData\Local\Programs\Python\Python310\lib\site-packages\sentence_transformers\__init__.py", line 15, in <module>
    from sentence_transformers.trainer import SentenceTransformerTrainer
  File "C:\Users\USER\AppData\Local\Programs\Python\Python310\lib\site-packages\sentence_transformers\trainer.py", line 10, in <module>
    from transformers import EvalPrediction, PreTrainedTokenizerBase, Trainer, TrainerCallback
  File "<frozen importlib._bootstrap>", line 1075, in _handle_fromlist
  File "C:\Users\USER\AppData\Local\Programs\Python\Python310\lib\site-packages\transformers\utils\import_utils.py", line 1525, in __getattr__
    module = self._get_module(self._class_to_module[name])
  File "C:\Users\USER\AppData\Local\Programs\Python\Python310\lib\site-packages\transformers\utils\import_utils.py", line 1537, in _get_module
    raise RuntimeError(
RuntimeError: Failed to import transformers.trainer because of the following error (look up to see its traceback):
cannot import name 'EncoderDecoderCache' from 'transformers' (C:\Users\USER\AppData\Local\Programs\Python\Python310\lib\site-packages\transformers\__init__.py)
2025-09-29 23:30:27 - [ERROR] -    -> è«‹ç¢ºä¿ `torch`, `transformers` å’Œ `sentence-transformers` å·²æ­£ç¢ºå®‰è£ã€‚
2025-09-29 23:30:27 - [ERROR] - [512280345618546699] (Retriever Builder) Embedding æ¨¡å‹æœªåˆå§‹åŒ–ï¼Œç„¡æ³•æ§‹å»ºæª¢ç´¢å™¨ã€‚
2025-09-29 23:30:27 - [INFO] - [512280345618546699] æ‰€æœ‰æ§‹å»ºéˆçš„å‰ç½®è³‡æºå·²æº–å‚™å°±ç·’ã€‚
2025-09-29 23:30:27 - [INFO] - ç‚ºä½¿ç”¨è€… 512280345618546699 æˆåŠŸå‰µå»ºä¸¦åˆå§‹åŒ– AI å¯¦ä¾‹ã€‚
2025-09-29 23:30:27 - [INFO] - [512280345618546699] æ­£åœ¨å¾è³‡æ–™åº«æ¢å¾©çŸ­æœŸå ´æ™¯è¨˜æ†¶...
2025-09-29 23:30:27 - [INFO] - [512280345618546699] è³‡æ–™åº«ä¸­æ²’æœ‰æ‰¾åˆ°æ­·å²å ´æ™¯è¨˜æ†¶ã€‚
2025-09-29 23:30:27 - [INFO] - [512280345618546699] æ­£åœ¨é—œé–‰ AI å¯¦ä¾‹ä¸¦é‡‹æ”¾è³‡æº...
2025-09-29 23:30:28 - [INFO] - [512280345618546699] AI å¯¦ä¾‹è³‡æºå·²é‡‹æ”¾ã€‚
2025-09-29 23:30:30 - [INFO] - [512280345618546699] æ­£åœ¨æ¸…é™¤æ‰€æœ‰çŸ­æœŸå ´æ™¯è¨˜æ†¶...
2025-09-29 23:30:30 - [INFO] - [512280345618546699] å·²æˆåŠŸå¾è³‡æ–™åº«ä¸­åˆªé™¤ 0 æ¢å ´æ™¯æ­·å²è¨˜éŒ„ã€‚
2025-09-29 23:35:37 - [INFO] - æ‰€æœ‰æŒä¹…åŒ– UI è¦–åœ–å·²æˆåŠŸè¨»å†Šã€‚
2025-09-29 23:35:37 - [INFO] - æ­£åœ¨å˜—è©¦å°‡æ‡‰ç”¨ç¨‹å¼æŒ‡ä»¤ (Slash Commands) å…¨åŸŸåŒæ­¥åˆ° Discord...
2025-09-29 23:35:38 - [INFO] - âœ… æ‡‰ç”¨ç¨‹å¼æŒ‡ä»¤å…¨åŸŸåŒæ­¥æˆåŠŸï¼(æ³¨æ„ï¼šå…¨åŸŸæŒ‡ä»¤æ›´æ–°å¯èƒ½éœ€è¦é•·é”ä¸€å°æ™‚æ‰èƒ½åœ¨æ‰€æœ‰ä¼ºæœå™¨ç”Ÿæ•ˆ)
2025-09-29 23:35:38 - [INFO] - Discord Bot is ready!
2025-09-29 23:35:41 - [INFO] - ã€å¥åº·æª¢æŸ¥ & Keep-Aliveã€‘èƒŒæ™¯ä»»å‹™å·²å•Ÿå‹•ã€‚
2025-09-29 23:35:41 - [INFO] - Logged in as AI#4450 (ID: 1358417100250808531)
2025-09-29 23:35:41 - [INFO] - å·²æˆåŠŸç™¼é€å•Ÿå‹•æˆåŠŸé€šçŸ¥çµ¦ç®¡ç†å“¡ã€‚
