### AI Lover Log - Last updated at 2025-09-29T21:10:18.732597 ###

  File "C:\Users\USER\AppData\Local\Programs\Python\Python310\lib\shutil.py", line 614, in _rmtree_unsafe
    _rmtree_unsafe(fullname, onerror)
  File "C:\Users\USER\AppData\Local\Programs\Python\Python310\lib\shutil.py", line 619, in _rmtree_unsafe
    onerror(os.unlink, fullname, sys.exc_info())
  File "C:\Users\USER\AppData\Local\Programs\Python\Python310\lib\shutil.py", line 617, in _rmtree_unsafe
    os.unlink(fullname)
PermissionError: [WinError 32] ç¨‹åºç„¡æ³•å­˜å–æª”æ¡ˆï¼Œå› ç‚ºæª”æ¡ˆæ­£ç”±å¦ä¸€å€‹ç¨‹åºä½¿ç”¨ã€‚: 'data\\vector_stores\\512280345618546699\\chroma_db\\chroma.sqlite3'
2025-09-29 20:42:09 - [INFO] - æ‰€æœ‰æŒä¹…åŒ– UI è¦–åœ–å·²æˆåŠŸè¨»å†Šã€‚
2025-09-29 20:42:09 - [INFO] - æ­£åœ¨å˜—è©¦å°‡æ‡‰ç”¨ç¨‹å¼æŒ‡ä»¤ (Slash Commands) å…¨åŸŸåŒæ­¥åˆ° Discord...
2025-09-29 20:42:09 - [INFO] - âœ… æ‡‰ç”¨ç¨‹å¼æŒ‡ä»¤å…¨åŸŸåŒæ­¥æˆåŠŸï¼(æ³¨æ„ï¼šå…¨åŸŸæŒ‡ä»¤æ›´æ–°å¯èƒ½éœ€è¦é•·é”ä¸€å°æ™‚æ‰èƒ½åœ¨æ‰€æœ‰ä¼ºæœå™¨ç”Ÿæ•ˆ)
2025-09-29 20:42:09 - [INFO] - Discord Bot is ready!
2025-09-29 20:42:12 - [INFO] - ã€å¥åº·æª¢æŸ¥ & Keep-Aliveã€‘èƒŒæ™¯ä»»å‹™å·²å•Ÿå‹•ã€‚
2025-09-29 20:42:12 - [INFO] - Logged in as AI#4450 (ID: 1358417100250808531)
2025-09-29 20:42:13 - [INFO] - å·²æˆåŠŸç™¼é€å•Ÿå‹•æˆåŠŸé€šçŸ¥çµ¦ç®¡ç†å“¡ã€‚
2025-09-29 20:42:36 - [INFO] - [512280345618546699] å¾Œå°é‡ç½®ä»»å‹™é–‹å§‹...
2025-09-29 20:42:36 - [INFO] - [512280345618546699] æ­£åœ¨ä»æ•°æ®åº“åˆ é™¤æ‰€æœ‰ç›¸å…³æ•°æ®...
2025-09-29 20:42:36 - [INFO] - [512280345618546699] æ•°æ®åº“æ¸…ç†å®Œæˆã€‚
2025-09-29 20:42:36 - [INFO] - [512280345618546699] æ­£åœ¨ç‰©ç†åˆ é™¤å‘é‡å­˜å‚¨ç›®å½•: D:\DINO\SD\ComfyUI\personal_server\ai_lover_service\data\vector_stores\512280345618546699
2025-09-29 20:42:36 - [INFO] - [512280345618546699] å‘é‡å­˜å‚¨ç›®å½•åˆ é™¤å®Œæˆã€‚
2025-09-29 20:42:38 - [INFO] - [512280345618546699] (UI Event) Persistent 'StartSetupView' button clicked.
2025-09-29 20:42:43 - [INFO] - [512280345618546699] (UI Event) Persistent 'StartSetupView' button clicked.
2025-09-29 20:42:47 - [INFO] - [512280345618546699] (UI Event) WorldSettingsModal submitted. is_setup_flow: True
2025-09-29 20:42:48 - [INFO] - ä½¿ç”¨è€… 512280345618546699 æ²’æœ‰æ´»èºçš„ AI å¯¦ä¾‹ï¼Œå˜—è©¦å‰µå»º...
2025-09-29 20:42:48 - [INFO] - [512280345618546699] è™•æ–¼è¨­å®šæµç¨‹ä¸­ï¼Œå³ä½¿è³‡æ–™åº«ç„¡è¨˜éŒ„ï¼Œä¹Ÿå‰µå»ºä¸€å€‹è‡¨æ™‚çš„è¨˜æ†¶é«”å¯¦ä¾‹ã€‚
2025-09-29 20:42:48 - [INFO] - [512280345618546699] æ ¸å¿ƒæ•¸æ“šæ¨¡æ¿ 'world_snapshot_template.txt' å·²æˆåŠŸåŠ è¼‰ã€‚
2025-09-29 20:42:48 - [INFO] - [512280345618546699] æ ¸å¿ƒå”è­° '00_supreme_directive.txt' å·²æˆåŠŸåŠ è¼‰ã€‚
2025-09-29 20:42:48 - [INFO] - [512280345618546699] æ­£åœ¨å‰µå»º Embedding æ¨¡å‹å¯¦ä¾‹ (API Key index: 0)
2025-09-29 20:42:48 - [INFO] - [512280345618546699] (Retriever Builder) æ­£åœ¨æ§‹å»ºæ··åˆ RAG æª¢ç´¢å™¨ (å¼·åˆ¶é‡å»º: False)...
2025-09-29 20:42:48 - [INFO] - [512280345618546699] (Retriever Builder) âš ï¸ SQL çŸ¥è­˜åº«ç‚ºç©ºï¼ŒBM25 æª¢ç´¢å™¨æœªåˆå§‹åŒ–ã€‚
2025-09-29 20:42:48 - [WARNING] - [512280345618546699] (Retriever Builder) âš ï¸ æª¢æ¸¬åˆ°ç©ºçš„æˆ–æœªåˆå§‹åŒ–çš„ ChromaDB ç›®éŒ„ã€‚æ­£åœ¨åŸ·è¡Œã€è™›æ“¬åˆå§‹åŒ–ã€‘...
2025-09-29 20:42:49 - [ERROR] - [512280345618546699] (Retriever Builder) ğŸ”¥ åˆå§‹åŒ– ChromaDB æª¢ç´¢å™¨æ™‚ç™¼ç”Ÿé”™è¯¯: Error embedding content: 429 You exceeded your current quota, please check your plan and billing details. For more information on this error, head to: https://ai.google.dev/gemini-api/docs/rate-limits.
* Quota exceeded for metric: generativelanguage.googleapis.com/embed_content_free_tier_requests, limit: 0
* Quota exceeded for metric: generativelanguage.googleapis.com/embed_content_free_tier_requests, limit: 0
* Quota exceeded for metric: generativelanguage.googleapis.com/embed_content_free_tier_requests, limit: 0
* Quota exceeded for metric: generativelanguage.googleapis.com/embed_content_free_tier_requests, limit: 0 [violations {
  quota_metric: "generativelanguage.googleapis.com/embed_content_free_tier_requests"
  quota_id: "EmbedContentRequestsPerDayPerProjectPerModel-FreeTier"
}
violations {
  quota_metric: "generativelanguage.googleapis.com/embed_content_free_tier_requests"
  quota_id: "EmbedContentRequestsPerDayPerUserPerProjectPerModel-FreeTier"
}
violations {
  quota_metric: "generativelanguage.googleapis.com/embed_content_free_tier_requests"
  quota_id: "EmbedContentRequestsPerMinutePerUserPerProjectPerModel-FreeTier"
}
violations {
  quota_metric: "generativelanguage.googleapis.com/embed_content_free_tier_requests"
  quota_id: "EmbedContentRequestsPerMinutePerProjectPerModel-FreeTier"
}
, links {
  description: "Learn more about Gemini API quotas"
  url: "https://ai.google.dev/gemini-api/docs/rate-limits"
}
]
Traceback (most recent call last):
  File "C:\Users\USER\AppData\Local\Programs\Python\Python310\lib\site-packages\langchain_google_genai\embeddings.py", line 227, in embed_documents
    result = self.client.batch_embed_contents(
  File "C:\Users\USER\AppData\Local\Programs\Python\Python310\lib\site-packages\google\ai\generativelanguage_v1beta\services\generative_service\client.py", line 1392, in batch_embed_contents
    response = rpc(
  File "C:\Users\USER\AppData\Local\Programs\Python\Python310\lib\site-packages\google\api_core\gapic_v1\method.py", line 131, in __call__
    return wrapped_func(*args, **kwargs)
  File "C:\Users\USER\AppData\Local\Programs\Python\Python310\lib\site-packages\google\api_core\retry\retry_unary.py", line 294, in retry_wrapped_func
    return retry_target(
  File "C:\Users\USER\AppData\Local\Programs\Python\Python310\lib\site-packages\google\api_core\retry\retry_unary.py", line 156, in retry_target
    next_sleep = _retry_error_helper(
  File "C:\Users\USER\AppData\Local\Programs\Python\Python310\lib\site-packages\google\api_core\retry\retry_base.py", line 214, in _retry_error_helper
    raise final_exc from source_exc
  File "C:\Users\USER\AppData\Local\Programs\Python\Python310\lib\site-packages\google\api_core\retry\retry_unary.py", line 147, in retry_target
    result = target()
  File "C:\Users\USER\AppData\Local\Programs\Python\Python310\lib\site-packages\google\api_core\timeout.py", line 130, in func_with_timeout
    return func(*args, **kwargs)
  File "C:\Users\USER\AppData\Local\Programs\Python\Python310\lib\site-packages\google\api_core\grpc_helpers.py", line 78, in error_remapped_callable
    raise exceptions.from_grpc_error(exc) from exc
google.api_core.exceptions.ResourceExhausted: 429 You exceeded your current quota, please check your plan and billing details. For more information on this error, head to: https://ai.google.dev/gemini-api/docs/rate-limits.
* Quota exceeded for metric: generativelanguage.googleapis.com/embed_content_free_tier_requests, limit: 0
* Quota exceeded for metric: generativelanguage.googleapis.com/embed_content_free_tier_requests, limit: 0
* Quota exceeded for metric: generativelanguage.googleapis.com/embed_content_free_tier_requests, limit: 0
* Quota exceeded for metric: generativelanguage.googleapis.com/embed_content_free_tier_requests, limit: 0 [violations {
  quota_metric: "generativelanguage.googleapis.com/embed_content_free_tier_requests"
  quota_id: "EmbedContentRequestsPerDayPerProjectPerModel-FreeTier"
}
violations {
  quota_metric: "generativelanguage.googleapis.com/embed_content_free_tier_requests"
  quota_id: "EmbedContentRequestsPerDayPerUserPerProjectPerModel-FreeTier"
}
violations {
  quota_metric: "generativelanguage.googleapis.com/embed_content_free_tier_requests"
  quota_id: "EmbedContentRequestsPerMinutePerUserPerProjectPerModel-FreeTier"
}
violations {
  quota_metric: "generativelanguage.googleapis.com/embed_content_free_tier_requests"
  quota_id: "EmbedContentRequestsPerMinutePerProjectPerModel-FreeTier"
}
, links {
  description: "Learn more about Gemini API quotas"
  url: "https://ai.google.dev/gemini-api/docs/rate-limits"
}
]

The above exception was the direct cause of the following exception:

Traceback (most recent call last):
  File "D:\DINO\SD\ComfyUI\personal_server\ai_lover_service\src\ai_core.py", line 519, in _load_or_build_rag_retriever
    temp_vector_store = await asyncio.to_thread(
  File "C:\Users\USER\AppData\Local\Programs\Python\Python310\lib\asyncio\threads.py", line 25, in to_thread
    return await loop.run_in_executor(None, func_call)
  File "C:\Users\USER\AppData\Local\Programs\Python\Python310\lib\concurrent\futures\thread.py", line 58, in run
    result = self.fn(*self.args, **self.kwargs)
  File "C:\Users\USER\AppData\Local\Programs\Python\Python310\lib\site-packages\langchain_chroma\vectorstores.py", line 1371, in from_documents
    return cls.from_texts(
  File "C:\Users\USER\AppData\Local\Programs\Python\Python310\lib\site-packages\langchain_chroma\vectorstores.py", line 1304, in from_texts
    chroma_collection.add_texts(
  File "C:\Users\USER\AppData\Local\Programs\Python\Python310\lib\site-packages\langchain_chroma\vectorstores.py", line 606, in add_texts
    embeddings = self._embedding_function.embed_documents(texts)
  File "C:\Users\USER\AppData\Local\Programs\Python\Python310\lib\site-packages\langchain_google_genai\embeddings.py", line 231, in embed_documents
    raise GoogleGenerativeAIError(f"Error embedding content: {e}") from e
langchain_google_genai._common.GoogleGenerativeAIError: Error embedding content: 429 You exceeded your current quota, please check your plan and billing details. For more information on this error, head to: https://ai.google.dev/gemini-api/docs/rate-limits.
* Quota exceeded for metric: generativelanguage.googleapis.com/embed_content_free_tier_requests, limit: 0
* Quota exceeded for metric: generativelanguage.googleapis.com/embed_content_free_tier_requests, limit: 0
* Quota exceeded for metric: generativelanguage.googleapis.com/embed_content_free_tier_requests, limit: 0
* Quota exceeded for metric: generativelanguage.googleapis.com/embed_content_free_tier_requests, limit: 0 [violations {
  quota_metric: "generativelanguage.googleapis.com/embed_content_free_tier_requests"
  quota_id: "EmbedContentRequestsPerDayPerProjectPerModel-FreeTier"
}
violations {
  quota_metric: "generativelanguage.googleapis.com/embed_content_free_tier_requests"
  quota_id: "EmbedContentRequestsPerDayPerUserPerProjectPerModel-FreeTier"
}
violations {
  quota_metric: "generativelanguage.googleapis.com/embed_content_free_tier_requests"
  quota_id: "EmbedContentRequestsPerMinutePerUserPerProjectPerModel-FreeTier"
}
violations {
  quota_metric: "generativelanguage.googleapis.com/embed_content_free_tier_requests"
  quota_id: "EmbedContentRequestsPerMinutePerProjectPerModel-FreeTier"
}
, links {
  description: "Learn more about Gemini API quotas"
  url: "https://ai.google.dev/gemini-api/docs/rate-limits"
}
]
2025-09-29 20:42:49 - [ERROR] - [512280345618546699] (Retriever Builder) ğŸ”¥ æ‰€æœ‰æª¢ç´¢å™¨å‡åˆå§‹åŒ–å¤±æ•—ï¼RAG ç³»çµ±å°‡è¿”å›ç©ºçµæœã€‚
2025-09-29 20:42:49 - [INFO] - [512280345618546699] æ‰€æœ‰æ§‹å»ºéˆçš„å‰ç½®è³‡æºå·²æº–å‚™å°±ç·’ã€‚
2025-09-29 20:42:49 - [INFO] - [512280345618546699] æ¥æ”¶åˆ° profile æ›´æ–°è«‹æ±‚: ['world_settings']
2025-09-29 20:42:49 - [WARNING] - [512280345618546699] åœ¨æŒä¹…åŒ–æ›´æ–°æ™‚æ‰¾ä¸åˆ°ä½¿ç”¨è€…è³‡æ–™ï¼Œå°‡å‰µå»ºæ–°è¨˜éŒ„ã€‚
2025-09-29 20:42:49 - [INFO] - [512280345618546699] Profile æ›´æ–°ä¸¦æŒä¹…åŒ–æˆåŠŸã€‚
2025-09-29 20:54:54 - [INFO] - æ‰€æœ‰æŒä¹…åŒ– UI è¦–åœ–å·²æˆåŠŸè¨»å†Šã€‚
2025-09-29 20:54:54 - [INFO] - æ­£åœ¨å˜—è©¦å°‡æ‡‰ç”¨ç¨‹å¼æŒ‡ä»¤ (Slash Commands) å…¨åŸŸåŒæ­¥åˆ° Discord...
2025-09-29 20:54:55 - [INFO] - âœ… æ‡‰ç”¨ç¨‹å¼æŒ‡ä»¤å…¨åŸŸåŒæ­¥æˆåŠŸï¼(æ³¨æ„ï¼šå…¨åŸŸæŒ‡ä»¤æ›´æ–°å¯èƒ½éœ€è¦é•·é”ä¸€å°æ™‚æ‰èƒ½åœ¨æ‰€æœ‰ä¼ºæœå™¨ç”Ÿæ•ˆ)
2025-09-29 20:54:55 - [INFO] - Discord Bot is ready!
2025-09-29 20:54:58 - [INFO] - ã€å¥åº·æª¢æŸ¥ & Keep-Aliveã€‘èƒŒæ™¯ä»»å‹™å·²å•Ÿå‹•ã€‚
2025-09-29 20:54:58 - [INFO] - Logged in as AI#4450 (ID: 1358417100250808531)
2025-09-29 20:54:58 - [INFO] - å·²æˆåŠŸç™¼é€å•Ÿå‹•æˆåŠŸé€šçŸ¥çµ¦ç®¡ç†å“¡ã€‚
2025-09-29 20:55:09 - [INFO] - [512280345618546699] å¾Œå°é‡ç½®ä»»å‹™é–‹å§‹...
2025-09-29 20:55:09 - [INFO] - [512280345618546699] æ­£åœ¨ä»æ•°æ®åº“åˆ é™¤æ‰€æœ‰ç›¸å…³æ•°æ®...
2025-09-29 20:55:10 - [INFO] - [512280345618546699] æ•°æ®åº“æ¸…ç†å®Œæˆã€‚
2025-09-29 20:55:10 - [INFO] - [512280345618546699] æ­£åœ¨ç‰©ç†åˆ é™¤å‘é‡å­˜å‚¨ç›®å½•: D:\DINO\SD\ComfyUI\personal_server\ai_lover_service\data\vector_stores\512280345618546699
2025-09-29 20:55:10 - [INFO] - [512280345618546699] å‘é‡å­˜å‚¨ç›®å½•åˆ é™¤å®Œæˆã€‚
2025-09-29 20:55:11 - [INFO] - [512280345618546699] (UI Event) Persistent 'StartSetupView' button clicked.
2025-09-29 20:55:15 - [INFO] - [512280345618546699] (UI Event) WorldSettingsModal submitted. is_setup_flow: True
2025-09-29 20:55:16 - [INFO] - ä½¿ç”¨è€… 512280345618546699 æ²’æœ‰æ´»èºçš„ AI å¯¦ä¾‹ï¼Œå˜—è©¦å‰µå»º...
2025-09-29 20:55:16 - [INFO] - [512280345618546699] è™•æ–¼è¨­å®šæµç¨‹ä¸­ï¼Œå³ä½¿è³‡æ–™åº«ç„¡è¨˜éŒ„ï¼Œä¹Ÿå‰µå»ºä¸€å€‹è‡¨æ™‚çš„è¨˜æ†¶é«”å¯¦ä¾‹ã€‚
2025-09-29 20:55:16 - [INFO] - [512280345618546699] æ ¸å¿ƒæ•¸æ“šæ¨¡æ¿ 'world_snapshot_template.txt' å·²æˆåŠŸåŠ è¼‰ã€‚
2025-09-29 20:55:16 - [INFO] - [512280345618546699] æ ¸å¿ƒå”è­° '00_supreme_directive.txt' å·²æˆåŠŸåŠ è¼‰ã€‚
2025-09-29 20:55:16 - [INFO] - [512280345618546699] [RAG Mode] æ­£åœ¨å˜—è©¦åˆå§‹åŒ–ã€æ··åˆé›²ç«¯æ¨¡å¼ã€‘...
2025-09-29 20:55:16 - [INFO] - [512280345618546699] æ­£åœ¨å‰µå»º Embedding æ¨¡å‹å¯¦ä¾‹ (API Key index: 0)
2025-09-29 20:55:16 - [WARNING] - [512280345618546699] [RAG Mode] åˆå§‹åŒ–ã€æ··åˆé›²ç«¯æ¨¡å¼ã€‘å¤±æ•—: GoogleGenerativeAIErrorã€‚æ­£åœ¨é™ç´š...
2025-09-29 20:55:16 - [INFO] - [512280345618546699] [RAG Mode] æ­£åœ¨å˜—è©¦åˆå§‹åŒ–ã€æ··åˆæœ¬åœ°æ¨¡å¼ã€‘...
2025-09-29 20:58:18 - [ERROR] - [512280345618546699] [RAG Mode] åˆå§‹åŒ–ã€æ··åˆæœ¬åœ°æ¨¡å¼ã€‘æœ€çµ‚å¤±æ•—: Due to a serious vulnerability issue in `torch.load`, even with `weights_only=True`, we now require users to upgrade torch to at least v2.6 in order to use the function. This version restriction does not apply when loading files with safetensors.
See the vulnerability report here https://nvd.nist.gov/vuln/detail/CVE-2025-32434
Traceback (most recent call last):
  File "C:\Users\USER\AppData\Local\Programs\Python\Python310\lib\site-packages\langchain_google_genai\embeddings.py", line 227, in embed_documents
    result = self.client.batch_embed_contents(
  File "C:\Users\USER\AppData\Local\Programs\Python\Python310\lib\site-packages\google\ai\generativelanguage_v1beta\services\generative_service\client.py", line 1392, in batch_embed_contents
    response = rpc(
  File "C:\Users\USER\AppData\Local\Programs\Python\Python310\lib\site-packages\google\api_core\gapic_v1\method.py", line 131, in __call__
    return wrapped_func(*args, **kwargs)
  File "C:\Users\USER\AppData\Local\Programs\Python\Python310\lib\site-packages\google\api_core\retry\retry_unary.py", line 294, in retry_wrapped_func
    return retry_target(
  File "C:\Users\USER\AppData\Local\Programs\Python\Python310\lib\site-packages\google\api_core\retry\retry_unary.py", line 156, in retry_target
    next_sleep = _retry_error_helper(
  File "C:\Users\USER\AppData\Local\Programs\Python\Python310\lib\site-packages\google\api_core\retry\retry_base.py", line 214, in _retry_error_helper
    raise final_exc from source_exc
  File "C:\Users\USER\AppData\Local\Programs\Python\Python310\lib\site-packages\google\api_core\retry\retry_unary.py", line 147, in retry_target
    result = target()
  File "C:\Users\USER\AppData\Local\Programs\Python\Python310\lib\site-packages\google\api_core\timeout.py", line 130, in func_with_timeout
    return func(*args, **kwargs)
  File "C:\Users\USER\AppData\Local\Programs\Python\Python310\lib\site-packages\google\api_core\grpc_helpers.py", line 78, in error_remapped_callable
    raise exceptions.from_grpc_error(exc) from exc
google.api_core.exceptions.ResourceExhausted: 429 You exceeded your current quota, please check your plan and billing details. For more information on this error, head to: https://ai.google.dev/gemini-api/docs/rate-limits.
* Quota exceeded for metric: generativelanguage.googleapis.com/embed_content_free_tier_requests, limit: 0
* Quota exceeded for metric: generativelanguage.googleapis.com/embed_content_free_tier_requests, limit: 0
* Quota exceeded for metric: generativelanguage.googleapis.com/embed_content_free_tier_requests, limit: 0
* Quota exceeded for metric: generativelanguage.googleapis.com/embed_content_free_tier_requests, limit: 0 [violations {
  quota_metric: "generativelanguage.googleapis.com/embed_content_free_tier_requests"
  quota_id: "EmbedContentRequestsPerDayPerUserPerProjectPerModel-FreeTier"
}
violations {
  quota_metric: "generativelanguage.googleapis.com/embed_content_free_tier_requests"
  quota_id: "EmbedContentRequestsPerMinutePerUserPerProjectPerModel-FreeTier"
}
violations {
  quota_metric: "generativelanguage.googleapis.com/embed_content_free_tier_requests"
  quota_id: "EmbedContentRequestsPerMinutePerProjectPerModel-FreeTier"
}
violations {
  quota_metric: "generativelanguage.googleapis.com/embed_content_free_tier_requests"
  quota_id: "EmbedContentRequestsPerDayPerProjectPerModel-FreeTier"
}
, links {
  description: "Learn more about Gemini API quotas"
  url: "https://ai.google.dev/gemini-api/docs/rate-limits"
}
]

The above exception was the direct cause of the following exception:

Traceback (most recent call last):
  File "D:\DINO\SD\ComfyUI\personal_server\ai_lover_service\src\ai_core.py", line 3559, in _configure_pre_requisites
    await google_embeddings.aembed_query("test")
  File "C:\Users\USER\AppData\Local\Programs\Python\Python310\lib\site-packages\langchain_core\embeddings\embeddings.py", line 78, in aembed_query
    return await run_in_executor(None, self.embed_query, text)
  File "C:\Users\USER\AppData\Local\Programs\Python\Python310\lib\site-packages\langchain_core\runnables\config.py", line 617, in run_in_executor
    return await asyncio.get_running_loop().run_in_executor(
  File "C:\Users\USER\AppData\Local\Programs\Python\Python310\lib\concurrent\futures\thread.py", line 58, in run
    result = self.fn(*self.args, **self.kwargs)
  File "C:\Users\USER\AppData\Local\Programs\Python\Python310\lib\site-packages\langchain_core\runnables\config.py", line 608, in wrapper
    return func(*args, **kwargs)
  File "C:\Users\USER\AppData\Local\Programs\Python\Python310\lib\site-packages\langchain_google_genai\embeddings.py", line 256, in embed_query
    return self.embed_documents(
  File "C:\Users\USER\AppData\Local\Programs\Python\Python310\lib\site-packages\langchain_google_genai\embeddings.py", line 231, in embed_documents
    raise GoogleGenerativeAIError(f"Error embedding content: {e}") from e
langchain_google_genai._common.GoogleGenerativeAIError: Error embedding content: 429 You exceeded your current quota, please check your plan and billing details. For more information on this error, head to: https://ai.google.dev/gemini-api/docs/rate-limits.
* Quota exceeded for metric: generativelanguage.googleapis.com/embed_content_free_tier_requests, limit: 0
* Quota exceeded for metric: generativelanguage.googleapis.com/embed_content_free_tier_requests, limit: 0
* Quota exceeded for metric: generativelanguage.googleapis.com/embed_content_free_tier_requests, limit: 0
* Quota exceeded for metric: generativelanguage.googleapis.com/embed_content_free_tier_requests, limit: 0 [violations {
  quota_metric: "generativelanguage.googleapis.com/embed_content_free_tier_requests"
  quota_id: "EmbedContentRequestsPerDayPerUserPerProjectPerModel-FreeTier"
}
violations {
  quota_metric: "generativelanguage.googleapis.com/embed_content_free_tier_requests"
  quota_id: "EmbedContentRequestsPerMinutePerUserPerProjectPerModel-FreeTier"
}
violations {
  quota_metric: "generativelanguage.googleapis.com/embed_content_free_tier_requests"
  quota_id: "EmbedContentRequestsPerMinutePerProjectPerModel-FreeTier"
}
violations {
  quota_metric: "generativelanguage.googleapis.com/embed_content_free_tier_requests"
  quota_id: "EmbedContentRequestsPerDayPerProjectPerModel-FreeTier"
}
, links {
  description: "Learn more about Gemini API quotas"
  url: "https://ai.google.dev/gemini-api/docs/rate-limits"
}
]

During handling of the above exception, another exception occurred:

Traceback (most recent call last):
  File "D:\DINO\SD\ComfyUI\personal_server\ai_lover_service\src\ai_core.py", line 3576, in _configure_pre_requisites
    self.embeddings = HuggingFaceEmbeddings(
  File "C:\Users\USER\AppData\Local\Programs\Python\Python310\lib\site-packages\langchain_core\_api\deprecation.py", line 222, in warn_if_direct_instance
    return wrapped(self, *args, **kwargs)
  File "C:\Users\USER\AppData\Local\Programs\Python\Python310\lib\site-packages\langchain_community\embeddings\huggingface.py", line 92, in __init__
    self.client = sentence_transformers.SentenceTransformer(
  File "C:\Users\USER\AppData\Local\Programs\Python\Python310\lib\site-packages\sentence_transformers\SentenceTransformer.py", line 339, in __init__
    modules = self._load_auto_model(
  File "C:\Users\USER\AppData\Local\Programs\Python\Python310\lib\site-packages\sentence_transformers\SentenceTransformer.py", line 2112, in _load_auto_model
    transformer_model = Transformer(
  File "C:\Users\USER\AppData\Local\Programs\Python\Python310\lib\site-packages\sentence_transformers\models\Transformer.py", line 88, in __init__
    self._load_model(model_name_or_path, config, cache_dir, backend, is_peft_model, **model_args)
  File "C:\Users\USER\AppData\Local\Programs\Python\Python310\lib\site-packages\sentence_transformers\models\Transformer.py", line 196, in _load_model
    self.auto_model = AutoModel.from_pretrained(
  File "C:\Users\USER\AppData\Local\Programs\Python\Python310\lib\site-packages\transformers\models\auto\auto_factory.py", line 600, in from_pretrained
    return model_class.from_pretrained(
  File "C:\Users\USER\AppData\Local\Programs\Python\Python310\lib\site-packages\transformers\modeling_utils.py", line 311, in _wrapper
    return func(*args, **kwargs)
  File "C:\Users\USER\AppData\Local\Programs\Python\Python310\lib\site-packages\transformers\modeling_utils.py", line 4839, in from_pretrained
    ) = cls._load_pretrained_model(
  File "C:\Users\USER\AppData\Local\Programs\Python\Python310\lib\site-packages\transformers\modeling_utils.py", line 5105, in _load_pretrained_model
    load_state_dict(checkpoint_files[0], map_location="meta", weights_only=weights_only).keys()
  File "C:\Users\USER\AppData\Local\Programs\Python\Python310\lib\site-packages\transformers\modeling_utils.py", line 556, in load_state_dict
    check_torch_load_is_safe()
  File "C:\Users\USER\AppData\Local\Programs\Python\Python310\lib\site-packages\transformers\utils\import_utils.py", line 1517, in check_torch_load_is_safe
    raise ValueError(
ValueError: Due to a serious vulnerability issue in `torch.load`, even with `weights_only=True`, we now require users to upgrade torch to at least v2.6 in order to use the function. This version restriction does not apply when loading files with safetensors.
See the vulnerability report here https://nvd.nist.gov/vuln/detail/CVE-2025-32434
2025-09-29 20:58:18 - [CRITICAL] - [512280345618546699] [RAG Mode] ğŸ”¥ æ‰€æœ‰ Embedding æ–¹æ¡ˆå‡å¤±æ•—ï¼ç³»çµ±å·²é™ç´šè‡³ã€ç´”é—œéµå­—æ¨¡å¼ã€‘ã€‚
2025-09-29 20:58:18 - [INFO] - [512280345618546699] (Retriever Builder) æ­£åœ¨æ§‹å»º RAG æª¢ç´¢å™¨ (æ¨¡å¼: keyword_only, å¼·åˆ¶é‡å»º: False)...
2025-09-29 20:58:18 - [INFO] - [512280345618546699] (Retriever Builder) âš ï¸ SQL çŸ¥è­˜åº«ç‚ºç©ºï¼ŒBM25 æª¢ç´¢å™¨æœªåˆå§‹åŒ–ã€‚
2025-09-29 20:58:18 - [WARNING] - [512280345618546699] (Retriever Builder) âš ï¸ èªæ„æœç´¢åŠŸèƒ½æœªå•Ÿç”¨ï¼Œè·³éåˆå§‹åŒ– ChromaDB æª¢ç´¢å™¨ã€‚
2025-09-29 20:58:18 - [ERROR] - [512280345618546699] (Retriever Builder) ğŸ”¥ æ‰€æœ‰æª¢ç´¢å™¨å‡åˆå§‹åŒ–å¤±æ•—ï¼RAG ç³»çµ±å°‡è¿”å›ç©ºçµæœã€‚
2025-09-29 20:58:18 - [INFO] - [512280345618546699] æ‰€æœ‰æ§‹å»ºéˆçš„å‰ç½®è³‡æºå·²æº–å‚™å°±ç·’ (ç•¶å‰ RAG æ¨¡å¼: keyword_only)ã€‚
2025-09-29 20:58:18 - [INFO] - [512280345618546699] æ¥æ”¶åˆ° profile æ›´æ–°è«‹æ±‚: ['world_settings']
2025-09-29 20:58:18 - [WARNING] - [512280345618546699] åœ¨æŒä¹…åŒ–æ›´æ–°æ™‚æ‰¾ä¸åˆ°ä½¿ç”¨è€…è³‡æ–™ï¼Œå°‡å‰µå»ºæ–°è¨˜éŒ„ã€‚
2025-09-29 20:58:20 - [INFO] - [512280345618546699] Profile æ›´æ–°ä¸¦æŒä¹…åŒ–æˆåŠŸã€‚
2025-09-29 20:58:26 - [INFO] - Logged in as AI#4450 (ID: 1358417100250808531)
