### AI Lover Log - Last updated at 2025-09-29T23:39:23.252502 ###

  File "<frozen importlib._bootstrap>", line 1050, in _gcd_import
  File "<frozen importlib._bootstrap>", line 1027, in _find_and_load
  File "<frozen importlib._bootstrap>", line 1006, in _find_and_load_unlocked
  File "<frozen importlib._bootstrap>", line 688, in _load_unlocked
  File "<frozen importlib._bootstrap_external>", line 883, in exec_module
  File "<frozen importlib._bootstrap>", line 241, in _call_with_frames_removed
  File "C:\Users\USER\AppData\Local\Programs\Python\Python310\lib\site-packages\transformers\modeling_utils.py", line 73, in <module>
    from .loss.loss_utils import LOSS_MAPPING
  File "C:\Users\USER\AppData\Local\Programs\Python\Python310\lib\site-packages\transformers\loss\loss_utils.py", line 21, in <module>
    from .loss_d_fine import DFineForObjectDetectionLoss
  File "C:\Users\USER\AppData\Local\Programs\Python\Python310\lib\site-packages\transformers\loss\loss_d_fine.py", line 21, in <module>
    from .loss_for_object_detection import (
  File "C:\Users\USER\AppData\Local\Programs\Python\Python310\lib\site-packages\transformers\loss\loss_for_object_detection.py", line 32, in <module>
    from transformers.image_transforms import center_to_corners_format
  File "C:\Users\USER\AppData\Local\Programs\Python\Python310\lib\site-packages\transformers\image_transforms.py", line 22, in <module>
    from .image_utils import (
  File "C:\Users\USER\AppData\Local\Programs\Python\Python310\lib\site-packages\transformers\image_utils.py", line 59, in <module>
    from torchvision.transforms import InterpolationMode
  File "C:\Users\USER\AppData\Local\Programs\Python\Python310\lib\site-packages\torchvision\__init__.py", line 10, in <module>
    from torchvision import _meta_registrations, datasets, io, models, ops, transforms, utils  # usort:skip
  File "C:\Users\USER\AppData\Local\Programs\Python\Python310\lib\site-packages\torchvision\_meta_registrations.py", line 164, in <module>
    def meta_nms(dets, scores, iou_threshold):
  File "C:\Users\USER\AppData\Local\Programs\Python\Python310\lib\site-packages\torch\library.py", line 1069, in register
    use_lib._register_fake(
  File "C:\Users\USER\AppData\Local\Programs\Python\Python310\lib\site-packages\torch\library.py", line 219, in _register_fake
    handle = entry.fake_impl.register(
  File "C:\Users\USER\AppData\Local\Programs\Python\Python310\lib\site-packages\torch\_library\fake_impl.py", line 50, in register
    if torch._C._dispatch_has_kernel_for_dispatch_key(self.qualname, "Meta"):
RuntimeError: operator torchvision::nms does not exist

The above exception was the direct cause of the following exception:

Traceback (most recent call last):
  File "C:\Users\USER\AppData\Local\Programs\Python\Python310\lib\site-packages\langchain_community\embeddings\huggingface.py", line 84, in __init__
    import sentence_transformers
  File "C:\Users\USER\AppData\Local\Programs\Python\Python310\lib\site-packages\sentence_transformers\__init__.py", line 15, in <module>
    from sentence_transformers.cross_encoder import (
  File "C:\Users\USER\AppData\Local\Programs\Python\Python310\lib\site-packages\sentence_transformers\cross_encoder\__init__.py", line 3, in <module>
    from .CrossEncoder import CrossEncoder
  File "C:\Users\USER\AppData\Local\Programs\Python\Python310\lib\site-packages\sentence_transformers\cross_encoder\CrossEncoder.py", line 16, in <module>
    from transformers import (
  File "C:\Users\USER\AppData\Local\Programs\Python\Python310\lib\site-packages\transformers\utils\import_utils.py", line 2157, in __getattr__
    raise ModuleNotFoundError(
ModuleNotFoundError: Could not import module 'PreTrainedModel'. Are this object's requirements defined correctly?

The above exception was the direct cause of the following exception:

Traceback (most recent call last):
  File "D:\DINO\SD\ComfyUI\personal_server\ai_lover_service\src\ai_core.py", line 3567, in _configure_pre_requisites
    self.embeddings = HuggingFaceEmbeddings(
  File "C:\Users\USER\AppData\Local\Programs\Python\Python310\lib\site-packages\langchain_core\_api\deprecation.py", line 215, in warn_if_direct_instance
    return wrapped(self, *args, **kwargs)
  File "C:\Users\USER\AppData\Local\Programs\Python\Python310\lib\site-packages\langchain_community\embeddings\huggingface.py", line 87, in __init__
    raise ImportError(
ImportError: Could not import sentence_transformers python package. Please install it with `pip install sentence-transformers`.
2025-09-29 22:03:02 - [CRITICAL] - [512280345618546699] [RAG Mode] ğŸ”¥ æ‰€æœ‰ Embedding æ–¹æ¡ˆå‡å¤±æ•—ï¼ç³»çµ±å·²é™ç´šè‡³ã€ç´”é—œéµå­—æ¨¡å¼ã€‘ã€‚
2025-09-29 22:03:02 - [INFO] - [512280345618546699] (Retriever Builder) æ­£åœ¨æ§‹å»º RAG æª¢ç´¢å™¨ (æ¨¡å¼: keyword_only, å¼·åˆ¶é‡å»º: False)...
2025-09-29 22:03:02 - [INFO] - [512280345618546699] (Retriever Builder) âš ï¸ SQL çŸ¥è­˜åº«ç‚ºç©ºï¼ŒBM25 æª¢ç´¢å™¨æœªåˆå§‹åŒ–ã€‚
2025-09-29 22:03:02 - [WARNING] - [512280345618546699] (Retriever Builder) âš ï¸ èªæ„æœç´¢åŠŸèƒ½æœªå•Ÿç”¨ï¼Œè·³éåˆå§‹åŒ– ChromaDB æª¢ç´¢å™¨ã€‚
2025-09-29 22:03:02 - [ERROR] - [512280345618546699] (Retriever Builder) ğŸ”¥ æ‰€æœ‰æª¢ç´¢å™¨å‡åˆå§‹åŒ–å¤±æ•—ï¼RAG ç³»çµ±å°‡è¿”å›ç©ºçµæœã€‚
2025-09-29 22:03:02 - [INFO] - [512280345618546699] æ‰€æœ‰æ§‹å»ºéˆçš„å‰ç½®è³‡æºå·²æº–å‚™å°±ç·’ (ç•¶å‰ RAG æ¨¡å¼: keyword_only)ã€‚
2025-09-29 22:03:02 - [INFO] - [512280345618546699] æ¥æ”¶åˆ° profile æ›´æ–°è«‹æ±‚: ['world_settings']
2025-09-29 22:03:02 - [WARNING] - [512280345618546699] åœ¨æŒä¹…åŒ–æ›´æ–°æ™‚æ‰¾ä¸åˆ°ä½¿ç”¨è€…è³‡æ–™ï¼Œå°‡å‰µå»ºæ–°è¨˜éŒ„ã€‚
2025-09-29 22:03:02 - [INFO] - [512280345618546699] Profile æ›´æ–°ä¸¦æŒä¹…åŒ–æˆåŠŸã€‚
2025-09-29 23:07:38 - [INFO] - æ‰€æœ‰æŒä¹…åŒ– UI è¦–åœ–å·²æˆåŠŸè¨»å†Šã€‚
2025-09-29 23:07:38 - [INFO] - æ­£åœ¨å˜—è©¦å°‡æ‡‰ç”¨ç¨‹å¼æŒ‡ä»¤ (Slash Commands) å…¨åŸŸåŒæ­¥åˆ° Discord...
2025-09-29 23:07:39 - [INFO] - âœ… æ‡‰ç”¨ç¨‹å¼æŒ‡ä»¤å…¨åŸŸåŒæ­¥æˆåŠŸï¼(æ³¨æ„ï¼šå…¨åŸŸæŒ‡ä»¤æ›´æ–°å¯èƒ½éœ€è¦é•·é”ä¸€å°æ™‚æ‰èƒ½åœ¨æ‰€æœ‰ä¼ºæœå™¨ç”Ÿæ•ˆ)
2025-09-29 23:07:39 - [INFO] - Discord Bot is ready!
2025-09-29 23:07:43 - [INFO] - ã€å¥åº·æª¢æŸ¥ & Keep-Aliveã€‘èƒŒæ™¯ä»»å‹™å·²å•Ÿå‹•ã€‚
2025-09-29 23:07:43 - [INFO] - Logged in as AI#4450 (ID: 1358417100250808531)
2025-09-29 23:07:44 - [INFO] - å·²æˆåŠŸç™¼é€å•Ÿå‹•æˆåŠŸé€šçŸ¥çµ¦ç®¡ç†å“¡ã€‚
2025-09-29 23:09:30 - [INFO] - [512280345618546699] å¾Œå°é‡ç½®ä»»å‹™é–‹å§‹...
2025-09-29 23:09:30 - [INFO] - ä½¿ç”¨è€… 512280345618546699 æ²’æœ‰æ´»èºçš„ AI å¯¦ä¾‹ï¼Œå˜—è©¦å‰µå»º...
2025-09-29 23:09:30 - [INFO] - [512280345618546699] æ ¸å¿ƒæ•¸æ“šæ¨¡æ¿ 'world_snapshot_template.txt' å·²æˆåŠŸåŠ è¼‰ã€‚
2025-09-29 23:09:30 - [INFO] - [512280345618546699] æ ¸å¿ƒå”è­° '00_supreme_directive.txt' å·²æˆåŠŸåŠ è¼‰ã€‚
2025-09-29 23:09:30 - [INFO] - [512280345618546699] (Retriever Builder) æœªæ‰¾åˆ°æŒä¹…åŒ– RAG ç´¢å¼•ï¼Œæ­£åœ¨å¾è³‡æ–™åº«åŸ·è¡Œå…¨é‡å‰µå§‹æ§‹å»º...
2025-09-29 23:09:30 - [INFO] - [512280345618546699] (Retriever Builder) å·²å¾ SQL å’Œ LORE åŠ è¼‰ 0 æ¢æ–‡æª”ç”¨æ–¼å‰µå§‹æ§‹å»ºã€‚
2025-09-29 23:09:30 - [INFO] - [512280345618546699] (Retriever Builder) çŸ¥è­˜åº«ç‚ºç©ºï¼Œå‰µå§‹æ§‹å»ºç‚ºç©ºã€‚
2025-09-29 23:09:30 - [INFO] - [512280345618546699] æ‰€æœ‰æ§‹å»ºéˆçš„å‰ç½®è³‡æºå·²æº–å‚™å°±ç·’ã€‚
2025-09-29 23:09:30 - [INFO] - ç‚ºä½¿ç”¨è€… 512280345618546699 æˆåŠŸå‰µå»ºä¸¦åˆå§‹åŒ– AI å¯¦ä¾‹ã€‚
2025-09-29 23:09:30 - [INFO] - [512280345618546699] æ­£åœ¨å¾è³‡æ–™åº«æ¢å¾©çŸ­æœŸå ´æ™¯è¨˜æ†¶...
2025-09-29 23:09:30 - [INFO] - [512280345618546699] è³‡æ–™åº«ä¸­æ²’æœ‰æ‰¾åˆ°æ­·å²å ´æ™¯è¨˜æ†¶ã€‚
2025-09-29 23:09:30 - [INFO] - [512280345618546699] æ­£åœ¨é—œé–‰ AI å¯¦ä¾‹ä¸¦é‡‹æ”¾è³‡æº...
2025-09-29 23:09:31 - [INFO] - [512280345618546699] AI å¯¦ä¾‹è³‡æºå·²é‡‹æ”¾ã€‚
2025-09-29 23:09:33 - [INFO] - [512280345618546699] æ­£åœ¨æ¸…é™¤æ‰€æœ‰çŸ­æœŸå ´æ™¯è¨˜æ†¶...
2025-09-29 23:09:33 - [INFO] - [512280345618546699] å·²æˆåŠŸå¾è³‡æ–™åº«ä¸­åˆªé™¤ 0 æ¢å ´æ™¯æ­·å²è¨˜éŒ„ã€‚
2025-09-29 23:09:36 - [INFO] - [512280345618546699] (UI Event) Persistent 'StartSetupView' button clicked.
2025-09-29 23:09:41 - [INFO] - [512280345618546699] (UI Event) WorldSettingsModal submitted. is_setup_flow: True
2025-09-29 23:09:42 - [INFO] - ä½¿ç”¨è€… 512280345618546699 æ²’æœ‰æ´»èºçš„ AI å¯¦ä¾‹ï¼Œå˜—è©¦å‰µå»º...
2025-09-29 23:09:42 - [INFO] - [512280345618546699] è™•æ–¼è¨­å®šæµç¨‹ä¸­ï¼Œå³ä½¿è³‡æ–™åº«ç„¡è¨˜éŒ„ï¼Œä¹Ÿå‰µå»ºä¸€å€‹è‡¨æ™‚çš„è¨˜æ†¶é«”å¯¦ä¾‹ã€‚
2025-09-29 23:09:42 - [INFO] - [512280345618546699] æ ¸å¿ƒæ•¸æ“šæ¨¡æ¿ 'world_snapshot_template.txt' å·²æˆåŠŸåŠ è¼‰ã€‚
2025-09-29 23:09:42 - [INFO] - [512280345618546699] æ ¸å¿ƒå”è­° '00_supreme_directive.txt' å·²æˆåŠŸåŠ è¼‰ã€‚
2025-09-29 23:09:42 - [INFO] - [512280345618546699] (Retriever Builder) æœªæ‰¾åˆ°æŒä¹…åŒ– RAG ç´¢å¼•ï¼Œæ­£åœ¨å¾è³‡æ–™åº«åŸ·è¡Œå…¨é‡å‰µå§‹æ§‹å»º...
2025-09-29 23:09:42 - [INFO] - [512280345618546699] (Retriever Builder) å·²å¾ SQL å’Œ LORE åŠ è¼‰ 0 æ¢æ–‡æª”ç”¨æ–¼å‰µå§‹æ§‹å»ºã€‚
2025-09-29 23:09:42 - [INFO] - [512280345618546699] (Retriever Builder) çŸ¥è­˜åº«ç‚ºç©ºï¼Œå‰µå§‹æ§‹å»ºç‚ºç©ºã€‚
2025-09-29 23:09:42 - [INFO] - [512280345618546699] æ‰€æœ‰æ§‹å»ºéˆçš„å‰ç½®è³‡æºå·²æº–å‚™å°±ç·’ã€‚
2025-09-29 23:09:42 - [INFO] - [512280345618546699] æ¥æ”¶åˆ° profile æ›´æ–°è«‹æ±‚: ['world_settings']
2025-09-29 23:09:42 - [WARNING] - [512280345618546699] åœ¨æŒä¹…åŒ–æ›´æ–°æ™‚æ‰¾ä¸åˆ°ä½¿ç”¨è€…è³‡æ–™ï¼Œå°‡å‰µå»ºæ–°è¨˜éŒ„ã€‚
2025-09-29 23:09:42 - [INFO] - [512280345618546699] Profile æ›´æ–°ä¸¦æŒä¹…åŒ–æˆåŠŸã€‚
2025-09-29 23:27:18 - [INFO] - æ‰€æœ‰æŒä¹…åŒ– UI è¦–åœ–å·²æˆåŠŸè¨»å†Šã€‚
2025-09-29 23:27:18 - [INFO] - æ­£åœ¨å˜—è©¦å°‡æ‡‰ç”¨ç¨‹å¼æŒ‡ä»¤ (Slash Commands) å…¨åŸŸåŒæ­¥åˆ° Discord...
2025-09-29 23:27:18 - [INFO] - âœ… æ‡‰ç”¨ç¨‹å¼æŒ‡ä»¤å…¨åŸŸåŒæ­¥æˆåŠŸï¼(æ³¨æ„ï¼šå…¨åŸŸæŒ‡ä»¤æ›´æ–°å¯èƒ½éœ€è¦é•·é”ä¸€å°æ™‚æ‰èƒ½åœ¨æ‰€æœ‰ä¼ºæœå™¨ç”Ÿæ•ˆ)
2025-09-29 23:27:18 - [INFO] - Discord Bot is ready!
2025-09-29 23:27:21 - [INFO] - ã€å¥åº·æª¢æŸ¥ & Keep-Aliveã€‘èƒŒæ™¯ä»»å‹™å·²å•Ÿå‹•ã€‚
2025-09-29 23:27:21 - [INFO] - Logged in as AI#4450 (ID: 1358417100250808531)
2025-09-29 23:27:22 - [INFO] - å·²æˆåŠŸç™¼é€å•Ÿå‹•æˆåŠŸé€šçŸ¥çµ¦ç®¡ç†å“¡ã€‚
2025-09-29 23:30:06 - [INFO] - æ‰€æœ‰æŒä¹…åŒ– UI è¦–åœ–å·²æˆåŠŸè¨»å†Šã€‚
2025-09-29 23:30:06 - [INFO] - æ­£åœ¨å˜—è©¦å°‡æ‡‰ç”¨ç¨‹å¼æŒ‡ä»¤ (Slash Commands) å…¨åŸŸåŒæ­¥åˆ° Discord...
2025-09-29 23:30:06 - [INFO] - âœ… æ‡‰ç”¨ç¨‹å¼æŒ‡ä»¤å…¨åŸŸåŒæ­¥æˆåŠŸï¼(æ³¨æ„ï¼šå…¨åŸŸæŒ‡ä»¤æ›´æ–°å¯èƒ½éœ€è¦é•·é”ä¸€å°æ™‚æ‰èƒ½åœ¨æ‰€æœ‰ä¼ºæœå™¨ç”Ÿæ•ˆ)
2025-09-29 23:30:06 - [INFO] - Discord Bot is ready!
2025-09-29 23:30:09 - [INFO] - ã€å¥åº·æª¢æŸ¥ & Keep-Aliveã€‘èƒŒæ™¯ä»»å‹™å·²å•Ÿå‹•ã€‚
2025-09-29 23:30:09 - [INFO] - Logged in as AI#4450 (ID: 1358417100250808531)
2025-09-29 23:30:10 - [INFO] - å·²æˆåŠŸç™¼é€å•Ÿå‹•æˆåŠŸé€šçŸ¥çµ¦ç®¡ç†å“¡ã€‚
2025-09-29 23:30:20 - [INFO] - [512280345618546699] å¾Œå°é‡ç½®ä»»å‹™é–‹å§‹...
2025-09-29 23:30:20 - [INFO] - ä½¿ç”¨è€… 512280345618546699 æ²’æœ‰æ´»èºçš„ AI å¯¦ä¾‹ï¼Œå˜—è©¦å‰µå»º...
2025-09-29 23:30:21 - [INFO] - [512280345618546699] æ ¸å¿ƒæ•¸æ“šæ¨¡æ¿ 'world_snapshot_template.txt' å·²æˆåŠŸåŠ è¼‰ã€‚
2025-09-29 23:30:21 - [INFO] - [512280345618546699] æ ¸å¿ƒå”è­° '00_supreme_directive.txt' å·²æˆåŠŸåŠ è¼‰ã€‚
2025-09-29 23:30:21 - [INFO] - [512280345618546699] æ­£åœ¨å‰µå»ºæœ¬åœ° Embedding æ¨¡å‹ 'infgrad/stella-base-zh-v3' å¯¦ä¾‹...
2025-09-29 23:30:27 - [ERROR] - [512280345618546699] ğŸ”¥ å‰µå»ºæœ¬åœ° Embedding æ¨¡å‹å¯¦ä¾‹æ™‚ç™¼ç”Ÿè‡´å‘½éŒ¯èª¤: Failed to import transformers.trainer because of the following error (look up to see its traceback):
cannot import name 'EncoderDecoderCache' from 'transformers' (C:\Users\USER\AppData\Local\Programs\Python\Python310\lib\site-packages\transformers\__init__.py)
Traceback (most recent call last):
  File "C:\Users\USER\AppData\Local\Programs\Python\Python310\lib\site-packages\transformers\utils\import_utils.py", line 1535, in _get_module
    return importlib.import_module("." + module_name, self.__name__)
  File "C:\Users\USER\AppData\Local\Programs\Python\Python310\lib\importlib\__init__.py", line 126, in import_module
    return _bootstrap._gcd_import(name[level:], package, level)
  File "<frozen importlib._bootstrap>", line 1050, in _gcd_import
  File "<frozen importlib._bootstrap>", line 1027, in _find_and_load
  File "<frozen importlib._bootstrap>", line 1006, in _find_and_load_unlocked
  File "<frozen importlib._bootstrap>", line 688, in _load_unlocked
  File "<frozen importlib._bootstrap_external>", line 883, in exec_module
  File "<frozen importlib._bootstrap>", line 241, in _call_with_frames_removed
  File "C:\Users\USER\AppData\Local\Programs\Python\Python310\lib\site-packages\transformers\trainer.py", line 213, in <module>
    from peft import PeftModel
  File "C:\Users\USER\AppData\Local\Programs\Python\Python310\lib\site-packages\peft\__init__.py", line 17, in <module>
    from .auto import (
  File "C:\Users\USER\AppData\Local\Programs\Python\Python310\lib\site-packages\peft\auto.py", line 32, in <module>
    from .peft_model import (
  File "C:\Users\USER\AppData\Local\Programs\Python\Python310\lib\site-packages\peft\peft_model.py", line 37, in <module>
    from transformers import Cache, DynamicCache, EncoderDecoderCache, HybridCache, PreTrainedModel
ImportError: cannot import name 'EncoderDecoderCache' from 'transformers' (C:\Users\USER\AppData\Local\Programs\Python\Python310\lib\site-packages\transformers\__init__.py)

The above exception was the direct cause of the following exception:

Traceback (most recent call last):
  File "D:\DINO\SD\ComfyUI\personal_server\ai_lover_service\src\ai_core.py", line 3703, in _create_embeddings_instance
    embeddings = HuggingFaceEmbeddings(
  File "C:\Users\USER\AppData\Local\Programs\Python\Python310\lib\site-packages\langchain_core\_api\deprecation.py", line 215, in warn_if_direct_instance
    return wrapped(self, *args, **kwargs)
  File "C:\Users\USER\AppData\Local\Programs\Python\Python310\lib\site-packages\langchain_community\embeddings\huggingface.py", line 71, in __init__
    import sentence_transformers
  File "C:\Users\USER\AppData\Local\Programs\Python\Python310\lib\site-packages\sentence_transformers\__init__.py", line 15, in <module>
    from sentence_transformers.trainer import SentenceTransformerTrainer
  File "C:\Users\USER\AppData\Local\Programs\Python\Python310\lib\site-packages\sentence_transformers\trainer.py", line 10, in <module>
    from transformers import EvalPrediction, PreTrainedTokenizerBase, Trainer, TrainerCallback
  File "<frozen importlib._bootstrap>", line 1075, in _handle_fromlist
  File "C:\Users\USER\AppData\Local\Programs\Python\Python310\lib\site-packages\transformers\utils\import_utils.py", line 1525, in __getattr__
    module = self._get_module(self._class_to_module[name])
  File "C:\Users\USER\AppData\Local\Programs\Python\Python310\lib\site-packages\transformers\utils\import_utils.py", line 1537, in _get_module
    raise RuntimeError(
RuntimeError: Failed to import transformers.trainer because of the following error (look up to see its traceback):
cannot import name 'EncoderDecoderCache' from 'transformers' (C:\Users\USER\AppData\Local\Programs\Python\Python310\lib\site-packages\transformers\__init__.py)
2025-09-29 23:30:27 - [ERROR] -    -> è«‹ç¢ºä¿ `torch`, `transformers` å’Œ `sentence-transformers` å·²æ­£ç¢ºå®‰è£ã€‚
2025-09-29 23:30:27 - [ERROR] - [512280345618546699] (Retriever Builder) Embedding æ¨¡å‹æœªåˆå§‹åŒ–ï¼Œç„¡æ³•æ§‹å»ºæª¢ç´¢å™¨ã€‚
2025-09-29 23:30:27 - [INFO] - [512280345618546699] æ‰€æœ‰æ§‹å»ºéˆçš„å‰ç½®è³‡æºå·²æº–å‚™å°±ç·’ã€‚
2025-09-29 23:30:27 - [INFO] - ç‚ºä½¿ç”¨è€… 512280345618546699 æˆåŠŸå‰µå»ºä¸¦åˆå§‹åŒ– AI å¯¦ä¾‹ã€‚
2025-09-29 23:30:27 - [INFO] - [512280345618546699] æ­£åœ¨å¾è³‡æ–™åº«æ¢å¾©çŸ­æœŸå ´æ™¯è¨˜æ†¶...
2025-09-29 23:30:27 - [INFO] - [512280345618546699] è³‡æ–™åº«ä¸­æ²’æœ‰æ‰¾åˆ°æ­·å²å ´æ™¯è¨˜æ†¶ã€‚
2025-09-29 23:30:27 - [INFO] - [512280345618546699] æ­£åœ¨é—œé–‰ AI å¯¦ä¾‹ä¸¦é‡‹æ”¾è³‡æº...
2025-09-29 23:30:28 - [INFO] - [512280345618546699] AI å¯¦ä¾‹è³‡æºå·²é‡‹æ”¾ã€‚
2025-09-29 23:30:30 - [INFO] - [512280345618546699] æ­£åœ¨æ¸…é™¤æ‰€æœ‰çŸ­æœŸå ´æ™¯è¨˜æ†¶...
2025-09-29 23:30:30 - [INFO] - [512280345618546699] å·²æˆåŠŸå¾è³‡æ–™åº«ä¸­åˆªé™¤ 0 æ¢å ´æ™¯æ­·å²è¨˜éŒ„ã€‚
2025-09-29 23:35:37 - [INFO] - æ‰€æœ‰æŒä¹…åŒ– UI è¦–åœ–å·²æˆåŠŸè¨»å†Šã€‚
2025-09-29 23:35:37 - [INFO] - æ­£åœ¨å˜—è©¦å°‡æ‡‰ç”¨ç¨‹å¼æŒ‡ä»¤ (Slash Commands) å…¨åŸŸåŒæ­¥åˆ° Discord...
2025-09-29 23:35:38 - [INFO] - âœ… æ‡‰ç”¨ç¨‹å¼æŒ‡ä»¤å…¨åŸŸåŒæ­¥æˆåŠŸï¼(æ³¨æ„ï¼šå…¨åŸŸæŒ‡ä»¤æ›´æ–°å¯èƒ½éœ€è¦é•·é”ä¸€å°æ™‚æ‰èƒ½åœ¨æ‰€æœ‰ä¼ºæœå™¨ç”Ÿæ•ˆ)
2025-09-29 23:35:38 - [INFO] - Discord Bot is ready!
2025-09-29 23:35:41 - [INFO] - ã€å¥åº·æª¢æŸ¥ & Keep-Aliveã€‘èƒŒæ™¯ä»»å‹™å·²å•Ÿå‹•ã€‚
2025-09-29 23:35:41 - [INFO] - Logged in as AI#4450 (ID: 1358417100250808531)
2025-09-29 23:35:41 - [INFO] - å·²æˆåŠŸç™¼é€å•Ÿå‹•æˆåŠŸé€šçŸ¥çµ¦ç®¡ç†å“¡ã€‚
2025-09-29 23:36:10 - [INFO] - [512280345618546699] å¾Œå°é‡ç½®ä»»å‹™é–‹å§‹...
2025-09-29 23:36:10 - [INFO] - ä½¿ç”¨è€… 512280345618546699 æ²’æœ‰æ´»èºçš„ AI å¯¦ä¾‹ï¼Œå˜—è©¦å‰µå»º...
2025-09-29 23:36:10 - [INFO] - [512280345618546699] è™•æ–¼è¨­å®šæµç¨‹ä¸­ï¼Œå³ä½¿è³‡æ–™åº«ç„¡è¨˜éŒ„ï¼Œä¹Ÿå‰µå»ºä¸€å€‹è‡¨æ™‚çš„è¨˜æ†¶é«”å¯¦ä¾‹ã€‚
2025-09-29 23:36:10 - [INFO] - [512280345618546699] æ ¸å¿ƒæ•¸æ“šæ¨¡æ¿ 'world_snapshot_template.txt' å·²æˆåŠŸåŠ è¼‰ã€‚
2025-09-29 23:36:10 - [INFO] - [512280345618546699] æ ¸å¿ƒå”è­° '00_supreme_directive.txt' å·²æˆåŠŸåŠ è¼‰ã€‚
2025-09-29 23:36:10 - [INFO] - [512280345618546699] æ­£åœ¨å‰µå»ºæœ¬åœ° Embedding æ¨¡å‹ 'infgrad/stella-base-zh-v3' å¯¦ä¾‹...
2025-09-29 23:36:12 - [ERROR] - [512280345618546699] ğŸ”¥ å‰µå»ºæœ¬åœ° Embedding æ¨¡å‹å¯¦ä¾‹æ™‚ç™¼ç”Ÿè‡´å‘½éŒ¯èª¤: infgrad/stella-base-zh-v3 is not a local folder and is not a valid model identifier listed on 'https://huggingface.co/models'
If this is a private repository, make sure to pass a token having permission to this repo either by logging in with `huggingface-cli login` or by passing `token=<your_token>`
Traceback (most recent call last):
  File "C:\Users\USER\AppData\Local\Programs\Python\Python310\lib\site-packages\huggingface_hub\utils\_http.py", line 409, in hf_raise_for_status
    response.raise_for_status()
  File "C:\Users\USER\AppData\Local\Programs\Python\Python310\lib\site-packages\requests\models.py", line 1026, in raise_for_status
    raise HTTPError(http_error_msg, response=self)
requests.exceptions.HTTPError: 404 Client Error: Not Found for url: https://hf-mirror.com/infgrad/stella-base-zh-v3/resolve/main/config.json

The above exception was the direct cause of the following exception:

Traceback (most recent call last):
  File "C:\Users\USER\AppData\Local\Programs\Python\Python310\lib\site-packages\transformers\utils\hub.py", line 389, in cached_file
    resolved_file = hf_hub_download(
  File "C:\Users\USER\AppData\Local\Programs\Python\Python310\lib\site-packages\huggingface_hub\utils\_validators.py", line 114, in _inner_fn
    return fn(*args, **kwargs)
  File "C:\Users\USER\AppData\Local\Programs\Python\Python310\lib\site-packages\huggingface_hub\file_download.py", line 1008, in hf_hub_download
    return _hf_hub_download_to_cache_dir(
  File "C:\Users\USER\AppData\Local\Programs\Python\Python310\lib\site-packages\huggingface_hub\file_download.py", line 1115, in _hf_hub_download_to_cache_dir
    _raise_on_head_call_error(head_call_error, force_download, local_files_only)
  File "C:\Users\USER\AppData\Local\Programs\Python\Python310\lib\site-packages\huggingface_hub\file_download.py", line 1645, in _raise_on_head_call_error
    raise head_call_error
  File "C:\Users\USER\AppData\Local\Programs\Python\Python310\lib\site-packages\huggingface_hub\file_download.py", line 1533, in _get_metadata_or_catch_error
    metadata = get_hf_file_metadata(
  File "C:\Users\USER\AppData\Local\Programs\Python\Python310\lib\site-packages\huggingface_hub\utils\_validators.py", line 114, in _inner_fn
    return fn(*args, **kwargs)
  File "C:\Users\USER\AppData\Local\Programs\Python\Python310\lib\site-packages\huggingface_hub\file_download.py", line 1450, in get_hf_file_metadata
    r = _request_wrapper(
  File "C:\Users\USER\AppData\Local\Programs\Python\Python310\lib\site-packages\huggingface_hub\file_download.py", line 286, in _request_wrapper
    response = _request_wrapper(
  File "C:\Users\USER\AppData\Local\Programs\Python\Python310\lib\site-packages\huggingface_hub\file_download.py", line 310, in _request_wrapper
    hf_raise_for_status(response)
  File "C:\Users\USER\AppData\Local\Programs\Python\Python310\lib\site-packages\huggingface_hub\utils\_http.py", line 459, in hf_raise_for_status
    raise _format(RepositoryNotFoundError, message, response) from e
huggingface_hub.errors.RepositoryNotFoundError: 404 Client Error. (Request ID: Root=1-68daa76c-7214f75212e9b9b73c0151b6;5804a773-6a83-488d-94b6-d05b78d982fb)

Repository Not Found for url: https://hf-mirror.com/infgrad/stella-base-zh-v3/resolve/main/config.json.
Please make sure you specified the correct `repo_id` and `repo_type`.
If you are trying to access a private or gated repo, make sure you are authenticated. For more details, see https://huggingface.co/docs/huggingface_hub/authentication

The above exception was the direct cause of the following exception:

Traceback (most recent call last):
  File "D:\DINO\SD\ComfyUI\personal_server\ai_lover_service\src\ai_core.py", line 3703, in _create_embeddings_instance
    embeddings = HuggingFaceEmbeddings(
  File "C:\Users\USER\AppData\Local\Programs\Python\Python310\lib\site-packages\langchain_core\_api\deprecation.py", line 215, in warn_if_direct_instance
    return wrapped(self, *args, **kwargs)
  File "C:\Users\USER\AppData\Local\Programs\Python\Python310\lib\site-packages\langchain_community\embeddings\huggingface.py", line 79, in __init__
    self.client = sentence_transformers.SentenceTransformer(
  File "C:\Users\USER\AppData\Local\Programs\Python\Python310\lib\site-packages\sentence_transformers\SentenceTransformer.py", line 205, in __init__
    modules = self._load_auto_model(
  File "C:\Users\USER\AppData\Local\Programs\Python\Python310\lib\site-packages\sentence_transformers\SentenceTransformer.py", line 1197, in _load_auto_model
    transformer_model = Transformer(
  File "C:\Users\USER\AppData\Local\Programs\Python\Python310\lib\site-packages\sentence_transformers\models\Transformer.py", line 35, in __init__
    config = AutoConfig.from_pretrained(model_name_or_path, **model_args, cache_dir=cache_dir)
  File "C:\Users\USER\AppData\Local\Programs\Python\Python310\lib\site-packages\transformers\models\auto\configuration_auto.py", line 1082, in from_pretrained
    config_dict, unused_kwargs = PretrainedConfig.get_config_dict(pretrained_model_name_or_path, **kwargs)
  File "C:\Users\USER\AppData\Local\Programs\Python\Python310\lib\site-packages\transformers\configuration_utils.py", line 644, in get_config_dict
    config_dict, kwargs = cls._get_config_dict(pretrained_model_name_or_path, **kwargs)
  File "C:\Users\USER\AppData\Local\Programs\Python\Python310\lib\site-packages\transformers\configuration_utils.py", line 699, in _get_config_dict
    resolved_config_file = cached_file(
  File "C:\Users\USER\AppData\Local\Programs\Python\Python310\lib\site-packages\transformers\utils\hub.py", line 410, in cached_file
    raise EnvironmentError(
OSError: infgrad/stella-base-zh-v3 is not a local folder and is not a valid model identifier listed on 'https://huggingface.co/models'
If this is a private repository, make sure to pass a token having permission to this repo either by logging in with `huggingface-cli login` or by passing `token=<your_token>`
2025-09-29 23:36:12 - [ERROR] -    -> è«‹ç¢ºä¿ `torch`, `transformers` å’Œ `sentence-transformers` å·²æ­£ç¢ºå®‰è£ã€‚
2025-09-29 23:36:12 - [ERROR] - [512280345618546699] (Retriever Builder) Embedding æ¨¡å‹æœªåˆå§‹åŒ–ï¼Œç„¡æ³•æ§‹å»ºæª¢ç´¢å™¨ã€‚
2025-09-29 23:36:12 - [INFO] - [512280345618546699] æ‰€æœ‰æ§‹å»ºéˆçš„å‰ç½®è³‡æºå·²æº–å‚™å°±ç·’ã€‚
2025-09-29 23:36:12 - [INFO] - [512280345618546699] æ­£åœ¨é—œé–‰ AI å¯¦ä¾‹ä¸¦é‡‹æ”¾è³‡æº...
2025-09-29 23:36:14 - [INFO] - [512280345618546699] AI å¯¦ä¾‹è³‡æºå·²é‡‹æ”¾ã€‚
2025-09-29 23:36:15 - [INFO] - [512280345618546699] æ­£åœ¨æ¸…é™¤æ‰€æœ‰çŸ­æœŸå ´æ™¯è¨˜æ†¶...
2025-09-29 23:36:21 - [INFO] - [512280345618546699] å·²æˆåŠŸå¾è³‡æ–™åº«ä¸­åˆªé™¤ 0 æ¢å ´æ™¯æ­·å²è¨˜éŒ„ã€‚
2025-09-29 23:38:01 - [INFO] - æ‰€æœ‰æŒä¹…åŒ– UI è¦–åœ–å·²æˆåŠŸè¨»å†Šã€‚
2025-09-29 23:38:01 - [INFO] - æ­£åœ¨å˜—è©¦å°‡æ‡‰ç”¨ç¨‹å¼æŒ‡ä»¤ (Slash Commands) å…¨åŸŸåŒæ­¥åˆ° Discord...
2025-09-29 23:38:01 - [INFO] - âœ… æ‡‰ç”¨ç¨‹å¼æŒ‡ä»¤å…¨åŸŸåŒæ­¥æˆåŠŸï¼(æ³¨æ„ï¼šå…¨åŸŸæŒ‡ä»¤æ›´æ–°å¯èƒ½éœ€è¦é•·é”ä¸€å°æ™‚æ‰èƒ½åœ¨æ‰€æœ‰ä¼ºæœå™¨ç”Ÿæ•ˆ)
2025-09-29 23:38:01 - [INFO] - Discord Bot is ready!
2025-09-29 23:38:04 - [INFO] - ã€å¥åº·æª¢æŸ¥ & Keep-Aliveã€‘èƒŒæ™¯ä»»å‹™å·²å•Ÿå‹•ã€‚
2025-09-29 23:38:04 - [INFO] - Logged in as AI#4450 (ID: 1358417100250808531)
2025-09-29 23:38:05 - [INFO] - å·²æˆåŠŸç™¼é€å•Ÿå‹•æˆåŠŸé€šçŸ¥çµ¦ç®¡ç†å“¡ã€‚
2025-09-29 23:38:13 - [INFO] - [512280345618546699] å¾Œå°é‡ç½®ä»»å‹™é–‹å§‹...
2025-09-29 23:38:13 - [INFO] - ä½¿ç”¨è€… 512280345618546699 æ²’æœ‰æ´»èºçš„ AI å¯¦ä¾‹ï¼Œå˜—è©¦å‰µå»º...
2025-09-29 23:38:13 - [INFO] - [512280345618546699] è™•æ–¼è¨­å®šæµç¨‹ä¸­ï¼Œå³ä½¿è³‡æ–™åº«ç„¡è¨˜éŒ„ï¼Œä¹Ÿå‰µå»ºä¸€å€‹è‡¨æ™‚çš„è¨˜æ†¶é«”å¯¦ä¾‹ã€‚
2025-09-29 23:38:13 - [INFO] - [512280345618546699] æ ¸å¿ƒæ•¸æ“šæ¨¡æ¿ 'world_snapshot_template.txt' å·²æˆåŠŸåŠ è¼‰ã€‚
2025-09-29 23:38:13 - [INFO] - [512280345618546699] æ ¸å¿ƒå”è­° '00_supreme_directive.txt' å·²æˆåŠŸåŠ è¼‰ã€‚
2025-09-29 23:38:13 - [INFO] - [512280345618546699] æ­£åœ¨å‰µå»ºæœ¬åœ° Embedding æ¨¡å‹ 'infgrad/stella-base-zh-v2' å¯¦ä¾‹...
2025-09-29 23:38:46 - [INFO] - [512280345618546699] âœ… æœ¬åœ° Embedding æ¨¡å‹å¯¦ä¾‹å‰µå»ºæˆåŠŸã€‚
2025-09-29 23:38:46 - [INFO] - [512280345618546699] (Retriever Builder) æœªæ‰¾åˆ°æŒä¹…åŒ– RAG ç´¢å¼•ï¼Œæ­£åœ¨å¾è³‡æ–™åº«åŸ·è¡Œå…¨é‡å‰µå§‹æ§‹å»º...
2025-09-29 23:38:46 - [INFO] - [512280345618546699] (Retriever Builder) å·²å¾ SQL å’Œ LORE åŠ è¼‰ 0 æ¢æ–‡æª”ç”¨æ–¼å‰µå§‹æ§‹å»ºã€‚
2025-09-29 23:38:46 - [INFO] - [512280345618546699] (Retriever Builder) çŸ¥è­˜åº«ç‚ºç©ºï¼Œå‰µå§‹æ§‹å»ºç‚ºç©ºã€‚
2025-09-29 23:38:46 - [INFO] - [512280345618546699] æ‰€æœ‰æ§‹å»ºéˆçš„å‰ç½®è³‡æºå·²æº–å‚™å°±ç·’ã€‚
2025-09-29 23:38:46 - [INFO] - [512280345618546699] æ­£åœ¨é—œé–‰ AI å¯¦ä¾‹ä¸¦é‡‹æ”¾è³‡æº...
2025-09-29 23:38:47 - [INFO] - [512280345618546699] AI å¯¦ä¾‹è³‡æºå·²é‡‹æ”¾ã€‚
2025-09-29 23:38:49 - [INFO] - [512280345618546699] æ­£åœ¨æ¸…é™¤æ‰€æœ‰çŸ­æœŸå ´æ™¯è¨˜æ†¶...
2025-09-29 23:38:49 - [INFO] - [512280345618546699] å·²æˆåŠŸå¾è³‡æ–™åº«ä¸­åˆªé™¤ 0 æ¢å ´æ™¯æ­·å²è¨˜éŒ„ã€‚
2025-09-29 23:39:09 - [INFO] - æ‰€æœ‰æŒä¹…åŒ– UI è¦–åœ–å·²æˆåŠŸè¨»å†Šã€‚
2025-09-29 23:39:09 - [INFO] - æ­£åœ¨å˜—è©¦å°‡æ‡‰ç”¨ç¨‹å¼æŒ‡ä»¤ (Slash Commands) å…¨åŸŸåŒæ­¥åˆ° Discord...
2025-09-29 23:39:09 - [INFO] - âœ… æ‡‰ç”¨ç¨‹å¼æŒ‡ä»¤å…¨åŸŸåŒæ­¥æˆåŠŸï¼(æ³¨æ„ï¼šå…¨åŸŸæŒ‡ä»¤æ›´æ–°å¯èƒ½éœ€è¦é•·é”ä¸€å°æ™‚æ‰èƒ½åœ¨æ‰€æœ‰ä¼ºæœå™¨ç”Ÿæ•ˆ)
2025-09-29 23:39:09 - [INFO] - Discord Bot is ready!
2025-09-29 23:39:12 - [INFO] - ã€å¥åº·æª¢æŸ¥ & Keep-Aliveã€‘èƒŒæ™¯ä»»å‹™å·²å•Ÿå‹•ã€‚
2025-09-29 23:39:12 - [INFO] - Logged in as AI#4450 (ID: 1358417100250808531)
2025-09-29 23:39:13 - [INFO] - å·²æˆåŠŸç™¼é€å•Ÿå‹•æˆåŠŸé€šçŸ¥çµ¦ç®¡ç†å“¡ã€‚
2025-09-29 23:39:16 - [INFO] - [512280345618546699] å¾Œå°é‡ç½®ä»»å‹™é–‹å§‹...
2025-09-29 23:39:16 - [INFO] - ä½¿ç”¨è€… 512280345618546699 æ²’æœ‰æ´»èºçš„ AI å¯¦ä¾‹ï¼Œå˜—è©¦å‰µå»º...
2025-09-29 23:39:16 - [INFO] - [512280345618546699] è™•æ–¼è¨­å®šæµç¨‹ä¸­ï¼Œå³ä½¿è³‡æ–™åº«ç„¡è¨˜éŒ„ï¼Œä¹Ÿå‰µå»ºä¸€å€‹è‡¨æ™‚çš„è¨˜æ†¶é«”å¯¦ä¾‹ã€‚
2025-09-29 23:39:16 - [INFO] - [512280345618546699] æ ¸å¿ƒæ•¸æ“šæ¨¡æ¿ 'world_snapshot_template.txt' å·²æˆåŠŸåŠ è¼‰ã€‚
2025-09-29 23:39:16 - [INFO] - [512280345618546699] æ ¸å¿ƒå”è­° '00_supreme_directive.txt' å·²æˆåŠŸåŠ è¼‰ã€‚
2025-09-29 23:39:16 - [INFO] - [512280345618546699] æ­£åœ¨å‰µå»ºæœ¬åœ° Embedding æ¨¡å‹ 'infgrad/stella-base-zh-v2' å¯¦ä¾‹...
2025-09-29 23:39:19 - [INFO] - [512280345618546699] âœ… æœ¬åœ° Embedding æ¨¡å‹å¯¦ä¾‹å‰µå»ºæˆåŠŸã€‚
2025-09-29 23:39:19 - [INFO] - [512280345618546699] (Retriever Builder) æœªæ‰¾åˆ°æŒä¹…åŒ– RAG ç´¢å¼•ï¼Œæ­£åœ¨å¾è³‡æ–™åº«åŸ·è¡Œå…¨é‡å‰µå§‹æ§‹å»º...
2025-09-29 23:39:19 - [INFO] - [512280345618546699] (Retriever Builder) å·²å¾ SQL å’Œ LORE åŠ è¼‰ 0 æ¢æ–‡æª”ç”¨æ–¼å‰µå§‹æ§‹å»ºã€‚
2025-09-29 23:39:19 - [INFO] - [512280345618546699] (Retriever Builder) çŸ¥è­˜åº«ç‚ºç©ºï¼Œå‰µå§‹æ§‹å»ºç‚ºç©ºã€‚
2025-09-29 23:39:19 - [INFO] - [512280345618546699] æ‰€æœ‰æ§‹å»ºéˆçš„å‰ç½®è³‡æºå·²æº–å‚™å°±ç·’ã€‚
2025-09-29 23:39:19 - [INFO] - [512280345618546699] æ­£åœ¨é—œé–‰ AI å¯¦ä¾‹ä¸¦é‡‹æ”¾è³‡æº...
2025-09-29 23:39:20 - [INFO] - [512280345618546699] AI å¯¦ä¾‹è³‡æºå·²é‡‹æ”¾ã€‚
2025-09-29 23:39:22 - [INFO] - [512280345618546699] æ­£åœ¨æ¸…é™¤æ‰€æœ‰çŸ­æœŸå ´æ™¯è¨˜æ†¶...
2025-09-29 23:39:22 - [INFO] - [512280345618546699] å·²æˆåŠŸå¾è³‡æ–™åº«ä¸­åˆªé™¤ 0 æ¢å ´æ™¯æ­·å²è¨˜éŒ„ã€‚
