### AI Lover Log - Last updated at 2025-10-11T01:01:58.810917 ###

2025-10-11 00:24:09 - [INFO] - [512280345618546699] è™•æ–¼è¨­å®šæµç¨‹ä¸­ï¼Œå³ä½¿è³‡æ–™åº«ç„¡è¨˜éŒ„ï¼Œä¹Ÿå‰µå»ºä¸€å€‹è‡¨æ™‚çš„è¨˜æ†¶é«”å¯¦ä¾‹ã€‚
2025-10-11 00:24:09 - [INFO] - [512280345618546699] æ ¸å¿ƒæ•¸æ“šæ¨¡æ¿ 'world_snapshot_template.txt' å·²æˆåŠŸåŠ è¼‰ã€‚
2025-10-11 00:24:09 - [INFO] - [512280345618546699] æ ¸å¿ƒå”è­° '00_supreme_directive.txt' å·²æˆåŠŸåŠ è¼‰ã€‚
2025-10-11 00:24:09 - [ERROR] - [512280345618546699] ç‚ºè‡¨æ™‚å¯¦ä¾‹é…ç½®å‰ç½®è³‡æºæ™‚å¤±æ•—: 1 validation error for GoogleGenerativeAIEmbeddings
__root__
  Did not find google_api_key, please add an environment variable `GOOGLE_API_KEY` which contains it, or pass `google_api_key` as a named parameter. (type=value_error)
Traceback (most recent call last):
  File "D:\DINO\SD\ComfyUI\personal_server\ai_lover_service\src\cogs\core_cog.py", line 1232, in get_or_create_ai_instance
    await ai_instance._configure_pre_requisites()
  File "D:\DINO\SD\ComfyUI\personal_server\ai_lover_service\src\ai_core.py", line 4647, in _configure_pre_requisites
    self.embeddings = GoogleGenerativeAIEmbeddings(model="models/embedding-001", safety_settings=SAFETY_SETTINGS)
  File "C:\Users\USER\AppData\Local\Programs\Python\Python310\lib\site-packages\pydantic\v1\main.py", line 341, in __init__
    raise validation_error
pydantic.v1.error_wrappers.ValidationError: 1 validation error for GoogleGenerativeAIEmbeddings
__root__
  Did not find google_api_key, please add an environment variable `GOOGLE_API_KEY` which contains it, or pass `google_api_key` as a named parameter. (type=value_error)
2025-10-11 00:24:09 - [INFO] - [512280345618546699] æ¥æ”¶åˆ° profile æ›´æ–°è«‹æ±‚: ['world_settings']
2025-10-11 00:24:09 - [WARNING] - [512280345618546699] åœ¨æŒä¹…åŒ–æ›´æ–°æ™‚æ‰¾ä¸åˆ°ä½¿ç”¨è€…è³‡æ–™ï¼Œå°‡å‰µå»ºæ–°è¨˜éŒ„ã€‚
2025-10-11 00:24:09 - [INFO] - [512280345618546699] Profile æ›´æ–°ä¸¦æŒä¹…åŒ–æˆåŠŸã€‚
2025-10-11 00:24:11 - [INFO] - [512280345618546699] (UI Event) Persistent 'ContinueToUserSetupView' button clicked.
2025-10-11 00:24:18 - [INFO] - [512280345618546699] (UI Event) CharacterSettingsModal submitted for profile_type: 'user', is_setup_flow: True
2025-10-11 00:24:18 - [INFO] - [512280345618546699] æ¥æ”¶åˆ° profile æ›´æ–°è«‹æ±‚: ['user_profile']
2025-10-11 00:24:19 - [INFO] - [512280345618546699] Profile æ›´æ–°ä¸¦æŒä¹…åŒ–æˆåŠŸã€‚
2025-10-11 00:24:20 - [INFO] - [512280345618546699] (UI Event) Persistent 'ContinueToAiSetupView' button clicked.
2025-10-11 00:24:32 - [INFO] - [512280345618546699] (UI Event) CharacterSettingsModal submitted for profile_type: 'ai', is_setup_flow: True
2025-10-11 00:24:33 - [INFO] - [512280345618546699] æ¥æ”¶åˆ° profile æ›´æ–°è«‹æ±‚: ['ai_profile']
2025-10-11 00:24:33 - [INFO] - [512280345618546699] Profile æ›´æ–°ä¸¦æŒä¹…åŒ–æˆåŠŸã€‚
2025-10-11 00:24:35 - [INFO] - [512280345618546699] [å‰µä¸–æµç¨‹] æª”æ¡ˆä¸Šå‚³é–‹å§‹ï¼Œå·²è¨­å®š active_setups ç‹€æ…‹é–ã€‚
2025-10-11 00:24:42 - [INFO] - [512280345618546699] (on_message) åµæ¸¬åˆ°ç”¨æˆ¶è™•æ–¼æ´»èºçš„å‰µä¸–æµç¨‹ä¸­ï¼Œå·²å¿½ç•¥å¸¸è¦è¨Šæ¯ '...' ä»¥é˜²æ­¢ç«¶çˆ­ã€‚
2025-10-11 00:24:45 - [INFO] - [512280345618546699] [å‰µä¸–æµç¨‹ v65.1] åŸç”Ÿ Python é©…å‹•çš„æµç¨‹å·²å•Ÿå‹•ã€‚
2025-10-11 00:24:45 - [INFO] - [512280345618546699] [å¾Œå°å‰µä¸–] æ­£åœ¨å°‡ä¸–ç•Œè–ç¶“åŸæ–‡åˆ†å‰²æˆæ–‡æª”...
2025-10-11 00:24:45 - [INFO] - [512280345618546699] [å¾Œå°å‰µä¸–] æ­£åœ¨è§¸ç™¼ RAG ç´¢å¼•å‰µå§‹æ§‹å»º...
2025-10-11 00:24:45 - [ERROR] - [512280345618546699] (Retriever Builder) Embedding æ¨¡å‹æœªåˆå§‹åŒ–ï¼Œç„¡æ³•æ§‹å»ºæª¢ç´¢å™¨ã€‚
2025-10-11 00:24:45 - [INFO] - [512280345618546699] [å¾Œå°å‰µä¸–] RAG ç´¢å¼•æ§‹å»ºå®Œæˆï¼Œæº–å‚™åŸ·è¡ŒåŸç”Ÿå‰µä¸–æ­¥é©Ÿ...
2025-10-11 00:24:45 - [INFO] - [512280345618546699] [å¾Œå°å‰µä¸–-åŸç”Ÿ] æ­¥é©Ÿ 1/2: æ­£åœ¨è£œå®Œè§’è‰²æª”æ¡ˆ...
2025-10-11 00:24:47 - [INFO] - [512280345618546699] [LLM Success] Generation successful using model 'gemini-2.5-flash-lite' with API Key #0.
2025-10-11 00:24:49 - [INFO] - [512280345618546699] [LLM Success] Generation successful using model 'gemini-2.5-flash-lite' with API Key #0.
2025-10-11 00:24:49 - [INFO] - [512280345618546699] æ¥æ”¶åˆ° profile æ›´æ–°è«‹æ±‚: ['user_profile', 'ai_profile']
2025-10-11 00:24:49 - [INFO] - [512280345618546699] Profile æ›´æ–°ä¸¦æŒä¹…åŒ–æˆåŠŸã€‚
2025-10-11 00:24:49 - [INFO] - [512280345618546699] [å¾Œå°å‰µä¸–-åŸç”Ÿ] è§’è‰²æª”æ¡ˆè£œå®ŒæˆåŠŸã€‚
2025-10-11 00:24:49 - [INFO] - [512280345618546699] [å¾Œå°å‰µä¸–-åŸç”Ÿ] æ­¥é©Ÿ 2/2: æ­£åœ¨ç”Ÿæˆé–‹å ´ç™½...
2025-10-11 00:24:49 - [INFO] - [512280345618546699] [/start] æ­£åœ¨ä½¿ç”¨ RAG æ™ºèƒ½é¸æ“‡ä¸¦å‰µä½œé–‹å ´å ´æ™¯...
2025-10-11 00:24:49 - [WARNING] - [512280345618546699] [é³³å‡°RAG] æª¢ç´¢å™¨æœªåˆå§‹åŒ–ï¼Œç„¡æ³•æª¢ç´¢è¨˜æ†¶ã€‚
2025-10-11 00:25:15 - [INFO] - [512280345618546699] [LLM Success] Generation successful using model 'gemini-2.5-pro' with API Key #0.
2025-10-11 00:25:15 - [INFO] - [512280345618546699] [/start] é–‹å ´ç™½å·²ç”Ÿæˆï¼Œæ­£åœ¨å¾ä¸­åå‘æå–æ¬Šå¨åœ°é»...
2025-10-11 00:25:16 - [INFO] - [512280345618546699] [LLM Success] Generation successful using model 'gemini-2.5-flash-lite' with API Key #0.
2025-10-11 00:25:16 - [INFO] - [512280345618546699] [/start] âœ… åœ°é»æå–æˆåŠŸ: åœ–æ›¸é¤¨ã€‚æ­£åœ¨æ›´æ–° GameState...
2025-10-11 00:25:16 - [INFO] - [512280345618546699] æ¥æ”¶åˆ° profile æ›´æ–°è«‹æ±‚: ['game_state']
2025-10-11 00:25:16 - [INFO] - [512280345618546699] Profile æ›´æ–°ä¸¦æŒä¹…åŒ–æˆåŠŸã€‚
2025-10-11 00:25:16 - [INFO] - [512280345618546699] [å¾Œå°å‰µä¸–-åŸç”Ÿ] é–‹å ´ç™½ç”ŸæˆæˆåŠŸã€‚
2025-10-11 00:25:16 - [INFO] - [512280345618546699] [å¾Œå°å‰µä¸–] æ­£åœ¨å‘ä½¿ç”¨è€…ç§è¨Šç™¼é€æœ€çµ‚é–‹å ´ç™½...
2025-10-11 00:25:17 - [INFO] - [512280345618546699] [å¾Œå°å‰µä¸–] é–‹å ´ç™½ç™¼é€å®Œç•¢ã€‚
2025-10-11 00:25:17 - [INFO] - [512280345618546699] å¾Œå°å‰µä¸–æµç¨‹çµæŸï¼Œç‹€æ…‹é–å·²é‡‹æ”¾ã€‚
2025-10-11 00:45:41 - [INFO] - æ­£åœ¨åŠ è¼‰æ ¸å¿ƒ Cog (core_cog)...
2025-10-11 00:45:49 - [INFO] - âœ… æ ¸å¿ƒ Cog (core_cog) å·²åŠ è¼‰ï¼Œä¸¦ä¸”æ‰€æœ‰æŒä¹…åŒ–è¦–åœ–å·²æˆåŠŸè¨»å†Šã€‚
2025-10-11 00:45:49 - [INFO] - âœ… æ ¸å¿ƒ Cog åŠ è¼‰æˆåŠŸã€‚
2025-10-11 00:45:49 - [INFO] - æ­£åœ¨å…¨åŸŸåŒæ­¥æ‡‰ç”¨ç¨‹å¼æŒ‡ä»¤...
2025-10-11 00:45:49 - [INFO] - âœ… æŒ‡ä»¤å·²å…¨åŸŸåŒæ­¥ï¼
2025-10-11 00:45:49 - [INFO] - Discord Bot setup hook finished!
2025-10-11 00:45:52 - [INFO] - Logged in as AI#4450 (ID: 1358417100250808531)
2025-10-11 00:45:53 - [INFO] - å·²æˆåŠŸç™¼é€å•Ÿå‹•æˆåŠŸé€šçŸ¥çµ¦ç®¡ç†å“¡ã€‚
2025-10-11 00:46:32 - [INFO] - [512280345618546699] [Data Reset] æ­£åœ¨å•Ÿå‹•ä½¿ç”¨è€…è³‡æ–™é‡ç½®æµç¨‹...
2025-10-11 00:46:32 - [INFO] - [512280345618546699] [Data Reset] æ‰€æœ‰ç›¸é—œçš„è³‡æ–™åº«è¨˜éŒ„å·²æˆåŠŸåˆªé™¤ã€‚
2025-10-11 00:46:32 - [INFO] - [512280345618546699] [Data Reset] å‘é‡å„²å­˜ç›®éŒ„ 'D:\DINO\SD\ComfyUI\personal_server\ai_lover_service\data\vector_stores\512280345618546699' å·²æˆåŠŸåˆªé™¤ã€‚
2025-10-11 00:46:32 - [INFO] - [512280345618546699] [Data Reset] è³‡æ–™é‡ç½®æµç¨‹å·²å…¨éƒ¨å®Œæˆã€‚
2025-10-11 00:46:34 - [INFO] - [512280345618546699] (UI Event) Persistent 'StartSetupView' button clicked.
2025-10-11 00:46:39 - [INFO] - ä½¿ç”¨è€… 512280345618546699 æ²’æœ‰æ´»èºçš„ AI å¯¦ä¾‹ï¼Œå˜—è©¦å‰µå»º...
2025-10-11 00:46:39 - [INFO] - [512280345618546699] è™•æ–¼è¨­å®šæµç¨‹ä¸­ï¼Œå³ä½¿è³‡æ–™åº«ç„¡è¨˜éŒ„ï¼Œä¹Ÿå‰µå»ºä¸€å€‹è‡¨æ™‚çš„è¨˜æ†¶é«”å¯¦ä¾‹ã€‚
2025-10-11 00:46:39 - [INFO] - [512280345618546699] æ ¸å¿ƒæ•¸æ“šæ¨¡æ¿ 'world_snapshot_template.txt' å·²æˆåŠŸåŠ è¼‰ã€‚
2025-10-11 00:46:39 - [INFO] - [512280345618546699] æ ¸å¿ƒå”è­° '00_supreme_directive.txt' å·²æˆåŠŸåŠ è¼‰ã€‚
2025-10-11 00:46:39 - [INFO] - [512280345618546699] æ­£åœ¨ä½¿ç”¨ API Key #0 åˆå§‹åŒ– Embedding å¼•æ“...
2025-10-11 00:46:39 - [INFO] - [512280345618546699] æ‰€æœ‰è¼•é‡ç´šå‰ç½®è³‡æºå·²æº–å‚™å°±ç·’ (RAG å‰µå»ºå·²å»¶é²)ã€‚
2025-10-11 00:46:39 - [INFO] - [512280345618546699] æ¥æ”¶åˆ° profile æ›´æ–°è«‹æ±‚: ['world_settings']
2025-10-11 00:46:39 - [WARNING] - [512280345618546699] åœ¨æŒä¹…åŒ–æ›´æ–°æ™‚æ‰¾ä¸åˆ°ä½¿ç”¨è€…è³‡æ–™ï¼Œå°‡å‰µå»ºæ–°è¨˜éŒ„ã€‚
2025-10-11 00:46:39 - [INFO] - [512280345618546699] Profile æ›´æ–°ä¸¦æŒä¹…åŒ–æˆåŠŸã€‚
2025-10-11 00:46:41 - [INFO] - [512280345618546699] (UI Event) Persistent 'ContinueToUserSetupView' button clicked.
2025-10-11 00:46:52 - [INFO] - [512280345618546699] (UI Event) CharacterSettingsModal submitted for profile_type: 'user', is_setup_flow: True
2025-10-11 00:46:52 - [INFO] - [512280345618546699] æ¥æ”¶åˆ° profile æ›´æ–°è«‹æ±‚: ['user_profile']
2025-10-11 00:46:52 - [INFO] - [512280345618546699] Profile æ›´æ–°ä¸¦æŒä¹…åŒ–æˆåŠŸã€‚
2025-10-11 00:46:54 - [INFO] - [512280345618546699] (UI Event) Persistent 'ContinueToAiSetupView' button clicked.
2025-10-11 00:47:05 - [INFO] - [512280345618546699] (UI Event) CharacterSettingsModal submitted for profile_type: 'ai', is_setup_flow: True
2025-10-11 00:47:05 - [INFO] - [512280345618546699] æ¥æ”¶åˆ° profile æ›´æ–°è«‹æ±‚: ['ai_profile']
2025-10-11 00:47:05 - [INFO] - [512280345618546699] Profile æ›´æ–°ä¸¦æŒä¹…åŒ–æˆåŠŸã€‚
2025-10-11 00:47:07 - [INFO] - [512280345618546699] [å‰µä¸–æµç¨‹] æª”æ¡ˆä¸Šå‚³é–‹å§‹ï¼Œå·²è¨­å®š active_setups ç‹€æ…‹é–ã€‚
2025-10-11 00:47:13 - [INFO] - [512280345618546699] (on_message) åµæ¸¬åˆ°ç”¨æˆ¶è™•æ–¼æ´»èºçš„å‰µä¸–æµç¨‹ä¸­ï¼Œå·²å¿½ç•¥å¸¸è¦è¨Šæ¯ '...' ä»¥é˜²æ­¢ç«¶çˆ­ã€‚
2025-10-11 00:47:15 - [INFO] - [512280345618546699] [å‰µä¸–æµç¨‹ v65.1] åŸç”Ÿ Python é©…å‹•çš„æµç¨‹å·²å•Ÿå‹•ã€‚
2025-10-11 00:47:15 - [INFO] - [512280345618546699] [å¾Œå°å‰µä¸–] æ­£åœ¨å°‡ä¸–ç•Œè–ç¶“åŸæ–‡åˆ†å‰²æˆæ–‡æª”...
2025-10-11 00:47:15 - [INFO] - [512280345618546699] [å¾Œå°å‰µä¸–] æ­£åœ¨è§¸ç™¼ RAG ç´¢å¼•å‰µå§‹æ§‹å»º...
2025-10-11 00:47:15 - [INFO] - [512280345618546699] (Retriever Builder) é€²å…¥å¤–éƒ¨æ–‡æª”æ³¨å…¥æ¨¡å¼ï¼Œå°‡ä½¿ç”¨ 36 æ¢å‚³å…¥æ–‡æª”æ§‹å»ºç´”å‘é‡ç´¢å¼•...
2025-10-11 00:47:19 - [ERROR] - [512280345618546699] (Retriever Builder) ğŸ”¥ åœ¨å¤–éƒ¨æ–‡æª”æ³¨å…¥æ¨¡å¼ä¸‹æ§‹å»ºæ™‚ç™¼ç”Ÿåš´é‡éŒ¯èª¤: Error embedding content: 429 You exceeded your current quota, please check your plan and billing details. For more information on this error, head to: https://ai.google.dev/gemini-api/docs/rate-limits.
* Quota exceeded for metric: generativelanguage.googleapis.com/embed_content_free_tier_requests, limit: 0
* Quota exceeded for metric: generativelanguage.googleapis.com/embed_content_free_tier_requests, limit: 0
* Quota exceeded for metric: generativelanguage.googleapis.com/embed_content_free_tier_requests, limit: 0
* Quota exceeded for metric: generativelanguage.googleapis.com/embed_content_free_tier_requests, limit: 0 [violations {
  quota_metric: "generativelanguage.googleapis.com/embed_content_free_tier_requests"
  quota_id: "EmbedContentRequestsPerDayPerUserPerProjectPerModel-FreeTier"
}
violations {
  quota_metric: "generativelanguage.googleapis.com/embed_content_free_tier_requests"
  quota_id: "EmbedContentRequestsPerMinutePerUserPerProjectPerModel-FreeTier"
}
violations {
  quota_metric: "generativelanguage.googleapis.com/embed_content_free_tier_requests"
  quota_id: "EmbedContentRequestsPerMinutePerProjectPerModel-FreeTier"
}
violations {
  quota_metric: "generativelanguage.googleapis.com/embed_content_free_tier_requests"
  quota_id: "EmbedContentRequestsPerDayPerProjectPerModel-FreeTier"
}
, links {
  description: "Learn more about Gemini API quotas"
  url: "https://ai.google.dev/gemini-api/docs/rate-limits"
}
]
Traceback (most recent call last):
  File "C:\Users\USER\AppData\Local\Programs\Python\Python310\lib\site-packages\langchain_google_genai\embeddings.py", line 225, in embed_documents
    result = self.client.batch_embed_contents(
  File "C:\Users\USER\AppData\Local\Programs\Python\Python310\lib\site-packages\google\ai\generativelanguage_v1beta\services\generative_service\client.py", line 1365, in batch_embed_contents
    response = rpc(
  File "C:\Users\USER\AppData\Local\Programs\Python\Python310\lib\site-packages\google\api_core\gapic_v1\method.py", line 131, in __call__
    return wrapped_func(*args, **kwargs)
  File "C:\Users\USER\AppData\Local\Programs\Python\Python310\lib\site-packages\google\api_core\retry\retry_unary.py", line 294, in retry_wrapped_func
    return retry_target(
  File "C:\Users\USER\AppData\Local\Programs\Python\Python310\lib\site-packages\google\api_core\retry\retry_unary.py", line 156, in retry_target
    next_sleep = _retry_error_helper(
  File "C:\Users\USER\AppData\Local\Programs\Python\Python310\lib\site-packages\google\api_core\retry\retry_base.py", line 214, in _retry_error_helper
    raise final_exc from source_exc
  File "C:\Users\USER\AppData\Local\Programs\Python\Python310\lib\site-packages\google\api_core\retry\retry_unary.py", line 147, in retry_target
    result = target()
  File "C:\Users\USER\AppData\Local\Programs\Python\Python310\lib\site-packages\google\api_core\timeout.py", line 130, in func_with_timeout
    return func(*args, **kwargs)
  File "C:\Users\USER\AppData\Local\Programs\Python\Python310\lib\site-packages\google\api_core\grpc_helpers.py", line 78, in error_remapped_callable
    raise exceptions.from_grpc_error(exc) from exc
google.api_core.exceptions.ResourceExhausted: 429 You exceeded your current quota, please check your plan and billing details. For more information on this error, head to: https://ai.google.dev/gemini-api/docs/rate-limits.
* Quota exceeded for metric: generativelanguage.googleapis.com/embed_content_free_tier_requests, limit: 0
* Quota exceeded for metric: generativelanguage.googleapis.com/embed_content_free_tier_requests, limit: 0
* Quota exceeded for metric: generativelanguage.googleapis.com/embed_content_free_tier_requests, limit: 0
* Quota exceeded for metric: generativelanguage.googleapis.com/embed_content_free_tier_requests, limit: 0 [violations {
  quota_metric: "generativelanguage.googleapis.com/embed_content_free_tier_requests"
  quota_id: "EmbedContentRequestsPerDayPerUserPerProjectPerModel-FreeTier"
}
violations {
  quota_metric: "generativelanguage.googleapis.com/embed_content_free_tier_requests"
  quota_id: "EmbedContentRequestsPerMinutePerUserPerProjectPerModel-FreeTier"
}
violations {
  quota_metric: "generativelanguage.googleapis.com/embed_content_free_tier_requests"
  quota_id: "EmbedContentRequestsPerMinutePerProjectPerModel-FreeTier"
}
violations {
  quota_metric: "generativelanguage.googleapis.com/embed_content_free_tier_requests"
  quota_id: "EmbedContentRequestsPerDayPerProjectPerModel-FreeTier"
}
, links {
  description: "Learn more about Gemini API quotas"
  url: "https://ai.google.dev/gemini-api/docs/rate-limits"
}
]

The above exception was the direct cause of the following exception:

Traceback (most recent call last):
  File "D:\DINO\SD\ComfyUI\personal_server\ai_lover_service\src\ai_core.py", line 1127, in _load_or_build_rag_retriever
    await asyncio.to_thread(self.vector_store.add_documents, docs_to_build)
  File "C:\Users\USER\AppData\Local\Programs\Python\Python310\lib\asyncio\threads.py", line 25, in to_thread
    return await loop.run_in_executor(None, func_call)
  File "C:\Users\USER\AppData\Local\Programs\Python\Python310\lib\concurrent\futures\thread.py", line 58, in run
    result = self.fn(*self.args, **self.kwargs)
  File "C:\Users\USER\AppData\Local\Programs\Python\Python310\lib\site-packages\langchain_core\vectorstores\base.py", line 282, in add_documents
    return self.add_texts(texts, metadatas, **kwargs)
  File "C:\Users\USER\AppData\Local\Programs\Python\Python310\lib\site-packages\langchain_chroma\vectorstores.py", line 389, in add_texts
    embeddings = self._embedding_function.embed_documents(texts)
  File "C:\Users\USER\AppData\Local\Programs\Python\Python310\lib\site-packages\langchain_google_genai\embeddings.py", line 229, in embed_documents
    raise GoogleGenerativeAIError(f"Error embedding content: {e}") from e
langchain_google_genai._common.GoogleGenerativeAIError: Error embedding content: 429 You exceeded your current quota, please check your plan and billing details. For more information on this error, head to: https://ai.google.dev/gemini-api/docs/rate-limits.
* Quota exceeded for metric: generativelanguage.googleapis.com/embed_content_free_tier_requests, limit: 0
* Quota exceeded for metric: generativelanguage.googleapis.com/embed_content_free_tier_requests, limit: 0
* Quota exceeded for metric: generativelanguage.googleapis.com/embed_content_free_tier_requests, limit: 0
* Quota exceeded for metric: generativelanguage.googleapis.com/embed_content_free_tier_requests, limit: 0 [violations {
  quota_metric: "generativelanguage.googleapis.com/embed_content_free_tier_requests"
  quota_id: "EmbedContentRequestsPerDayPerUserPerProjectPerModel-FreeTier"
}
violations {
  quota_metric: "generativelanguage.googleapis.com/embed_content_free_tier_requests"
  quota_id: "EmbedContentRequestsPerMinutePerUserPerProjectPerModel-FreeTier"
}
violations {
  quota_metric: "generativelanguage.googleapis.com/embed_content_free_tier_requests"
  quota_id: "EmbedContentRequestsPerMinutePerProjectPerModel-FreeTier"
}
violations {
  quota_metric: "generativelanguage.googleapis.com/embed_content_free_tier_requests"
  quota_id: "EmbedContentRequestsPerDayPerProjectPerModel-FreeTier"
}
, links {
  description: "Learn more about Gemini API quotas"
  url: "https://ai.google.dev/gemini-api/docs/rate-limits"
}
]
2025-10-11 00:47:19 - [INFO] - [512280345618546699] [å¾Œå°å‰µä¸–] RAG ç´¢å¼•æ§‹å»ºå®Œæˆï¼Œæº–å‚™åŸ·è¡ŒåŸç”Ÿå‰µä¸–æ­¥é©Ÿ...
2025-10-11 00:47:19 - [INFO] - [512280345618546699] [å¾Œå°å‰µä¸–-åŸç”Ÿ] æ­¥é©Ÿ 1/2: æ­£åœ¨è£œå®Œè§’è‰²æª”æ¡ˆ...
2025-10-11 00:47:21 - [INFO] - [512280345618546699] [LLM Success] Generation successful using model 'gemini-2.5-flash-lite' with API Key #1.
2025-10-11 00:47:22 - [INFO] - [512280345618546699] [LLM Success] Generation successful using model 'gemini-2.5-flash-lite' with API Key #1.
2025-10-11 00:47:22 - [INFO] - [512280345618546699] æ¥æ”¶åˆ° profile æ›´æ–°è«‹æ±‚: ['user_profile', 'ai_profile']
2025-10-11 00:47:22 - [INFO] - [512280345618546699] Profile æ›´æ–°ä¸¦æŒä¹…åŒ–æˆåŠŸã€‚
2025-10-11 00:47:22 - [INFO] - [512280345618546699] [å¾Œå°å‰µä¸–-åŸç”Ÿ] è§’è‰²æª”æ¡ˆè£œå®ŒæˆåŠŸã€‚
2025-10-11 00:47:22 - [INFO] - [512280345618546699] [å¾Œå°å‰µä¸–-åŸç”Ÿ] æ­¥é©Ÿ 2/2: æ­£åœ¨ç”Ÿæˆé–‹å ´ç™½...
2025-10-11 00:47:22 - [INFO] - [512280345618546699] [/start] æ­£åœ¨ä½¿ç”¨ RAG æ™ºèƒ½é¸æ“‡ä¸¦å‰µä½œé–‹å ´å ´æ™¯...
2025-10-11 00:47:22 - [INFO] - [512280345618546699] [é³³å‡°RAG] å•Ÿå‹•ï¼ŒåŸå§‹æŸ¥è©¢: 'æ ¹æ“šé€™å€‹ä¸–ç•Œçš„æ ¸å¿ƒè¨­å®š(é€™æ˜¯ä¸€å€‹é­”æ³•çš„å¹»æƒ³ä¸–ç•Œã€‚)ä»¥åŠä¸»è§’ DINO å’Œ ç¢§ çš„èƒŒæ™¯ï¼Œç‚ºä»–å€‘çš„æ•…äº‹å°‹...'
2025-10-11 00:47:22 - [INFO] - [512280345618546699] [é³³å‡°RAG-1/5] æŸ¥è©¢å·²ç·¨ç¢¼ã€‚
2025-10-11 00:47:22 - [WARNING] - [512280345618546699] [é³³å‡°RAG] åœ¨æœç´¢ 'lore' è»Œé“æ™‚å‡ºéŒ¯: Error embedding content: 429 You exceeded your current quota, please check your plan and billing details. For more information on this error, head to: https://ai.google.dev/gemini-api/docs/rate-limits.
* Quota exceeded for metric: generativelanguage.googleapis.com/embed_content_free_tier_requests, limit: 0
* Quota exceeded for metric: generativelanguage.googleapis.com/embed_content_free_tier_requests, limit: 0
* Quota exceeded for metric: generativelanguage.googleapis.com/embed_content_free_tier_requests, limit: 0
* Quota exceeded for metric: generativelanguage.googleapis.com/embed_content_free_tier_requests, limit: 0 [violations {
  quota_metric: "generativelanguage.googleapis.com/embed_content_free_tier_requests"
  quota_id: "EmbedContentRequestsPerMinutePerProjectPerModel-FreeTier"
}
violations {
  quota_metric: "generativelanguage.googleapis.com/embed_content_free_tier_requests"
  quota_id: "EmbedContentRequestsPerMinutePerUserPerProjectPerModel-FreeTier"
}
violations {
  quota_metric: "generativelanguage.googleapis.com/embed_content_free_tier_requests"
  quota_id: "EmbedContentRequestsPerDayPerUserPerProjectPerModel-FreeTier"
}
violations {
  quota_metric: "generativelanguage.googleapis.com/embed_content_free_tier_requests"
  quota_id: "EmbedContentRequestsPerDayPerProjectPerModel-FreeTier"
}
, links {
  description: "Learn more about Gemini API quotas"
  url: "https://ai.google.dev/gemini-api/docs/rate-limits"
}
]
2025-10-11 00:47:23 - [WARNING] - [512280345618546699] [é³³å‡°RAG] åœ¨æœç´¢ 'history' è»Œé“æ™‚å‡ºéŒ¯: Error embedding content: 429 You exceeded your current quota, please check your plan and billing details. For more information on this error, head to: https://ai.google.dev/gemini-api/docs/rate-limits.
* Quota exceeded for metric: generativelanguage.googleapis.com/embed_content_free_tier_requests, limit: 0
* Quota exceeded for metric: generativelanguage.googleapis.com/embed_content_free_tier_requests, limit: 0
* Quota exceeded for metric: generativelanguage.googleapis.com/embed_content_free_tier_requests, limit: 0
* Quota exceeded for metric: generativelanguage.googleapis.com/embed_content_free_tier_requests, limit: 0 [violations {
  quota_metric: "generativelanguage.googleapis.com/embed_content_free_tier_requests"
  quota_id: "EmbedContentRequestsPerMinutePerProjectPerModel-FreeTier"
}
violations {
  quota_metric: "generativelanguage.googleapis.com/embed_content_free_tier_requests"
  quota_id: "EmbedContentRequestsPerMinutePerUserPerProjectPerModel-FreeTier"
}
violations {
  quota_metric: "generativelanguage.googleapis.com/embed_content_free_tier_requests"
  quota_id: "EmbedContentRequestsPerDayPerUserPerProjectPerModel-FreeTier"
}
violations {
  quota_metric: "generativelanguage.googleapis.com/embed_content_free_tier_requests"
  quota_id: "EmbedContentRequestsPerDayPerProjectPerModel-FreeTier"
}
, links {
  description: "Learn more about Gemini API quotas"
  url: "https://ai.google.dev/gemini-api/docs/rate-limits"
}
]
2025-10-11 00:47:23 - [WARNING] - [512280345618546699] [é³³å‡°RAG] åœ¨æœç´¢ 'canon' è»Œé“æ™‚å‡ºéŒ¯: Error embedding content: 429 You exceeded your current quota, please check your plan and billing details. For more information on this error, head to: https://ai.google.dev/gemini-api/docs/rate-limits.
* Quota exceeded for metric: generativelanguage.googleapis.com/embed_content_free_tier_requests, limit: 0
* Quota exceeded for metric: generativelanguage.googleapis.com/embed_content_free_tier_requests, limit: 0
* Quota exceeded for metric: generativelanguage.googleapis.com/embed_content_free_tier_requests, limit: 0
* Quota exceeded for metric: generativelanguage.googleapis.com/embed_content_free_tier_requests, limit: 0 [violations {
  quota_metric: "generativelanguage.googleapis.com/embed_content_free_tier_requests"
  quota_id: "EmbedContentRequestsPerDayPerProjectPerModel-FreeTier"
}
violations {
  quota_metric: "generativelanguage.googleapis.com/embed_content_free_tier_requests"
  quota_id: "EmbedContentRequestsPerDayPerUserPerProjectPerModel-FreeTier"
}
violations {
  quota_metric: "generativelanguage.googleapis.com/embed_content_free_tier_requests"
  quota_id: "EmbedContentRequestsPerMinutePerUserPerProjectPerModel-FreeTier"
}
violations {
  quota_metric: "generativelanguage.googleapis.com/embed_content_free_tier_requests"
  quota_id: "EmbedContentRequestsPerMinutePerProjectPerModel-FreeTier"
}
, links {
  description: "Learn more about Gemini API quotas"
  url: "https://ai.google.dev/gemini-api/docs/rate-limits"
}
]
2025-10-11 00:47:23 - [INFO] - [512280345618546699] [é³³å‡°RAG-2/5] æ‰€æœ‰è»Œé“å‡æœªæª¢ç´¢åˆ°ä»»ä½•æ–‡æª”ã€‚
2025-10-11 00:47:51 - [WARNING] - [512280345618546699] Key #1 é­é‡è‡¨æ™‚ API éŒ¯èª¤ã€‚å°†åœ¨ 1.30 ç§’å¾Œé‡è©¦...
2025-10-11 00:47:53 - [WARNING] - [512280345618546699] Key #1 é­é‡è‡¨æ™‚ API éŒ¯èª¤ã€‚å°†åœ¨ 2.35 ç§’å¾Œé‡è©¦...
2025-10-11 00:47:55 - [ERROR] - [512280345618546699] Key #1 (æ¨¡å‹: gemini-2.5-pro) åœ¨ 3 æ¬¡é‡è©¦å¾Œä»ç„¶å¤±æ•—ã€‚
2025-10-11 00:47:55 - [CRITICAL] - [512280345618546699] [æŒä¹…åŒ–å†·å»] Pro æ¨¡å‹é€Ÿç‡è¶…é™ï¼API Key #1 å·²è¢«ç½®å…¥ç¡¬å†·å» 24 å°æ™‚ã€‚
2025-10-11 00:48:30 - [INFO] - [512280345618546699] [LLM Success] Generation successful using model 'gemini-2.5-pro' with API Key #2.
2025-10-11 00:48:30 - [INFO] - [512280345618546699] [/start] é–‹å ´ç™½å·²ç”Ÿæˆï¼Œæ­£åœ¨å¾ä¸­åå‘æå–æ¬Šå¨åœ°é»...
2025-10-11 00:48:31 - [INFO] - [512280345618546699] [LLM Success] Generation successful using model 'gemini-2.5-flash-lite' with API Key #1.
2025-10-11 00:48:31 - [INFO] - [512280345618546699] [/start] âœ… åœ°é»æå–æˆåŠŸ: éœè¬å­¸è¡“å¡”æ¨“ã€‚æ­£åœ¨æ›´æ–° GameState...
2025-10-11 00:48:31 - [INFO] - [512280345618546699] æ¥æ”¶åˆ° profile æ›´æ–°è«‹æ±‚: ['game_state']
2025-10-11 00:48:31 - [INFO] - [512280345618546699] Profile æ›´æ–°ä¸¦æŒä¹…åŒ–æˆåŠŸã€‚
2025-10-11 00:48:31 - [INFO] - [512280345618546699] [å¾Œå°å‰µä¸–-åŸç”Ÿ] é–‹å ´ç™½ç”ŸæˆæˆåŠŸã€‚
2025-10-11 00:48:31 - [INFO] - [512280345618546699] [å¾Œå°å‰µä¸–] æ­£åœ¨å‘ä½¿ç”¨è€…ç§è¨Šç™¼é€æœ€çµ‚é–‹å ´ç™½...
2025-10-11 00:48:32 - [INFO] - [512280345618546699] [å¾Œå°å‰µä¸–] é–‹å ´ç™½ç™¼é€å®Œç•¢ã€‚
2025-10-11 00:48:32 - [INFO] - [512280345618546699] å¾Œå°å‰µä¸–æµç¨‹çµæŸï¼Œç‹€æ…‹é–å·²é‡‹æ”¾ã€‚
