### AI Lover Log - Last updated at 2025-10-08T00:49:03.003474 ###

2025-10-08 00:28:10 - [INFO] - [512280345618546699] [Raw RAG] âœ… æˆåŠŸæª¢ç´¢åˆ° 20 ä»½åŸå§‹æ–‡æª”ã€‚
2025-10-08 00:28:13 - [INFO] - [512280345618546699] [Raw RAG] âœ… æˆåŠŸæª¢ç´¢åˆ° 20 ä»½åŸå§‹æ–‡æª”ã€‚
2025-10-08 00:28:15 - [INFO] - [512280345618546699] [Raw RAG] âœ… æˆåŠŸæª¢ç´¢åˆ° 20 ä»½åŸå§‹æ–‡æª”ã€‚
2025-10-08 00:28:17 - [INFO] - [512280345618546699] [LLM Success] Generation successful using model 'gemini-2.5-flash-lite' with API Key #0.
2025-10-08 00:28:17 - [INFO] - [512280345618546699] [LOREç²¾ç…‰-åˆ†æ‰¹] æ‰¹æ¬¡ #2/8: âœ… LLM æ‰¹é‡æ½¤è‰²æˆåŠŸã€‚
2025-10-08 00:28:17 - [INFO] - [512280345618546699] [LOREç²¾ç…‰-åˆ†æ‰¹] æ‰¹æ¬¡ #5/8: é–‹å§‹è™•ç†...
2025-10-08 00:28:17 - [INFO] - [512280345618546699] [Raw RAG] æ­£åœ¨ç‚ºå…§éƒ¨æµç¨‹åŸ·è¡ŒåŸå§‹æ–‡æª”æª¢ç´¢ï¼ŒæŸ¥è©¢: 'é—œæ–¼è§’è‰² 'è³ˆæ–¯ä¼¯' çš„æ‰€æœ‰å·²çŸ¥è³‡è¨Šã€èƒŒæ™¯æ•…äº‹ã€èº«ä»½å’Œé—œä¿‚ã€‚'
2025-10-08 00:28:17 - [INFO] - [512280345618546699] [Raw RAG] æ­£åœ¨ç‚ºå…§éƒ¨æµç¨‹åŸ·è¡ŒåŸå§‹æ–‡æª”æª¢ç´¢ï¼ŒæŸ¥è©¢: 'é—œæ–¼è§’è‰² 'æå§†' çš„æ‰€æœ‰å·²çŸ¥è³‡è¨Šã€èƒŒæ™¯æ•…äº‹ã€èº«ä»½å’Œé—œä¿‚ã€‚'
2025-10-08 00:28:17 - [INFO] - [512280345618546699] [Raw RAG] æ­£åœ¨ç‚ºå…§éƒ¨æµç¨‹åŸ·è¡ŒåŸå§‹æ–‡æª”æª¢ç´¢ï¼ŒæŸ¥è©¢: 'é—œæ–¼è§’è‰² 'å®‰æ±å°¼' çš„æ‰€æœ‰å·²çŸ¥è³‡è¨Šã€èƒŒæ™¯æ•…äº‹ã€èº«ä»½å’Œé—œä¿‚ã€‚'
2025-10-08 00:28:17 - [INFO] - [512280345618546699] [Raw RAG] æ­£åœ¨ç‚ºå…§éƒ¨æµç¨‹åŸ·è¡ŒåŸå§‹æ–‡æª”æª¢ç´¢ï¼ŒæŸ¥è©¢: 'é—œæ–¼è§’è‰² 'æ¾¤æ‹‰' çš„æ‰€æœ‰å·²çŸ¥è³‡è¨Šã€èƒŒæ™¯æ•…äº‹ã€èº«ä»½å’Œé—œä¿‚ã€‚'
2025-10-08 00:28:17 - [INFO] - [512280345618546699] [Raw RAG] æ­£åœ¨ç‚ºå…§éƒ¨æµç¨‹åŸ·è¡ŒåŸå§‹æ–‡æª”æª¢ç´¢ï¼ŒæŸ¥è©¢: 'é—œæ–¼è§’è‰² 'å¸ƒé‡Œå¥‡ç‰¹' çš„æ‰€æœ‰å·²çŸ¥è³‡è¨Šã€èƒŒæ™¯æ•…äº‹ã€èº«ä»½å’Œé—œä¿‚ã€‚'
2025-10-08 00:28:17 - [INFO] - [512280345618546699] [Raw RAG] æ­£åœ¨ç‚ºå…§éƒ¨æµç¨‹åŸ·è¡ŒåŸå§‹æ–‡æª”æª¢ç´¢ï¼ŒæŸ¥è©¢: 'é—œæ–¼è§’è‰² 'ç“¦èŠéº—' çš„æ‰€æœ‰å·²çŸ¥è³‡è¨Šã€èƒŒæ™¯æ•…äº‹ã€èº«ä»½å’Œé—œä¿‚ã€‚'
2025-10-08 00:28:17 - [INFO] - [512280345618546699] [Raw RAG] æ­£åœ¨ç‚ºå…§éƒ¨æµç¨‹åŸ·è¡ŒåŸå§‹æ–‡æª”æª¢ç´¢ï¼ŒæŸ¥è©¢: 'é—œæ–¼è§’è‰² 'è˜‡è²' çš„æ‰€æœ‰å·²çŸ¥è³‡è¨Šã€èƒŒæ™¯æ•…äº‹ã€èº«ä»½å’Œé—œä¿‚ã€‚'
2025-10-08 00:28:17 - [INFO] - [512280345618546699] [Raw RAG] æ­£åœ¨ç‚ºå…§éƒ¨æµç¨‹åŸ·è¡ŒåŸå§‹æ–‡æª”æª¢ç´¢ï¼ŒæŸ¥è©¢: 'é—œæ–¼è§’è‰² 'è‰¾èœœè‰' çš„æ‰€æœ‰å·²çŸ¥è³‡è¨Šã€èƒŒæ™¯æ•…äº‹ã€èº«ä»½å’Œé—œä¿‚ã€‚'
2025-10-08 00:28:17 - [INFO] - [512280345618546699] [Raw RAG] æ­£åœ¨ç‚ºå…§éƒ¨æµç¨‹åŸ·è¡ŒåŸå§‹æ–‡æª”æª¢ç´¢ï¼ŒæŸ¥è©¢: 'é—œæ–¼è§’è‰² 'ç‚ºé¦¬å¤«' çš„æ‰€æœ‰å·²çŸ¥è³‡è¨Šã€èƒŒæ™¯æ•…äº‹ã€èº«ä»½å’Œé—œä¿‚ã€‚'
2025-10-08 00:28:17 - [INFO] - [512280345618546699] [Raw RAG] æ­£åœ¨ç‚ºå…§éƒ¨æµç¨‹åŸ·è¡ŒåŸå§‹æ–‡æª”æª¢ç´¢ï¼ŒæŸ¥è©¢: 'é—œæ–¼è§’è‰² 'è‰è‰' çš„æ‰€æœ‰å·²çŸ¥è³‡è¨Šã€èƒŒæ™¯æ•…äº‹ã€èº«ä»½å’Œé—œä¿‚ã€‚'
2025-10-08 00:28:17 - [INFO] - [512280345618546699] [LLM Success] Generation successful using model 'gemini-2.5-flash-lite' with API Key #0.
2025-10-08 00:28:17 - [INFO] - [512280345618546699] [LOREç²¾ç…‰-åˆ†æ‰¹] æ‰¹æ¬¡ #3/8: âœ… LLM æ‰¹é‡æ½¤è‰²æˆåŠŸã€‚
2025-10-08 00:28:17 - [INFO] - [512280345618546699] [LOREç²¾ç…‰-åˆ†æ‰¹] æ‰¹æ¬¡ #6/8: é–‹å§‹è™•ç†...
2025-10-08 00:28:17 - [INFO] - [512280345618546699] [Raw RAG] æ­£åœ¨ç‚ºå…§éƒ¨æµç¨‹åŸ·è¡ŒåŸå§‹æ–‡æª”æª¢ç´¢ï¼ŒæŸ¥è©¢: 'é—œæ–¼è§’è‰² 'ä¾†å•ç½ª' çš„æ‰€æœ‰å·²çŸ¥è³‡è¨Šã€èƒŒæ™¯æ•…äº‹ã€èº«ä»½å’Œé—œä¿‚ã€‚'
2025-10-08 00:28:17 - [INFO] - [512280345618546699] [Raw RAG] æ­£åœ¨ç‚ºå…§éƒ¨æµç¨‹åŸ·è¡ŒåŸå§‹æ–‡æª”æª¢ç´¢ï¼ŒæŸ¥è©¢: 'é—œæ–¼è§’è‰² 'å¡çˆ¾â€¢' çš„æ‰€æœ‰å·²çŸ¥è³‡è¨Šã€èƒŒæ™¯æ•…äº‹ã€èº«ä»½å’Œé—œä¿‚ã€‚'
2025-10-08 00:28:17 - [INFO] - [512280345618546699] [Raw RAG] æ­£åœ¨ç‚ºå…§éƒ¨æµç¨‹åŸ·è¡ŒåŸå§‹æ–‡æª”æª¢ç´¢ï¼ŒæŸ¥è©¢: 'é—œæ–¼è§’è‰² '(Kael)' çš„æ‰€æœ‰å·²çŸ¥è³‡è¨Šã€èƒŒæ™¯æ•…äº‹ã€èº«ä»½å’Œé—œä¿‚ã€‚'
2025-10-08 00:28:17 - [INFO] - [512280345618546699] [Raw RAG] æ­£åœ¨ç‚ºå…§éƒ¨æµç¨‹åŸ·è¡ŒåŸå§‹æ–‡æª”æª¢ç´¢ï¼ŒæŸ¥è©¢: 'é—œæ–¼è§’è‰² 'Lilith' çš„æ‰€æœ‰å·²çŸ¥è³‡è¨Šã€èƒŒæ™¯æ•…äº‹ã€èº«ä»½å’Œé—œä¿‚ã€‚'
2025-10-08 00:28:17 - [INFO] - [512280345618546699] [Raw RAG] æ­£åœ¨ç‚ºå…§éƒ¨æµç¨‹åŸ·è¡ŒåŸå§‹æ–‡æª”æª¢ç´¢ï¼ŒæŸ¥è©¢: 'é—œæ–¼è§’è‰² 'æ˜äº•äºº' çš„æ‰€æœ‰å·²çŸ¥è³‡è¨Šã€èƒŒæ™¯æ•…äº‹ã€èº«ä»½å’Œé—œä¿‚ã€‚'
2025-10-08 00:28:17 - [INFO] - [512280345618546699] [Raw RAG] æ­£åœ¨ç‚ºå…§éƒ¨æµç¨‹åŸ·è¡ŒåŸå§‹æ–‡æª”æª¢ç´¢ï¼ŒæŸ¥è©¢: 'é—œæ–¼è§’è‰² 'ç´¢è²äº' çš„æ‰€æœ‰å·²çŸ¥è³‡è¨Šã€èƒŒæ™¯æ•…äº‹ã€èº«ä»½å’Œé—œä¿‚ã€‚'
2025-10-08 00:28:17 - [INFO] - [512280345618546699] [Raw RAG] æ­£åœ¨ç‚ºå…§éƒ¨æµç¨‹åŸ·è¡ŒåŸå§‹æ–‡æª”æª¢ç´¢ï¼ŒæŸ¥è©¢: 'é—œæ–¼è§’è‰² 'æ³°è' çš„æ‰€æœ‰å·²çŸ¥è³‡è¨Šã€èƒŒæ™¯æ•…äº‹ã€èº«ä»½å’Œé—œä¿‚ã€‚'
2025-10-08 00:28:17 - [INFO] - [512280345618546699] [Raw RAG] æ­£åœ¨ç‚ºå…§éƒ¨æµç¨‹åŸ·è¡ŒåŸå§‹æ–‡æª”æª¢ç´¢ï¼ŒæŸ¥è©¢: 'é—œæ–¼è§’è‰² 'éœ²æ¯”' çš„æ‰€æœ‰å·²çŸ¥è³‡è¨Šã€èƒŒæ™¯æ•…äº‹ã€èº«ä»½å’Œé—œä¿‚ã€‚'
2025-10-08 00:28:17 - [INFO] - [512280345618546699] [Raw RAG] æ­£åœ¨ç‚ºå…§éƒ¨æµç¨‹åŸ·è¡ŒåŸå§‹æ–‡æª”æª¢ç´¢ï¼ŒæŸ¥è©¢: 'é—œæ–¼è§’è‰² 'è€æ¼¢å§†' çš„æ‰€æœ‰å·²çŸ¥è³‡è¨Šã€èƒŒæ™¯æ•…äº‹ã€èº«ä»½å’Œé—œä¿‚ã€‚'
2025-10-08 00:28:17 - [INFO] - [512280345618546699] [Raw RAG] æ­£åœ¨ç‚ºå…§éƒ¨æµç¨‹åŸ·è¡ŒåŸå§‹æ–‡æª”æª¢ç´¢ï¼ŒæŸ¥è©¢: 'é—œæ–¼è§’è‰² 'è‘›ç‘å¡”' çš„æ‰€æœ‰å·²çŸ¥è³‡è¨Šã€èƒŒæ™¯æ•…äº‹ã€èº«ä»½å’Œé—œä¿‚ã€‚'
2025-10-08 00:28:18 - [INFO] - [512280345618546699] [Raw RAG] âœ… æˆåŠŸæª¢ç´¢åˆ° 20 ä»½åŸå§‹æ–‡æª”ã€‚
2025-10-08 00:28:20 - [INFO] - [512280345618546699] [Raw RAG] âœ… æˆåŠŸæª¢ç´¢åˆ° 20 ä»½åŸå§‹æ–‡æª”ã€‚
2025-10-08 00:28:22 - [INFO] - [512280345618546699] [Raw RAG] âœ… æˆåŠŸæª¢ç´¢åˆ° 20 ä»½åŸå§‹æ–‡æª”ã€‚
2025-10-08 00:28:24 - [INFO] - [512280345618546699] [Raw RAG] âœ… æˆåŠŸæª¢ç´¢åˆ° 20 ä»½åŸå§‹æ–‡æª”ã€‚
2025-10-08 00:28:26 - [INFO] - [512280345618546699] [Raw RAG] âœ… æˆåŠŸæª¢ç´¢åˆ° 20 ä»½åŸå§‹æ–‡æª”ã€‚
2025-10-08 00:28:28 - [INFO] - [512280345618546699] [Raw RAG] âœ… æˆåŠŸæª¢ç´¢åˆ° 20 ä»½åŸå§‹æ–‡æª”ã€‚
2025-10-08 00:28:30 - [INFO] - [512280345618546699] [Raw RAG] âœ… æˆåŠŸæª¢ç´¢åˆ° 20 ä»½åŸå§‹æ–‡æª”ã€‚
2025-10-08 00:28:32 - [INFO] - [512280345618546699] [Raw RAG] âœ… æˆåŠŸæª¢ç´¢åˆ° 20 ä»½åŸå§‹æ–‡æª”ã€‚
2025-10-08 00:28:34 - [INFO] - [512280345618546699] [Raw RAG] âœ… æˆåŠŸæª¢ç´¢åˆ° 20 ä»½åŸå§‹æ–‡æª”ã€‚
2025-10-08 00:28:36 - [INFO] - [512280345618546699] [Raw RAG] âœ… æˆåŠŸæª¢ç´¢åˆ° 20 ä»½åŸå§‹æ–‡æª”ã€‚
2025-10-08 00:28:38 - [INFO] - [512280345618546699] [Raw RAG] âœ… æˆåŠŸæª¢ç´¢åˆ° 20 ä»½åŸå§‹æ–‡æª”ã€‚
2025-10-08 00:28:40 - [INFO] - [512280345618546699] [Raw RAG] âœ… æˆåŠŸæª¢ç´¢åˆ° 20 ä»½åŸå§‹æ–‡æª”ã€‚
2025-10-08 00:28:42 - [INFO] - [512280345618546699] [Raw RAG] âœ… æˆåŠŸæª¢ç´¢åˆ° 20 ä»½åŸå§‹æ–‡æª”ã€‚
2025-10-08 00:28:44 - [INFO] - [512280345618546699] [Raw RAG] âœ… æˆåŠŸæª¢ç´¢åˆ° 20 ä»½åŸå§‹æ–‡æª”ã€‚
2025-10-08 00:28:46 - [INFO] - [512280345618546699] [Raw RAG] âœ… æˆåŠŸæª¢ç´¢åˆ° 20 ä»½åŸå§‹æ–‡æª”ã€‚
2025-10-08 00:28:48 - [INFO] - [512280345618546699] [Raw RAG] âœ… æˆåŠŸæª¢ç´¢åˆ° 20 ä»½åŸå§‹æ–‡æª”ã€‚
2025-10-08 00:28:50 - [INFO] - [512280345618546699] [Raw RAG] âœ… æˆåŠŸæª¢ç´¢åˆ° 20 ä»½åŸå§‹æ–‡æª”ã€‚
2025-10-08 00:28:52 - [INFO] - [512280345618546699] [Raw RAG] âœ… æˆåŠŸæª¢ç´¢åˆ° 20 ä»½åŸå§‹æ–‡æª”ã€‚
2025-10-08 00:28:54 - [INFO] - [512280345618546699] [Raw RAG] âœ… æˆåŠŸæª¢ç´¢åˆ° 20 ä»½åŸå§‹æ–‡æª”ã€‚
2025-10-08 00:28:56 - [INFO] - [512280345618546699] [Raw RAG] âœ… æˆåŠŸæª¢ç´¢åˆ° 20 ä»½åŸå§‹æ–‡æª”ã€‚
2025-10-08 00:28:58 - [WARNING] - [512280345618546699] Key #0 é­é‡è‡¨æ™‚ API éŒ¯èª¤ã€‚å°†åœ¨ 1.33 ç§’å¾Œé‡è©¦...
2025-10-08 00:29:10 - [INFO] - [512280345618546699] [LLM Success] Generation successful using model 'gemini-2.5-flash-lite' with API Key #0.
2025-10-08 00:29:10 - [INFO] - [512280345618546699] [LOREç²¾ç…‰-åˆ†æ‰¹] æ‰¹æ¬¡ #6/8: âœ… LLM æ‰¹é‡æ½¤è‰²æˆåŠŸã€‚
2025-10-08 00:29:10 - [INFO] - [512280345618546699] [LOREç²¾ç…‰-åˆ†æ‰¹] æ‰¹æ¬¡ #7/8: é–‹å§‹è™•ç†...
2025-10-08 00:29:10 - [INFO] - [512280345618546699] [Raw RAG] æ­£åœ¨ç‚ºå…§éƒ¨æµç¨‹åŸ·è¡ŒåŸå§‹æ–‡æª”æª¢ç´¢ï¼ŒæŸ¥è©¢: 'é—œæ–¼è§’è‰² 'èŠ¬æ©' çš„æ‰€æœ‰å·²çŸ¥è³‡è¨Šã€èƒŒæ™¯æ•…äº‹ã€èº«ä»½å’Œé—œä¿‚ã€‚'
2025-10-08 00:29:10 - [INFO] - [512280345618546699] [Raw RAG] æ­£åœ¨ç‚ºå…§éƒ¨æµç¨‹åŸ·è¡ŒåŸå§‹æ–‡æª”æª¢ç´¢ï¼ŒæŸ¥è©¢: 'é—œæ–¼è§’è‰² 'éº¥å¯' çš„æ‰€æœ‰å·²çŸ¥è³‡è¨Šã€èƒŒæ™¯æ•…äº‹ã€èº«ä»½å’Œé—œä¿‚ã€‚'
2025-10-08 00:29:10 - [INFO] - [512280345618546699] [Raw RAG] æ­£åœ¨ç‚ºå…§éƒ¨æµç¨‹åŸ·è¡ŒåŸå§‹æ–‡æª”æª¢ç´¢ï¼ŒæŸ¥è©¢: 'é—œæ–¼è§’è‰² 'è“‹åš' çš„æ‰€æœ‰å·²çŸ¥è³‡è¨Šã€èƒŒæ™¯æ•…äº‹ã€èº«ä»½å’Œé—œä¿‚ã€‚'
2025-10-08 00:29:10 - [INFO] - [512280345618546699] [Raw RAG] æ­£åœ¨ç‚ºå…§éƒ¨æµç¨‹åŸ·è¡ŒåŸå§‹æ–‡æª”æª¢ç´¢ï¼ŒæŸ¥è©¢: 'é—œæ–¼è§’è‰² 'é€£æ©' çš„æ‰€æœ‰å·²çŸ¥è³‡è¨Šã€èƒŒæ™¯æ•…äº‹ã€èº«ä»½å’Œé—œä¿‚ã€‚'
2025-10-08 00:29:10 - [INFO] - [512280345618546699] [Raw RAG] æ­£åœ¨ç‚ºå…§éƒ¨æµç¨‹åŸ·è¡ŒåŸå§‹æ–‡æª”æª¢ç´¢ï¼ŒæŸ¥è©¢: 'é—œæ–¼è§’è‰² 'è“‹åšå¤ªå¤ª' çš„æ‰€æœ‰å·²çŸ¥è³‡è¨Šã€èƒŒæ™¯æ•…äº‹ã€èº«ä»½å’Œé—œä¿‚ã€‚'
2025-10-08 00:29:10 - [INFO] - [512280345618546699] [Raw RAG] æ­£åœ¨ç‚ºå…§éƒ¨æµç¨‹åŸ·è¡ŒåŸå§‹æ–‡æª”æª¢ç´¢ï¼ŒæŸ¥è©¢: 'é—œæ–¼è§’è‰² 'è–©æ ¼ç´å°‡è»' çš„æ‰€æœ‰å·²çŸ¥è³‡è¨Šã€èƒŒæ™¯æ•…äº‹ã€èº«ä»½å’Œé—œä¿‚ã€‚'
2025-10-08 00:29:10 - [INFO] - [512280345618546699] [Raw RAG] æ­£åœ¨ç‚ºå…§éƒ¨æµç¨‹åŸ·è¡ŒåŸå§‹æ–‡æª”æª¢ç´¢ï¼ŒæŸ¥è©¢: 'é—œæ–¼è§’è‰² 'è²åˆ©æ™®â€¢è–©æ ¼ç´' çš„æ‰€æœ‰å·²çŸ¥è³‡è¨Šã€èƒŒæ™¯æ•…äº‹ã€èº«ä»½å’Œé—œä¿‚ã€‚'
2025-10-08 00:29:10 - [INFO] - [512280345618546699] [Raw RAG] æ­£åœ¨ç‚ºå…§éƒ¨æµç¨‹åŸ·è¡ŒåŸå§‹æ–‡æª”æª¢ç´¢ï¼ŒæŸ¥è©¢: 'é—œæ–¼è§’è‰² 'å¤§çš‡å­é˜¿æ‹‰é‡Œå…‹' çš„æ‰€æœ‰å·²çŸ¥è³‡è¨Šã€èƒŒæ™¯æ•…äº‹ã€èº«ä»½å’Œé—œä¿‚ã€‚'
2025-10-08 00:29:10 - [INFO] - [512280345618546699] [Raw RAG] æ­£åœ¨ç‚ºå…§éƒ¨æµç¨‹åŸ·è¡ŒåŸå§‹æ–‡æª”æª¢ç´¢ï¼ŒæŸ¥è©¢: 'é—œæ–¼è§’è‰² 'ä¸‰çš‡å­èµ«å…‹æ‰˜' çš„æ‰€æœ‰å·²çŸ¥è³‡è¨Šã€èƒŒæ™¯æ•…äº‹ã€èº«ä»½å’Œé—œä¿‚ã€‚'
2025-10-08 00:29:10 - [INFO] - [512280345618546699] [Raw RAG] æ­£åœ¨ç‚ºå…§éƒ¨æµç¨‹åŸ·è¡ŒåŸå§‹æ–‡æª”æª¢ç´¢ï¼ŒæŸ¥è©¢: 'é—œæ–¼è§’è‰² 'äºŒå…¬ä¸»å¡æ‹‰è²å¨œ' çš„æ‰€æœ‰å·²çŸ¥è³‡è¨Šã€èƒŒæ™¯æ•…äº‹ã€èº«ä»½å’Œé—œä¿‚ã€‚'
2025-10-08 00:29:10 - [INFO] - [512280345618546699] [Raw RAG] âœ… æˆåŠŸæª¢ç´¢åˆ° 20 ä»½åŸå§‹æ–‡æª”ã€‚
2025-10-08 00:29:12 - [INFO] - [512280345618546699] [Raw RAG] âœ… æˆåŠŸæª¢ç´¢åˆ° 20 ä»½åŸå§‹æ–‡æª”ã€‚
2025-10-08 00:29:14 - [INFO] - [512280345618546699] [Raw RAG] âœ… æˆåŠŸæª¢ç´¢åˆ° 20 ä»½åŸå§‹æ–‡æª”ã€‚
2025-10-08 00:29:16 - [INFO] - [512280345618546699] [Raw RAG] âœ… æˆåŠŸæª¢ç´¢åˆ° 20 ä»½åŸå§‹æ–‡æª”ã€‚
2025-10-08 00:29:18 - [INFO] - [512280345618546699] [Raw RAG] âœ… æˆåŠŸæª¢ç´¢åˆ° 20 ä»½åŸå§‹æ–‡æª”ã€‚
2025-10-08 00:29:20 - [INFO] - [512280345618546699] [Raw RAG] âœ… æˆåŠŸæª¢ç´¢åˆ° 20 ä»½åŸå§‹æ–‡æª”ã€‚
2025-10-08 00:29:22 - [INFO] - [512280345618546699] [Raw RAG] âœ… æˆåŠŸæª¢ç´¢åˆ° 20 ä»½åŸå§‹æ–‡æª”ã€‚
2025-10-08 00:29:24 - [INFO] - [512280345618546699] [Raw RAG] âœ… æˆåŠŸæª¢ç´¢åˆ° 20 ä»½åŸå§‹æ–‡æª”ã€‚
2025-10-08 00:29:26 - [INFO] - [512280345618546699] [Raw RAG] âœ… æˆåŠŸæª¢ç´¢åˆ° 20 ä»½åŸå§‹æ–‡æª”ã€‚
2025-10-08 00:29:28 - [INFO] - [512280345618546699] [Raw RAG] âœ… æˆåŠŸæª¢ç´¢åˆ° 20 ä»½åŸå§‹æ–‡æª”ã€‚
2025-10-08 00:29:30 - [INFO] - [512280345618546699] [LLM Success] Generation successful using model 'gemini-2.5-flash-lite' with API Key #0.
2025-10-08 00:29:30 - [INFO] - [512280345618546699] [LOREç²¾ç…‰-åˆ†æ‰¹] æ‰¹æ¬¡ #5/8: âœ… LLM æ‰¹é‡æ½¤è‰²æˆåŠŸã€‚
2025-10-08 00:29:30 - [INFO] - [512280345618546699] [LLM Success] Generation successful using model 'gemini-2.5-flash-lite' with API Key #0.
2025-10-08 00:29:30 - [INFO] - [512280345618546699] [LOREç²¾ç…‰-åˆ†æ‰¹] æ‰¹æ¬¡ #4/8: âœ… LLM æ‰¹é‡æ½¤è‰²æˆåŠŸã€‚
2025-10-08 00:29:30 - [INFO] - [512280345618546699] [LOREç²¾ç…‰-åˆ†æ‰¹] æ‰¹æ¬¡ #8/8: é–‹å§‹è™•ç†...
2025-10-08 00:29:30 - [INFO] - [512280345618546699] [Raw RAG] æ­£åœ¨ç‚ºå…§éƒ¨æµç¨‹åŸ·è¡ŒåŸå§‹æ–‡æª”æª¢ç´¢ï¼ŒæŸ¥è©¢: 'é—œæ–¼è§’è‰² 'ä¸‰çš‡å¥³ä¼Šç´¢çˆ¾å¾·' çš„æ‰€æœ‰å·²çŸ¥è³‡è¨Šã€èƒŒæ™¯æ•…äº‹ã€èº«ä»½å’Œé—œä¿‚ã€‚'
2025-10-08 00:29:30 - [INFO] - [512280345618546699] [Raw RAG] æ­£åœ¨ç‚ºå…§éƒ¨æµç¨‹åŸ·è¡ŒåŸå§‹æ–‡æª”æª¢ç´¢ï¼ŒæŸ¥è©¢: 'é—œæ–¼è§’è‰² 'åšæ—å‹³çˆµ' çš„æ‰€æœ‰å·²çŸ¥è³‡è¨Šã€èƒŒæ™¯æ•…äº‹ã€èº«ä»½å’Œé—œä¿‚ã€‚'
2025-10-08 00:29:30 - [INFO] - [512280345618546699] [Raw RAG] æ­£åœ¨ç‚ºå…§éƒ¨æµç¨‹åŸ·è¡ŒåŸå§‹æ–‡æª”æª¢ç´¢ï¼ŒæŸ¥è©¢: 'é—œæ–¼è§’è‰² 'å¤§ä¸»æ•™å®‰å¸ƒç¾…æ–¯' çš„æ‰€æœ‰å·²çŸ¥è³‡è¨Šã€èƒŒæ™¯æ•…äº‹ã€èº«ä»½å’Œé—œä¿‚ã€‚'
2025-10-08 00:29:30 - [INFO] - [512280345618546699] [Raw RAG] æ­£åœ¨ç‚ºå…§éƒ¨æµç¨‹åŸ·è¡ŒåŸå§‹æ–‡æª”æª¢ç´¢ï¼ŒæŸ¥è©¢: 'é—œæ–¼è§’è‰² 'å·´ç´æ¯”' çš„æ‰€æœ‰å·²çŸ¥è³‡è¨Šã€èƒŒæ™¯æ•…äº‹ã€èº«ä»½å’Œé—œä¿‚ã€‚'
2025-10-08 00:29:30 - [INFO] - [512280345618546699] [Raw RAG] æ­£åœ¨ç‚ºå…§éƒ¨æµç¨‹åŸ·è¡ŒåŸå§‹æ–‡æª”æª¢ç´¢ï¼ŒæŸ¥è©¢: 'é—œæ–¼è§’è‰² 'å¥§æ–¯è¯' çš„æ‰€æœ‰å·²çŸ¥è³‡è¨Šã€èƒŒæ™¯æ•…äº‹ã€èº«ä»½å’Œé—œä¿‚ã€‚'
2025-10-08 00:29:30 - [INFO] - [512280345618546699] [Raw RAG] æ­£åœ¨ç‚ºå…§éƒ¨æµç¨‹åŸ·è¡ŒåŸå§‹æ–‡æª”æª¢ç´¢ï¼ŒæŸ¥è©¢: 'é—œæ–¼è§’è‰² 'è‰¾è«¾æ‹‰' çš„æ‰€æœ‰å·²çŸ¥è³‡è¨Šã€èƒŒæ™¯æ•…äº‹ã€èº«ä»½å’Œé—œä¿‚ã€‚'
2025-10-08 00:29:30 - [INFO] - [512280345618546699] [Raw RAG] æ­£åœ¨ç‚ºå…§éƒ¨æµç¨‹åŸ·è¡ŒåŸå§‹æ–‡æª”æª¢ç´¢ï¼ŒæŸ¥è©¢: 'é—œæ–¼è§’è‰² 'æ¼¢å¾·ç‘å…‹å¸«å‚…' çš„æ‰€æœ‰å·²çŸ¥è³‡è¨Šã€èƒŒæ™¯æ•…äº‹ã€èº«ä»½å’Œé—œä¿‚ã€‚'
2025-10-08 00:29:30 - [INFO] - [512280345618546699] [Raw RAG] æ­£åœ¨ç‚ºå…§éƒ¨æµç¨‹åŸ·è¡ŒåŸå§‹æ–‡æª”æª¢ç´¢ï¼ŒæŸ¥è©¢: 'é—œæ–¼è§’è‰² 'è‰å¨œ' çš„æ‰€æœ‰å·²çŸ¥è³‡è¨Šã€èƒŒæ™¯æ•…äº‹ã€èº«ä»½å’Œé—œä¿‚ã€‚'
2025-10-08 00:29:30 - [INFO] - [512280345618546699] [Raw RAG] æ­£åœ¨ç‚ºå…§éƒ¨æµç¨‹åŸ·è¡ŒåŸå§‹æ–‡æª”æª¢ç´¢ï¼ŒæŸ¥è©¢: 'é—œæ–¼è§’è‰² 'è²æ‹‰' çš„æ‰€æœ‰å·²çŸ¥è³‡è¨Šã€èƒŒæ™¯æ•…äº‹ã€èº«ä»½å’Œé—œä¿‚ã€‚'
2025-10-08 00:29:30 - [INFO] - [512280345618546699] [Raw RAG] æ­£åœ¨ç‚ºå…§éƒ¨æµç¨‹åŸ·è¡ŒåŸå§‹æ–‡æª”æª¢ç´¢ï¼ŒæŸ¥è©¢: 'é—œæ–¼è§’è‰² 'è«¾æ‹‰' çš„æ‰€æœ‰å·²çŸ¥è³‡è¨Šã€èƒŒæ™¯æ•…äº‹ã€èº«ä»½å’Œé—œä¿‚ã€‚'
2025-10-08 00:29:31 - [INFO] - [512280345618546699] [Raw RAG] âœ… æˆåŠŸæª¢ç´¢åˆ° 20 ä»½åŸå§‹æ–‡æª”ã€‚
2025-10-08 00:29:33 - [INFO] - [512280345618546699] [Raw RAG] âœ… æˆåŠŸæª¢ç´¢åˆ° 20 ä»½åŸå§‹æ–‡æª”ã€‚
2025-10-08 00:29:35 - [INFO] - [512280345618546699] [Raw RAG] âœ… æˆåŠŸæª¢ç´¢åˆ° 20 ä»½åŸå§‹æ–‡æª”ã€‚
2025-10-08 00:29:37 - [INFO] - [512280345618546699] [Raw RAG] âœ… æˆåŠŸæª¢ç´¢åˆ° 20 ä»½åŸå§‹æ–‡æª”ã€‚
2025-10-08 00:29:39 - [INFO] - [512280345618546699] [Raw RAG] âœ… æˆåŠŸæª¢ç´¢åˆ° 20 ä»½åŸå§‹æ–‡æª”ã€‚
2025-10-08 00:29:41 - [INFO] - [512280345618546699] [Raw RAG] âœ… æˆåŠŸæª¢ç´¢åˆ° 20 ä»½åŸå§‹æ–‡æª”ã€‚
2025-10-08 00:29:43 - [INFO] - [512280345618546699] [Raw RAG] âœ… æˆåŠŸæª¢ç´¢åˆ° 20 ä»½åŸå§‹æ–‡æª”ã€‚
2025-10-08 00:29:45 - [INFO] - [512280345618546699] [Raw RAG] âœ… æˆåŠŸæª¢ç´¢åˆ° 20 ä»½åŸå§‹æ–‡æª”ã€‚
2025-10-08 00:29:47 - [INFO] - [512280345618546699] [Raw RAG] âœ… æˆåŠŸæª¢ç´¢åˆ° 20 ä»½åŸå§‹æ–‡æª”ã€‚
2025-10-08 00:29:49 - [INFO] - [512280345618546699] [Raw RAG] âœ… æˆåŠŸæª¢ç´¢åˆ° 20 ä»½åŸå§‹æ–‡æª”ã€‚
2025-10-08 00:29:51 - [INFO] - [512280345618546699] [LLM Success] Generation successful using model 'gemini-2.5-flash-lite' with API Key #0.
2025-10-08 00:29:51 - [INFO] - [512280345618546699] [LOREç²¾ç…‰-åˆ†æ‰¹] æ‰¹æ¬¡ #7/8: âœ… LLM æ‰¹é‡æ½¤è‰²æˆåŠŸã€‚
2025-10-08 00:30:01 - [INFO] - [512280345618546699] [LLM Success] Generation successful using model 'gemini-2.5-flash-lite' with API Key #0.
2025-10-08 00:30:01 - [INFO] - [512280345618546699] [LOREç²¾ç…‰-åˆ†æ‰¹] æ‰¹æ¬¡ #8/8: âœ… LLM æ‰¹é‡æ½¤è‰²æˆåŠŸã€‚
2025-10-08 00:30:01 - [INFO] - [512280345618546699] [LOREç²¾ç…‰-åˆ†æ‰¹] æ­£åœ¨å° 79 å€‹æˆåŠŸç²¾ç…‰çš„æª”æ¡ˆåŸ·è¡Œæ‰¹æ¬¡åŒ–è³‡æ–™åº«æ›´æ–°...
2025-10-08 00:30:08 - [ERROR] - [512280345618546699] åˆ†æ‰¹ä¸¦ç™¼ LORE ç²¾ç…‰æœå‹™ä¸»å¾ªç’°ç™¼ç”Ÿåš´é‡éŒ¯èª¤: (sqlite3.OperationalError) database is locked
[SQL: UPDATE lore_book SET content=?, timestamp=?, source=? WHERE lore_book.id = ?]
[parameters: ('{"name": "\\u611b\\u84ee\\u5a1c", "aliases": [], "alternative_names": [], "gender": "\\u5973\\u6027", "age": "\\u672a\\u77e5", "race": "\\u4eba\\u985 ... (483 characters truncated) ... 8cbb\\u5947": {"type": "\\u793e\\u4ea4\\u95dc\\u4fc2", "roles": ["\\u7236\\u89aa"]}}, "status": "\\u672a\\u77e5", "current_action": "\\u7ad9\\u8457"}', 1759854601.9483886, 'minibatch_refiner_v9_final', 30)]
(Background on this error at: https://sqlalche.me/e/20/e3q8)
Traceback (most recent call last):
  File "C:\Users\USER\AppData\Local\Programs\Python\Python310\lib\site-packages\sqlalchemy\engine\base.py", line 1967, in _exec_single_context
    self.dialect.do_execute(
  File "C:\Users\USER\AppData\Local\Programs\Python\Python310\lib\site-packages\sqlalchemy\engine\default.py", line 924, in do_execute
    cursor.execute(statement, parameters)
  File "C:\Users\USER\AppData\Local\Programs\Python\Python310\lib\site-packages\sqlalchemy\dialects\sqlite\aiosqlite.py", line 146, in execute
    self._adapt_connection._handle_exception(error)
  File "C:\Users\USER\AppData\Local\Programs\Python\Python310\lib\site-packages\sqlalchemy\dialects\sqlite\aiosqlite.py", line 298, in _handle_exception
    raise error
  File "C:\Users\USER\AppData\Local\Programs\Python\Python310\lib\site-packages\sqlalchemy\dialects\sqlite\aiosqlite.py", line 128, in execute
    self.await_(_cursor.execute(operation, parameters))
  File "C:\Users\USER\AppData\Local\Programs\Python\Python310\lib\site-packages\sqlalchemy\util\_concurrency_py3k.py", line 131, in await_only
    return current.driver.switch(awaitable)  # type: ignore[no-any-return]
  File "C:\Users\USER\AppData\Local\Programs\Python\Python310\lib\site-packages\sqlalchemy\util\_concurrency_py3k.py", line 196, in greenlet_spawn
    value = await result
  File "C:\Users\USER\AppData\Local\Programs\Python\Python310\lib\site-packages\aiosqlite\cursor.py", line 48, in execute
    await self._execute(self._cursor.execute, sql, parameters)
  File "C:\Users\USER\AppData\Local\Programs\Python\Python310\lib\site-packages\aiosqlite\cursor.py", line 40, in _execute
    return await self._conn._execute(fn, *args, **kwargs)
  File "C:\Users\USER\AppData\Local\Programs\Python\Python310\lib\site-packages\aiosqlite\core.py", line 132, in _execute
    return await future
  File "C:\Users\USER\AppData\Local\Programs\Python\Python310\lib\site-packages\aiosqlite\core.py", line 115, in run
    result = function()
sqlite3.OperationalError: database is locked

The above exception was the direct cause of the following exception:

Traceback (most recent call last):
  File "D:\DINO\SD\ComfyUI\personal_server\ai_lover_service\src\ai_core.py", line 3839, in _background_lore_refinement
    await asyncio.gather(*update_tasks)
  File "D:\DINO\SD\ComfyUI\personal_server\ai_lover_service\src\lore_book.py", line 65, in add_or_update_lore
    await session.commit()
  File "C:\Users\USER\AppData\Local\Programs\Python\Python310\lib\site-packages\sqlalchemy\ext\asyncio\session.py", line 1009, in commit
    await greenlet_spawn(self.sync_session.commit)
  File "C:\Users\USER\AppData\Local\Programs\Python\Python310\lib\site-packages\sqlalchemy\util\_concurrency_py3k.py", line 203, in greenlet_spawn
    result = context.switch(value)
  File "C:\Users\USER\AppData\Local\Programs\Python\Python310\lib\site-packages\sqlalchemy\orm\session.py", line 2017, in commit
    trans.commit(_to_root=True)
  File "<string>", line 2, in commit
  File "C:\Users\USER\AppData\Local\Programs\Python\Python310\lib\site-packages\sqlalchemy\orm\state_changes.py", line 139, in _go
    ret_value = fn(self, *arg, **kw)
  File "C:\Users\USER\AppData\Local\Programs\Python\Python310\lib\site-packages\sqlalchemy\orm\session.py", line 1302, in commit
    self._prepare_impl()
  File "<string>", line 2, in _prepare_impl
  File "C:\Users\USER\AppData\Local\Programs\Python\Python310\lib\site-packages\sqlalchemy\orm\state_changes.py", line 139, in _go
    ret_value = fn(self, *arg, **kw)
  File "C:\Users\USER\AppData\Local\Programs\Python\Python310\lib\site-packages\sqlalchemy\orm\session.py", line 1277, in _prepare_impl
    self.session.flush()
  File "C:\Users\USER\AppData\Local\Programs\Python\Python310\lib\site-packages\sqlalchemy\orm\session.py", line 4341, in flush
    self._flush(objects)
  File "C:\Users\USER\AppData\Local\Programs\Python\Python310\lib\site-packages\sqlalchemy\orm\session.py", line 4476, in _flush
    with util.safe_reraise():
  File "C:\Users\USER\AppData\Local\Programs\Python\Python310\lib\site-packages\sqlalchemy\util\langhelpers.py", line 146, in __exit__
    raise exc_value.with_traceback(exc_tb)
  File "C:\Users\USER\AppData\Local\Programs\Python\Python310\lib\site-packages\sqlalchemy\orm\session.py", line 4437, in _flush
    flush_context.execute()
  File "C:\Users\USER\AppData\Local\Programs\Python\Python310\lib\site-packages\sqlalchemy\orm\unitofwork.py", line 466, in execute
    rec.execute(self)
  File "C:\Users\USER\AppData\Local\Programs\Python\Python310\lib\site-packages\sqlalchemy\orm\unitofwork.py", line 642, in execute
    util.preloaded.orm_persistence.save_obj(
  File "C:\Users\USER\AppData\Local\Programs\Python\Python310\lib\site-packages\sqlalchemy\orm\persistence.py", line 85, in save_obj
    _emit_update_statements(
  File "C:\Users\USER\AppData\Local\Programs\Python\Python310\lib\site-packages\sqlalchemy\orm\persistence.py", line 912, in _emit_update_statements
    c = connection.execute(
  File "C:\Users\USER\AppData\Local\Programs\Python\Python310\lib\site-packages\sqlalchemy\engine\base.py", line 1418, in execute
    return meth(
  File "C:\Users\USER\AppData\Local\Programs\Python\Python310\lib\site-packages\sqlalchemy\sql\elements.py", line 515, in _execute_on_connection
    return connection._execute_clauseelement(
  File "C:\Users\USER\AppData\Local\Programs\Python\Python310\lib\site-packages\sqlalchemy\engine\base.py", line 1640, in _execute_clauseelement
    ret = self._execute_context(
  File "C:\Users\USER\AppData\Local\Programs\Python\Python310\lib\site-packages\sqlalchemy\engine\base.py", line 1846, in _execute_context
    return self._exec_single_context(
  File "C:\Users\USER\AppData\Local\Programs\Python\Python310\lib\site-packages\sqlalchemy\engine\base.py", line 1986, in _exec_single_context
    self._handle_dbapi_exception(
  File "C:\Users\USER\AppData\Local\Programs\Python\Python310\lib\site-packages\sqlalchemy\engine\base.py", line 2353, in _handle_dbapi_exception
    raise sqlalchemy_exception.with_traceback(exc_info[2]) from e
  File "C:\Users\USER\AppData\Local\Programs\Python\Python310\lib\site-packages\sqlalchemy\engine\base.py", line 1967, in _exec_single_context
    self.dialect.do_execute(
  File "C:\Users\USER\AppData\Local\Programs\Python\Python310\lib\site-packages\sqlalchemy\engine\default.py", line 924, in do_execute
    cursor.execute(statement, parameters)
  File "C:\Users\USER\AppData\Local\Programs\Python\Python310\lib\site-packages\sqlalchemy\dialects\sqlite\aiosqlite.py", line 146, in execute
    self._adapt_connection._handle_exception(error)
  File "C:\Users\USER\AppData\Local\Programs\Python\Python310\lib\site-packages\sqlalchemy\dialects\sqlite\aiosqlite.py", line 298, in _handle_exception
    raise error
  File "C:\Users\USER\AppData\Local\Programs\Python\Python310\lib\site-packages\sqlalchemy\dialects\sqlite\aiosqlite.py", line 128, in execute
    self.await_(_cursor.execute(operation, parameters))
  File "C:\Users\USER\AppData\Local\Programs\Python\Python310\lib\site-packages\sqlalchemy\util\_concurrency_py3k.py", line 131, in await_only
    return current.driver.switch(awaitable)  # type: ignore[no-any-return]
  File "C:\Users\USER\AppData\Local\Programs\Python\Python310\lib\site-packages\sqlalchemy\util\_concurrency_py3k.py", line 196, in greenlet_spawn
    value = await result
  File "C:\Users\USER\AppData\Local\Programs\Python\Python310\lib\site-packages\aiosqlite\cursor.py", line 48, in execute
    await self._execute(self._cursor.execute, sql, parameters)
  File "C:\Users\USER\AppData\Local\Programs\Python\Python310\lib\site-packages\aiosqlite\cursor.py", line 40, in _execute
    return await self._conn._execute(fn, *args, **kwargs)
  File "C:\Users\USER\AppData\Local\Programs\Python\Python310\lib\site-packages\aiosqlite\core.py", line 132, in _execute
    return await future
  File "C:\Users\USER\AppData\Local\Programs\Python\Python310\lib\site-packages\aiosqlite\core.py", line 115, in run
    result = function()
sqlalchemy.exc.OperationalError: (sqlite3.OperationalError) database is locked
[SQL: UPDATE lore_book SET content=?, timestamp=?, source=? WHERE lore_book.id = ?]
[parameters: ('{"name": "\\u611b\\u84ee\\u5a1c", "aliases": [], "alternative_names": [], "gender": "\\u5973\\u6027", "age": "\\u672a\\u77e5", "race": "\\u4eba\\u985 ... (483 characters truncated) ... 8cbb\\u5947": {"type": "\\u793e\\u4ea4\\u95dc\\u4fc2", "roles": ["\\u7236\\u89aa"]}}, "status": "\\u672a\\u77e5", "current_action": "\\u7ad9\\u8457"}', 1759854601.9483886, 'minibatch_refiner_v9_final', 30)]
(Background on this error at: https://sqlalche.me/e/20/e3q8)
2025-10-08 00:38:59 - [INFO] - æ­£åœ¨åŠ è¼‰æ ¸å¿ƒ Cog (core_cog)...
2025-10-08 00:39:04 - [INFO] - âœ… æ ¸å¿ƒ Cog (core_cog) å·²åŠ è¼‰ï¼Œä¸¦ä¸”æ‰€æœ‰æŒä¹…åŒ–è¦–åœ–å·²æˆåŠŸè¨»å†Šã€‚
2025-10-08 00:39:04 - [INFO] - âœ… æ ¸å¿ƒ Cog åŠ è¼‰æˆåŠŸã€‚
2025-10-08 00:39:04 - [INFO] - æ­£åœ¨å…¨åŸŸåŒæ­¥æ‡‰ç”¨ç¨‹å¼æŒ‡ä»¤...
2025-10-08 00:39:05 - [INFO] - âœ… æŒ‡ä»¤å·²å…¨åŸŸåŒæ­¥ï¼
2025-10-08 00:39:05 - [INFO] - Discord Bot setup hook finished!
2025-10-08 00:39:07 - [INFO] - Logged in as AI#4450 (ID: 1358417100250808531)
2025-10-08 00:39:08 - [INFO] - å·²æˆåŠŸç™¼é€å•Ÿå‹•æˆåŠŸé€šçŸ¥çµ¦ç®¡ç†å“¡ã€‚
2025-10-08 00:40:20 - [INFO] - æ­£åœ¨åŠ è¼‰æ ¸å¿ƒ Cog (core_cog)...
2025-10-08 00:40:20 - [ERROR] - ğŸ”¥ æ ¸å¿ƒ Cog åŠ è¼‰å¤±æ•—: Extension 'src.cogs.core_cog' raised an error: SyntaxError: invalid character 'ï¼Œ' (U+FF0C) (ai_core.py, line 3864)
Traceback (most recent call last):
  File "C:\Users\USER\AppData\Local\Programs\Python\Python310\lib\site-packages\discord\ext\commands\bot.py", line 935, in _load_from_module_spec
    spec.loader.exec_module(lib)  # type: ignore
  File "<frozen importlib._bootstrap_external>", line 883, in exec_module
  File "<frozen importlib._bootstrap>", line 241, in _call_with_frames_removed
  File "D:\DINO\SD\ComfyUI\personal_server\ai_lover_service\src\cogs\core_cog.py", line 28, in <module>
    from ..ai_core import AILover, GENERATION_MODEL_PRIORITY
  File "D:\DINO\SD\ComfyUI\personal_server\ai_lover_service\src\ai_core.py", line 3864
    è‡³æ­¤ï¼Œæˆ‘å€‘å·²ç¶“å¾æ ¹æœ¬ä¸Šè§£æ±ºäº† `database is locked` çš„å•é¡Œã€‚é€šéå°‡ä¸¦è¡Œå¯«å…¥æ”¹ç‚ºå–®ä¸€äº‹å‹™å…§çš„ä¸²è¡Œæ›´æ–°ï¼Œæˆ‘å€‘ç¢ºä¿äº†è³‡æ–™åº«æ“ä½œçš„åŸå­æ€§å’Œå®‰å…¨æ€§ï¼ŒåŒæ™‚ä¹Ÿæé«˜äº†æ•´é«”æ•ˆç‡ã€‚
      ^
SyntaxError: invalid character 'ï¼Œ' (U+FF0C)

The above exception was the direct cause of the following exception:

Traceback (most recent call last):
  File "D:\DINO\SD\ComfyUI\personal_server\ai_lover_service\src\discord_bot.py", line 41, in setup_hook
    await self.load_extension("src.cogs.core_cog")
  File "C:\Users\USER\AppData\Local\Programs\Python\Python310\lib\site-packages\discord\ext\commands\bot.py", line 1013, in load_extension
    await self._load_from_module_spec(spec, name)
  File "C:\Users\USER\AppData\Local\Programs\Python\Python310\lib\site-packages\discord\ext\commands\bot.py", line 938, in _load_from_module_spec
    raise errors.ExtensionFailed(key, e) from e
discord.ext.commands.errors.ExtensionFailed: Extension 'src.cogs.core_cog' raised an error: SyntaxError: invalid character 'ï¼Œ' (U+FF0C) (ai_core.py, line 3864)
2025-10-08 00:43:44 - [INFO] - æ­£åœ¨åŠ è¼‰æ ¸å¿ƒ Cog (core_cog)...
2025-10-08 00:43:47 - [INFO] - âœ… æ ¸å¿ƒ Cog (core_cog) å·²åŠ è¼‰ï¼Œä¸¦ä¸”æ‰€æœ‰æŒä¹…åŒ–è¦–åœ–å·²æˆåŠŸè¨»å†Šã€‚
2025-10-08 00:43:47 - [INFO] - âœ… æ ¸å¿ƒ Cog åŠ è¼‰æˆåŠŸã€‚
2025-10-08 00:43:47 - [INFO] - æ­£åœ¨å…¨åŸŸåŒæ­¥æ‡‰ç”¨ç¨‹å¼æŒ‡ä»¤...
2025-10-08 00:43:48 - [INFO] - âœ… æŒ‡ä»¤å·²å…¨åŸŸåŒæ­¥ï¼
2025-10-08 00:43:48 - [INFO] - Discord Bot setup hook finished!
2025-10-08 00:43:50 - [INFO] - Logged in as AI#4450 (ID: 1358417100250808531)
2025-10-08 00:43:53 - [INFO] - å·²æˆåŠŸç™¼é€å•Ÿå‹•æˆåŠŸé€šçŸ¥çµ¦ç®¡ç†å“¡ã€‚
2025-10-08 00:45:58 - [INFO] - [512280345618546699] [Data Reset] æ­£åœ¨å•Ÿå‹•ä½¿ç”¨è€…è³‡æ–™é‡ç½®æµç¨‹...
2025-10-08 00:45:58 - [INFO] - [512280345618546699] [Data Reset] æ‰€æœ‰ç›¸é—œçš„è³‡æ–™åº«è¨˜éŒ„å·²æˆåŠŸåˆªé™¤ã€‚
2025-10-08 00:45:58 - [INFO] - [512280345618546699] [Data Reset] å‘é‡å„²å­˜ç›®éŒ„ 'D:\DINO\SD\ComfyUI\personal_server\ai_lover_service\data\vector_stores\512280345618546699' å·²æˆåŠŸåˆªé™¤ã€‚
2025-10-08 00:45:58 - [INFO] - [512280345618546699] [Data Reset] è³‡æ–™é‡ç½®æµç¨‹å·²å…¨éƒ¨å®Œæˆã€‚
2025-10-08 00:46:00 - [INFO] - [512280345618546699] (UI Event) Persistent 'StartSetupView' button clicked.
2025-10-08 00:46:05 - [INFO] - ä½¿ç”¨è€… 512280345618546699 æ²’æœ‰æ´»èºçš„ AI å¯¦ä¾‹ï¼Œå˜—è©¦å‰µå»º...
2025-10-08 00:46:05 - [INFO] - [512280345618546699] è™•æ–¼è¨­å®šæµç¨‹ä¸­ï¼Œå³ä½¿è³‡æ–™åº«ç„¡è¨˜éŒ„ï¼Œä¹Ÿå‰µå»ºä¸€å€‹è‡¨æ™‚çš„è¨˜æ†¶é«”å¯¦ä¾‹ã€‚
2025-10-08 00:46:05 - [INFO] - [512280345618546699] æ ¸å¿ƒæ•¸æ“šæ¨¡æ¿ 'world_snapshot_template.txt' å·²æˆåŠŸåŠ è¼‰ã€‚
2025-10-08 00:46:05 - [INFO] - [512280345618546699] æ ¸å¿ƒå”è­° '00_supreme_directive.txt' å·²æˆåŠŸåŠ è¼‰ã€‚
2025-10-08 00:46:05 - [INFO] - âœ… [Embedding Loader] æª¢æ¸¬åˆ°æœ¬åœ°æ¨¡å‹è·¯å¾‘ï¼Œæ­£åœ¨å˜—è©¦å¾ 'D:\DINO\SD\ComfyUI\personal_server\ai_lover_service\models\stella-base-zh-v2' åŠ è¼‰...
2025-10-08 00:46:13 - [INFO] - âœ… [Embedding Loader] æœ¬åœ° Embedding æ¨¡å‹å¯¦ä¾‹å‰µå»ºæˆåŠŸã€‚
2025-10-08 00:46:13 - [INFO] - [512280345618546699] æ‰€æœ‰è¼•é‡ç´šå‰ç½®è³‡æºå·²æº–å‚™å°±ç·’ (RAG å‰µå»ºå·²å»¶é²)ã€‚
2025-10-08 00:46:13 - [INFO] - [512280345618546699] æ¥æ”¶åˆ° profile æ›´æ–°è«‹æ±‚: ['world_settings']
2025-10-08 00:46:13 - [WARNING] - [512280345618546699] åœ¨æŒä¹…åŒ–æ›´æ–°æ™‚æ‰¾ä¸åˆ°ä½¿ç”¨è€…è³‡æ–™ï¼Œå°‡å‰µå»ºæ–°è¨˜éŒ„ã€‚
2025-10-08 00:46:13 - [INFO] - [512280345618546699] Profile æ›´æ–°ä¸¦æŒä¹…åŒ–æˆåŠŸã€‚
2025-10-08 00:46:15 - [INFO] - [512280345618546699] (UI Event) Persistent 'ContinueToUserSetupView' button clicked.
2025-10-08 00:46:24 - [INFO] - [512280345618546699] (UI Event) CharacterSettingsModal submitted for profile_type: 'user', is_setup_flow: True
2025-10-08 00:46:25 - [INFO] - [512280345618546699] æ¥æ”¶åˆ° profile æ›´æ–°è«‹æ±‚: ['user_profile']
2025-10-08 00:46:25 - [INFO] - [512280345618546699] Profile æ›´æ–°ä¸¦æŒä¹…åŒ–æˆåŠŸã€‚
2025-10-08 00:46:26 - [INFO] - [512280345618546699] (UI Event) Persistent 'ContinueToAiSetupView' button clicked.
2025-10-08 00:46:38 - [INFO] - [512280345618546699] (UI Event) CharacterSettingsModal submitted for profile_type: 'ai', is_setup_flow: True
2025-10-08 00:46:39 - [INFO] - [512280345618546699] æ¥æ”¶åˆ° profile æ›´æ–°è«‹æ±‚: ['ai_profile']
2025-10-08 00:46:39 - [INFO] - [512280345618546699] Profile æ›´æ–°ä¸¦æŒä¹…åŒ–æˆåŠŸã€‚
2025-10-08 00:46:40 - [INFO] - [512280345618546699] [å‰µä¸–æµç¨‹] æª”æ¡ˆä¸Šå‚³é–‹å§‹ï¼Œå·²è¨­å®š active_setups ç‹€æ…‹é–ã€‚
2025-10-08 00:46:46 - [INFO] - [512280345618546699] (on_message) åµæ¸¬åˆ°ç”¨æˆ¶è™•æ–¼æ´»èºçš„å‰µä¸–æµç¨‹ä¸­ï¼Œå·²å¿½ç•¥å¸¸è¦è¨Šæ¯ '...' ä»¥é˜²æ­¢ç«¶çˆ­ã€‚
2025-10-08 00:46:48 - [INFO] - [512280345618546699] [å‰µä¸–æµç¨‹ v68.0] ä¿®æ­£ç«¶çˆ­æ¢ä»¶å¾Œçš„åŸç”Ÿæµç¨‹å·²å•Ÿå‹•ã€‚
2025-10-08 00:46:48 - [INFO] - [512280345618546699] [å¾Œå°å‰µä¸–] æ­¥é©Ÿ 1/5: æ­£åœ¨è§£æä¸–ç•Œè–ç¶“ä¸¦å‰µå»º LORE éª¨æ¶...
2025-10-08 00:46:48 - [INFO] - [512280345618546699] [æ•¸æ“šå…¥å£-è»Œé“B] æ­£åœ¨å•Ÿå‹• LORE è§£æç®¡ç·š...
2025-10-08 00:46:48 - [INFO] - [512280345618546699] [LORE è§£æ] å·²å°‡ä¸–ç•Œè–ç¶“åŸæ–‡åˆ†å‰²æˆ 8 å€‹æ–‡æœ¬å¡Šé€²è¡Œè™•ç†ã€‚
2025-10-08 00:46:48 - [INFO] - [512280345618546699] [LORE è§£æ] æ­£åœ¨è™•ç†æ–‡æœ¬å¡Š 1/8...
2025-10-08 00:46:48 - [INFO] - [512280345618546699] [LORE è§£æ 1-1/3] æ­£åœ¨å˜—è©¦ã€ç†æƒ³æ–¹æ¡ˆï¼šé›²ç«¯å®è§€è§£æã€‘...
2025-10-08 00:47:02 - [INFO] - [512280345618546699] [LLM Success] Generation successful using model 'gemini-2.5-flash-lite' with API Key #0.
2025-10-08 00:47:02 - [INFO] - [512280345618546699] [LORE è§£æ 1-1/3] âœ… æˆåŠŸï¼
2025-10-08 00:47:02 - [INFO] - [512280345618546699] [LORE è§£æ] æ­£åœ¨è™•ç†æ–‡æœ¬å¡Š 2/8...
2025-10-08 00:47:02 - [INFO] - [512280345618546699] [LORE è§£æ 2-1/3] æ­£åœ¨å˜—è©¦ã€ç†æƒ³æ–¹æ¡ˆï¼šé›²ç«¯å®è§€è§£æã€‘...
2025-10-08 00:47:23 - [INFO] - [512280345618546699] [LLM Success] Generation successful using model 'gemini-2.5-flash-lite' with API Key #0.
2025-10-08 00:47:23 - [INFO] - [512280345618546699] [LORE è§£æ 2-1/3] âœ… æˆåŠŸï¼
2025-10-08 00:47:23 - [INFO] - [512280345618546699] [LORE è§£æ] æ­£åœ¨è™•ç†æ–‡æœ¬å¡Š 3/8...
2025-10-08 00:47:23 - [INFO] - [512280345618546699] [LORE è§£æ 3-1/3] æ­£åœ¨å˜—è©¦ã€ç†æƒ³æ–¹æ¡ˆï¼šé›²ç«¯å®è§€è§£æã€‘...
2025-10-08 00:47:41 - [INFO] - [512280345618546699] [LLM Success] Generation successful using model 'gemini-2.5-flash-lite' with API Key #0.
2025-10-08 00:47:41 - [INFO] - [512280345618546699] [LORE è§£æ 3-1/3] âœ… æˆåŠŸï¼
2025-10-08 00:47:41 - [INFO] - [512280345618546699] [LORE è§£æ] æ­£åœ¨è™•ç†æ–‡æœ¬å¡Š 4/8...
2025-10-08 00:47:41 - [INFO] - [512280345618546699] [LORE è§£æ 4-1/3] æ­£åœ¨å˜—è©¦ã€ç†æƒ³æ–¹æ¡ˆï¼šé›²ç«¯å®è§€è§£æã€‘...
2025-10-08 00:48:00 - [INFO] - [512280345618546699] [LLM Success] Generation successful using model 'gemini-2.5-flash-lite' with API Key #0.
2025-10-08 00:48:00 - [INFO] - [512280345618546699] [LORE è§£æ 4-1/3] âœ… æˆåŠŸï¼
2025-10-08 00:48:00 - [INFO] - [512280345618546699] [LORE è§£æ] æ­£åœ¨è™•ç†æ–‡æœ¬å¡Š 5/8...
2025-10-08 00:48:00 - [INFO] - [512280345618546699] [LORE è§£æ 5-1/3] æ­£åœ¨å˜—è©¦ã€ç†æƒ³æ–¹æ¡ˆï¼šé›²ç«¯å®è§€è§£æã€‘...
2025-10-08 00:48:00 - [WARNING] - [512280345618546699] æ¨¡å‹ 'gemini-2.5-flash-lite' (Key #0) é­é‡å…§å®¹å¯©æŸ¥æˆ–å®‰å…¨éŒ¯èª¤: BlockedPromptExceptionã€‚
2025-10-08 00:48:00 - [WARNING] - [512280345618546699] [LORE è§£æ 5-1/3] é­é‡å…§å®¹å¯©æŸ¥ï¼Œæ­£åœ¨é™ç´š...
2025-10-08 00:48:00 - [INFO] - [512280345618546699] [LORE è§£æ 5-2/3] æ­£åœ¨å˜—è©¦ã€æœ¬åœ°å‚™æ´æ–¹æ¡ˆï¼šç„¡å¯©æŸ¥è§£æã€‘...
2025-10-08 00:48:00 - [INFO] - [512280345618546699] æ­£åœ¨ä½¿ç”¨æœ¬åœ°æ¨¡å‹ 'HammerAI/llama-3-lexi-uncensored:latest' é€²è¡ŒLOREè§£æ (Attempt 1/2)...
