### AI Lover Log - Last updated at 2025-10-08T00:43:57.907237 ###

2025-10-08 00:27:02 - [INFO] - [512280345618546699] [Raw RAG] ✅ 成功檢索到 20 份原始文檔。
2025-10-08 00:27:04 - [INFO] - [512280345618546699] [Raw RAG] ✅ 成功檢索到 20 份原始文檔。
2025-10-08 00:27:06 - [INFO] - [512280345618546699] [Raw RAG] ✅ 成功檢索到 20 份原始文檔。
2025-10-08 00:27:08 - [INFO] - [512280345618546699] [Raw RAG] ✅ 成功檢索到 20 份原始文檔。
2025-10-08 00:27:10 - [INFO] - [512280345618546699] [Raw RAG] ✅ 成功檢索到 20 份原始文檔。
2025-10-08 00:27:12 - [INFO] - [512280345618546699] [Raw RAG] ✅ 成功檢索到 20 份原始文檔。
2025-10-08 00:27:14 - [INFO] - [512280345618546699] [Raw RAG] ✅ 成功檢索到 20 份原始文檔。
2025-10-08 00:27:16 - [INFO] - [512280345618546699] [Raw RAG] ✅ 成功檢索到 20 份原始文檔。
2025-10-08 00:27:18 - [INFO] - [512280345618546699] [Raw RAG] ✅ 成功檢索到 20 份原始文檔。
2025-10-08 00:27:21 - [INFO] - [512280345618546699] [Raw RAG] ✅ 成功檢索到 20 份原始文檔。
2025-10-08 00:27:23 - [INFO] - [512280345618546699] [Raw RAG] ✅ 成功檢索到 20 份原始文檔。
2025-10-08 00:27:25 - [INFO] - [512280345618546699] [Raw RAG] ✅ 成功檢索到 20 份原始文檔。
2025-10-08 00:27:27 - [INFO] - [512280345618546699] [Raw RAG] ✅ 成功檢索到 20 份原始文檔。
2025-10-08 00:27:29 - [INFO] - [512280345618546699] [Raw RAG] ✅ 成功檢索到 20 份原始文檔。
2025-10-08 00:27:31 - [INFO] - [512280345618546699] [Raw RAG] ✅ 成功檢索到 20 份原始文檔。
2025-10-08 00:27:33 - [INFO] - [512280345618546699] [Raw RAG] ✅ 成功檢索到 20 份原始文檔。
2025-10-08 00:27:35 - [INFO] - [512280345618546699] [Raw RAG] ✅ 成功檢索到 20 份原始文檔。
2025-10-08 00:27:37 - [INFO] - [512280345618546699] [Raw RAG] ✅ 成功檢索到 20 份原始文檔。
2025-10-08 00:27:39 - [INFO] - [512280345618546699] [Raw RAG] ✅ 成功檢索到 20 份原始文檔。
2025-10-08 00:27:41 - [INFO] - [512280345618546699] [Raw RAG] ✅ 成功檢索到 20 份原始文檔。
2025-10-08 00:27:43 - [INFO] - [512280345618546699] [Raw RAG] ✅ 成功檢索到 20 份原始文檔。
2025-10-08 00:27:45 - [INFO] - [512280345618546699] [LLM Success] Generation successful using model 'gemini-2.5-pro' with API Key #0.
2025-10-08 00:27:45 - [INFO] - [512280345618546699] [/start] 開場白已生成，正在從中反向提取權威地點...
2025-10-08 00:27:46 - [INFO] - [512280345618546699] [LLM Success] Generation successful using model 'gemini-2.5-flash-lite' with API Key #0.
2025-10-08 00:27:46 - [INFO] - [512280345618546699] [/start] ✅ 地點提取成功: 魔法塔 > 書房。正在更新 GameState...
2025-10-08 00:27:46 - [INFO] - [512280345618546699] 接收到 profile 更新請求: ['game_state']
2025-10-08 00:27:46 - [INFO] - [512280345618546699] Profile 更新並持久化成功。
2025-10-08 00:27:46 - [INFO] - [512280345618546699] [後台創世] 開場白生成成功。
2025-10-08 00:27:46 - [INFO] - [512280345618546699] [後台創世] 正在向使用者私訊發送最終開場白...
2025-10-08 00:27:46 - [INFO] - [512280345618546699] [後台創世] 開場白發送完畢。
2025-10-08 00:27:46 - [INFO] - [512280345618546699] 後台創世流程結束，狀態鎖已釋放。
2025-10-08 00:27:55 - [INFO] - [512280345618546699] [LLM Success] Generation successful using model 'gemini-2.5-flash-lite' with API Key #0.
2025-10-08 00:27:55 - [INFO] - [512280345618546699] [LORE精煉-分批] 批次 #1/8: ✅ LLM 批量潤色成功。
2025-10-08 00:27:55 - [INFO] - [512280345618546699] [LORE精煉-分批] 批次 #4/8: 開始處理...
2025-10-08 00:27:55 - [INFO] - [512280345618546699] [Raw RAG] 正在為內部流程執行原始文檔檢索，查詢: '關於角色 '愛莉莎' 的所有已知資訊、背景故事、身份和關係。'
2025-10-08 00:27:55 - [INFO] - [512280345618546699] [Raw RAG] 正在為內部流程執行原始文檔檢索，查詢: '關於角色 '湯姆' 的所有已知資訊、背景故事、身份和關係。'
2025-10-08 00:27:55 - [INFO] - [512280345618546699] [Raw RAG] 正在為內部流程執行原始文檔檢索，查詢: '關於角色 '卡蓮' 的所有已知資訊、背景故事、身份和關係。'
2025-10-08 00:27:55 - [INFO] - [512280345618546699] [Raw RAG] 正在為內部流程執行原始文檔檢索，查詢: '關於角色 '里斯' 的所有已知資訊、背景故事、身份和關係。'
2025-10-08 00:27:55 - [INFO] - [512280345618546699] [Raw RAG] 正在為內部流程執行原始文檔檢索，查詢: '關於角色 '瑪倫' 的所有已知資訊、背景故事、身份和關係。'
2025-10-08 00:27:55 - [INFO] - [512280345618546699] [Raw RAG] 正在為內部流程執行原始文檔檢索，查詢: '關於角色 '艾拉' 的所有已知資訊、背景故事、身份和關係。'
2025-10-08 00:27:55 - [INFO] - [512280345618546699] [Raw RAG] 正在為內部流程執行原始文檔檢索，查詢: '關於角色 '瓦勒留斯' 的所有已知資訊、背景故事、身份和關係。'
2025-10-08 00:27:55 - [INFO] - [512280345618546699] [Raw RAG] 正在為內部流程執行原始文檔檢索，查詢: '關於角色 '卡爾•維利爾斯勳爵' 的所有已知資訊、背景故事、身份和關係。'
2025-10-08 00:27:55 - [INFO] - [512280345618546699] [Raw RAG] 正在為內部流程執行原始文檔檢索，查詢: '關於角色 '班恩' 的所有已知資訊、背景故事、身份和關係。'
2025-10-08 00:27:55 - [INFO] - [512280345618546699] [Raw RAG] 正在為內部流程執行原始文檔檢索，查詢: '關於角色 '里奧' 的所有已知資訊、背景故事、身份和關係。'
2025-10-08 00:27:55 - [INFO] - [512280345618546699] [Raw RAG] ✅ 成功檢索到 20 份原始文檔。
2025-10-08 00:27:57 - [INFO] - [512280345618546699] [Raw RAG] ✅ 成功檢索到 20 份原始文檔。
2025-10-08 00:27:59 - [INFO] - [512280345618546699] [Raw RAG] ✅ 成功檢索到 20 份原始文檔。
2025-10-08 00:28:02 - [INFO] - [512280345618546699] [Raw RAG] ✅ 成功檢索到 20 份原始文檔。
2025-10-08 00:28:04 - [INFO] - [512280345618546699] [Raw RAG] ✅ 成功檢索到 20 份原始文檔。
2025-10-08 00:28:06 - [INFO] - [512280345618546699] [Raw RAG] ✅ 成功檢索到 20 份原始文檔。
2025-10-08 00:28:08 - [INFO] - [512280345618546699] [Raw RAG] ✅ 成功檢索到 20 份原始文檔。
2025-10-08 00:28:10 - [INFO] - [512280345618546699] [Raw RAG] ✅ 成功檢索到 20 份原始文檔。
2025-10-08 00:28:13 - [INFO] - [512280345618546699] [Raw RAG] ✅ 成功檢索到 20 份原始文檔。
2025-10-08 00:28:15 - [INFO] - [512280345618546699] [Raw RAG] ✅ 成功檢索到 20 份原始文檔。
2025-10-08 00:28:17 - [INFO] - [512280345618546699] [LLM Success] Generation successful using model 'gemini-2.5-flash-lite' with API Key #0.
2025-10-08 00:28:17 - [INFO] - [512280345618546699] [LORE精煉-分批] 批次 #2/8: ✅ LLM 批量潤色成功。
2025-10-08 00:28:17 - [INFO] - [512280345618546699] [LORE精煉-分批] 批次 #5/8: 開始處理...
2025-10-08 00:28:17 - [INFO] - [512280345618546699] [Raw RAG] 正在為內部流程執行原始文檔檢索，查詢: '關於角色 '賈斯伯' 的所有已知資訊、背景故事、身份和關係。'
2025-10-08 00:28:17 - [INFO] - [512280345618546699] [Raw RAG] 正在為內部流程執行原始文檔檢索，查詢: '關於角色 '提姆' 的所有已知資訊、背景故事、身份和關係。'
2025-10-08 00:28:17 - [INFO] - [512280345618546699] [Raw RAG] 正在為內部流程執行原始文檔檢索，查詢: '關於角色 '安東尼' 的所有已知資訊、背景故事、身份和關係。'
2025-10-08 00:28:17 - [INFO] - [512280345618546699] [Raw RAG] 正在為內部流程執行原始文檔檢索，查詢: '關於角色 '澤拉' 的所有已知資訊、背景故事、身份和關係。'
2025-10-08 00:28:17 - [INFO] - [512280345618546699] [Raw RAG] 正在為內部流程執行原始文檔檢索，查詢: '關於角色 '布里奇特' 的所有已知資訊、背景故事、身份和關係。'
2025-10-08 00:28:17 - [INFO] - [512280345618546699] [Raw RAG] 正在為內部流程執行原始文檔檢索，查詢: '關於角色 '瓦萊麗' 的所有已知資訊、背景故事、身份和關係。'
2025-10-08 00:28:17 - [INFO] - [512280345618546699] [Raw RAG] 正在為內部流程執行原始文檔檢索，查詢: '關於角色 '蘇菲' 的所有已知資訊、背景故事、身份和關係。'
2025-10-08 00:28:17 - [INFO] - [512280345618546699] [Raw RAG] 正在為內部流程執行原始文檔檢索，查詢: '關於角色 '艾蜜莉' 的所有已知資訊、背景故事、身份和關係。'
2025-10-08 00:28:17 - [INFO] - [512280345618546699] [Raw RAG] 正在為內部流程執行原始文檔檢索，查詢: '關於角色 '為馬夫' 的所有已知資訊、背景故事、身份和關係。'
2025-10-08 00:28:17 - [INFO] - [512280345618546699] [Raw RAG] 正在為內部流程執行原始文檔檢索，查詢: '關於角色 '莉莉' 的所有已知資訊、背景故事、身份和關係。'
2025-10-08 00:28:17 - [INFO] - [512280345618546699] [LLM Success] Generation successful using model 'gemini-2.5-flash-lite' with API Key #0.
2025-10-08 00:28:17 - [INFO] - [512280345618546699] [LORE精煉-分批] 批次 #3/8: ✅ LLM 批量潤色成功。
2025-10-08 00:28:17 - [INFO] - [512280345618546699] [LORE精煉-分批] 批次 #6/8: 開始處理...
2025-10-08 00:28:17 - [INFO] - [512280345618546699] [Raw RAG] 正在為內部流程執行原始文檔檢索，查詢: '關於角色 '來問罪' 的所有已知資訊、背景故事、身份和關係。'
2025-10-08 00:28:17 - [INFO] - [512280345618546699] [Raw RAG] 正在為內部流程執行原始文檔檢索，查詢: '關於角色 '卡爾•' 的所有已知資訊、背景故事、身份和關係。'
2025-10-08 00:28:17 - [INFO] - [512280345618546699] [Raw RAG] 正在為內部流程執行原始文檔檢索，查詢: '關於角色 '(Kael)' 的所有已知資訊、背景故事、身份和關係。'
2025-10-08 00:28:17 - [INFO] - [512280345618546699] [Raw RAG] 正在為內部流程執行原始文檔檢索，查詢: '關於角色 'Lilith' 的所有已知資訊、背景故事、身份和關係。'
2025-10-08 00:28:17 - [INFO] - [512280345618546699] [Raw RAG] 正在為內部流程執行原始文檔檢索，查詢: '關於角色 '掘井人' 的所有已知資訊、背景故事、身份和關係。'
2025-10-08 00:28:17 - [INFO] - [512280345618546699] [Raw RAG] 正在為內部流程執行原始文檔檢索，查詢: '關於角色 '索菲亞' 的所有已知資訊、背景故事、身份和關係。'
2025-10-08 00:28:17 - [INFO] - [512280345618546699] [Raw RAG] 正在為內部流程執行原始文檔檢索，查詢: '關於角色 '泰莎' 的所有已知資訊、背景故事、身份和關係。'
2025-10-08 00:28:17 - [INFO] - [512280345618546699] [Raw RAG] 正在為內部流程執行原始文檔檢索，查詢: '關於角色 '露比' 的所有已知資訊、背景故事、身份和關係。'
2025-10-08 00:28:17 - [INFO] - [512280345618546699] [Raw RAG] 正在為內部流程執行原始文檔檢索，查詢: '關於角色 '老漢姆' 的所有已知資訊、背景故事、身份和關係。'
2025-10-08 00:28:17 - [INFO] - [512280345618546699] [Raw RAG] 正在為內部流程執行原始文檔檢索，查詢: '關於角色 '葛瑞塔' 的所有已知資訊、背景故事、身份和關係。'
2025-10-08 00:28:18 - [INFO] - [512280345618546699] [Raw RAG] ✅ 成功檢索到 20 份原始文檔。
2025-10-08 00:28:20 - [INFO] - [512280345618546699] [Raw RAG] ✅ 成功檢索到 20 份原始文檔。
2025-10-08 00:28:22 - [INFO] - [512280345618546699] [Raw RAG] ✅ 成功檢索到 20 份原始文檔。
2025-10-08 00:28:24 - [INFO] - [512280345618546699] [Raw RAG] ✅ 成功檢索到 20 份原始文檔。
2025-10-08 00:28:26 - [INFO] - [512280345618546699] [Raw RAG] ✅ 成功檢索到 20 份原始文檔。
2025-10-08 00:28:28 - [INFO] - [512280345618546699] [Raw RAG] ✅ 成功檢索到 20 份原始文檔。
2025-10-08 00:28:30 - [INFO] - [512280345618546699] [Raw RAG] ✅ 成功檢索到 20 份原始文檔。
2025-10-08 00:28:32 - [INFO] - [512280345618546699] [Raw RAG] ✅ 成功檢索到 20 份原始文檔。
2025-10-08 00:28:34 - [INFO] - [512280345618546699] [Raw RAG] ✅ 成功檢索到 20 份原始文檔。
2025-10-08 00:28:36 - [INFO] - [512280345618546699] [Raw RAG] ✅ 成功檢索到 20 份原始文檔。
2025-10-08 00:28:38 - [INFO] - [512280345618546699] [Raw RAG] ✅ 成功檢索到 20 份原始文檔。
2025-10-08 00:28:40 - [INFO] - [512280345618546699] [Raw RAG] ✅ 成功檢索到 20 份原始文檔。
2025-10-08 00:28:42 - [INFO] - [512280345618546699] [Raw RAG] ✅ 成功檢索到 20 份原始文檔。
2025-10-08 00:28:44 - [INFO] - [512280345618546699] [Raw RAG] ✅ 成功檢索到 20 份原始文檔。
2025-10-08 00:28:46 - [INFO] - [512280345618546699] [Raw RAG] ✅ 成功檢索到 20 份原始文檔。
2025-10-08 00:28:48 - [INFO] - [512280345618546699] [Raw RAG] ✅ 成功檢索到 20 份原始文檔。
2025-10-08 00:28:50 - [INFO] - [512280345618546699] [Raw RAG] ✅ 成功檢索到 20 份原始文檔。
2025-10-08 00:28:52 - [INFO] - [512280345618546699] [Raw RAG] ✅ 成功檢索到 20 份原始文檔。
2025-10-08 00:28:54 - [INFO] - [512280345618546699] [Raw RAG] ✅ 成功檢索到 20 份原始文檔。
2025-10-08 00:28:56 - [INFO] - [512280345618546699] [Raw RAG] ✅ 成功檢索到 20 份原始文檔。
2025-10-08 00:28:58 - [WARNING] - [512280345618546699] Key #0 遭遇臨時 API 錯誤。将在 1.33 秒後重試...
2025-10-08 00:29:10 - [INFO] - [512280345618546699] [LLM Success] Generation successful using model 'gemini-2.5-flash-lite' with API Key #0.
2025-10-08 00:29:10 - [INFO] - [512280345618546699] [LORE精煉-分批] 批次 #6/8: ✅ LLM 批量潤色成功。
2025-10-08 00:29:10 - [INFO] - [512280345618546699] [LORE精煉-分批] 批次 #7/8: 開始處理...
2025-10-08 00:29:10 - [INFO] - [512280345618546699] [Raw RAG] 正在為內部流程執行原始文檔檢索，查詢: '關於角色 '芬恩' 的所有已知資訊、背景故事、身份和關係。'
2025-10-08 00:29:10 - [INFO] - [512280345618546699] [Raw RAG] 正在為內部流程執行原始文檔檢索，查詢: '關於角色 '麥可' 的所有已知資訊、背景故事、身份和關係。'
2025-10-08 00:29:10 - [INFO] - [512280345618546699] [Raw RAG] 正在為內部流程執行原始文檔檢索，查詢: '關於角色 '蓋博' 的所有已知資訊、背景故事、身份和關係。'
2025-10-08 00:29:10 - [INFO] - [512280345618546699] [Raw RAG] 正在為內部流程執行原始文檔檢索，查詢: '關於角色 '連恩' 的所有已知資訊、背景故事、身份和關係。'
2025-10-08 00:29:10 - [INFO] - [512280345618546699] [Raw RAG] 正在為內部流程執行原始文檔檢索，查詢: '關於角色 '蓋博太太' 的所有已知資訊、背景故事、身份和關係。'
2025-10-08 00:29:10 - [INFO] - [512280345618546699] [Raw RAG] 正在為內部流程執行原始文檔檢索，查詢: '關於角色 '薩格納將軍' 的所有已知資訊、背景故事、身份和關係。'
2025-10-08 00:29:10 - [INFO] - [512280345618546699] [Raw RAG] 正在為內部流程執行原始文檔檢索，查詢: '關於角色 '菲利普•薩格納' 的所有已知資訊、背景故事、身份和關係。'
2025-10-08 00:29:10 - [INFO] - [512280345618546699] [Raw RAG] 正在為內部流程執行原始文檔檢索，查詢: '關於角色 '大皇子阿拉里克' 的所有已知資訊、背景故事、身份和關係。'
2025-10-08 00:29:10 - [INFO] - [512280345618546699] [Raw RAG] 正在為內部流程執行原始文檔檢索，查詢: '關於角色 '三皇子赫克托' 的所有已知資訊、背景故事、身份和關係。'
2025-10-08 00:29:10 - [INFO] - [512280345618546699] [Raw RAG] 正在為內部流程執行原始文檔檢索，查詢: '關於角色 '二公主塞拉菲娜' 的所有已知資訊、背景故事、身份和關係。'
2025-10-08 00:29:10 - [INFO] - [512280345618546699] [Raw RAG] ✅ 成功檢索到 20 份原始文檔。
2025-10-08 00:29:12 - [INFO] - [512280345618546699] [Raw RAG] ✅ 成功檢索到 20 份原始文檔。
2025-10-08 00:29:14 - [INFO] - [512280345618546699] [Raw RAG] ✅ 成功檢索到 20 份原始文檔。
2025-10-08 00:29:16 - [INFO] - [512280345618546699] [Raw RAG] ✅ 成功檢索到 20 份原始文檔。
2025-10-08 00:29:18 - [INFO] - [512280345618546699] [Raw RAG] ✅ 成功檢索到 20 份原始文檔。
2025-10-08 00:29:20 - [INFO] - [512280345618546699] [Raw RAG] ✅ 成功檢索到 20 份原始文檔。
2025-10-08 00:29:22 - [INFO] - [512280345618546699] [Raw RAG] ✅ 成功檢索到 20 份原始文檔。
2025-10-08 00:29:24 - [INFO] - [512280345618546699] [Raw RAG] ✅ 成功檢索到 20 份原始文檔。
2025-10-08 00:29:26 - [INFO] - [512280345618546699] [Raw RAG] ✅ 成功檢索到 20 份原始文檔。
2025-10-08 00:29:28 - [INFO] - [512280345618546699] [Raw RAG] ✅ 成功檢索到 20 份原始文檔。
2025-10-08 00:29:30 - [INFO] - [512280345618546699] [LLM Success] Generation successful using model 'gemini-2.5-flash-lite' with API Key #0.
2025-10-08 00:29:30 - [INFO] - [512280345618546699] [LORE精煉-分批] 批次 #5/8: ✅ LLM 批量潤色成功。
2025-10-08 00:29:30 - [INFO] - [512280345618546699] [LLM Success] Generation successful using model 'gemini-2.5-flash-lite' with API Key #0.
2025-10-08 00:29:30 - [INFO] - [512280345618546699] [LORE精煉-分批] 批次 #4/8: ✅ LLM 批量潤色成功。
2025-10-08 00:29:30 - [INFO] - [512280345618546699] [LORE精煉-分批] 批次 #8/8: 開始處理...
2025-10-08 00:29:30 - [INFO] - [512280345618546699] [Raw RAG] 正在為內部流程執行原始文檔檢索，查詢: '關於角色 '三皇女伊索爾德' 的所有已知資訊、背景故事、身份和關係。'
2025-10-08 00:29:30 - [INFO] - [512280345618546699] [Raw RAG] 正在為內部流程執行原始文檔檢索，查詢: '關於角色 '博林勳爵' 的所有已知資訊、背景故事、身份和關係。'
2025-10-08 00:29:30 - [INFO] - [512280345618546699] [Raw RAG] 正在為內部流程執行原始文檔檢索，查詢: '關於角色 '大主教安布羅斯' 的所有已知資訊、背景故事、身份和關係。'
2025-10-08 00:29:30 - [INFO] - [512280345618546699] [Raw RAG] 正在為內部流程執行原始文檔檢索，查詢: '關於角色 '巴納比' 的所有已知資訊、背景故事、身份和關係。'
2025-10-08 00:29:30 - [INFO] - [512280345618546699] [Raw RAG] 正在為內部流程執行原始文檔檢索，查詢: '關於角色 '奧斯華' 的所有已知資訊、背景故事、身份和關係。'
2025-10-08 00:29:30 - [INFO] - [512280345618546699] [Raw RAG] 正在為內部流程執行原始文檔檢索，查詢: '關於角色 '艾諾拉' 的所有已知資訊、背景故事、身份和關係。'
2025-10-08 00:29:30 - [INFO] - [512280345618546699] [Raw RAG] 正在為內部流程執行原始文檔檢索，查詢: '關於角色 '漢德瑞克師傅' 的所有已知資訊、背景故事、身份和關係。'
2025-10-08 00:29:30 - [INFO] - [512280345618546699] [Raw RAG] 正在為內部流程執行原始文檔檢索，查詢: '關於角色 '莉娜' 的所有已知資訊、背景故事、身份和關係。'
2025-10-08 00:29:30 - [INFO] - [512280345618546699] [Raw RAG] 正在為內部流程執行原始文檔檢索，查詢: '關於角色 '貝拉' 的所有已知資訊、背景故事、身份和關係。'
2025-10-08 00:29:30 - [INFO] - [512280345618546699] [Raw RAG] 正在為內部流程執行原始文檔檢索，查詢: '關於角色 '諾拉' 的所有已知資訊、背景故事、身份和關係。'
2025-10-08 00:29:31 - [INFO] - [512280345618546699] [Raw RAG] ✅ 成功檢索到 20 份原始文檔。
2025-10-08 00:29:33 - [INFO] - [512280345618546699] [Raw RAG] ✅ 成功檢索到 20 份原始文檔。
2025-10-08 00:29:35 - [INFO] - [512280345618546699] [Raw RAG] ✅ 成功檢索到 20 份原始文檔。
2025-10-08 00:29:37 - [INFO] - [512280345618546699] [Raw RAG] ✅ 成功檢索到 20 份原始文檔。
2025-10-08 00:29:39 - [INFO] - [512280345618546699] [Raw RAG] ✅ 成功檢索到 20 份原始文檔。
2025-10-08 00:29:41 - [INFO] - [512280345618546699] [Raw RAG] ✅ 成功檢索到 20 份原始文檔。
2025-10-08 00:29:43 - [INFO] - [512280345618546699] [Raw RAG] ✅ 成功檢索到 20 份原始文檔。
2025-10-08 00:29:45 - [INFO] - [512280345618546699] [Raw RAG] ✅ 成功檢索到 20 份原始文檔。
2025-10-08 00:29:47 - [INFO] - [512280345618546699] [Raw RAG] ✅ 成功檢索到 20 份原始文檔。
2025-10-08 00:29:49 - [INFO] - [512280345618546699] [Raw RAG] ✅ 成功檢索到 20 份原始文檔。
2025-10-08 00:29:51 - [INFO] - [512280345618546699] [LLM Success] Generation successful using model 'gemini-2.5-flash-lite' with API Key #0.
2025-10-08 00:29:51 - [INFO] - [512280345618546699] [LORE精煉-分批] 批次 #7/8: ✅ LLM 批量潤色成功。
2025-10-08 00:30:01 - [INFO] - [512280345618546699] [LLM Success] Generation successful using model 'gemini-2.5-flash-lite' with API Key #0.
2025-10-08 00:30:01 - [INFO] - [512280345618546699] [LORE精煉-分批] 批次 #8/8: ✅ LLM 批量潤色成功。
2025-10-08 00:30:01 - [INFO] - [512280345618546699] [LORE精煉-分批] 正在對 79 個成功精煉的檔案執行批次化資料庫更新...
2025-10-08 00:30:08 - [ERROR] - [512280345618546699] 分批並發 LORE 精煉服務主循環發生嚴重錯誤: (sqlite3.OperationalError) database is locked
[SQL: UPDATE lore_book SET content=?, timestamp=?, source=? WHERE lore_book.id = ?]
[parameters: ('{"name": "\\u611b\\u84ee\\u5a1c", "aliases": [], "alternative_names": [], "gender": "\\u5973\\u6027", "age": "\\u672a\\u77e5", "race": "\\u4eba\\u985 ... (483 characters truncated) ... 8cbb\\u5947": {"type": "\\u793e\\u4ea4\\u95dc\\u4fc2", "roles": ["\\u7236\\u89aa"]}}, "status": "\\u672a\\u77e5", "current_action": "\\u7ad9\\u8457"}', 1759854601.9483886, 'minibatch_refiner_v9_final', 30)]
(Background on this error at: https://sqlalche.me/e/20/e3q8)
Traceback (most recent call last):
  File "C:\Users\USER\AppData\Local\Programs\Python\Python310\lib\site-packages\sqlalchemy\engine\base.py", line 1967, in _exec_single_context
    self.dialect.do_execute(
  File "C:\Users\USER\AppData\Local\Programs\Python\Python310\lib\site-packages\sqlalchemy\engine\default.py", line 924, in do_execute
    cursor.execute(statement, parameters)
  File "C:\Users\USER\AppData\Local\Programs\Python\Python310\lib\site-packages\sqlalchemy\dialects\sqlite\aiosqlite.py", line 146, in execute
    self._adapt_connection._handle_exception(error)
  File "C:\Users\USER\AppData\Local\Programs\Python\Python310\lib\site-packages\sqlalchemy\dialects\sqlite\aiosqlite.py", line 298, in _handle_exception
    raise error
  File "C:\Users\USER\AppData\Local\Programs\Python\Python310\lib\site-packages\sqlalchemy\dialects\sqlite\aiosqlite.py", line 128, in execute
    self.await_(_cursor.execute(operation, parameters))
  File "C:\Users\USER\AppData\Local\Programs\Python\Python310\lib\site-packages\sqlalchemy\util\_concurrency_py3k.py", line 131, in await_only
    return current.driver.switch(awaitable)  # type: ignore[no-any-return]
  File "C:\Users\USER\AppData\Local\Programs\Python\Python310\lib\site-packages\sqlalchemy\util\_concurrency_py3k.py", line 196, in greenlet_spawn
    value = await result
  File "C:\Users\USER\AppData\Local\Programs\Python\Python310\lib\site-packages\aiosqlite\cursor.py", line 48, in execute
    await self._execute(self._cursor.execute, sql, parameters)
  File "C:\Users\USER\AppData\Local\Programs\Python\Python310\lib\site-packages\aiosqlite\cursor.py", line 40, in _execute
    return await self._conn._execute(fn, *args, **kwargs)
  File "C:\Users\USER\AppData\Local\Programs\Python\Python310\lib\site-packages\aiosqlite\core.py", line 132, in _execute
    return await future
  File "C:\Users\USER\AppData\Local\Programs\Python\Python310\lib\site-packages\aiosqlite\core.py", line 115, in run
    result = function()
sqlite3.OperationalError: database is locked

The above exception was the direct cause of the following exception:

Traceback (most recent call last):
  File "D:\DINO\SD\ComfyUI\personal_server\ai_lover_service\src\ai_core.py", line 3839, in _background_lore_refinement
    await asyncio.gather(*update_tasks)
  File "D:\DINO\SD\ComfyUI\personal_server\ai_lover_service\src\lore_book.py", line 65, in add_or_update_lore
    await session.commit()
  File "C:\Users\USER\AppData\Local\Programs\Python\Python310\lib\site-packages\sqlalchemy\ext\asyncio\session.py", line 1009, in commit
    await greenlet_spawn(self.sync_session.commit)
  File "C:\Users\USER\AppData\Local\Programs\Python\Python310\lib\site-packages\sqlalchemy\util\_concurrency_py3k.py", line 203, in greenlet_spawn
    result = context.switch(value)
  File "C:\Users\USER\AppData\Local\Programs\Python\Python310\lib\site-packages\sqlalchemy\orm\session.py", line 2017, in commit
    trans.commit(_to_root=True)
  File "<string>", line 2, in commit
  File "C:\Users\USER\AppData\Local\Programs\Python\Python310\lib\site-packages\sqlalchemy\orm\state_changes.py", line 139, in _go
    ret_value = fn(self, *arg, **kw)
  File "C:\Users\USER\AppData\Local\Programs\Python\Python310\lib\site-packages\sqlalchemy\orm\session.py", line 1302, in commit
    self._prepare_impl()
  File "<string>", line 2, in _prepare_impl
  File "C:\Users\USER\AppData\Local\Programs\Python\Python310\lib\site-packages\sqlalchemy\orm\state_changes.py", line 139, in _go
    ret_value = fn(self, *arg, **kw)
  File "C:\Users\USER\AppData\Local\Programs\Python\Python310\lib\site-packages\sqlalchemy\orm\session.py", line 1277, in _prepare_impl
    self.session.flush()
  File "C:\Users\USER\AppData\Local\Programs\Python\Python310\lib\site-packages\sqlalchemy\orm\session.py", line 4341, in flush
    self._flush(objects)
  File "C:\Users\USER\AppData\Local\Programs\Python\Python310\lib\site-packages\sqlalchemy\orm\session.py", line 4476, in _flush
    with util.safe_reraise():
  File "C:\Users\USER\AppData\Local\Programs\Python\Python310\lib\site-packages\sqlalchemy\util\langhelpers.py", line 146, in __exit__
    raise exc_value.with_traceback(exc_tb)
  File "C:\Users\USER\AppData\Local\Programs\Python\Python310\lib\site-packages\sqlalchemy\orm\session.py", line 4437, in _flush
    flush_context.execute()
  File "C:\Users\USER\AppData\Local\Programs\Python\Python310\lib\site-packages\sqlalchemy\orm\unitofwork.py", line 466, in execute
    rec.execute(self)
  File "C:\Users\USER\AppData\Local\Programs\Python\Python310\lib\site-packages\sqlalchemy\orm\unitofwork.py", line 642, in execute
    util.preloaded.orm_persistence.save_obj(
  File "C:\Users\USER\AppData\Local\Programs\Python\Python310\lib\site-packages\sqlalchemy\orm\persistence.py", line 85, in save_obj
    _emit_update_statements(
  File "C:\Users\USER\AppData\Local\Programs\Python\Python310\lib\site-packages\sqlalchemy\orm\persistence.py", line 912, in _emit_update_statements
    c = connection.execute(
  File "C:\Users\USER\AppData\Local\Programs\Python\Python310\lib\site-packages\sqlalchemy\engine\base.py", line 1418, in execute
    return meth(
  File "C:\Users\USER\AppData\Local\Programs\Python\Python310\lib\site-packages\sqlalchemy\sql\elements.py", line 515, in _execute_on_connection
    return connection._execute_clauseelement(
  File "C:\Users\USER\AppData\Local\Programs\Python\Python310\lib\site-packages\sqlalchemy\engine\base.py", line 1640, in _execute_clauseelement
    ret = self._execute_context(
  File "C:\Users\USER\AppData\Local\Programs\Python\Python310\lib\site-packages\sqlalchemy\engine\base.py", line 1846, in _execute_context
    return self._exec_single_context(
  File "C:\Users\USER\AppData\Local\Programs\Python\Python310\lib\site-packages\sqlalchemy\engine\base.py", line 1986, in _exec_single_context
    self._handle_dbapi_exception(
  File "C:\Users\USER\AppData\Local\Programs\Python\Python310\lib\site-packages\sqlalchemy\engine\base.py", line 2353, in _handle_dbapi_exception
    raise sqlalchemy_exception.with_traceback(exc_info[2]) from e
  File "C:\Users\USER\AppData\Local\Programs\Python\Python310\lib\site-packages\sqlalchemy\engine\base.py", line 1967, in _exec_single_context
    self.dialect.do_execute(
  File "C:\Users\USER\AppData\Local\Programs\Python\Python310\lib\site-packages\sqlalchemy\engine\default.py", line 924, in do_execute
    cursor.execute(statement, parameters)
  File "C:\Users\USER\AppData\Local\Programs\Python\Python310\lib\site-packages\sqlalchemy\dialects\sqlite\aiosqlite.py", line 146, in execute
    self._adapt_connection._handle_exception(error)
  File "C:\Users\USER\AppData\Local\Programs\Python\Python310\lib\site-packages\sqlalchemy\dialects\sqlite\aiosqlite.py", line 298, in _handle_exception
    raise error
  File "C:\Users\USER\AppData\Local\Programs\Python\Python310\lib\site-packages\sqlalchemy\dialects\sqlite\aiosqlite.py", line 128, in execute
    self.await_(_cursor.execute(operation, parameters))
  File "C:\Users\USER\AppData\Local\Programs\Python\Python310\lib\site-packages\sqlalchemy\util\_concurrency_py3k.py", line 131, in await_only
    return current.driver.switch(awaitable)  # type: ignore[no-any-return]
  File "C:\Users\USER\AppData\Local\Programs\Python\Python310\lib\site-packages\sqlalchemy\util\_concurrency_py3k.py", line 196, in greenlet_spawn
    value = await result
  File "C:\Users\USER\AppData\Local\Programs\Python\Python310\lib\site-packages\aiosqlite\cursor.py", line 48, in execute
    await self._execute(self._cursor.execute, sql, parameters)
  File "C:\Users\USER\AppData\Local\Programs\Python\Python310\lib\site-packages\aiosqlite\cursor.py", line 40, in _execute
    return await self._conn._execute(fn, *args, **kwargs)
  File "C:\Users\USER\AppData\Local\Programs\Python\Python310\lib\site-packages\aiosqlite\core.py", line 132, in _execute
    return await future
  File "C:\Users\USER\AppData\Local\Programs\Python\Python310\lib\site-packages\aiosqlite\core.py", line 115, in run
    result = function()
sqlalchemy.exc.OperationalError: (sqlite3.OperationalError) database is locked
[SQL: UPDATE lore_book SET content=?, timestamp=?, source=? WHERE lore_book.id = ?]
[parameters: ('{"name": "\\u611b\\u84ee\\u5a1c", "aliases": [], "alternative_names": [], "gender": "\\u5973\\u6027", "age": "\\u672a\\u77e5", "race": "\\u4eba\\u985 ... (483 characters truncated) ... 8cbb\\u5947": {"type": "\\u793e\\u4ea4\\u95dc\\u4fc2", "roles": ["\\u7236\\u89aa"]}}, "status": "\\u672a\\u77e5", "current_action": "\\u7ad9\\u8457"}', 1759854601.9483886, 'minibatch_refiner_v9_final', 30)]
(Background on this error at: https://sqlalche.me/e/20/e3q8)
2025-10-08 00:38:59 - [INFO] - 正在加載核心 Cog (core_cog)...
2025-10-08 00:39:04 - [INFO] - ✅ 核心 Cog (core_cog) 已加載，並且所有持久化視圖已成功註冊。
2025-10-08 00:39:04 - [INFO] - ✅ 核心 Cog 加載成功。
2025-10-08 00:39:04 - [INFO] - 正在全域同步應用程式指令...
2025-10-08 00:39:05 - [INFO] - ✅ 指令已全域同步！
2025-10-08 00:39:05 - [INFO] - Discord Bot setup hook finished!
2025-10-08 00:39:07 - [INFO] - Logged in as AI#4450 (ID: 1358417100250808531)
2025-10-08 00:39:08 - [INFO] - 已成功發送啟動成功通知給管理員。
2025-10-08 00:40:20 - [INFO] - 正在加載核心 Cog (core_cog)...
2025-10-08 00:40:20 - [ERROR] - 🔥 核心 Cog 加載失敗: Extension 'src.cogs.core_cog' raised an error: SyntaxError: invalid character '，' (U+FF0C) (ai_core.py, line 3864)
Traceback (most recent call last):
  File "C:\Users\USER\AppData\Local\Programs\Python\Python310\lib\site-packages\discord\ext\commands\bot.py", line 935, in _load_from_module_spec
    spec.loader.exec_module(lib)  # type: ignore
  File "<frozen importlib._bootstrap_external>", line 883, in exec_module
  File "<frozen importlib._bootstrap>", line 241, in _call_with_frames_removed
  File "D:\DINO\SD\ComfyUI\personal_server\ai_lover_service\src\cogs\core_cog.py", line 28, in <module>
    from ..ai_core import AILover, GENERATION_MODEL_PRIORITY
  File "D:\DINO\SD\ComfyUI\personal_server\ai_lover_service\src\ai_core.py", line 3864
    至此，我們已經從根本上解決了 `database is locked` 的問題。通過將並行寫入改為單一事務內的串行更新，我們確保了資料庫操作的原子性和安全性，同時也提高了整體效率。
      ^
SyntaxError: invalid character '，' (U+FF0C)

The above exception was the direct cause of the following exception:

Traceback (most recent call last):
  File "D:\DINO\SD\ComfyUI\personal_server\ai_lover_service\src\discord_bot.py", line 41, in setup_hook
    await self.load_extension("src.cogs.core_cog")
  File "C:\Users\USER\AppData\Local\Programs\Python\Python310\lib\site-packages\discord\ext\commands\bot.py", line 1013, in load_extension
    await self._load_from_module_spec(spec, name)
  File "C:\Users\USER\AppData\Local\Programs\Python\Python310\lib\site-packages\discord\ext\commands\bot.py", line 938, in _load_from_module_spec
    raise errors.ExtensionFailed(key, e) from e
discord.ext.commands.errors.ExtensionFailed: Extension 'src.cogs.core_cog' raised an error: SyntaxError: invalid character '，' (U+FF0C) (ai_core.py, line 3864)
2025-10-08 00:43:44 - [INFO] - 正在加載核心 Cog (core_cog)...
2025-10-08 00:43:47 - [INFO] - ✅ 核心 Cog (core_cog) 已加載，並且所有持久化視圖已成功註冊。
2025-10-08 00:43:47 - [INFO] - ✅ 核心 Cog 加載成功。
2025-10-08 00:43:47 - [INFO] - 正在全域同步應用程式指令...
2025-10-08 00:43:48 - [INFO] - ✅ 指令已全域同步！
2025-10-08 00:43:48 - [INFO] - Discord Bot setup hook finished!
2025-10-08 00:43:50 - [INFO] - Logged in as AI#4450 (ID: 1358417100250808531)
2025-10-08 00:43:53 - [INFO] - 已成功發送啟動成功通知給管理員。
