### AI Lover Log - Last updated at 2025-10-12T09:07:21.396453 ###

Traceback (most recent call last):
  File "D:\DINO\SD\ComfyUI\personal_server\ai_lover_service\src\ai_core.py", line 1905, in _invoke_local_ollama_parser
    response = await client.post("http://localhost:11434/api/generate", json=payload)
  File "C:\Users\USER\AppData\Local\Programs\Python\Python310\lib\site-packages\httpx\_client.py", line 1892, in post
    return await self.request(
  File "C:\Users\USER\AppData\Local\Programs\Python\Python310\lib\site-packages\httpx\_client.py", line 1574, in request
    return await self.send(request, auth=auth, follow_redirects=follow_redirects)
  File "C:\Users\USER\AppData\Local\Programs\Python\Python310\lib\site-packages\httpx\_client.py", line 1661, in send
    response = await self._send_handling_auth(
  File "C:\Users\USER\AppData\Local\Programs\Python\Python310\lib\site-packages\httpx\_client.py", line 1689, in _send_handling_auth
    response = await self._send_handling_redirects(
  File "C:\Users\USER\AppData\Local\Programs\Python\Python310\lib\site-packages\httpx\_client.py", line 1726, in _send_handling_redirects
    response = await self._send_single_request(request)
  File "C:\Users\USER\AppData\Local\Programs\Python\Python310\lib\site-packages\httpx\_client.py", line 1763, in _send_single_request
    response = await transport.handle_async_request(request)
  File "C:\Users\USER\AppData\Local\Programs\Python\Python310\lib\site-packages\httpx\_transports\default.py", line 372, in handle_async_request
    with map_httpcore_exceptions():
  File "C:\Users\USER\AppData\Local\Programs\Python\Python310\lib\contextlib.py", line 153, in __exit__
    self.gen.throw(typ, value, traceback)
  File "C:\Users\USER\AppData\Local\Programs\Python\Python310\lib\site-packages\httpx\_transports\default.py", line 86, in map_httpcore_exceptions
    raise mapped_exc(message) from exc
httpx.ReadTimeout
2025-10-12 00:34:33 - [WARNING] - [512280345618546699] [æœ¬åœ°æ‰§è¡Œå•å…ƒ-å¤‡æ´] æ­£åœ¨è§¸ç™¼ã€ç´”ç¨‹å¼ç¢¼å‚™æ´æ–¹æ¡ˆã€‘ï¼Œä»¥ç¡®ä¿æ•°æ®ä¿çœŸåº¦...
2025-10-12 00:34:34 - [INFO] - [512280345618546699] [æœ¬åœ°æ‰§è¡Œå•å…ƒ-å¤‡æ´] âœ… ç´”ç¨‹å¼ç¢¼å‚™æ´æ‰§è¡Œå®Œæ¯•ã€‚
2025-10-12 00:34:34 - [INFO] - [512280345618546699] [æ€»æŒ‡æŒ¥-P5] æ­£åœ¨å°†æœ€ç»ˆçš„ 333 ä¸ªLOREæ¡£æ¡ˆæŒä¹…åŒ–åˆ°èµ„æ–™åº“...
2025-10-12 00:35:08 - [INFO] - [512280345618546699] [æ•°æ®å…¥å£-è½¨é“B] âœ… ã€ç»ˆææ¶æ„v4.1ï¼šä¸Šä¸‹æ–‡éš”ç¦»ã€‘LOREè§£æç®¡çº¿æ‰§è¡Œå®Œæ¯•ã€‚
2025-10-12 00:35:08 - [INFO] - [512280345618546699] [å¾Œå°å‰µä¸–] æ­¥é©Ÿ 2/3: æœ¬åœ°é è§£ææˆåŠŸï¼Œæ­£åœ¨åŸ·è¡Œæ™ºèƒ½èšåˆ...
2025-10-12 00:35:08 - [ERROR] - [512280345618546699] å¾Œå°å‰µä¸–æµç¨‹ç™¼ç”Ÿåš´é‡éŒ¯èª¤: 'list' object has no attribute 'npc_profiles'
Traceback (most recent call last):
  File "D:\DINO\SD\ComfyUI\personal_server\ai_lover_service\src\cogs\core_cog.py", line 1153, in _perform_full_setup_flow
    if parsed_canon.npc_profiles: all_lores_to_process.extend([(p, 'characterprofile') for p in parsed_canon.npc_profiles])
AttributeError: 'list' object has no attribute 'npc_profiles'
2025-10-12 00:35:09 - [INFO] - [512280345618546699] å¾Œå°å‰µä¸–æµç¨‹çµæŸï¼Œç‹€æ…‹é–å·²é‡‹æ”¾ã€‚
2025-10-12 00:37:57 - [INFO] - æ­£åœ¨åŠ è¼‰æ ¸å¿ƒ Cog (core_cog)...
2025-10-12 00:37:57 - [ERROR] - ğŸ”¥ æ ¸å¿ƒ Cog åŠ è¼‰å¤±æ•—: Extension 'src.cogs.core_cog' raised an error: SyntaxError: unmatched ')' (core_cog.py, line 1132)
Traceback (most recent call last):
  File "C:\Users\USER\AppData\Local\Programs\Python\Python310\lib\site-packages\discord\ext\commands\bot.py", line 935, in _load_from_module_spec
    spec.loader.exec_module(lib)  # type: ignore
  File "<frozen importlib._bootstrap_external>", line 879, in exec_module
  File "<frozen importlib._bootstrap_external>", line 1017, in get_code
  File "<frozen importlib._bootstrap_external>", line 947, in source_to_code
  File "<frozen importlib._bootstrap>", line 241, in _call_with_frames_removed
  File "D:\DINO\SD\ComfyUI\personal_server\ai_lover_service\src\cogs\core_cog.py", line 1132
    pafinal_profiles = await ai_instance.parse_and_create_lore_from_canon(canon_text)canon_text)
                                                                                               ^
SyntaxError: unmatched ')'

The above exception was the direct cause of the following exception:

Traceback (most recent call last):
  File "D:\DINO\SD\ComfyUI\personal_server\ai_lover_service\src\discord_bot.py", line 41, in setup_hook
    await self.load_extension("src.cogs.core_cog")
  File "C:\Users\USER\AppData\Local\Programs\Python\Python310\lib\site-packages\discord\ext\commands\bot.py", line 1013, in load_extension
    await self._load_from_module_spec(spec, name)
  File "C:\Users\USER\AppData\Local\Programs\Python\Python310\lib\site-packages\discord\ext\commands\bot.py", line 938, in _load_from_module_spec
    raise errors.ExtensionFailed(key, e) from e
discord.ext.commands.errors.ExtensionFailed: Extension 'src.cogs.core_cog' raised an error: SyntaxError: unmatched ')' (core_cog.py, line 1132)
2025-10-12 00:47:04 - [INFO] - æ­£åœ¨åŠ è¼‰æ ¸å¿ƒ Cog (core_cog)...
2025-10-12 00:47:04 - [ERROR] - ğŸ”¥ æ ¸å¿ƒ Cog åŠ è¼‰å¤±æ•—: Extension 'src.cogs.core_cog' raised an error: SyntaxError: unmatched ')' (core_cog.py, line 1132)
Traceback (most recent call last):
  File "C:\Users\USER\AppData\Local\Programs\Python\Python310\lib\site-packages\discord\ext\commands\bot.py", line 935, in _load_from_module_spec
    spec.loader.exec_module(lib)  # type: ignore
  File "<frozen importlib._bootstrap_external>", line 879, in exec_module
  File "<frozen importlib._bootstrap_external>", line 1017, in get_code
  File "<frozen importlib._bootstrap_external>", line 947, in source_to_code
  File "<frozen importlib._bootstrap>", line 241, in _call_with_frames_removed
  File "D:\DINO\SD\ComfyUI\personal_server\ai_lover_service\src\cogs\core_cog.py", line 1132
    pafinal_profiles = await ai_instance.parse_and_create_lore_from_canon(canon_text)canon_text)
                                                                                               ^
SyntaxError: unmatched ')'

The above exception was the direct cause of the following exception:

Traceback (most recent call last):
  File "D:\DINO\SD\ComfyUI\personal_server\ai_lover_service\src\discord_bot.py", line 41, in setup_hook
    await self.load_extension("src.cogs.core_cog")
  File "C:\Users\USER\AppData\Local\Programs\Python\Python310\lib\site-packages\discord\ext\commands\bot.py", line 1013, in load_extension
    await self._load_from_module_spec(spec, name)
  File "C:\Users\USER\AppData\Local\Programs\Python\Python310\lib\site-packages\discord\ext\commands\bot.py", line 938, in _load_from_module_spec
    raise errors.ExtensionFailed(key, e) from e
discord.ext.commands.errors.ExtensionFailed: Extension 'src.cogs.core_cog' raised an error: SyntaxError: unmatched ')' (core_cog.py, line 1132)
2025-10-12 00:49:25 - [INFO] - æ­£åœ¨åŠ è¼‰æ ¸å¿ƒ Cog (core_cog)...
2025-10-12 00:49:31 - [INFO] - âœ… æ ¸å¿ƒ Cog (core_cog) å·²åŠ è¼‰ï¼Œä¸¦ä¸”æ‰€æœ‰æŒä¹…åŒ–è¦–åœ–å·²æˆåŠŸè¨»å†Šã€‚
2025-10-12 00:49:31 - [INFO] - âœ… æ ¸å¿ƒ Cog åŠ è¼‰æˆåŠŸã€‚
2025-10-12 00:49:31 - [INFO] - æ­£åœ¨å…¨åŸŸåŒæ­¥æ‡‰ç”¨ç¨‹å¼æŒ‡ä»¤...
2025-10-12 00:49:31 - [INFO] - âœ… æŒ‡ä»¤å·²å…¨åŸŸåŒæ­¥ï¼
2025-10-12 00:49:31 - [INFO] - Discord Bot setup hook finished!
2025-10-12 00:49:34 - [INFO] - Logged in as AI#4450 (ID: 1358417100250808531)
2025-10-12 00:49:34 - [INFO] - å·²æˆåŠŸç™¼é€å•Ÿå‹•æˆåŠŸé€šçŸ¥çµ¦ç®¡ç†å“¡ã€‚
2025-10-12 01:05:19 - [INFO] - [512280345618546699] [Data Reset] æ­£åœ¨å•Ÿå‹•ä½¿ç”¨è€…è³‡æ–™é‡ç½®æµç¨‹...
2025-10-12 01:05:20 - [INFO] - [512280345618546699] [Data Reset] æ‰€æœ‰ç›¸é—œçš„è³‡æ–™åº«è¨˜éŒ„å·²æˆåŠŸåˆªé™¤ã€‚
2025-10-12 01:05:20 - [INFO] - [512280345618546699] [Data Reset] å‘é‡å„²å­˜ç›®éŒ„ 'D:\DINO\SD\ComfyUI\personal_server\ai_lover_service\data\vector_stores\512280345618546699' å·²æˆåŠŸåˆªé™¤ã€‚
2025-10-12 01:05:20 - [INFO] - [512280345618546699] [Data Reset] è³‡æ–™é‡ç½®æµç¨‹å·²å…¨éƒ¨å®Œæˆã€‚
2025-10-12 01:05:22 - [INFO] - [512280345618546699] (UI Event) Persistent 'StartSetupView' button clicked.
2025-10-12 01:05:27 - [INFO] - ä½¿ç”¨è€… 512280345618546699 æ²’æœ‰æ´»èºçš„ AI å¯¦ä¾‹ï¼Œå˜—è©¦å‰µå»º...
2025-10-12 01:05:27 - [INFO] - [512280345618546699] è™•æ–¼è¨­å®šæµç¨‹ä¸­ï¼Œå³ä½¿è³‡æ–™åº«ç„¡è¨˜éŒ„ï¼Œä¹Ÿå‰µå»ºä¸€å€‹è‡¨æ™‚çš„è¨˜æ†¶é«”å¯¦ä¾‹ã€‚
2025-10-12 01:05:27 - [INFO] - [512280345618546699] æ ¸å¿ƒæ•¸æ“šæ¨¡æ¿ 'world_snapshot_template.txt' å·²æˆåŠŸåŠ è¼‰ã€‚
2025-10-12 01:05:27 - [INFO] - [512280345618546699] æ ¸å¿ƒå”è­° '00_supreme_directive.txt' å·²æˆåŠŸåŠ è¼‰ã€‚
2025-10-12 01:05:27 - [INFO] - â„¹ï¸ [Embedding Loader] æ­£åœ¨å•Ÿå‹•ã€ç´”æœ¬åœ° RAGã€‘Embedding å¼•æ“...
2025-10-12 01:05:27 - [INFO] -    - æª¢æ¸¬åˆ°æœ¬åœ°æ¨¡å‹è·¯å¾‘ï¼Œæ­£åœ¨å˜—è©¦å¾ 'D:\DINO\SD\ComfyUI\personal_server\ai_lover_service\models\stella-base-zh-v2' åŠ è¼‰...
2025-10-12 01:05:36 - [INFO] - âœ… [Embedding Loader] ç´”æœ¬åœ° Embedding æ¨¡å‹æˆåŠŸåŠ è¼‰ã€‚
2025-10-12 01:05:36 - [INFO] - [512280345618546699] æ‰€æœ‰è¼•é‡ç´šå‰ç½®è³‡æºå·²æº–å‚™å°±ç·’ (RAG å‰µå»ºå·²å»¶é²)ã€‚
2025-10-12 01:05:36 - [INFO] - [512280345618546699] æ¥æ”¶åˆ° profile æ›´æ–°è«‹æ±‚: ['world_settings']
2025-10-12 01:05:36 - [WARNING] - [512280345618546699] åœ¨æŒä¹…åŒ–æ›´æ–°æ™‚æ‰¾ä¸åˆ°ä½¿ç”¨è€…è³‡æ–™ï¼Œå°‡å‰µå»ºæ–°è¨˜éŒ„ã€‚
2025-10-12 01:05:36 - [INFO] - [512280345618546699] Profile æ›´æ–°ä¸¦æŒä¹…åŒ–æˆåŠŸã€‚
2025-10-12 01:05:38 - [INFO] - [512280345618546699] (UI Event) Persistent 'ContinueToUserSetupView' button clicked.
2025-10-12 01:05:47 - [INFO] - [512280345618546699] (UI Event) CharacterSettingsModal submitted for profile_type: 'user', is_setup_flow: True
2025-10-12 01:05:48 - [INFO] - [512280345618546699] æ¥æ”¶åˆ° profile æ›´æ–°è«‹æ±‚: ['user_profile']
2025-10-12 01:05:48 - [INFO] - [512280345618546699] Profile æ›´æ–°ä¸¦æŒä¹…åŒ–æˆåŠŸã€‚
2025-10-12 01:05:49 - [INFO] - [512280345618546699] (UI Event) Persistent 'ContinueToAiSetupView' button clicked.
2025-10-12 01:05:59 - [INFO] - [512280345618546699] (UI Event) CharacterSettingsModal submitted for profile_type: 'ai', is_setup_flow: True
2025-10-12 01:05:59 - [INFO] - [512280345618546699] æ¥æ”¶åˆ° profile æ›´æ–°è«‹æ±‚: ['ai_profile']
2025-10-12 01:05:59 - [INFO] - [512280345618546699] Profile æ›´æ–°ä¸¦æŒä¹…åŒ–æˆåŠŸã€‚
2025-10-12 01:06:01 - [INFO] - [512280345618546699] [å‰µä¸–æµç¨‹] æª”æ¡ˆä¸Šå‚³é–‹å§‹ï¼Œå·²è¨­å®š active_setups ç‹€æ…‹é–ã€‚
2025-10-12 01:06:07 - [INFO] - [512280345618546699] (on_message) åµæ¸¬åˆ°ç”¨æˆ¶è™•æ–¼æ´»èºçš„å‰µä¸–æµç¨‹ä¸­ï¼Œå·²å¿½ç•¥å¸¸è¦è¨Šæ¯ '...' ä»¥é˜²æ­¢ç«¶çˆ­ã€‚
2025-10-12 01:06:10 - [ERROR] - [512280345618546699] åœ¨ç­‰å¾…æª”æ¡ˆä¸Šå‚³æ™‚ç™¼ç”ŸéŒ¯èª¤: BotCog._perform_full_setup_flow() got an unexpected keyword argument 'user'
Traceback (most recent call last):
  File "D:\DINO\SD\ComfyUI\personal_server\ai_lover_service\src\cogs\core_cog.py", line 310, in upload_canon
    asyncio.create_task(self.cog._perform_full_setup_flow(user=interaction.user, canon_text=content_text))
TypeError: BotCog._perform_full_setup_flow() got an unexpected keyword argument 'user'
2025-10-12 01:22:31 - [INFO] - æ­£åœ¨åŠ è¼‰æ ¸å¿ƒ Cog (core_cog)...
2025-10-12 01:22:37 - [INFO] - âœ… æ ¸å¿ƒ Cog (core_cog) å·²åŠ è¼‰ï¼Œä¸¦ä¸”æ‰€æœ‰æŒä¹…åŒ–è¦–åœ–å·²æˆåŠŸè¨»å†Šã€‚
2025-10-12 01:22:37 - [INFO] - âœ… æ ¸å¿ƒ Cog åŠ è¼‰æˆåŠŸã€‚
2025-10-12 01:22:37 - [INFO] - æ­£åœ¨å…¨åŸŸåŒæ­¥æ‡‰ç”¨ç¨‹å¼æŒ‡ä»¤...
2025-10-12 01:22:38 - [INFO] - âœ… æŒ‡ä»¤å·²å…¨åŸŸåŒæ­¥ï¼
2025-10-12 01:22:38 - [INFO] - Discord Bot setup hook finished!
2025-10-12 01:22:40 - [INFO] - Logged in as AI#4450 (ID: 1358417100250808531)
2025-10-12 01:22:42 - [INFO] - å·²æˆåŠŸç™¼é€å•Ÿå‹•æˆåŠŸé€šçŸ¥çµ¦ç®¡ç†å“¡ã€‚
2025-10-12 01:23:21 - [INFO] - æ­£åœ¨åŠ è¼‰æ ¸å¿ƒ Cog (core_cog)...
2025-10-12 01:23:25 - [INFO] - âœ… æ ¸å¿ƒ Cog (core_cog) å·²åŠ è¼‰ï¼Œä¸¦ä¸”æ‰€æœ‰æŒä¹…åŒ–è¦–åœ–å·²æˆåŠŸè¨»å†Šã€‚
2025-10-12 01:23:25 - [INFO] - âœ… æ ¸å¿ƒ Cog åŠ è¼‰æˆåŠŸã€‚
2025-10-12 01:23:25 - [INFO] - æ­£åœ¨å…¨åŸŸåŒæ­¥æ‡‰ç”¨ç¨‹å¼æŒ‡ä»¤...
2025-10-12 01:23:26 - [INFO] - âœ… æŒ‡ä»¤å·²å…¨åŸŸåŒæ­¥ï¼
2025-10-12 01:23:26 - [INFO] - Discord Bot setup hook finished!
2025-10-12 01:23:28 - [INFO] - Logged in as AI#4450 (ID: 1358417100250808531)
2025-10-12 01:23:29 - [INFO] - å·²æˆåŠŸç™¼é€å•Ÿå‹•æˆåŠŸé€šçŸ¥çµ¦ç®¡ç†å“¡ã€‚
2025-10-12 01:23:57 - [INFO] - [512280345618546699] [Data Reset] æ­£åœ¨å•Ÿå‹•ä½¿ç”¨è€…è³‡æ–™é‡ç½®æµç¨‹...
2025-10-12 01:23:57 - [INFO] - [512280345618546699] [Data Reset] æ‰€æœ‰ç›¸é—œçš„è³‡æ–™åº«è¨˜éŒ„å·²æˆåŠŸåˆªé™¤ã€‚
2025-10-12 01:23:57 - [INFO] - [512280345618546699] [Data Reset] å‘é‡å„²å­˜ç›®éŒ„ 'D:\DINO\SD\ComfyUI\personal_server\ai_lover_service\data\vector_stores\512280345618546699' å·²æˆåŠŸåˆªé™¤ã€‚
2025-10-12 01:23:57 - [INFO] - [512280345618546699] [Data Reset] è³‡æ–™é‡ç½®æµç¨‹å·²å…¨éƒ¨å®Œæˆã€‚
2025-10-12 01:23:59 - [INFO] - [512280345618546699] (UI Event) Persistent 'StartSetupView' button clicked.
2025-10-12 01:24:04 - [INFO] - ä½¿ç”¨è€… 512280345618546699 æ²’æœ‰æ´»èºçš„ AI å¯¦ä¾‹ï¼Œå˜—è©¦å‰µå»º...
2025-10-12 01:24:04 - [INFO] - [512280345618546699] è™•æ–¼è¨­å®šæµç¨‹ä¸­ï¼Œå³ä½¿è³‡æ–™åº«ç„¡è¨˜éŒ„ï¼Œä¹Ÿå‰µå»ºä¸€å€‹è‡¨æ™‚çš„è¨˜æ†¶é«”å¯¦ä¾‹ã€‚
2025-10-12 01:24:04 - [INFO] - [512280345618546699] æ ¸å¿ƒæ•¸æ“šæ¨¡æ¿ 'world_snapshot_template.txt' å·²æˆåŠŸåŠ è¼‰ã€‚
2025-10-12 01:24:04 - [INFO] - [512280345618546699] æ ¸å¿ƒå”è­° '00_supreme_directive.txt' å·²æˆåŠŸåŠ è¼‰ã€‚
2025-10-12 01:24:04 - [INFO] - â„¹ï¸ [Embedding Loader] æ­£åœ¨å•Ÿå‹•ã€ç´”æœ¬åœ° RAGã€‘Embedding å¼•æ“...
2025-10-12 01:24:04 - [INFO] -    - æª¢æ¸¬åˆ°æœ¬åœ°æ¨¡å‹è·¯å¾‘ï¼Œæ­£åœ¨å˜—è©¦å¾ 'D:\DINO\SD\ComfyUI\personal_server\ai_lover_service\models\stella-base-zh-v2' åŠ è¼‰...
2025-10-12 01:24:12 - [INFO] - âœ… [Embedding Loader] ç´”æœ¬åœ° Embedding æ¨¡å‹æˆåŠŸåŠ è¼‰ã€‚
2025-10-12 01:24:12 - [INFO] - [512280345618546699] æ‰€æœ‰è¼•é‡ç´šå‰ç½®è³‡æºå·²æº–å‚™å°±ç·’ (RAG å‰µå»ºå·²å»¶é²)ã€‚
2025-10-12 01:24:12 - [INFO] - [512280345618546699] æ¥æ”¶åˆ° profile æ›´æ–°è«‹æ±‚: ['world_settings']
2025-10-12 01:24:12 - [WARNING] - [512280345618546699] åœ¨æŒä¹…åŒ–æ›´æ–°æ™‚æ‰¾ä¸åˆ°ä½¿ç”¨è€…è³‡æ–™ï¼Œå°‡å‰µå»ºæ–°è¨˜éŒ„ã€‚
2025-10-12 01:24:12 - [INFO] - [512280345618546699] Profile æ›´æ–°ä¸¦æŒä¹…åŒ–æˆåŠŸã€‚
2025-10-12 01:24:14 - [INFO] - [512280345618546699] (UI Event) Persistent 'ContinueToUserSetupView' button clicked.
2025-10-12 01:24:23 - [INFO] - [512280345618546699] (UI Event) CharacterSettingsModal submitted for profile_type: 'user', is_setup_flow: True
2025-10-12 01:24:23 - [INFO] - [512280345618546699] æ¥æ”¶åˆ° profile æ›´æ–°è«‹æ±‚: ['user_profile']
2025-10-12 01:24:23 - [INFO] - [512280345618546699] Profile æ›´æ–°ä¸¦æŒä¹…åŒ–æˆåŠŸã€‚
2025-10-12 01:24:25 - [INFO] - [512280345618546699] (UI Event) Persistent 'ContinueToAiSetupView' button clicked.
2025-10-12 01:24:34 - [INFO] - [512280345618546699] (UI Event) CharacterSettingsModal submitted for profile_type: 'ai', is_setup_flow: True
2025-10-12 01:24:35 - [INFO] - [512280345618546699] æ¥æ”¶åˆ° profile æ›´æ–°è«‹æ±‚: ['ai_profile']
2025-10-12 01:24:35 - [INFO] - [512280345618546699] Profile æ›´æ–°ä¸¦æŒä¹…åŒ–æˆåŠŸã€‚
2025-10-12 01:24:36 - [INFO] - [512280345618546699] [å‰µä¸–æµç¨‹] æª”æ¡ˆä¸Šå‚³é–‹å§‹ï¼Œå·²è¨­å®š active_setups ç‹€æ…‹é–ã€‚
2025-10-12 01:24:43 - [INFO] - [512280345618546699] (on_message) åµæ¸¬åˆ°ç”¨æˆ¶è™•æ–¼æ´»èºçš„å‰µä¸–æµç¨‹ä¸­ï¼Œå·²å¿½ç•¥å¸¸è¦è¨Šæ¯ '...' ä»¥é˜²æ­¢ç«¶çˆ­ã€‚
2025-10-12 08:18:45 - [INFO] - æ­£åœ¨åŠ è¼‰æ ¸å¿ƒ Cog (core_cog)...
2025-10-12 08:18:55 - [INFO] - âœ… æ ¸å¿ƒ Cog (core_cog) å·²åŠ è¼‰ï¼Œä¸¦ä¸”æ‰€æœ‰æŒä¹…åŒ–è¦–åœ–å·²æˆåŠŸè¨»å†Šã€‚
2025-10-12 08:18:55 - [INFO] - âœ… æ ¸å¿ƒ Cog åŠ è¼‰æˆåŠŸã€‚
2025-10-12 08:18:55 - [INFO] - æ­£åœ¨å…¨åŸŸåŒæ­¥æ‡‰ç”¨ç¨‹å¼æŒ‡ä»¤...
2025-10-12 08:18:55 - [INFO] - âœ… æŒ‡ä»¤å·²å…¨åŸŸåŒæ­¥ï¼
2025-10-12 08:18:55 - [INFO] - Discord Bot setup hook finished!
2025-10-12 08:18:58 - [INFO] - Logged in as AI#4450 (ID: 1358417100250808531)
2025-10-12 08:18:59 - [INFO] - å·²æˆåŠŸç™¼é€å•Ÿå‹•æˆåŠŸé€šçŸ¥çµ¦ç®¡ç†å“¡ã€‚
2025-10-12 08:20:49 - [INFO] - [512280345618546699] [Data Reset] æ­£åœ¨å•Ÿå‹•ä½¿ç”¨è€…è³‡æ–™é‡ç½®æµç¨‹...
2025-10-12 08:20:50 - [INFO] - [512280345618546699] [Data Reset] æ‰€æœ‰ç›¸é—œçš„è³‡æ–™åº«è¨˜éŒ„å·²æˆåŠŸåˆªé™¤ã€‚
2025-10-12 08:20:50 - [INFO] - [512280345618546699] [Data Reset] å‘é‡å„²å­˜ç›®éŒ„ 'D:\DINO\SD\ComfyUI\personal_server\ai_lover_service\data\vector_stores\512280345618546699' å·²æˆåŠŸåˆªé™¤ã€‚
2025-10-12 08:20:50 - [INFO] - [512280345618546699] [Data Reset] è³‡æ–™é‡ç½®æµç¨‹å·²å…¨éƒ¨å®Œæˆã€‚
2025-10-12 08:20:52 - [INFO] - [512280345618546699] (UI Event) Persistent 'StartSetupView' button clicked.
2025-10-12 08:20:57 - [INFO] - ä½¿ç”¨è€… 512280345618546699 æ²’æœ‰æ´»èºçš„ AI å¯¦ä¾‹ï¼Œå˜—è©¦å‰µå»º...
2025-10-12 08:20:57 - [INFO] - [512280345618546699] è™•æ–¼è¨­å®šæµç¨‹ä¸­ï¼Œå³ä½¿è³‡æ–™åº«ç„¡è¨˜éŒ„ï¼Œä¹Ÿå‰µå»ºä¸€å€‹è‡¨æ™‚çš„è¨˜æ†¶é«”å¯¦ä¾‹ã€‚
2025-10-12 08:20:57 - [INFO] - [512280345618546699] æ ¸å¿ƒæ•¸æ“šæ¨¡æ¿ 'world_snapshot_template.txt' å·²æˆåŠŸåŠ è¼‰ã€‚
2025-10-12 08:20:57 - [INFO] - [512280345618546699] æ ¸å¿ƒå”è­° '00_supreme_directive.txt' å·²æˆåŠŸåŠ è¼‰ã€‚
2025-10-12 08:20:57 - [INFO] - â„¹ï¸ [Embedding Loader] æ­£åœ¨å•Ÿå‹•ã€ç´”æœ¬åœ° RAGã€‘Embedding å¼•æ“...
2025-10-12 08:20:57 - [INFO] -    - æª¢æ¸¬åˆ°æœ¬åœ°æ¨¡å‹è·¯å¾‘ï¼Œæ­£åœ¨å˜—è©¦å¾ 'D:\DINO\SD\ComfyUI\personal_server\ai_lover_service\models\stella-base-zh-v2' åŠ è¼‰...
2025-10-12 08:21:11 - [INFO] - âœ… [Embedding Loader] ç´”æœ¬åœ° Embedding æ¨¡å‹æˆåŠŸåŠ è¼‰ã€‚
2025-10-12 08:21:11 - [INFO] - [512280345618546699] æ‰€æœ‰è¼•é‡ç´šå‰ç½®è³‡æºå·²æº–å‚™å°±ç·’ (RAG å‰µå»ºå·²å»¶é²)ã€‚
2025-10-12 08:21:11 - [INFO] - [512280345618546699] æ¥æ”¶åˆ° profile æ›´æ–°è«‹æ±‚: ['world_settings']
2025-10-12 08:21:11 - [WARNING] - [512280345618546699] åœ¨æŒä¹…åŒ–æ›´æ–°æ™‚æ‰¾ä¸åˆ°ä½¿ç”¨è€…è³‡æ–™ï¼Œå°‡å‰µå»ºæ–°è¨˜éŒ„ã€‚
2025-10-12 08:21:11 - [INFO] - [512280345618546699] Profile æ›´æ–°ä¸¦æŒä¹…åŒ–æˆåŠŸã€‚
2025-10-12 08:21:12 - [INFO] - [512280345618546699] (UI Event) Persistent 'ContinueToUserSetupView' button clicked.
2025-10-12 08:21:24 - [INFO] - [512280345618546699] (UI Event) CharacterSettingsModal submitted for profile_type: 'user', is_setup_flow: True
2025-10-12 08:21:25 - [INFO] - [512280345618546699] æ¥æ”¶åˆ° profile æ›´æ–°è«‹æ±‚: ['user_profile']
2025-10-12 08:21:25 - [INFO] - [512280345618546699] Profile æ›´æ–°ä¸¦æŒä¹…åŒ–æˆåŠŸã€‚
2025-10-12 08:21:27 - [INFO] - [512280345618546699] (UI Event) Persistent 'ContinueToAiSetupView' button clicked.
2025-10-12 08:21:37 - [INFO] - [512280345618546699] (UI Event) CharacterSettingsModal submitted for profile_type: 'ai', is_setup_flow: True
2025-10-12 08:21:38 - [INFO] - [512280345618546699] æ¥æ”¶åˆ° profile æ›´æ–°è«‹æ±‚: ['ai_profile']
2025-10-12 08:21:38 - [INFO] - [512280345618546699] Profile æ›´æ–°ä¸¦æŒä¹…åŒ–æˆåŠŸã€‚
2025-10-12 08:21:40 - [INFO] - [512280345618546699] [å‰µä¸–æµç¨‹] æª”æ¡ˆä¸Šå‚³é–‹å§‹ï¼Œå·²è¨­å®š active_setups ç‹€æ…‹é–ã€‚
2025-10-12 08:21:48 - [INFO] - [512280345618546699] (on_message) åµæ¸¬åˆ°ç”¨æˆ¶è™•æ–¼æ´»èºçš„å‰µä¸–æµç¨‹ä¸­ï¼Œå·²å¿½ç•¥å¸¸è¦è¨Šæ¯ '...' ä»¥é˜²æ­¢ç«¶çˆ­ã€‚
2025-10-12 08:21:52 - [INFO] - [512280345618546699] [æ•°æ®å…¥å£-è½¨é“B] æ­£åœ¨å¯åŠ¨ã€ç»ˆææ¶æ„v4.1ï¼šä¸Šä¸‹æ–‡éš”ç¦»ã€‘LOREè§£æç®¡çº¿...
2025-10-12 08:28:50 - [INFO] - [512280345618546699] [æ€»æŒ‡æŒ¥-P1&3] âœ… ç¨‹å¼ç æå–ä¸èåˆå®Œæˆï¼Œå…±è®¡ 333 ä¸ªå”¯ä¸€å®ä½“ã€‚
2025-10-12 08:28:50 - [INFO] - [512280345618546699] [æ€»æŒ‡æŒ¥-P4] æ­£åœ¨å°†èåˆæƒ…æŠ¥æäº¤è‡³æœ¬åœ°æ‰§è¡Œå•å…ƒè¿›è¡Œæœ€ç»ˆå¤„ç†...
2025-10-12 08:28:50 - [INFO] - [512280345618546699] [æœ¬åœ°æ‰§è¡Œå•å…ƒ] æ­£åœ¨å¯åŠ¨ v5.1 æ¶¦è‰²/å¤‡æ´æµç¨‹...
2025-10-12 08:28:50 - [INFO] - [512280345618546699] [æœ¬åœ°æ‰§è¡Œå•å…ƒ-LLM] æ­£åœ¨å¤„ç†æ‰¹æ¬¡ 1/111...
2025-10-12 08:32:05 - [INFO] - [512280345618546699] [æœ¬åœ°æ‰§è¡Œå•å…ƒ-LLM] æ­£åœ¨å¤„ç†æ‰¹æ¬¡ 2/111...
2025-10-12 08:35:23 - [INFO] - [512280345618546699] [æœ¬åœ°æ‰§è¡Œå•å…ƒ-LLM] æ­£åœ¨å¤„ç†æ‰¹æ¬¡ 3/111...
2025-10-12 08:40:10 - [INFO] - [512280345618546699] [æœ¬åœ°æ‰§è¡Œå•å…ƒ-LLM] æ­£åœ¨å¤„ç†æ‰¹æ¬¡ 4/111...
2025-10-12 08:42:25 - [INFO] - æ­£åœ¨åŠ è¼‰æ ¸å¿ƒ Cog (core_cog)...
2025-10-12 08:42:30 - [INFO] - âœ… æ ¸å¿ƒ Cog (core_cog) å·²åŠ è¼‰ï¼Œä¸¦ä¸”æ‰€æœ‰æŒä¹…åŒ–è¦–åœ–å·²æˆåŠŸè¨»å†Šã€‚
2025-10-12 08:42:30 - [INFO] - âœ… æ ¸å¿ƒ Cog åŠ è¼‰æˆåŠŸã€‚
2025-10-12 08:42:30 - [INFO] - æ­£åœ¨å…¨åŸŸåŒæ­¥æ‡‰ç”¨ç¨‹å¼æŒ‡ä»¤...
2025-10-12 08:42:30 - [INFO] - âœ… æŒ‡ä»¤å·²å…¨åŸŸåŒæ­¥ï¼
2025-10-12 08:42:30 - [INFO] - Discord Bot setup hook finished!
2025-10-12 08:42:33 - [INFO] - Logged in as AI#4450 (ID: 1358417100250808531)
2025-10-12 08:42:34 - [INFO] - å·²æˆåŠŸç™¼é€å•Ÿå‹•æˆåŠŸé€šçŸ¥çµ¦ç®¡ç†å“¡ã€‚
2025-10-12 08:43:53 - [INFO] - [512280345618546699] [Data Reset] æ­£åœ¨å•Ÿå‹•ä½¿ç”¨è€…è³‡æ–™é‡ç½®æµç¨‹...
2025-10-12 08:43:54 - [INFO] - [512280345618546699] [Data Reset] æ‰€æœ‰ç›¸é—œçš„è³‡æ–™åº«è¨˜éŒ„å·²æˆåŠŸåˆªé™¤ã€‚
2025-10-12 08:43:54 - [INFO] - [512280345618546699] [Data Reset] å‘é‡å„²å­˜ç›®éŒ„ 'D:\DINO\SD\ComfyUI\personal_server\ai_lover_service\data\vector_stores\512280345618546699' å·²æˆåŠŸåˆªé™¤ã€‚
2025-10-12 08:43:54 - [INFO] - [512280345618546699] [Data Reset] è³‡æ–™é‡ç½®æµç¨‹å·²å…¨éƒ¨å®Œæˆã€‚
2025-10-12 08:43:56 - [INFO] - [512280345618546699] (UI Event) Persistent 'StartSetupView' button clicked.
2025-10-12 08:44:00 - [INFO] - ä½¿ç”¨è€… 512280345618546699 æ²’æœ‰æ´»èºçš„ AI å¯¦ä¾‹ï¼Œå˜—è©¦å‰µå»º...
2025-10-12 08:44:00 - [INFO] - [512280345618546699] è™•æ–¼è¨­å®šæµç¨‹ä¸­ï¼Œå³ä½¿è³‡æ–™åº«ç„¡è¨˜éŒ„ï¼Œä¹Ÿå‰µå»ºä¸€å€‹è‡¨æ™‚çš„è¨˜æ†¶é«”å¯¦ä¾‹ã€‚
2025-10-12 08:44:00 - [INFO] - [512280345618546699] æ ¸å¿ƒæ•¸æ“šæ¨¡æ¿ 'world_snapshot_template.txt' å·²æˆåŠŸåŠ è¼‰ã€‚
2025-10-12 08:44:00 - [INFO] - [512280345618546699] æ ¸å¿ƒå”è­° '00_supreme_directive.txt' å·²æˆåŠŸåŠ è¼‰ã€‚
2025-10-12 08:44:00 - [INFO] - â„¹ï¸ [Embedding Loader] æ­£åœ¨å•Ÿå‹•ã€ç´”æœ¬åœ° RAGã€‘Embedding å¼•æ“...
2025-10-12 08:44:00 - [INFO] -    - æª¢æ¸¬åˆ°æœ¬åœ°æ¨¡å‹è·¯å¾‘ï¼Œæ­£åœ¨å˜—è©¦å¾ 'D:\DINO\SD\ComfyUI\personal_server\ai_lover_service\models\stella-base-zh-v2' åŠ è¼‰...
2025-10-12 08:44:09 - [INFO] - âœ… [Embedding Loader] ç´”æœ¬åœ° Embedding æ¨¡å‹æˆåŠŸåŠ è¼‰ã€‚
2025-10-12 08:44:09 - [INFO] - [512280345618546699] æ‰€æœ‰è¼•é‡ç´šå‰ç½®è³‡æºå·²æº–å‚™å°±ç·’ (RAG å‰µå»ºå·²å»¶é²)ã€‚
2025-10-12 08:44:09 - [INFO] - [512280345618546699] æ¥æ”¶åˆ° profile æ›´æ–°è«‹æ±‚: ['world_settings']
2025-10-12 08:44:09 - [WARNING] - [512280345618546699] åœ¨æŒä¹…åŒ–æ›´æ–°æ™‚æ‰¾ä¸åˆ°ä½¿ç”¨è€…è³‡æ–™ï¼Œå°‡å‰µå»ºæ–°è¨˜éŒ„ã€‚
2025-10-12 08:44:09 - [INFO] - [512280345618546699] Profile æ›´æ–°ä¸¦æŒä¹…åŒ–æˆåŠŸã€‚
2025-10-12 08:44:11 - [INFO] - [512280345618546699] (UI Event) Persistent 'ContinueToUserSetupView' button clicked.
2025-10-12 08:44:20 - [INFO] - [512280345618546699] (UI Event) CharacterSettingsModal submitted for profile_type: 'user', is_setup_flow: True
2025-10-12 08:44:20 - [INFO] - [512280345618546699] æ¥æ”¶åˆ° profile æ›´æ–°è«‹æ±‚: ['user_profile']
2025-10-12 08:44:20 - [INFO] - [512280345618546699] Profile æ›´æ–°ä¸¦æŒä¹…åŒ–æˆåŠŸã€‚
2025-10-12 08:44:22 - [INFO] - [512280345618546699] (UI Event) Persistent 'ContinueToAiSetupView' button clicked.
2025-10-12 08:44:35 - [INFO] - [512280345618546699] (UI Event) CharacterSettingsModal submitted for profile_type: 'ai', is_setup_flow: True
2025-10-12 08:44:36 - [INFO] - [512280345618546699] æ¥æ”¶åˆ° profile æ›´æ–°è«‹æ±‚: ['ai_profile']
2025-10-12 08:44:36 - [INFO] - [512280345618546699] Profile æ›´æ–°ä¸¦æŒä¹…åŒ–æˆåŠŸã€‚
2025-10-12 08:44:38 - [INFO] - [512280345618546699] [å‰µä¸–æµç¨‹] æª”æ¡ˆä¸Šå‚³é–‹å§‹ï¼Œå·²è¨­å®š active_setups ç‹€æ…‹é–ã€‚
2025-10-12 08:44:44 - [INFO] - [512280345618546699] (on_message) åµæ¸¬åˆ°ç”¨æˆ¶è™•æ–¼æ´»èºçš„å‰µä¸–æµç¨‹ä¸­ï¼Œå·²å¿½ç•¥å¸¸è¦è¨Šæ¯ '...' ä»¥é˜²æ­¢ç«¶çˆ­ã€‚
2025-10-12 08:44:48 - [INFO] - [512280345618546699] [æ•¸æ“šå…¥å£-è»Œé“B] æ­£åœ¨å•Ÿå‹•ã€çµ‚æ¥µæ¶æ§‹v5ï¼šæ™ºèƒ½åˆ†æµã€‘LOREè§£æç®¡ç·š...
2025-10-12 08:44:48 - [INFO] - [512280345618546699] [ç¸½æŒ‡æ®-P1&3] ç¨‹å¼ç¢¼ä¸»å°çš„æƒ…å ±æ”¶é›†èˆ‡èåˆé–‹å§‹...
2025-10-12 08:51:46 - [INFO] - [512280345618546699] [ç¸½æŒ‡æ®-P1&3] âœ… ç¨‹å¼ç¢¼æå–èˆ‡èåˆå®Œæˆï¼Œå…±è¨ˆ 333 å€‹å”¯ä¸€å¯¦é«”ã€‚
2025-10-12 08:51:46 - [INFO] - [512280345618546699] [ç¸½æŒ‡æ®-P3.5] æ­£åœ¨åŸ·è¡Œæ™ºèƒ½åˆ†æµ...
2025-10-12 08:51:46 - [INFO] - [512280345618546699] [ç¸½æŒ‡æ®-P3.5] âœ… åˆ†æµå®Œæˆã€‚é›²ç«¯ä½‡åˆ—: 263 å€‹ (å®‰å…¨)ï¼Œæœ¬åœ°ä½‡åˆ—: 70 å€‹ (é«˜é¢¨éšª)ã€‚
2025-10-12 08:51:46 - [INFO] - [512280345618546699] [ç¸½æŒ‡æ®-P4] æ­£åœ¨å•Ÿå‹•é›™è»Œä¸¦è¡Œæ½¤è‰²...
2025-10-12 08:51:46 - [INFO] - [512280345618546699] [ç¸½æŒ‡æ®-P4-Cloud] é›²ç«¯æ½¤è‰²è»Œé“å•Ÿå‹•...
2025-10-12 08:51:46 - [ERROR] - [512280345618546699] [ç¸½æŒ‡æ®-P4-Cloud] ğŸ”¥ é›²ç«¯æ½¤è‰²è»Œé“å¤±æ•—: name 'BatchRefinementInput' is not defined
Traceback (most recent call last):
  File "D:\DINO\SD\ComfyUI\personal_server\ai_lover_service\src\ai_core.py", line 5109, in process_cloud_queue
    batch_input_data = [
  File "D:\DINO\SD\ComfyUI\personal_server\ai_lover_service\src\ai_core.py", line 5110, in <listcomp>
    BatchRefinementInput(base_profile={"name": name}, facts=cloud_queue[name]).model_dump() for name in batch_names
NameError: name 'BatchRefinementInput' is not defined. Did you mean: 'BatchRefinementResult'?
2025-10-12 08:51:46 - [INFO] - [512280345618546699] [ç¸½æŒ‡æ®-P4-Local] æœ¬åœ°æ½¤è‰²è»Œé“å•Ÿå‹•...
2025-10-12 08:51:46 - [INFO] - [512280345618546699] [æœ¬åœ°åŸ·è¡Œå–®å…ƒ] æ­£åœ¨å•Ÿå‹• v5.2 æ½¤è‰²/å‚™æ´æµç¨‹...
2025-10-12 08:51:46 - [INFO] - [512280345618546699] [æœ¬åœ°åŸ·è¡Œå–®å…ƒ-LLM] æ­£åœ¨è™•ç†æ‰¹æ¬¡ 1/24...
2025-10-12 08:54:34 - [INFO] - [512280345618546699] [æœ¬åœ°åŸ·è¡Œå–®å…ƒ-LLM] æ­£åœ¨è™•ç†æ‰¹æ¬¡ 2/24...
2025-10-12 09:00:20 - [INFO] - æ­£åœ¨åŠ è¼‰æ ¸å¿ƒ Cog (core_cog)...
2025-10-12 09:00:27 - [INFO] - âœ… æ ¸å¿ƒ Cog (core_cog) å·²åŠ è¼‰ï¼Œä¸¦ä¸”æ‰€æœ‰æŒä¹…åŒ–è¦–åœ–å·²æˆåŠŸè¨»å†Šã€‚
2025-10-12 09:00:27 - [INFO] - âœ… æ ¸å¿ƒ Cog åŠ è¼‰æˆåŠŸã€‚
2025-10-12 09:00:27 - [INFO] - æ­£åœ¨å…¨åŸŸåŒæ­¥æ‡‰ç”¨ç¨‹å¼æŒ‡ä»¤...
2025-10-12 09:00:28 - [INFO] - âœ… æŒ‡ä»¤å·²å…¨åŸŸåŒæ­¥ï¼
2025-10-12 09:00:28 - [INFO] - Discord Bot setup hook finished!
2025-10-12 09:00:30 - [INFO] - Logged in as AI#4450 (ID: 1358417100250808531)
2025-10-12 09:00:32 - [INFO] - å·²æˆåŠŸç™¼é€å•Ÿå‹•æˆåŠŸé€šçŸ¥çµ¦ç®¡ç†å“¡ã€‚
2025-10-12 09:00:42 - [INFO] - [512280345618546699] [Data Reset] æ­£åœ¨å•Ÿå‹•ä½¿ç”¨è€…è³‡æ–™é‡ç½®æµç¨‹...
2025-10-12 09:00:43 - [INFO] - [512280345618546699] [Data Reset] æ‰€æœ‰ç›¸é—œçš„è³‡æ–™åº«è¨˜éŒ„å·²æˆåŠŸåˆªé™¤ã€‚
2025-10-12 09:00:43 - [INFO] - [512280345618546699] [Data Reset] å‘é‡å„²å­˜ç›®éŒ„ 'D:\DINO\SD\ComfyUI\personal_server\ai_lover_service\data\vector_stores\512280345618546699' å·²æˆåŠŸåˆªé™¤ã€‚
2025-10-12 09:00:43 - [INFO] - [512280345618546699] [Data Reset] è³‡æ–™é‡ç½®æµç¨‹å·²å…¨éƒ¨å®Œæˆã€‚
2025-10-12 09:00:45 - [INFO] - [512280345618546699] (UI Event) Persistent 'StartSetupView' button clicked.
2025-10-12 09:00:50 - [INFO] - ä½¿ç”¨è€… 512280345618546699 æ²’æœ‰æ´»èºçš„ AI å¯¦ä¾‹ï¼Œå˜—è©¦å‰µå»º...
2025-10-12 09:00:50 - [INFO] - [512280345618546699] è™•æ–¼è¨­å®šæµç¨‹ä¸­ï¼Œå³ä½¿è³‡æ–™åº«ç„¡è¨˜éŒ„ï¼Œä¹Ÿå‰µå»ºä¸€å€‹è‡¨æ™‚çš„è¨˜æ†¶é«”å¯¦ä¾‹ã€‚
2025-10-12 09:00:50 - [INFO] - [512280345618546699] æ ¸å¿ƒæ•¸æ“šæ¨¡æ¿ 'world_snapshot_template.txt' å·²æˆåŠŸåŠ è¼‰ã€‚
2025-10-12 09:00:50 - [INFO] - [512280345618546699] æ ¸å¿ƒå”è­° '00_supreme_directive.txt' å·²æˆåŠŸåŠ è¼‰ã€‚
2025-10-12 09:00:50 - [INFO] - â„¹ï¸ [Embedding Loader] æ­£åœ¨å•Ÿå‹•ã€ç´”æœ¬åœ° RAGã€‘Embedding å¼•æ“...
2025-10-12 09:00:50 - [INFO] -    - æª¢æ¸¬åˆ°æœ¬åœ°æ¨¡å‹è·¯å¾‘ï¼Œæ­£åœ¨å˜—è©¦å¾ 'D:\DINO\SD\ComfyUI\personal_server\ai_lover_service\models\stella-base-zh-v2' åŠ è¼‰...
2025-10-12 09:00:58 - [INFO] - âœ… [Embedding Loader] ç´”æœ¬åœ° Embedding æ¨¡å‹æˆåŠŸåŠ è¼‰ã€‚
2025-10-12 09:00:58 - [INFO] - [512280345618546699] æ‰€æœ‰è¼•é‡ç´šå‰ç½®è³‡æºå·²æº–å‚™å°±ç·’ (RAG å‰µå»ºå·²å»¶é²)ã€‚
2025-10-12 09:00:58 - [INFO] - [512280345618546699] æ¥æ”¶åˆ° profile æ›´æ–°è«‹æ±‚: ['world_settings']
2025-10-12 09:00:58 - [WARNING] - [512280345618546699] åœ¨æŒä¹…åŒ–æ›´æ–°æ™‚æ‰¾ä¸åˆ°ä½¿ç”¨è€…è³‡æ–™ï¼Œå°‡å‰µå»ºæ–°è¨˜éŒ„ã€‚
2025-10-12 09:00:58 - [INFO] - [512280345618546699] Profile æ›´æ–°ä¸¦æŒä¹…åŒ–æˆåŠŸã€‚
2025-10-12 09:01:00 - [INFO] - [512280345618546699] (UI Event) Persistent 'ContinueToUserSetupView' button clicked.
2025-10-12 09:01:11 - [INFO] - [512280345618546699] (UI Event) CharacterSettingsModal submitted for profile_type: 'user', is_setup_flow: True
2025-10-12 09:01:12 - [INFO] - [512280345618546699] æ¥æ”¶åˆ° profile æ›´æ–°è«‹æ±‚: ['user_profile']
2025-10-12 09:01:12 - [INFO] - [512280345618546699] Profile æ›´æ–°ä¸¦æŒä¹…åŒ–æˆåŠŸã€‚
2025-10-12 09:01:13 - [INFO] - [512280345618546699] (UI Event) Persistent 'ContinueToAiSetupView' button clicked.
2025-10-12 09:01:25 - [INFO] - [512280345618546699] (UI Event) CharacterSettingsModal submitted for profile_type: 'ai', is_setup_flow: True
2025-10-12 09:01:26 - [INFO] - [512280345618546699] æ¥æ”¶åˆ° profile æ›´æ–°è«‹æ±‚: ['ai_profile']
2025-10-12 09:01:26 - [INFO] - [512280345618546699] Profile æ›´æ–°ä¸¦æŒä¹…åŒ–æˆåŠŸã€‚
2025-10-12 09:01:28 - [INFO] - [512280345618546699] [å‰µä¸–æµç¨‹] æª”æ¡ˆä¸Šå‚³é–‹å§‹ï¼Œå·²è¨­å®š active_setups ç‹€æ…‹é–ã€‚
2025-10-12 09:01:36 - [INFO] - [512280345618546699] (on_message) åµæ¸¬åˆ°ç”¨æˆ¶è™•æ–¼æ´»èºçš„å‰µä¸–æµç¨‹ä¸­ï¼Œå·²å¿½ç•¥å¸¸è¦è¨Šæ¯ '...' ä»¥é˜²æ­¢ç«¶çˆ­ã€‚
2025-10-12 09:01:39 - [INFO] - [512280345618546699] [æ•¸æ“šå…¥å£-è»Œé“B] æ­£åœ¨å•Ÿå‹•ã€çµ‚æ¥µæ¶æ§‹v5ï¼šæ™ºèƒ½åˆ†æµã€‘LOREè§£æç®¡ç·š...
2025-10-12 09:01:39 - [INFO] - [512280345618546699] [ç¸½æŒ‡æ®-P1&3] ç¨‹å¼ç¢¼ä¸»å°çš„æƒ…å ±æ”¶é›†èˆ‡èåˆé–‹å§‹...
2025-10-12 09:07:17 - [INFO] - [512280345618546699] [ç¸½æŒ‡æ®-P1&3] âœ… ç¨‹å¼ç¢¼æå–èˆ‡èåˆå®Œæˆï¼Œå…±è¨ˆ 333 å€‹å”¯ä¸€å¯¦é«”ã€‚
2025-10-12 09:07:17 - [INFO] - [512280345618546699] [ç¸½æŒ‡æ®-P3.5] æ­£åœ¨åŸ·è¡Œæ™ºèƒ½åˆ†æµ...
2025-10-12 09:07:17 - [INFO] - [512280345618546699] [ç¸½æŒ‡æ®-P3.5] âœ… åˆ†æµå®Œæˆã€‚é›²ç«¯ä½‡åˆ—: 263 å€‹ (å®‰å…¨)ï¼Œæœ¬åœ°ä½‡åˆ—: 70 å€‹ (é«˜é¢¨éšª)ã€‚
2025-10-12 09:07:17 - [INFO] - [512280345618546699] [ç¸½æŒ‡æ®-P4] æ­£åœ¨å•Ÿå‹•é›™è»Œä¸¦è¡Œæ½¤è‰²...
2025-10-12 09:07:17 - [INFO] - [512280345618546699] [ç¸½æŒ‡æ®-P4-Cloud] é›²ç«¯æ½¤è‰²è»Œé“å•Ÿå‹•...
2025-10-12 09:07:17 - [INFO] - [512280345618546699] [ç¸½æŒ‡æ®-P4-Local] æœ¬åœ°æ½¤è‰²è»Œé“å•Ÿå‹•...
2025-10-12 09:07:17 - [INFO] - [512280345618546699] [æœ¬åœ°åŸ·è¡Œå–®å…ƒ] æ­£åœ¨å•Ÿå‹• v5.2 æ½¤è‰²/å‚™æ´æµç¨‹...
2025-10-12 09:07:17 - [INFO] - [512280345618546699] [æœ¬åœ°åŸ·è¡Œå–®å…ƒ-LLM] æ­£åœ¨è™•ç†æ‰¹æ¬¡ 1/24...
