### AI Lover Log - Last updated at 2025-10-02T00:15:57.733060 ###

2025-10-01 23:40:53 - [INFO] - [512280345618546699] 處於設定流程中，即使資料庫無記錄，也創建一個臨時的記憶體實例。
2025-10-01 23:40:53 - [INFO] - [512280345618546699] 核心數據模板 'world_snapshot_template.txt' 已成功加載。
2025-10-01 23:40:53 - [INFO] - [512280345618546699] 核心協議 '00_supreme_directive.txt' 已成功加載。
2025-10-01 23:40:53 - [INFO] - [512280345618546699] 正在創建本地 Embedding 模型 'infgrad/stella-base-zh-v2' 實例...
2025-10-01 23:41:25 - [ERROR] - [512280345618546699] 🔥 創建本地 Embedding 模型實例時發生致命錯誤: HTTPSConnectionPool(host='hf-mirror.com', port=443): Max retries exceeded with url: /infgrad/stella-base-zh-v2/resolve/main/model.safetensors (Caused by ConnectTimeoutError(<urllib3.connection.HTTPSConnection object at 0x00000250348A2620>, 'Connection to hf-mirror.com timed out. (connect timeout=10)'))
Traceback (most recent call last):
  File "C:\Users\USER\AppData\Local\Programs\Python\Python310\lib\site-packages\urllib3\connection.py", line 198, in _new_conn
    sock = connection.create_connection(
  File "C:\Users\USER\AppData\Local\Programs\Python\Python310\lib\site-packages\urllib3\util\connection.py", line 85, in create_connection
    raise err
  File "C:\Users\USER\AppData\Local\Programs\Python\Python310\lib\site-packages\urllib3\util\connection.py", line 73, in create_connection
    sock.connect(sa)
TimeoutError: timed out

The above exception was the direct cause of the following exception:

Traceback (most recent call last):
  File "C:\Users\USER\AppData\Local\Programs\Python\Python310\lib\site-packages\urllib3\connectionpool.py", line 787, in urlopen
    response = self._make_request(
  File "C:\Users\USER\AppData\Local\Programs\Python\Python310\lib\site-packages\urllib3\connectionpool.py", line 488, in _make_request
    raise new_e
  File "C:\Users\USER\AppData\Local\Programs\Python\Python310\lib\site-packages\urllib3\connectionpool.py", line 464, in _make_request
    self._validate_conn(conn)
  File "C:\Users\USER\AppData\Local\Programs\Python\Python310\lib\site-packages\urllib3\connectionpool.py", line 1093, in _validate_conn
    conn.connect()
  File "C:\Users\USER\AppData\Local\Programs\Python\Python310\lib\site-packages\urllib3\connection.py", line 753, in connect
    self.sock = sock = self._new_conn()
  File "C:\Users\USER\AppData\Local\Programs\Python\Python310\lib\site-packages\urllib3\connection.py", line 207, in _new_conn
    raise ConnectTimeoutError(
urllib3.exceptions.ConnectTimeoutError: (<urllib3.connection.HTTPSConnection object at 0x00000250348A2620>, 'Connection to hf-mirror.com timed out. (connect timeout=10)')

The above exception was the direct cause of the following exception:

Traceback (most recent call last):
  File "C:\Users\USER\AppData\Local\Programs\Python\Python310\lib\site-packages\requests\adapters.py", line 667, in send
    resp = conn.urlopen(
  File "C:\Users\USER\AppData\Local\Programs\Python\Python310\lib\site-packages\urllib3\connectionpool.py", line 841, in urlopen
    retries = retries.increment(
  File "C:\Users\USER\AppData\Local\Programs\Python\Python310\lib\site-packages\urllib3\util\retry.py", line 519, in increment
    raise MaxRetryError(_pool, url, reason) from reason  # type: ignore[arg-type]
urllib3.exceptions.MaxRetryError: HTTPSConnectionPool(host='hf-mirror.com', port=443): Max retries exceeded with url: /infgrad/stella-base-zh-v2/resolve/main/model.safetensors (Caused by ConnectTimeoutError(<urllib3.connection.HTTPSConnection object at 0x00000250348A2620>, 'Connection to hf-mirror.com timed out. (connect timeout=10)'))

During handling of the above exception, another exception occurred:

Traceback (most recent call last):
  File "D:\DINO\SD\ComfyUI\personal_server\ai_lover_service\src\ai_core.py", line 4169, in _create_embeddings_instance
    embeddings = HuggingFaceEmbeddings(
  File "C:\Users\USER\AppData\Local\Programs\Python\Python310\lib\site-packages\langchain_core\_api\deprecation.py", line 215, in warn_if_direct_instance
    return wrapped(self, *args, **kwargs)
  File "C:\Users\USER\AppData\Local\Programs\Python\Python310\lib\site-packages\langchain_community\embeddings\huggingface.py", line 79, in __init__
    self.client = sentence_transformers.SentenceTransformer(
  File "C:\Users\USER\AppData\Local\Programs\Python\Python310\lib\site-packages\sentence_transformers\SentenceTransformer.py", line 205, in __init__
    modules = self._load_auto_model(
  File "C:\Users\USER\AppData\Local\Programs\Python\Python310\lib\site-packages\sentence_transformers\SentenceTransformer.py", line 1197, in _load_auto_model
    transformer_model = Transformer(
  File "C:\Users\USER\AppData\Local\Programs\Python\Python310\lib\site-packages\sentence_transformers\models\Transformer.py", line 36, in __init__
    self._load_model(model_name_or_path, config, cache_dir, **model_args)
  File "C:\Users\USER\AppData\Local\Programs\Python\Python310\lib\site-packages\sentence_transformers\models\Transformer.py", line 65, in _load_model
    self.auto_model = AutoModel.from_pretrained(
  File "C:\Users\USER\AppData\Local\Programs\Python\Python310\lib\site-packages\transformers\models\auto\auto_factory.py", line 563, in from_pretrained
    return model_class.from_pretrained(
  File "C:\Users\USER\AppData\Local\Programs\Python\Python310\lib\site-packages\transformers\modeling_utils.py", line 3415, in from_pretrained
    if not has_file(pretrained_model_name_or_path, safe_weights_name, **has_file_kwargs):
  File "C:\Users\USER\AppData\Local\Programs\Python\Python310\lib\site-packages\transformers\utils\hub.py", line 629, in has_file
    r = requests.head(url, headers=headers, allow_redirects=False, proxies=proxies, timeout=10)
  File "C:\Users\USER\AppData\Local\Programs\Python\Python310\lib\site-packages\requests\api.py", line 100, in head
    return request("head", url, **kwargs)
  File "C:\Users\USER\AppData\Local\Programs\Python\Python310\lib\site-packages\requests\api.py", line 59, in request
    return session.request(method=method, url=url, **kwargs)
  File "C:\Users\USER\AppData\Local\Programs\Python\Python310\lib\site-packages\requests\sessions.py", line 589, in request
    resp = self.send(prep, **send_kwargs)
  File "C:\Users\USER\AppData\Local\Programs\Python\Python310\lib\site-packages\requests\sessions.py", line 703, in send
    r = adapter.send(request, **kwargs)
  File "C:\Users\USER\AppData\Local\Programs\Python\Python310\lib\site-packages\requests\adapters.py", line 688, in send
    raise ConnectTimeout(e, request=request)
requests.exceptions.ConnectTimeout: HTTPSConnectionPool(host='hf-mirror.com', port=443): Max retries exceeded with url: /infgrad/stella-base-zh-v2/resolve/main/model.safetensors (Caused by ConnectTimeoutError(<urllib3.connection.HTTPSConnection object at 0x00000250348A2620>, 'Connection to hf-mirror.com timed out. (connect timeout=10)'))
2025-10-01 23:41:25 - [ERROR] -    -> 請確保 `torch`, `transformers` 和 `sentence-transformers` 已正確安裝。
2025-10-01 23:41:25 - [INFO] - [512280345618546699] 所有輕量級前置資源已準備就緒 (RAG 創建已延遲)。
2025-10-01 23:41:25 - [INFO] - [512280345618546699] 接收到 profile 更新請求: ['world_settings']
2025-10-01 23:41:25 - [WARNING] - [512280345618546699] 在持久化更新時找不到使用者資料，將創建新記錄。
2025-10-01 23:41:25 - [INFO] - [512280345618546699] Profile 更新並持久化成功。
2025-10-01 23:51:09 - [INFO] - 所有持久化 UI 視圖已成功註冊。
2025-10-01 23:51:09 - [INFO] - 正在嘗試將應用程式指令 (Slash Commands) 全域同步到 Discord...
2025-10-01 23:51:10 - [INFO] - ✅ 應用程式指令全域同步成功！(注意：全域指令更新可能需要長達一小時才能在所有伺服器生效)
2025-10-01 23:51:10 - [INFO] - Discord Bot is ready!
2025-10-01 23:51:12 - [INFO] - 【健康檢查 & Keep-Alive】背景任務已啟動。
2025-10-01 23:51:12 - [INFO] - Logged in as AI#4450 (ID: 1358417100250808531)
2025-10-01 23:51:13 - [INFO] - 已成功發送啟動成功通知給管理員。
2025-10-01 23:51:21 - [INFO] - [512280345618546699] 後台重置任務開始...
2025-10-01 23:51:21 - [INFO] - [512280345618546699] 未檢測到活躍的 AI 實例，直接進行清理。
2025-10-01 23:51:21 - [INFO] - [512280345618546699] 正在清除所有資料庫記錄...
2025-10-01 23:51:21 - [INFO] - [512280345618546699] 所有資料庫記錄已成功清除。
2025-10-01 23:51:21 - [INFO] - [512280345618546699] (Robust Delete) 正在啟動對目錄 data\vector_stores\512280345618546699 的健壯刪除流程...
2025-10-01 23:51:21 - [INFO] - [512280345618546699] (Robust Delete) ✅ 在第 1 次嘗試中成功刪除目錄: data\vector_stores\512280345618546699
2025-10-01 23:51:24 - [INFO] - [512280345618546699] (UI Event) Persistent 'StartSetupView' button clicked.
2025-10-01 23:52:02 - [INFO] - [512280345618546699] (UI Event) WorldSettingsModal submitted. is_setup_flow: True
2025-10-01 23:52:02 - [INFO] - 使用者 512280345618546699 沒有活躍的 AI 實例，嘗試創建...
2025-10-01 23:52:02 - [INFO] - [512280345618546699] 處於設定流程中，即使資料庫無記錄，也創建一個臨時的記憶體實例。
2025-10-01 23:52:02 - [INFO] - [512280345618546699] 核心數據模板 'world_snapshot_template.txt' 已成功加載。
2025-10-01 23:52:02 - [INFO] - [512280345618546699] 核心協議 '00_supreme_directive.txt' 已成功加載。
2025-10-01 23:52:02 - [INFO] - [512280345618546699] 正在從本地路徑 'D:\DINO\SD\ComfyUI\personal_server\ai_lover_service\models\stella-base-zh-v2' 創建 Embedding 模型實例...
2025-10-01 23:52:04 - [INFO] - [512280345618546699] ✅ 本地 Embedding 模型實例創建成功。
2025-10-01 23:52:04 - [INFO] - [512280345618546699] 所有輕量級前置資源已準備就緒 (RAG 創建已延遲)。
2025-10-01 23:52:04 - [INFO] - [512280345618546699] 接收到 profile 更新請求: ['world_settings']
2025-10-01 23:52:04 - [WARNING] - [512280345618546699] 在持久化更新時找不到使用者資料，將創建新記錄。
2025-10-01 23:52:04 - [INFO] - [512280345618546699] Profile 更新並持久化成功。
2025-10-01 23:52:10 - [INFO] - [512280345618546699] (UI Event) Persistent 'ContinueToUserSetupView' button clicked.
2025-10-01 23:52:18 - [INFO] - [512280345618546699] (UI Event) CharacterSettingsModal submitted for profile_type: 'user', is_setup_flow: True
2025-10-01 23:52:19 - [INFO] - [512280345618546699] 接收到 profile 更新請求: ['user_profile']
2025-10-01 23:52:19 - [INFO] - [512280345618546699] Profile 更新並持久化成功。
2025-10-01 23:52:56 - [INFO] - [512280345618546699] (UI Event) Persistent 'ContinueToAiSetupView' button clicked.
2025-10-01 23:53:09 - [INFO] - [512280345618546699] (UI Event) CharacterSettingsModal submitted for profile_type: 'ai', is_setup_flow: True
2025-10-01 23:53:09 - [INFO] - [512280345618546699] 接收到 profile 更新請求: ['ai_profile']
2025-10-01 23:53:09 - [INFO] - [512280345618546699] Profile 更新並持久化成功。
2025-10-01 23:53:10 - [INFO] - [512280345618546699] [創世流程] 檔案上傳開始，已設定 active_setups 狀態鎖。
2025-10-01 23:53:18 - [INFO] - [512280345618546699] (on_message) 偵測到用戶處於活躍的創世流程中，已忽略常規訊息 '...' 以防止競爭。
2025-10-01 23:53:21 - [INFO] - [512280345618546699] 獨立的後台創世流程已為用戶啟動。
2025-10-01 23:53:21 - [INFO] - [512280345618546699] [後台創世 1/3] 正在啟動終極 LORE 解析管線...
2025-10-01 23:53:21 - [INFO] - [512280345618546699] [LORE 解析 1/4] 正在使用混合 NLP 在本地快速提取實體骨架...
2025-10-01 23:53:23 - [INFO] - [512280345618546699] [LORE 解析 1/4] ✅ 本地 NLP 成功提取 785 個候選實體。
2025-10-01 23:53:23 - [INFO] - [512280345618546699] [LORE 解析 2/4] 正在對 785 個實體啟動批量並行分類...
2025-10-01 23:53:27 - [WARNING] - 遭遇臨時錯誤 (OutputParserException)。將在 1.49 秒後進行第 2 次嘗試...
2025-10-01 23:53:28 - [WARNING] - 遭遇臨時錯誤 (OutputParserException)。將在 1.12 秒後進行第 2 次嘗試...
2025-10-01 23:53:28 - [WARNING] - 遭遇臨時錯誤 (OutputParserException)。將在 1.45 秒後進行第 2 次嘗試...
2025-10-01 23:53:32 - [WARNING] - 遭遇臨時錯誤 (OutputParserException)。將在 2.17 秒後進行第 3 次嘗試...
2025-10-01 23:53:34 - [WARNING] - 遭遇臨時錯誤 (OutputParserException)。將在 2.45 秒後進行第 3 次嘗試...
2025-10-01 23:53:34 - [WARNING] - 遭遇臨時錯誤 (OutputParserException)。將在 2.24 秒後進行第 3 次嘗試...
2025-10-01 23:53:45 - [WARNING] - 遭遇臨時錯誤 (OutputParserException)。將在 1.41 秒後進行第 2 次嘗試...
2025-10-01 23:53:46 - [WARNING] - 遭遇臨時錯誤 (OutputParserException)。將在 1.30 秒後進行第 2 次嘗試...
2025-10-01 23:53:48 - [WARNING] - 遭遇臨時錯誤 (OutputParserException)。將在 1.34 秒後進行第 2 次嘗試...
2025-10-01 23:53:51 - [WARNING] - 遭遇臨時錯誤 (OutputParserException)。將在 2.19 秒後進行第 3 次嘗試...
2025-10-01 23:53:53 - [WARNING] - 遭遇臨時錯誤 (OutputParserException)。將在 2.34 秒後進行第 3 次嘗試...
2025-10-01 23:53:55 - [WARNING] - 遭遇臨時錯誤 (OutputParserException)。將在 2.46 秒後進行第 3 次嘗試...
2025-10-01 23:54:04 - [WARNING] - 遭遇臨時錯誤 (OutputParserException)。將在 1.28 秒後進行第 2 次嘗試...
2025-10-01 23:54:05 - [WARNING] - 遭遇臨時錯誤 (OutputParserException)。將在 1.43 秒後進行第 2 次嘗試...
2025-10-02 00:01:10 - [INFO] - 所有持久化 UI 視圖已成功註冊。
2025-10-02 00:01:10 - [INFO] - 正在嘗試將應用程式指令 (Slash Commands) 全域同步到 Discord...
2025-10-02 00:01:10 - [INFO] - ✅ 應用程式指令全域同步成功！(注意：全域指令更新可能需要長達一小時才能在所有伺服器生效)
2025-10-02 00:01:10 - [INFO] - Discord Bot is ready!
2025-10-02 00:01:13 - [INFO] - 【健康檢查 & Keep-Alive】背景任務已啟動。
2025-10-02 00:01:13 - [INFO] - Logged in as AI#4450 (ID: 1358417100250808531)
2025-10-02 00:01:13 - [INFO] - 已成功發送啟動成功通知給管理員。
2025-10-02 00:01:23 - [INFO] - [512280345618546699] 後台重置任務開始...
2025-10-02 00:01:23 - [INFO] - [512280345618546699] 未檢測到活躍的 AI 實例，直接進行清理。
2025-10-02 00:01:23 - [INFO] - [512280345618546699] 正在清除所有資料庫記錄...
2025-10-02 00:01:23 - [INFO] - [512280345618546699] 所有資料庫記錄已成功清除。
2025-10-02 00:01:23 - [INFO] - [512280345618546699] (Robust Delete) 正在啟動對目錄 data\vector_stores\512280345618546699 的健壯刪除流程...
2025-10-02 00:01:23 - [INFO] - [512280345618546699] (Robust Delete) ✅ 在第 1 次嘗試中成功刪除目錄: data\vector_stores\512280345618546699
2025-10-02 00:01:25 - [INFO] - [512280345618546699] (UI Event) Persistent 'StartSetupView' button clicked.
2025-10-02 00:01:29 - [INFO] - [512280345618546699] (UI Event) WorldSettingsModal submitted. is_setup_flow: True
2025-10-02 00:01:30 - [INFO] - 使用者 512280345618546699 沒有活躍的 AI 實例，嘗試創建...
2025-10-02 00:01:30 - [INFO] - [512280345618546699] 處於設定流程中，即使資料庫無記錄，也創建一個臨時的記憶體實例。
2025-10-02 00:01:30 - [INFO] - [512280345618546699] 核心數據模板 'world_snapshot_template.txt' 已成功加載。
2025-10-02 00:01:30 - [INFO] - [512280345618546699] 核心協議 '00_supreme_directive.txt' 已成功加載。
2025-10-02 00:01:30 - [INFO] - [512280345618546699] 正在從本地路徑 'D:\DINO\SD\ComfyUI\personal_server\ai_lover_service\models\stella-base-zh-v2' 創建 Embedding 模型實例...
2025-10-02 00:01:32 - [INFO] - [512280345618546699] ✅ 本地 Embedding 模型實例創建成功。
2025-10-02 00:01:32 - [INFO] - [512280345618546699] 所有輕量級前置資源已準備就緒 (RAG 創建已延遲)。
2025-10-02 00:01:32 - [INFO] - [512280345618546699] 接收到 profile 更新請求: ['world_settings']
2025-10-02 00:01:32 - [WARNING] - [512280345618546699] 在持久化更新時找不到使用者資料，將創建新記錄。
2025-10-02 00:01:32 - [INFO] - [512280345618546699] Profile 更新並持久化成功。
2025-10-02 00:01:34 - [INFO] - [512280345618546699] (UI Event) Persistent 'ContinueToUserSetupView' button clicked.
2025-10-02 00:01:44 - [INFO] - [512280345618546699] (UI Event) CharacterSettingsModal submitted for profile_type: 'user', is_setup_flow: True
2025-10-02 00:01:44 - [INFO] - [512280345618546699] 接收到 profile 更新請求: ['user_profile']
2025-10-02 00:01:44 - [INFO] - [512280345618546699] Profile 更新並持久化成功。
2025-10-02 00:01:46 - [INFO] - [512280345618546699] (UI Event) Persistent 'ContinueToAiSetupView' button clicked.
2025-10-02 00:02:27 - [INFO] - [512280345618546699] (UI Event) CharacterSettingsModal submitted for profile_type: 'ai', is_setup_flow: True
2025-10-02 00:02:27 - [INFO] - [512280345618546699] 接收到 profile 更新請求: ['ai_profile']
2025-10-02 00:02:28 - [INFO] - [512280345618546699] Profile 更新並持久化成功。
2025-10-02 00:02:30 - [INFO] - [512280345618546699] [創世流程] 檔案上傳開始，已設定 active_setups 狀態鎖。
2025-10-02 00:02:35 - [INFO] - [512280345618546699] (on_message) 偵測到用戶處於活躍的創世流程中，已忽略常規訊息 '...' 以防止競爭。
2025-10-02 00:02:38 - [INFO] - [512280345618546699] 獨立的後台創世流程已為用戶啟動。
2025-10-02 00:02:38 - [INFO] - [512280345618546699] [後台創世 1/3] 正在啟動終極 LORE 解析管線...
2025-10-02 00:02:38 - [INFO] - [512280345618546699] [LORE 解析 1/4] 正在使用混合 NLP 在本地快速提取實體骨架...
2025-10-02 00:02:41 - [INFO] - [512280345618546699] [LORE 解析 1/4] ✅ 本地 NLP 成功提取 785 個候選實體。
2025-10-02 00:02:41 - [INFO] - [512280345618546699] [LORE 解析 2/4] 正在對 785 個實體啟動批量並行分類...
2025-10-02 00:02:46 - [WARNING] - [512280345618546699] [Tool Calling] 失敗 (Model returned text but a structured output was expected. Text: ...)。正在自動降級到【JSON 模式】重試...
2025-10-02 00:02:47 - [WARNING] - [512280345618546699] [Tool Calling] 失敗 (Model returned text but a structured output was expected. Text: ...)。正在自動降級到【JSON 模式】重試...
2025-10-02 00:02:49 - [WARNING] - [512280345618546699] [Tool Calling] 失敗 (Model returned text but a structured output was expected. Text: ...)。正在自動降級到【JSON 模式】重試...
2025-10-02 00:02:57 - [INFO] - [512280345618546699] 後台創世流程結束，狀態鎖已釋放。
2025-10-02 00:10:40 - [INFO] - 所有持久化 UI 視圖已成功註冊。
2025-10-02 00:10:40 - [INFO] - 正在嘗試將應用程式指令 (Slash Commands) 全域同步到 Discord...
2025-10-02 00:10:40 - [INFO] - ✅ 應用程式指令全域同步成功！(注意：全域指令更新可能需要長達一小時才能在所有伺服器生效)
2025-10-02 00:10:40 - [INFO] - Discord Bot is ready!
2025-10-02 00:10:43 - [INFO] - 【健康檢查 & Keep-Alive】背景任務已啟動。
2025-10-02 00:10:43 - [INFO] - Logged in as AI#4450 (ID: 1358417100250808531)
2025-10-02 00:10:44 - [INFO] - 已成功發送啟動成功通知給管理員。
2025-10-02 00:12:22 - [INFO] - [512280345618546699] 後台重置任務開始...
2025-10-02 00:12:22 - [INFO] - [512280345618546699] 未檢測到活躍的 AI 實例，直接進行清理。
2025-10-02 00:12:22 - [INFO] - [512280345618546699] 正在清除所有資料庫記錄...
2025-10-02 00:12:24 - [INFO] - [512280345618546699] 所有資料庫記錄已成功清除。
2025-10-02 00:12:24 - [INFO] - [512280345618546699] (Robust Delete) 正在啟動對目錄 data\vector_stores\512280345618546699 的健壯刪除流程...
2025-10-02 00:12:24 - [INFO] - [512280345618546699] (Robust Delete) ✅ 在第 1 次嘗試中成功刪除目錄: data\vector_stores\512280345618546699
2025-10-02 00:12:46 - [INFO] - [512280345618546699] (UI Event) Persistent 'StartSetupView' button clicked.
2025-10-02 00:12:52 - [INFO] - [512280345618546699] (UI Event) WorldSettingsModal submitted. is_setup_flow: True
2025-10-02 00:12:52 - [INFO] - 使用者 512280345618546699 沒有活躍的 AI 實例，嘗試創建...
2025-10-02 00:12:52 - [INFO] - [512280345618546699] 處於設定流程中，即使資料庫無記錄，也創建一個臨時的記憶體實例。
2025-10-02 00:12:52 - [INFO] - [512280345618546699] 核心數據模板 'world_snapshot_template.txt' 已成功加載。
2025-10-02 00:12:52 - [INFO] - [512280345618546699] 核心協議 '00_supreme_directive.txt' 已成功加載。
2025-10-02 00:12:52 - [INFO] - [512280345618546699] 正在創建本地 Embedding 模型 'infgrad/stella-base-zh-v2' 實例...
2025-10-02 00:12:56 - [INFO] - [512280345618546699] ✅ 本地 Embedding 模型實例創建成功。
2025-10-02 00:12:56 - [INFO] - [512280345618546699] 所有輕量級前置資源已準備就緒 (RAG 創建已延遲)。
2025-10-02 00:12:56 - [INFO] - [512280345618546699] 接收到 profile 更新請求: ['world_settings']
2025-10-02 00:12:56 - [WARNING] - [512280345618546699] 在持久化更新時找不到使用者資料，將創建新記錄。
2025-10-02 00:12:56 - [INFO] - [512280345618546699] Profile 更新並持久化成功。
2025-10-02 00:12:57 - [INFO] - [512280345618546699] (UI Event) Persistent 'ContinueToUserSetupView' button clicked.
2025-10-02 00:13:08 - [INFO] - [512280345618546699] (UI Event) CharacterSettingsModal submitted for profile_type: 'user', is_setup_flow: True
2025-10-02 00:13:08 - [INFO] - [512280345618546699] 接收到 profile 更新請求: ['user_profile']
2025-10-02 00:13:08 - [INFO] - [512280345618546699] Profile 更新並持久化成功。
2025-10-02 00:13:09 - [INFO] - [512280345618546699] (UI Event) Persistent 'ContinueToAiSetupView' button clicked.
2025-10-02 00:13:21 - [INFO] - [512280345618546699] (UI Event) CharacterSettingsModal submitted for profile_type: 'ai', is_setup_flow: True
2025-10-02 00:13:21 - [INFO] - [512280345618546699] 接收到 profile 更新請求: ['ai_profile']
2025-10-02 00:13:21 - [INFO] - [512280345618546699] Profile 更新並持久化成功。
2025-10-02 00:13:23 - [INFO] - [512280345618546699] [創世流程] 檔案上傳開始，已設定 active_setups 狀態鎖。
2025-10-02 00:13:30 - [INFO] - [512280345618546699] (on_message) 偵測到用戶處於活躍的創世流程中，已忽略常規訊息 '...' 以防止競爭。
2025-10-02 00:13:32 - [INFO] - [512280345618546699] 獨立的後台創世流程已為用戶啟動。
2025-10-02 00:13:32 - [INFO] - [512280345618546699] [後台創世 1/5] 正在進行 LORE 智能解析...
2025-10-02 00:13:32 - [INFO] - [512280345618546699] [創世 LORE 解析] 正在啟動多層降級解析管線...
2025-10-02 00:13:32 - [INFO] - [512280345618546699] [LORE 解析] 已將世界聖經原文分割成 8 個文本塊進行處理。
2025-10-02 00:13:32 - [INFO] - [512280345618546699] [LORE 解析] 正在處理文本塊 1/8...
2025-10-02 00:13:32 - [INFO] - [512280345618546699] [LORE 解析 1-1/5] 正在嘗試【理想方案：雲端宏觀解析】...
2025-10-02 00:13:54 - [INFO] - [512280345618546699] [LLM Success] Generation successful using model 'gemini-2.5-flash-lite' with API Key #0.
2025-10-02 00:13:54 - [INFO] - [512280345618546699] [LORE 解析 1-1/5] ✅ 成功！
2025-10-02 00:13:54 - [INFO] - [512280345618546699] [LORE 解析] 正在處理文本塊 2/8...
2025-10-02 00:13:54 - [INFO] - [512280345618546699] [LORE 解析 2-1/5] 正在嘗試【理想方案：雲端宏觀解析】...
2025-10-02 00:14:10 - [INFO] - [512280345618546699] [LLM Success] Generation successful using model 'gemini-2.5-flash-lite' with API Key #1.
2025-10-02 00:14:10 - [INFO] - [512280345618546699] [LORE 解析 2-1/5] ✅ 成功！
2025-10-02 00:14:10 - [INFO] - [512280345618546699] [LORE 解析] 正在處理文本塊 3/8...
2025-10-02 00:14:10 - [INFO] - [512280345618546699] [LORE 解析 3-1/5] 正在嘗試【理想方案：雲端宏觀解析】...
2025-10-02 00:14:20 - [INFO] - [512280345618546699] [LLM Success] Generation successful using model 'gemini-2.5-flash-lite' with API Key #2.
2025-10-02 00:14:20 - [INFO] - [512280345618546699] [LORE 解析 3-1/5] ✅ 成功！
2025-10-02 00:14:20 - [INFO] - [512280345618546699] [LORE 解析] 正在處理文本塊 4/8...
2025-10-02 00:14:20 - [INFO] - [512280345618546699] [LORE 解析 4-1/5] 正在嘗試【理想方案：雲端宏觀解析】...
2025-10-02 00:14:39 - [INFO] - [512280345618546699] [LLM Success] Generation successful using model 'gemini-2.5-flash-lite' with API Key #3.
2025-10-02 00:14:39 - [INFO] - [512280345618546699] [LORE 解析 4-1/5] ✅ 成功！
2025-10-02 00:14:39 - [INFO] - [512280345618546699] [LORE 解析] 正在處理文本塊 5/8...
2025-10-02 00:14:39 - [INFO] - [512280345618546699] [LORE 解析 5-1/5] 正在嘗試【理想方案：雲端宏觀解析】...
2025-10-02 00:14:55 - [INFO] - [512280345618546699] [LLM Success] Generation successful using model 'gemini-2.5-flash-lite' with API Key #4.
2025-10-02 00:14:55 - [INFO] - [512280345618546699] [LORE 解析 5-1/5] ✅ 成功！
2025-10-02 00:14:55 - [INFO] - [512280345618546699] [LORE 解析] 正在處理文本塊 6/8...
2025-10-02 00:14:55 - [INFO] - [512280345618546699] [LORE 解析 6-1/5] 正在嘗試【理想方案：雲端宏觀解析】...
2025-10-02 00:15:16 - [INFO] - [512280345618546699] [LLM Success] Generation successful using model 'gemini-2.5-flash-lite' with API Key #5.
2025-10-02 00:15:16 - [INFO] - [512280345618546699] [LORE 解析 6-1/5] ✅ 成功！
2025-10-02 00:15:16 - [INFO] - [512280345618546699] [LORE 解析] 正在處理文本塊 7/8...
2025-10-02 00:15:16 - [INFO] - [512280345618546699] [LORE 解析 7-1/5] 正在嘗試【理想方案：雲端宏觀解析】...
2025-10-02 00:15:32 - [INFO] - [512280345618546699] [LLM Success] Generation successful using model 'gemini-2.5-flash-lite' with API Key #0.
2025-10-02 00:15:32 - [INFO] - [512280345618546699] [LORE 解析 7-1/5] ✅ 成功！
2025-10-02 00:15:32 - [INFO] - [512280345618546699] [LORE 解析] 正在處理文本塊 8/8...
2025-10-02 00:15:32 - [INFO] - [512280345618546699] [LORE 解析 8-1/5] 正在嘗試【理想方案：雲端宏觀解析】...
2025-10-02 00:15:38 - [INFO] - [512280345618546699] [LLM Success] Generation successful using model 'gemini-2.5-flash-lite' with API Key #1.
2025-10-02 00:15:38 - [INFO] - [512280345618546699] [LORE 解析 8-1/5] ✅ 成功！
2025-10-02 00:15:38 - [INFO] - [512280345618546699] [混合式安全驗證器] 正在啟動，對 129 個NPC檔案進行【分批】最終校驗...
2025-10-02 00:15:38 - [INFO] - [512280345618546699] [別名驗證] 正在處理批次 1/13...
2025-10-02 00:15:40 - [INFO] - [512280345618546699] [LLM Success] Generation successful using model 'gemini-2.5-flash-lite' with API Key #2.
2025-10-02 00:15:40 - [WARNING] - [512280345618546699] [混合式安全驗證器] 檢測到角色 '絲月' 的身份遺漏或偏差，已強制從原文交叉驗證後修正 aliases 列表。
2025-10-02 00:15:40 - [WARNING] - [512280345618546699] [混合式安全驗證器] 檢測到角色 '卡爾•維利爾斯勳爵' 的身份遺漏或偏差，已強制從原文交叉驗證後修正 aliases 列表。
2025-10-02 00:15:40 - [WARNING] - [512280345618546699] [混合式安全驗證器] 檢測到角色 '莉莉絲' 的身份遺漏或偏差，已強制從原文交叉驗證後修正 aliases 列表。
2025-10-02 00:15:40 - [WARNING] - [512280345618546699] [混合式安全驗證器] 檢測到角色 '老高' 的身份遺漏或偏差，已強制從原文交叉驗證後修正 aliases 列表。
2025-10-02 00:15:40 - [WARNING] - [512280345618546699] [混合式安全驗證器] 檢測到角色 '薩格納' 的身份遺漏或偏差，已強制從原文交叉驗證後修正 aliases 列表。
2025-10-02 00:15:40 - [WARNING] - [512280345618546699] [混合式安全驗證器] 檢測到角色 '菲利普•薩格納' 的身份遺漏或偏差，已強制從原文交叉驗證後修正 aliases 列表。
2025-10-02 00:15:40 - [WARNING] - [512280345618546699] [混合式安全驗證器] 檢測到角色 '米婭' 的身份遺漏或偏差，已強制從原文交叉驗證後修正 aliases 列表。
2025-10-02 00:15:40 - [WARNING] - [512280345618546699] [混合式安全驗證器] 檢測到角色 '艾莉諾' 的身份遺漏或偏差，已強制從原文交叉驗證後修正 aliases 列表。
2025-10-02 00:15:40 - [WARNING] - [512280345618546699] [混合式安全驗證器] 檢測到角色 '赫克托' 的身份遺漏或偏差，已強制從原文交叉驗證後修正 aliases 列表。
2025-10-02 00:15:40 - [WARNING] - [512280345618546699] [混合式安全驗證器] 檢測到角色 '埃德蒙三世' 的身份遺漏或偏差，已強制從原文交叉驗證後修正 aliases 列表。
2025-10-02 00:15:42 - [INFO] - [512280345618546699] [別名驗證] 正在處理批次 2/13...
2025-10-02 00:15:44 - [INFO] - [512280345618546699] [LLM Success] Generation successful using model 'gemini-2.5-flash-lite' with API Key #3.
2025-10-02 00:15:44 - [WARNING] - [512280345618546699] [混合式安全驗證器] 檢測到角色 '博林' 的身份遺漏或偏差，已強制從原文交叉驗證後修正 aliases 列表。
2025-10-02 00:15:44 - [WARNING] - [512280345618546699] [混合式安全驗證器] 檢測到角色 '克拉拉' 的身份遺漏或偏差，已強制從原文交叉驗證後修正 aliases 列表。
2025-10-02 00:15:44 - [WARNING] - [512280345618546699] [混合式安全驗證器] 檢測到角色 '高爾' 的身份遺漏或偏差，已強制從原文交叉驗證後修正 aliases 列表。
2025-10-02 00:15:44 - [WARNING] - [512280345618546699] [混合式安全驗證器] 檢測到角色 '翠絲' 的身份遺漏或偏差，已強制從原文交叉驗證後修正 aliases 列表。
2025-10-02 00:15:44 - [WARNING] - [512280345618546699] [混合式安全驗證器] 檢測到角色 '迪茜' 的身份遺漏或偏差，已強制從原文交叉驗證後修正 aliases 列表。
2025-10-02 00:15:44 - [WARNING] - [512280345618546699] [混合式安全驗證器] 檢測到角色 '亞瑟' 的身份遺漏或偏差，已強制從原文交叉驗證後修正 aliases 列表。
2025-10-02 00:15:44 - [WARNING] - [512280345618546699] [混合式安全驗證器] 檢測到角色 '莉莉絲' 的身份遺漏或偏差，已強制從原文交叉驗證後修正 aliases 列表。
2025-10-02 00:15:46 - [INFO] - [512280345618546699] [別名驗證] 正在處理批次 3/13...
2025-10-02 00:15:47 - [INFO] - [512280345618546699] [LLM Success] Generation successful using model 'gemini-2.5-flash-lite' with API Key #4.
2025-10-02 00:15:47 - [WARNING] - [512280345618546699] [混合式安全驗證器] 檢測到角色 '瑪莉' 的身份遺漏或偏差，已強制從原文交叉驗證後修正 aliases 列表。
2025-10-02 00:15:47 - [WARNING] - [512280345618546699] [混合式安全驗證器] 檢測到角色 '安娜' 的身份遺漏或偏差，已強制從原文交叉驗證後修正 aliases 列表。
2025-10-02 00:15:47 - [WARNING] - [512280345618546699] [混合式安全驗證器] 檢測到角色 '絲月' 的身份遺漏或偏差，已強制從原文交叉驗證後修正 aliases 列表。
2025-10-02 00:15:49 - [INFO] - [512280345618546699] [別名驗證] 正在處理批次 4/13...
2025-10-02 00:15:51 - [INFO] - [512280345618546699] [LLM Success] Generation successful using model 'gemini-2.5-flash-lite' with API Key #5.
2025-10-02 00:15:51 - [WARNING] - [512280345618546699] [混合式安全驗證器] 檢測到角色 '瑪莉' 的身份遺漏或偏差，已強制從原文交叉驗證後修正 aliases 列表。
2025-10-02 00:15:51 - [WARNING] - [512280345618546699] [混合式安全驗證器] 檢測到角色 '愛莉莎' 的身份遺漏或偏差，已強制從原文交叉驗證後修正 aliases 列表。
2025-10-02 00:15:51 - [WARNING] - [512280345618546699] [混合式安全驗證器] 檢測到角色 '安娜' 的身份遺漏或偏差，已強制從原文交叉驗證後修正 aliases 列表。
2025-10-02 00:15:51 - [WARNING] - [512280345618546699] [混合式安全驗證器] 檢測到角色 '湯姆' 的身份遺漏或偏差，已強制從原文交叉驗證後修正 aliases 列表。
2025-10-02 00:15:51 - [WARNING] - [512280345618546699] [混合式安全驗證器] 檢測到角色 '卡蓮' 的身份遺漏或偏差，已強制從原文交叉驗證後修正 aliases 列表。
2025-10-02 00:15:51 - [WARNING] - [512280345618546699] [混合式安全驗證器] 檢測到角色 '凱爾' 的身份遺漏或偏差，已強制從原文交叉驗證後修正 aliases 列表。
2025-10-02 00:15:51 - [WARNING] - [512280345618546699] [混合式安全驗證器] 檢測到角色 '艾拉' 的身份遺漏或偏差，已強制從原文交叉驗證後修正 aliases 列表。
2025-10-02 00:15:51 - [WARNING] - [512280345618546699] [混合式安全驗證器] 檢測到角色 '里斯' 的身份遺漏或偏差，已強制從原文交叉驗證後修正 aliases 列表。
2025-10-02 00:15:53 - [INFO] - [512280345618546699] [別名驗證] 正在處理批次 5/13...
2025-10-02 00:15:54 - [INFO] - [512280345618546699] [LLM Success] Generation successful using model 'gemini-2.5-flash-lite' with API Key #0.
2025-10-02 00:15:54 - [WARNING] - [512280345618546699] [混合式安全驗證器] 檢測到角色 '瓦勒留斯' 的身份遺漏或偏差，已強制從原文交叉驗證後修正 aliases 列表。
2025-10-02 00:15:54 - [WARNING] - [512280345618546699] [混合式安全驗證器] 檢測到角色 '維利爾斯勳爵' 的身份遺漏或偏差，已強制從原文交叉驗證後修正 aliases 列表。
2025-10-02 00:15:54 - [WARNING] - [512280345618546699] [混合式安全驗證器] 檢測到角色 '澤拉' 的身份遺漏或偏差，已強制從原文交叉驗證後修正 aliases 列表。
2025-10-02 00:15:54 - [WARNING] - [512280345618546699] [混合式安全驗證器] 檢測到角色 '絲月' 的身份遺漏或偏差，已強制從原文交叉驗證後修正 aliases 列表。
2025-10-02 00:15:54 - [WARNING] - [512280345618546699] [混合式安全驗證器] 檢測到角色 '艾莉諾' 的身份遺漏或偏差，已強制從原文交叉驗證後修正 aliases 列表。
2025-10-02 00:15:54 - [WARNING] - [512280345618546699] [混合式安全驗證器] 檢測到角色 '布里奇特' 的身份遺漏或偏差，已強制從原文交叉驗證後修正 aliases 列表。
2025-10-02 00:15:54 - [WARNING] - [512280345618546699] [混合式安全驗證器] 檢測到角色 '瓦萊麗' 的身份遺漏或偏差，已強制從原文交叉驗證後修正 aliases 列表。
2025-10-02 00:15:54 - [WARNING] - [512280345618546699] [混合式安全驗證器] 檢測到角色 '班恩' 的身份遺漏或偏差，已強制從原文交叉驗證後修正 aliases 列表。
2025-10-02 00:15:54 - [WARNING] - [512280345618546699] [混合式安全驗證器] 檢測到角色 '菲利普' 的身份遺漏或偏差，已強制從原文交叉驗證後修正 aliases 列表。
2025-10-02 00:15:54 - [WARNING] - [512280345618546699] [混合式安全驗證器] 檢測到角色 '阿拉里克' 的身份遺漏或偏差，已強制從原文交叉驗證後修正 aliases 列表。
2025-10-02 00:15:56 - [INFO] - [512280345618546699] [別名驗證] 正在處理批次 6/13...
