### AI Lover Log - Last updated at 2025-10-12T08:19:01.849143 ###

2025-10-11 23:04:47 - [INFO] - [512280345618546699] [æ™ºèƒ½èšåˆ] å·²æˆåŠŸè½‰æ›ä¸¦æ·»åŠ  LORE: 'æŒ«æ•—æ„Ÿ'
2025-10-11 23:04:47 - [INFO] - [512280345618546699] [æ™ºèƒ½èšåˆ] å·²æˆåŠŸè½‰æ›ä¸¦æ·»åŠ  LORE: 'Enhancement'
2025-10-11 23:04:47 - [INFO] - [512280345618546699] [å¾Œå°å‰µä¸–] æ­¥é©Ÿ 3/3: æ•¸æ“šæº–å‚™å®Œæˆï¼Œæ­£åœ¨ä½¿ç”¨ 67 æ¢æ–‡æª”è§¸ç™¼ RAG ç´¢å¼•å‰µå§‹æ§‹å»º...
2025-10-11 23:04:47 - [INFO] - [512280345618546699] (Retriever Builder) é€²å…¥å¤–éƒ¨æ–‡æª”æ³¨å…¥æ¨¡å¼ï¼Œä½¿ç”¨ 67 æ¢å‚³å…¥æ–‡æª”ï¼Œæº–å‚™ä½¿ç”¨ 67 æ¢æ–‡æª”é€²è¡Œæ§‹å»º...
2025-10-11 23:06:25 - [INFO] - [512280345618546699] å¾Œå°å‰µä¸–æµç¨‹çµæŸï¼Œç‹€æ…‹é–å·²é‡‹æ”¾ã€‚
2025-10-12 00:06:51 - [INFO] - æ­£åœ¨åŠ è¼‰æ ¸å¿ƒ Cog (core_cog)...
2025-10-12 00:06:58 - [INFO] - âœ… æ ¸å¿ƒ Cog (core_cog) å·²åŠ è¼‰ï¼Œä¸¦ä¸”æ‰€æœ‰æŒä¹…åŒ–è¦–åœ–å·²æˆåŠŸè¨»å†Šã€‚
2025-10-12 00:06:58 - [INFO] - âœ… æ ¸å¿ƒ Cog åŠ è¼‰æˆåŠŸã€‚
2025-10-12 00:06:58 - [INFO] - æ­£åœ¨å…¨åŸŸåŒæ­¥æ‡‰ç”¨ç¨‹å¼æŒ‡ä»¤...
2025-10-12 00:06:59 - [INFO] - âœ… æŒ‡ä»¤å·²å…¨åŸŸåŒæ­¥ï¼
2025-10-12 00:06:59 - [INFO] - Discord Bot setup hook finished!
2025-10-12 00:07:02 - [INFO] - Logged in as AI#4450 (ID: 1358417100250808531)
2025-10-12 00:07:03 - [INFO] - å·²æˆåŠŸç™¼é€å•Ÿå‹•æˆåŠŸé€šçŸ¥çµ¦ç®¡ç†å“¡ã€‚
2025-10-12 00:11:37 - [INFO] - [512280345618546699] [Data Reset] æ­£åœ¨å•Ÿå‹•ä½¿ç”¨è€…è³‡æ–™é‡ç½®æµç¨‹...
2025-10-12 00:11:38 - [INFO] - [512280345618546699] [Data Reset] æ‰€æœ‰ç›¸é—œçš„è³‡æ–™åº«è¨˜éŒ„å·²æˆåŠŸåˆªé™¤ã€‚
2025-10-12 00:11:38 - [INFO] - [512280345618546699] [Data Reset] å‘é‡å„²å­˜ç›®éŒ„ 'D:\DINO\SD\ComfyUI\personal_server\ai_lover_service\data\vector_stores\512280345618546699' å·²æˆåŠŸåˆªé™¤ã€‚
2025-10-12 00:11:38 - [INFO] - [512280345618546699] [Data Reset] è³‡æ–™é‡ç½®æµç¨‹å·²å…¨éƒ¨å®Œæˆã€‚
2025-10-12 00:11:40 - [INFO] - [512280345618546699] (UI Event) Persistent 'StartSetupView' button clicked.
2025-10-12 00:11:45 - [INFO] - ä½¿ç”¨è€… 512280345618546699 æ²’æœ‰æ´»èºçš„ AI å¯¦ä¾‹ï¼Œå˜—è©¦å‰µå»º...
2025-10-12 00:11:45 - [INFO] - [512280345618546699] è™•æ–¼è¨­å®šæµç¨‹ä¸­ï¼Œå³ä½¿è³‡æ–™åº«ç„¡è¨˜éŒ„ï¼Œä¹Ÿå‰µå»ºä¸€å€‹è‡¨æ™‚çš„è¨˜æ†¶é«”å¯¦ä¾‹ã€‚
2025-10-12 00:11:45 - [INFO] - [512280345618546699] æ ¸å¿ƒæ•¸æ“šæ¨¡æ¿ 'world_snapshot_template.txt' å·²æˆåŠŸåŠ è¼‰ã€‚
2025-10-12 00:11:45 - [INFO] - [512280345618546699] æ ¸å¿ƒå”è­° '00_supreme_directive.txt' å·²æˆåŠŸåŠ è¼‰ã€‚
2025-10-12 00:11:45 - [INFO] - â„¹ï¸ [Embedding Loader] æ­£åœ¨å•Ÿå‹•ã€ç´”æœ¬åœ° RAGã€‘Embedding å¼•æ“...
2025-10-12 00:11:45 - [INFO] -    - æª¢æ¸¬åˆ°æœ¬åœ°æ¨¡å‹è·¯å¾‘ï¼Œæ­£åœ¨å˜—è©¦å¾ 'D:\DINO\SD\ComfyUI\personal_server\ai_lover_service\models\stella-base-zh-v2' åŠ è¼‰...
2025-10-12 00:11:54 - [INFO] - âœ… [Embedding Loader] ç´”æœ¬åœ° Embedding æ¨¡å‹æˆåŠŸåŠ è¼‰ã€‚
2025-10-12 00:11:54 - [INFO] - [512280345618546699] æ‰€æœ‰è¼•é‡ç´šå‰ç½®è³‡æºå·²æº–å‚™å°±ç·’ (RAG å‰µå»ºå·²å»¶é²)ã€‚
2025-10-12 00:11:54 - [INFO] - [512280345618546699] æ¥æ”¶åˆ° profile æ›´æ–°è«‹æ±‚: ['world_settings']
2025-10-12 00:11:54 - [WARNING] - [512280345618546699] åœ¨æŒä¹…åŒ–æ›´æ–°æ™‚æ‰¾ä¸åˆ°ä½¿ç”¨è€…è³‡æ–™ï¼Œå°‡å‰µå»ºæ–°è¨˜éŒ„ã€‚
2025-10-12 00:11:54 - [INFO] - [512280345618546699] Profile æ›´æ–°ä¸¦æŒä¹…åŒ–æˆåŠŸã€‚
2025-10-12 00:11:56 - [INFO] - [512280345618546699] (UI Event) Persistent 'ContinueToUserSetupView' button clicked.
2025-10-12 00:12:06 - [INFO] - [512280345618546699] (UI Event) CharacterSettingsModal submitted for profile_type: 'user', is_setup_flow: True
2025-10-12 00:12:07 - [INFO] - [512280345618546699] æ¥æ”¶åˆ° profile æ›´æ–°è«‹æ±‚: ['user_profile']
2025-10-12 00:12:08 - [INFO] - [512280345618546699] Profile æ›´æ–°ä¸¦æŒä¹…åŒ–æˆåŠŸã€‚
2025-10-12 00:12:14 - [INFO] - [512280345618546699] (UI Event) Persistent 'ContinueToAiSetupView' button clicked.
2025-10-12 00:12:29 - [INFO] - [512280345618546699] (UI Event) CharacterSettingsModal submitted for profile_type: 'ai', is_setup_flow: True
2025-10-12 00:12:29 - [INFO] - [512280345618546699] æ¥æ”¶åˆ° profile æ›´æ–°è«‹æ±‚: ['ai_profile']
2025-10-12 00:12:29 - [INFO] - [512280345618546699] Profile æ›´æ–°ä¸¦æŒä¹…åŒ–æˆåŠŸã€‚
2025-10-12 00:12:31 - [INFO] - [512280345618546699] [å‰µä¸–æµç¨‹] æª”æ¡ˆä¸Šå‚³é–‹å§‹ï¼Œå·²è¨­å®š active_setups ç‹€æ…‹é–ã€‚
2025-10-12 00:12:38 - [INFO] - [512280345618546699] (on_message) åµæ¸¬åˆ°ç”¨æˆ¶è™•æ–¼æ´»èºçš„å‰µä¸–æµç¨‹ä¸­ï¼Œå·²å¿½ç•¥å¸¸è¦è¨Šæ¯ '...' ä»¥é˜²æ­¢ç«¶çˆ­ã€‚
2025-10-12 00:12:41 - [INFO] - [512280345618546699] [å‰µä¸–æµç¨‹ v66.2] å•Ÿå‹•ã€æœ¬åœ°é è™•ç† + æ™ºèƒ½èšåˆã€‘æµç¨‹...
2025-10-12 00:12:41 - [INFO] - [512280345618546699] [å¾Œå°å‰µä¸–] æ­¥é©Ÿ 1/3: æ­£åœ¨èª¿ç”¨æœ¬åœ° Ollama æ¨¡å‹é€²è¡Œç„¡å¯©æŸ¥é è§£æ...
2025-10-12 00:12:41 - [INFO] - [512280345618546699] [æœ¬åœ°åŸ·è¡Œå–®å…ƒ] æ­£åœ¨å•Ÿå‹• v4.0 æ½¤è‰²/å‚™æ´æµç¨‹...
2025-10-12 00:12:41 - [WARNING] - [512280345618546699] [æœ¬åœ°åŸ·è¡Œå–®å…ƒ-LLM] ğŸ”¥ LLM æ‰¹æ¬¡åŒ–æ½¤è‰²å¤±æ•—: 'str' object has no attribute 'keys'
Traceback (most recent call last):
  File "D:\DINO\SD\ComfyUI\personal_server\ai_lover_service\src\ai_core.py", line 1856, in _invoke_local_ollama_parser
    all_entities = list(aggregated_facts_map.keys())
AttributeError: 'str' object has no attribute 'keys'
2025-10-12 00:12:41 - [WARNING] - [512280345618546699] [æœ¬åœ°åŸ·è¡Œå–®å…ƒ-å‚™æ´] æ­£åœ¨è§¸ç™¼ã€ç´”ç¨‹å¼ç¢¼å‚™æ´æ–¹æ¡ˆã€‘ï¼Œä»¥ç¢ºä¿æ•¸æ“šä¿çœŸåº¦...
2025-10-12 00:12:41 - [ERROR] - [512280345618546699] å¾Œå°å‰µä¸–æµç¨‹ç™¼ç”Ÿåš´é‡éŒ¯èª¤: 'str' object has no attribute 'items'
Traceback (most recent call last):
  File "D:\DINO\SD\ComfyUI\personal_server\ai_lover_service\src\cogs\core_cog.py", line 1132, in _perform_full_setup_flow
    parsed_canon = await ai_instance._invoke_local_ollama_parser(canon_text)
  File "D:\DINO\SD\ComfyUI\personal_server\ai_lover_service\src\ai_core.py", line 1916, in _invoke_local_ollama_parser
    for name, facts in aggregated_facts_map.items():
AttributeError: 'str' object has no attribute 'items'
2025-10-12 00:12:41 - [INFO] - [512280345618546699] å¾Œå°å‰µä¸–æµç¨‹çµæŸï¼Œç‹€æ…‹é–å·²é‡‹æ”¾ã€‚
2025-10-12 00:17:53 - [INFO] - æ­£åœ¨åŠ è¼‰æ ¸å¿ƒ Cog (core_cog)...
2025-10-12 00:17:56 - [INFO] - âœ… æ ¸å¿ƒ Cog (core_cog) å·²åŠ è¼‰ï¼Œä¸¦ä¸”æ‰€æœ‰æŒä¹…åŒ–è¦–åœ–å·²æˆåŠŸè¨»å†Šã€‚
2025-10-12 00:17:56 - [INFO] - âœ… æ ¸å¿ƒ Cog åŠ è¼‰æˆåŠŸã€‚
2025-10-12 00:17:56 - [INFO] - æ­£åœ¨å…¨åŸŸåŒæ­¥æ‡‰ç”¨ç¨‹å¼æŒ‡ä»¤...
2025-10-12 00:17:57 - [INFO] - âœ… æŒ‡ä»¤å·²å…¨åŸŸåŒæ­¥ï¼
2025-10-12 00:17:57 - [INFO] - Discord Bot setup hook finished!
2025-10-12 00:18:00 - [INFO] - Logged in as AI#4450 (ID: 1358417100250808531)
2025-10-12 00:18:00 - [INFO] - å·²æˆåŠŸç™¼é€å•Ÿå‹•æˆåŠŸé€šçŸ¥çµ¦ç®¡ç†å“¡ã€‚
2025-10-12 00:18:52 - [INFO] - [512280345618546699] [Data Reset] æ­£åœ¨å•Ÿå‹•ä½¿ç”¨è€…è³‡æ–™é‡ç½®æµç¨‹...
2025-10-12 00:18:52 - [INFO] - [512280345618546699] [Data Reset] æ‰€æœ‰ç›¸é—œçš„è³‡æ–™åº«è¨˜éŒ„å·²æˆåŠŸåˆªé™¤ã€‚
2025-10-12 00:18:52 - [INFO] - [512280345618546699] [Data Reset] å‘é‡å„²å­˜ç›®éŒ„ 'D:\DINO\SD\ComfyUI\personal_server\ai_lover_service\data\vector_stores\512280345618546699' å·²æˆåŠŸåˆªé™¤ã€‚
2025-10-12 00:18:52 - [INFO] - [512280345618546699] [Data Reset] è³‡æ–™é‡ç½®æµç¨‹å·²å…¨éƒ¨å®Œæˆã€‚
2025-10-12 00:18:54 - [INFO] - [512280345618546699] (UI Event) Persistent 'StartSetupView' button clicked.
2025-10-12 00:18:58 - [INFO] - ä½¿ç”¨è€… 512280345618546699 æ²’æœ‰æ´»èºçš„ AI å¯¦ä¾‹ï¼Œå˜—è©¦å‰µå»º...
2025-10-12 00:18:58 - [INFO] - [512280345618546699] è™•æ–¼è¨­å®šæµç¨‹ä¸­ï¼Œå³ä½¿è³‡æ–™åº«ç„¡è¨˜éŒ„ï¼Œä¹Ÿå‰µå»ºä¸€å€‹è‡¨æ™‚çš„è¨˜æ†¶é«”å¯¦ä¾‹ã€‚
2025-10-12 00:18:58 - [INFO] - [512280345618546699] æ ¸å¿ƒæ•¸æ“šæ¨¡æ¿ 'world_snapshot_template.txt' å·²æˆåŠŸåŠ è¼‰ã€‚
2025-10-12 00:18:58 - [INFO] - [512280345618546699] æ ¸å¿ƒå”è­° '00_supreme_directive.txt' å·²æˆåŠŸåŠ è¼‰ã€‚
2025-10-12 00:18:58 - [INFO] - â„¹ï¸ [Embedding Loader] æ­£åœ¨å•Ÿå‹•ã€ç´”æœ¬åœ° RAGã€‘Embedding å¼•æ“...
2025-10-12 00:18:58 - [INFO] -    - æª¢æ¸¬åˆ°æœ¬åœ°æ¨¡å‹è·¯å¾‘ï¼Œæ­£åœ¨å˜—è©¦å¾ 'D:\DINO\SD\ComfyUI\personal_server\ai_lover_service\models\stella-base-zh-v2' åŠ è¼‰...
2025-10-12 00:19:01 - [INFO] - âœ… [Embedding Loader] ç´”æœ¬åœ° Embedding æ¨¡å‹æˆåŠŸåŠ è¼‰ã€‚
2025-10-12 00:19:01 - [INFO] - [512280345618546699] æ‰€æœ‰è¼•é‡ç´šå‰ç½®è³‡æºå·²æº–å‚™å°±ç·’ (RAG å‰µå»ºå·²å»¶é²)ã€‚
2025-10-12 00:19:01 - [INFO] - [512280345618546699] æ¥æ”¶åˆ° profile æ›´æ–°è«‹æ±‚: ['world_settings']
2025-10-12 00:19:01 - [WARNING] - [512280345618546699] åœ¨æŒä¹…åŒ–æ›´æ–°æ™‚æ‰¾ä¸åˆ°ä½¿ç”¨è€…è³‡æ–™ï¼Œå°‡å‰µå»ºæ–°è¨˜éŒ„ã€‚
2025-10-12 00:19:01 - [INFO] - [512280345618546699] Profile æ›´æ–°ä¸¦æŒä¹…åŒ–æˆåŠŸã€‚
2025-10-12 00:19:02 - [INFO] - [512280345618546699] (UI Event) Persistent 'ContinueToUserSetupView' button clicked.
2025-10-12 00:19:10 - [INFO] - [512280345618546699] (UI Event) CharacterSettingsModal submitted for profile_type: 'user', is_setup_flow: True
2025-10-12 00:19:10 - [INFO] - [512280345618546699] æ¥æ”¶åˆ° profile æ›´æ–°è«‹æ±‚: ['user_profile']
2025-10-12 00:19:10 - [INFO] - [512280345618546699] Profile æ›´æ–°ä¸¦æŒä¹…åŒ–æˆåŠŸã€‚
2025-10-12 00:19:12 - [INFO] - [512280345618546699] (UI Event) Persistent 'ContinueToAiSetupView' button clicked.
2025-10-12 00:19:21 - [INFO] - [512280345618546699] (UI Event) CharacterSettingsModal submitted for profile_type: 'ai', is_setup_flow: True
2025-10-12 00:19:22 - [INFO] - [512280345618546699] æ¥æ”¶åˆ° profile æ›´æ–°è«‹æ±‚: ['ai_profile']
2025-10-12 00:19:22 - [INFO] - [512280345618546699] Profile æ›´æ–°ä¸¦æŒä¹…åŒ–æˆåŠŸã€‚
2025-10-12 00:19:24 - [INFO] - [512280345618546699] [å‰µä¸–æµç¨‹] æª”æ¡ˆä¸Šå‚³é–‹å§‹ï¼Œå·²è¨­å®š active_setups ç‹€æ…‹é–ã€‚
2025-10-12 00:19:29 - [INFO] - [512280345618546699] (on_message) åµæ¸¬åˆ°ç”¨æˆ¶è™•æ–¼æ´»èºçš„å‰µä¸–æµç¨‹ä¸­ï¼Œå·²å¿½ç•¥å¸¸è¦è¨Šæ¯ '...' ä»¥é˜²æ­¢ç«¶çˆ­ã€‚
2025-10-12 00:19:32 - [INFO] - [512280345618546699] [å‰µä¸–æµç¨‹ v66.2] å•Ÿå‹•ã€æœ¬åœ°é è™•ç† + æ™ºèƒ½èšåˆã€‘æµç¨‹...
2025-10-12 00:19:32 - [INFO] - [512280345618546699] [å¾Œå°å‰µä¸–] æ­¥é©Ÿ 1/3: æ­£åœ¨èª¿ç”¨æœ¬åœ° Ollama æ¨¡å‹é€²è¡Œç„¡å¯©æŸ¥é è§£æ...
2025-10-12 00:19:32 - [WARNING] - [512280345618546699] [æœ¬åœ°æ‰§è¡Œå•å…ƒ] æ£€æµ‹åˆ°ä¸æ¨èçš„ç›´æ¥æ–‡æœ¬è¾“å…¥ï¼è¿™è¡¨æ˜å¤–éƒ¨è°ƒç”¨æ–¹å¼å·²è¿‡æ—¶ã€‚
2025-10-12 00:19:32 - [WARNING] - [512280345618546699] [æœ¬åœ°æ‰§è¡Œå•å…ƒ] æ­£åœ¨è‡ªåŠ¨é‡å®šå‘åˆ°ã€ç»ˆææ¶æ„v4.1ã€‘æ€»æŒ‡æŒ¥å®˜è¿›è¡Œå¤„ç†...
2025-10-12 00:19:32 - [INFO] - [512280345618546699] [æ•°æ®å…¥å£-è½¨é“B] æ­£åœ¨å¯åŠ¨ã€ç»ˆææ¶æ„v4.1ï¼šä¸Šä¸‹æ–‡éš”ç¦»ã€‘LOREè§£æç®¡çº¿...
2025-10-12 00:26:34 - [INFO] - [512280345618546699] [æ€»æŒ‡æŒ¥-P1&3] âœ… ç¨‹å¼ç æå–ä¸èåˆå®Œæˆï¼Œå…±è®¡ 333 ä¸ªå”¯ä¸€å®ä½“ã€‚
2025-10-12 00:26:34 - [INFO] - [512280345618546699] [æ€»æŒ‡æŒ¥-P4] æ­£åœ¨å°†èåˆæƒ…æŠ¥æäº¤è‡³æœ¬åœ°æ‰§è¡Œå•å…ƒè¿›è¡Œæœ€ç»ˆå¤„ç†...
2025-10-12 00:26:34 - [INFO] - [512280345618546699] [æœ¬åœ°æ‰§è¡Œå•å…ƒ] æ­£åœ¨å¯åŠ¨ v5.0 æ¶¦è‰²/å¤‡æ´æµç¨‹...
2025-10-12 00:26:34 - [INFO] - [512280345618546699] [æœ¬åœ°æ‰§è¡Œå•å…ƒ-LLM] æ­£åœ¨å¤„ç†æ‰¹æ¬¡ 1/67...
2025-10-12 00:29:33 - [INFO] - [512280345618546699] [æœ¬åœ°æ‰§è¡Œå•å…ƒ-LLM] æ­£åœ¨å¤„ç†æ‰¹æ¬¡ 2/67...
2025-10-12 00:34:33 - [WARNING] - [512280345618546699] [æœ¬åœ°æ‰§è¡Œå•å…ƒ-LLM] ğŸ”¥ LLM æ‰¹æ¬¡åŒ–æ¶¦è‰²å¤±è´¥: 
Traceback (most recent call last):
  File "C:\Users\USER\AppData\Local\Programs\Python\Python310\lib\site-packages\httpx\_transports\default.py", line 69, in map_httpcore_exceptions
    yield
  File "C:\Users\USER\AppData\Local\Programs\Python\Python310\lib\site-packages\httpx\_transports\default.py", line 373, in handle_async_request
    resp = await self._pool.handle_async_request(req)
  File "C:\Users\USER\AppData\Local\Programs\Python\Python310\lib\site-packages\httpcore\_async\connection_pool.py", line 256, in handle_async_request
    raise exc from None
  File "C:\Users\USER\AppData\Local\Programs\Python\Python310\lib\site-packages\httpcore\_async\connection_pool.py", line 236, in handle_async_request
    response = await connection.handle_async_request(
  File "C:\Users\USER\AppData\Local\Programs\Python\Python310\lib\site-packages\httpcore\_async\connection.py", line 103, in handle_async_request
    return await self._connection.handle_async_request(request)
  File "C:\Users\USER\AppData\Local\Programs\Python\Python310\lib\site-packages\httpcore\_async\http11.py", line 136, in handle_async_request
    raise exc
  File "C:\Users\USER\AppData\Local\Programs\Python\Python310\lib\site-packages\httpcore\_async\http11.py", line 106, in handle_async_request
    ) = await self._receive_response_headers(**kwargs)
  File "C:\Users\USER\AppData\Local\Programs\Python\Python310\lib\site-packages\httpcore\_async\http11.py", line 177, in _receive_response_headers
    event = await self._receive_event(timeout=timeout)
  File "C:\Users\USER\AppData\Local\Programs\Python\Python310\lib\site-packages\httpcore\_async\http11.py", line 217, in _receive_event
    data = await self._network_stream.read(
  File "C:\Users\USER\AppData\Local\Programs\Python\Python310\lib\site-packages\httpcore\_backends\anyio.py", line 32, in read
    with map_exceptions(exc_map):
  File "C:\Users\USER\AppData\Local\Programs\Python\Python310\lib\contextlib.py", line 153, in __exit__
    self.gen.throw(typ, value, traceback)
  File "C:\Users\USER\AppData\Local\Programs\Python\Python310\lib\site-packages\httpcore\_exceptions.py", line 14, in map_exceptions
    raise to_exc(exc) from exc
httpcore.ReadTimeout

The above exception was the direct cause of the following exception:

Traceback (most recent call last):
  File "D:\DINO\SD\ComfyUI\personal_server\ai_lover_service\src\ai_core.py", line 1905, in _invoke_local_ollama_parser
    response = await client.post("http://localhost:11434/api/generate", json=payload)
  File "C:\Users\USER\AppData\Local\Programs\Python\Python310\lib\site-packages\httpx\_client.py", line 1892, in post
    return await self.request(
  File "C:\Users\USER\AppData\Local\Programs\Python\Python310\lib\site-packages\httpx\_client.py", line 1574, in request
    return await self.send(request, auth=auth, follow_redirects=follow_redirects)
  File "C:\Users\USER\AppData\Local\Programs\Python\Python310\lib\site-packages\httpx\_client.py", line 1661, in send
    response = await self._send_handling_auth(
  File "C:\Users\USER\AppData\Local\Programs\Python\Python310\lib\site-packages\httpx\_client.py", line 1689, in _send_handling_auth
    response = await self._send_handling_redirects(
  File "C:\Users\USER\AppData\Local\Programs\Python\Python310\lib\site-packages\httpx\_client.py", line 1726, in _send_handling_redirects
    response = await self._send_single_request(request)
  File "C:\Users\USER\AppData\Local\Programs\Python\Python310\lib\site-packages\httpx\_client.py", line 1763, in _send_single_request
    response = await transport.handle_async_request(request)
  File "C:\Users\USER\AppData\Local\Programs\Python\Python310\lib\site-packages\httpx\_transports\default.py", line 372, in handle_async_request
    with map_httpcore_exceptions():
  File "C:\Users\USER\AppData\Local\Programs\Python\Python310\lib\contextlib.py", line 153, in __exit__
    self.gen.throw(typ, value, traceback)
  File "C:\Users\USER\AppData\Local\Programs\Python\Python310\lib\site-packages\httpx\_transports\default.py", line 86, in map_httpcore_exceptions
    raise mapped_exc(message) from exc
httpx.ReadTimeout
2025-10-12 00:34:33 - [WARNING] - [512280345618546699] [æœ¬åœ°æ‰§è¡Œå•å…ƒ-å¤‡æ´] æ­£åœ¨è§¸ç™¼ã€ç´”ç¨‹å¼ç¢¼å‚™æ´æ–¹æ¡ˆã€‘ï¼Œä»¥ç¡®ä¿æ•°æ®ä¿çœŸåº¦...
2025-10-12 00:34:34 - [INFO] - [512280345618546699] [æœ¬åœ°æ‰§è¡Œå•å…ƒ-å¤‡æ´] âœ… ç´”ç¨‹å¼ç¢¼å‚™æ´æ‰§è¡Œå®Œæ¯•ã€‚
2025-10-12 00:34:34 - [INFO] - [512280345618546699] [æ€»æŒ‡æŒ¥-P5] æ­£åœ¨å°†æœ€ç»ˆçš„ 333 ä¸ªLOREæ¡£æ¡ˆæŒä¹…åŒ–åˆ°èµ„æ–™åº“...
2025-10-12 00:35:08 - [INFO] - [512280345618546699] [æ•°æ®å…¥å£-è½¨é“B] âœ… ã€ç»ˆææ¶æ„v4.1ï¼šä¸Šä¸‹æ–‡éš”ç¦»ã€‘LOREè§£æç®¡çº¿æ‰§è¡Œå®Œæ¯•ã€‚
2025-10-12 00:35:08 - [INFO] - [512280345618546699] [å¾Œå°å‰µä¸–] æ­¥é©Ÿ 2/3: æœ¬åœ°é è§£ææˆåŠŸï¼Œæ­£åœ¨åŸ·è¡Œæ™ºèƒ½èšåˆ...
2025-10-12 00:35:08 - [ERROR] - [512280345618546699] å¾Œå°å‰µä¸–æµç¨‹ç™¼ç”Ÿåš´é‡éŒ¯èª¤: 'list' object has no attribute 'npc_profiles'
Traceback (most recent call last):
  File "D:\DINO\SD\ComfyUI\personal_server\ai_lover_service\src\cogs\core_cog.py", line 1153, in _perform_full_setup_flow
    if parsed_canon.npc_profiles: all_lores_to_process.extend([(p, 'characterprofile') for p in parsed_canon.npc_profiles])
AttributeError: 'list' object has no attribute 'npc_profiles'
2025-10-12 00:35:09 - [INFO] - [512280345618546699] å¾Œå°å‰µä¸–æµç¨‹çµæŸï¼Œç‹€æ…‹é–å·²é‡‹æ”¾ã€‚
2025-10-12 00:37:57 - [INFO] - æ­£åœ¨åŠ è¼‰æ ¸å¿ƒ Cog (core_cog)...
2025-10-12 00:37:57 - [ERROR] - ğŸ”¥ æ ¸å¿ƒ Cog åŠ è¼‰å¤±æ•—: Extension 'src.cogs.core_cog' raised an error: SyntaxError: unmatched ')' (core_cog.py, line 1132)
Traceback (most recent call last):
  File "C:\Users\USER\AppData\Local\Programs\Python\Python310\lib\site-packages\discord\ext\commands\bot.py", line 935, in _load_from_module_spec
    spec.loader.exec_module(lib)  # type: ignore
  File "<frozen importlib._bootstrap_external>", line 879, in exec_module
  File "<frozen importlib._bootstrap_external>", line 1017, in get_code
  File "<frozen importlib._bootstrap_external>", line 947, in source_to_code
  File "<frozen importlib._bootstrap>", line 241, in _call_with_frames_removed
  File "D:\DINO\SD\ComfyUI\personal_server\ai_lover_service\src\cogs\core_cog.py", line 1132
    pafinal_profiles = await ai_instance.parse_and_create_lore_from_canon(canon_text)canon_text)
                                                                                               ^
SyntaxError: unmatched ')'

The above exception was the direct cause of the following exception:

Traceback (most recent call last):
  File "D:\DINO\SD\ComfyUI\personal_server\ai_lover_service\src\discord_bot.py", line 41, in setup_hook
    await self.load_extension("src.cogs.core_cog")
  File "C:\Users\USER\AppData\Local\Programs\Python\Python310\lib\site-packages\discord\ext\commands\bot.py", line 1013, in load_extension
    await self._load_from_module_spec(spec, name)
  File "C:\Users\USER\AppData\Local\Programs\Python\Python310\lib\site-packages\discord\ext\commands\bot.py", line 938, in _load_from_module_spec
    raise errors.ExtensionFailed(key, e) from e
discord.ext.commands.errors.ExtensionFailed: Extension 'src.cogs.core_cog' raised an error: SyntaxError: unmatched ')' (core_cog.py, line 1132)
2025-10-12 00:47:04 - [INFO] - æ­£åœ¨åŠ è¼‰æ ¸å¿ƒ Cog (core_cog)...
2025-10-12 00:47:04 - [ERROR] - ğŸ”¥ æ ¸å¿ƒ Cog åŠ è¼‰å¤±æ•—: Extension 'src.cogs.core_cog' raised an error: SyntaxError: unmatched ')' (core_cog.py, line 1132)
Traceback (most recent call last):
  File "C:\Users\USER\AppData\Local\Programs\Python\Python310\lib\site-packages\discord\ext\commands\bot.py", line 935, in _load_from_module_spec
    spec.loader.exec_module(lib)  # type: ignore
  File "<frozen importlib._bootstrap_external>", line 879, in exec_module
  File "<frozen importlib._bootstrap_external>", line 1017, in get_code
  File "<frozen importlib._bootstrap_external>", line 947, in source_to_code
  File "<frozen importlib._bootstrap>", line 241, in _call_with_frames_removed
  File "D:\DINO\SD\ComfyUI\personal_server\ai_lover_service\src\cogs\core_cog.py", line 1132
    pafinal_profiles = await ai_instance.parse_and_create_lore_from_canon(canon_text)canon_text)
                                                                                               ^
SyntaxError: unmatched ')'

The above exception was the direct cause of the following exception:

Traceback (most recent call last):
  File "D:\DINO\SD\ComfyUI\personal_server\ai_lover_service\src\discord_bot.py", line 41, in setup_hook
    await self.load_extension("src.cogs.core_cog")
  File "C:\Users\USER\AppData\Local\Programs\Python\Python310\lib\site-packages\discord\ext\commands\bot.py", line 1013, in load_extension
    await self._load_from_module_spec(spec, name)
  File "C:\Users\USER\AppData\Local\Programs\Python\Python310\lib\site-packages\discord\ext\commands\bot.py", line 938, in _load_from_module_spec
    raise errors.ExtensionFailed(key, e) from e
discord.ext.commands.errors.ExtensionFailed: Extension 'src.cogs.core_cog' raised an error: SyntaxError: unmatched ')' (core_cog.py, line 1132)
2025-10-12 00:49:25 - [INFO] - æ­£åœ¨åŠ è¼‰æ ¸å¿ƒ Cog (core_cog)...
2025-10-12 00:49:31 - [INFO] - âœ… æ ¸å¿ƒ Cog (core_cog) å·²åŠ è¼‰ï¼Œä¸¦ä¸”æ‰€æœ‰æŒä¹…åŒ–è¦–åœ–å·²æˆåŠŸè¨»å†Šã€‚
2025-10-12 00:49:31 - [INFO] - âœ… æ ¸å¿ƒ Cog åŠ è¼‰æˆåŠŸã€‚
2025-10-12 00:49:31 - [INFO] - æ­£åœ¨å…¨åŸŸåŒæ­¥æ‡‰ç”¨ç¨‹å¼æŒ‡ä»¤...
2025-10-12 00:49:31 - [INFO] - âœ… æŒ‡ä»¤å·²å…¨åŸŸåŒæ­¥ï¼
2025-10-12 00:49:31 - [INFO] - Discord Bot setup hook finished!
2025-10-12 00:49:34 - [INFO] - Logged in as AI#4450 (ID: 1358417100250808531)
2025-10-12 00:49:34 - [INFO] - å·²æˆåŠŸç™¼é€å•Ÿå‹•æˆåŠŸé€šçŸ¥çµ¦ç®¡ç†å“¡ã€‚
2025-10-12 01:05:19 - [INFO] - [512280345618546699] [Data Reset] æ­£åœ¨å•Ÿå‹•ä½¿ç”¨è€…è³‡æ–™é‡ç½®æµç¨‹...
2025-10-12 01:05:20 - [INFO] - [512280345618546699] [Data Reset] æ‰€æœ‰ç›¸é—œçš„è³‡æ–™åº«è¨˜éŒ„å·²æˆåŠŸåˆªé™¤ã€‚
2025-10-12 01:05:20 - [INFO] - [512280345618546699] [Data Reset] å‘é‡å„²å­˜ç›®éŒ„ 'D:\DINO\SD\ComfyUI\personal_server\ai_lover_service\data\vector_stores\512280345618546699' å·²æˆåŠŸåˆªé™¤ã€‚
2025-10-12 01:05:20 - [INFO] - [512280345618546699] [Data Reset] è³‡æ–™é‡ç½®æµç¨‹å·²å…¨éƒ¨å®Œæˆã€‚
2025-10-12 01:05:22 - [INFO] - [512280345618546699] (UI Event) Persistent 'StartSetupView' button clicked.
2025-10-12 01:05:27 - [INFO] - ä½¿ç”¨è€… 512280345618546699 æ²’æœ‰æ´»èºçš„ AI å¯¦ä¾‹ï¼Œå˜—è©¦å‰µå»º...
2025-10-12 01:05:27 - [INFO] - [512280345618546699] è™•æ–¼è¨­å®šæµç¨‹ä¸­ï¼Œå³ä½¿è³‡æ–™åº«ç„¡è¨˜éŒ„ï¼Œä¹Ÿå‰µå»ºä¸€å€‹è‡¨æ™‚çš„è¨˜æ†¶é«”å¯¦ä¾‹ã€‚
2025-10-12 01:05:27 - [INFO] - [512280345618546699] æ ¸å¿ƒæ•¸æ“šæ¨¡æ¿ 'world_snapshot_template.txt' å·²æˆåŠŸåŠ è¼‰ã€‚
2025-10-12 01:05:27 - [INFO] - [512280345618546699] æ ¸å¿ƒå”è­° '00_supreme_directive.txt' å·²æˆåŠŸåŠ è¼‰ã€‚
2025-10-12 01:05:27 - [INFO] - â„¹ï¸ [Embedding Loader] æ­£åœ¨å•Ÿå‹•ã€ç´”æœ¬åœ° RAGã€‘Embedding å¼•æ“...
2025-10-12 01:05:27 - [INFO] -    - æª¢æ¸¬åˆ°æœ¬åœ°æ¨¡å‹è·¯å¾‘ï¼Œæ­£åœ¨å˜—è©¦å¾ 'D:\DINO\SD\ComfyUI\personal_server\ai_lover_service\models\stella-base-zh-v2' åŠ è¼‰...
2025-10-12 01:05:36 - [INFO] - âœ… [Embedding Loader] ç´”æœ¬åœ° Embedding æ¨¡å‹æˆåŠŸåŠ è¼‰ã€‚
2025-10-12 01:05:36 - [INFO] - [512280345618546699] æ‰€æœ‰è¼•é‡ç´šå‰ç½®è³‡æºå·²æº–å‚™å°±ç·’ (RAG å‰µå»ºå·²å»¶é²)ã€‚
2025-10-12 01:05:36 - [INFO] - [512280345618546699] æ¥æ”¶åˆ° profile æ›´æ–°è«‹æ±‚: ['world_settings']
2025-10-12 01:05:36 - [WARNING] - [512280345618546699] åœ¨æŒä¹…åŒ–æ›´æ–°æ™‚æ‰¾ä¸åˆ°ä½¿ç”¨è€…è³‡æ–™ï¼Œå°‡å‰µå»ºæ–°è¨˜éŒ„ã€‚
2025-10-12 01:05:36 - [INFO] - [512280345618546699] Profile æ›´æ–°ä¸¦æŒä¹…åŒ–æˆåŠŸã€‚
2025-10-12 01:05:38 - [INFO] - [512280345618546699] (UI Event) Persistent 'ContinueToUserSetupView' button clicked.
2025-10-12 01:05:47 - [INFO] - [512280345618546699] (UI Event) CharacterSettingsModal submitted for profile_type: 'user', is_setup_flow: True
2025-10-12 01:05:48 - [INFO] - [512280345618546699] æ¥æ”¶åˆ° profile æ›´æ–°è«‹æ±‚: ['user_profile']
2025-10-12 01:05:48 - [INFO] - [512280345618546699] Profile æ›´æ–°ä¸¦æŒä¹…åŒ–æˆåŠŸã€‚
2025-10-12 01:05:49 - [INFO] - [512280345618546699] (UI Event) Persistent 'ContinueToAiSetupView' button clicked.
2025-10-12 01:05:59 - [INFO] - [512280345618546699] (UI Event) CharacterSettingsModal submitted for profile_type: 'ai', is_setup_flow: True
2025-10-12 01:05:59 - [INFO] - [512280345618546699] æ¥æ”¶åˆ° profile æ›´æ–°è«‹æ±‚: ['ai_profile']
2025-10-12 01:05:59 - [INFO] - [512280345618546699] Profile æ›´æ–°ä¸¦æŒä¹…åŒ–æˆåŠŸã€‚
2025-10-12 01:06:01 - [INFO] - [512280345618546699] [å‰µä¸–æµç¨‹] æª”æ¡ˆä¸Šå‚³é–‹å§‹ï¼Œå·²è¨­å®š active_setups ç‹€æ…‹é–ã€‚
2025-10-12 01:06:07 - [INFO] - [512280345618546699] (on_message) åµæ¸¬åˆ°ç”¨æˆ¶è™•æ–¼æ´»èºçš„å‰µä¸–æµç¨‹ä¸­ï¼Œå·²å¿½ç•¥å¸¸è¦è¨Šæ¯ '...' ä»¥é˜²æ­¢ç«¶çˆ­ã€‚
2025-10-12 01:06:10 - [ERROR] - [512280345618546699] åœ¨ç­‰å¾…æª”æ¡ˆä¸Šå‚³æ™‚ç™¼ç”ŸéŒ¯èª¤: BotCog._perform_full_setup_flow() got an unexpected keyword argument 'user'
Traceback (most recent call last):
  File "D:\DINO\SD\ComfyUI\personal_server\ai_lover_service\src\cogs\core_cog.py", line 310, in upload_canon
    asyncio.create_task(self.cog._perform_full_setup_flow(user=interaction.user, canon_text=content_text))
TypeError: BotCog._perform_full_setup_flow() got an unexpected keyword argument 'user'
2025-10-12 01:22:31 - [INFO] - æ­£åœ¨åŠ è¼‰æ ¸å¿ƒ Cog (core_cog)...
2025-10-12 01:22:37 - [INFO] - âœ… æ ¸å¿ƒ Cog (core_cog) å·²åŠ è¼‰ï¼Œä¸¦ä¸”æ‰€æœ‰æŒä¹…åŒ–è¦–åœ–å·²æˆåŠŸè¨»å†Šã€‚
2025-10-12 01:22:37 - [INFO] - âœ… æ ¸å¿ƒ Cog åŠ è¼‰æˆåŠŸã€‚
2025-10-12 01:22:37 - [INFO] - æ­£åœ¨å…¨åŸŸåŒæ­¥æ‡‰ç”¨ç¨‹å¼æŒ‡ä»¤...
2025-10-12 01:22:38 - [INFO] - âœ… æŒ‡ä»¤å·²å…¨åŸŸåŒæ­¥ï¼
2025-10-12 01:22:38 - [INFO] - Discord Bot setup hook finished!
2025-10-12 01:22:40 - [INFO] - Logged in as AI#4450 (ID: 1358417100250808531)
2025-10-12 01:22:42 - [INFO] - å·²æˆåŠŸç™¼é€å•Ÿå‹•æˆåŠŸé€šçŸ¥çµ¦ç®¡ç†å“¡ã€‚
2025-10-12 01:23:21 - [INFO] - æ­£åœ¨åŠ è¼‰æ ¸å¿ƒ Cog (core_cog)...
2025-10-12 01:23:25 - [INFO] - âœ… æ ¸å¿ƒ Cog (core_cog) å·²åŠ è¼‰ï¼Œä¸¦ä¸”æ‰€æœ‰æŒä¹…åŒ–è¦–åœ–å·²æˆåŠŸè¨»å†Šã€‚
2025-10-12 01:23:25 - [INFO] - âœ… æ ¸å¿ƒ Cog åŠ è¼‰æˆåŠŸã€‚
2025-10-12 01:23:25 - [INFO] - æ­£åœ¨å…¨åŸŸåŒæ­¥æ‡‰ç”¨ç¨‹å¼æŒ‡ä»¤...
2025-10-12 01:23:26 - [INFO] - âœ… æŒ‡ä»¤å·²å…¨åŸŸåŒæ­¥ï¼
2025-10-12 01:23:26 - [INFO] - Discord Bot setup hook finished!
2025-10-12 01:23:28 - [INFO] - Logged in as AI#4450 (ID: 1358417100250808531)
2025-10-12 01:23:29 - [INFO] - å·²æˆåŠŸç™¼é€å•Ÿå‹•æˆåŠŸé€šçŸ¥çµ¦ç®¡ç†å“¡ã€‚
2025-10-12 01:23:57 - [INFO] - [512280345618546699] [Data Reset] æ­£åœ¨å•Ÿå‹•ä½¿ç”¨è€…è³‡æ–™é‡ç½®æµç¨‹...
2025-10-12 01:23:57 - [INFO] - [512280345618546699] [Data Reset] æ‰€æœ‰ç›¸é—œçš„è³‡æ–™åº«è¨˜éŒ„å·²æˆåŠŸåˆªé™¤ã€‚
2025-10-12 01:23:57 - [INFO] - [512280345618546699] [Data Reset] å‘é‡å„²å­˜ç›®éŒ„ 'D:\DINO\SD\ComfyUI\personal_server\ai_lover_service\data\vector_stores\512280345618546699' å·²æˆåŠŸåˆªé™¤ã€‚
2025-10-12 01:23:57 - [INFO] - [512280345618546699] [Data Reset] è³‡æ–™é‡ç½®æµç¨‹å·²å…¨éƒ¨å®Œæˆã€‚
2025-10-12 01:23:59 - [INFO] - [512280345618546699] (UI Event) Persistent 'StartSetupView' button clicked.
2025-10-12 01:24:04 - [INFO] - ä½¿ç”¨è€… 512280345618546699 æ²’æœ‰æ´»èºçš„ AI å¯¦ä¾‹ï¼Œå˜—è©¦å‰µå»º...
2025-10-12 01:24:04 - [INFO] - [512280345618546699] è™•æ–¼è¨­å®šæµç¨‹ä¸­ï¼Œå³ä½¿è³‡æ–™åº«ç„¡è¨˜éŒ„ï¼Œä¹Ÿå‰µå»ºä¸€å€‹è‡¨æ™‚çš„è¨˜æ†¶é«”å¯¦ä¾‹ã€‚
2025-10-12 01:24:04 - [INFO] - [512280345618546699] æ ¸å¿ƒæ•¸æ“šæ¨¡æ¿ 'world_snapshot_template.txt' å·²æˆåŠŸåŠ è¼‰ã€‚
2025-10-12 01:24:04 - [INFO] - [512280345618546699] æ ¸å¿ƒå”è­° '00_supreme_directive.txt' å·²æˆåŠŸåŠ è¼‰ã€‚
2025-10-12 01:24:04 - [INFO] - â„¹ï¸ [Embedding Loader] æ­£åœ¨å•Ÿå‹•ã€ç´”æœ¬åœ° RAGã€‘Embedding å¼•æ“...
2025-10-12 01:24:04 - [INFO] -    - æª¢æ¸¬åˆ°æœ¬åœ°æ¨¡å‹è·¯å¾‘ï¼Œæ­£åœ¨å˜—è©¦å¾ 'D:\DINO\SD\ComfyUI\personal_server\ai_lover_service\models\stella-base-zh-v2' åŠ è¼‰...
2025-10-12 01:24:12 - [INFO] - âœ… [Embedding Loader] ç´”æœ¬åœ° Embedding æ¨¡å‹æˆåŠŸåŠ è¼‰ã€‚
2025-10-12 01:24:12 - [INFO] - [512280345618546699] æ‰€æœ‰è¼•é‡ç´šå‰ç½®è³‡æºå·²æº–å‚™å°±ç·’ (RAG å‰µå»ºå·²å»¶é²)ã€‚
2025-10-12 01:24:12 - [INFO] - [512280345618546699] æ¥æ”¶åˆ° profile æ›´æ–°è«‹æ±‚: ['world_settings']
2025-10-12 01:24:12 - [WARNING] - [512280345618546699] åœ¨æŒä¹…åŒ–æ›´æ–°æ™‚æ‰¾ä¸åˆ°ä½¿ç”¨è€…è³‡æ–™ï¼Œå°‡å‰µå»ºæ–°è¨˜éŒ„ã€‚
2025-10-12 01:24:12 - [INFO] - [512280345618546699] Profile æ›´æ–°ä¸¦æŒä¹…åŒ–æˆåŠŸã€‚
2025-10-12 01:24:14 - [INFO] - [512280345618546699] (UI Event) Persistent 'ContinueToUserSetupView' button clicked.
2025-10-12 01:24:23 - [INFO] - [512280345618546699] (UI Event) CharacterSettingsModal submitted for profile_type: 'user', is_setup_flow: True
2025-10-12 01:24:23 - [INFO] - [512280345618546699] æ¥æ”¶åˆ° profile æ›´æ–°è«‹æ±‚: ['user_profile']
2025-10-12 01:24:23 - [INFO] - [512280345618546699] Profile æ›´æ–°ä¸¦æŒä¹…åŒ–æˆåŠŸã€‚
2025-10-12 01:24:25 - [INFO] - [512280345618546699] (UI Event) Persistent 'ContinueToAiSetupView' button clicked.
2025-10-12 01:24:34 - [INFO] - [512280345618546699] (UI Event) CharacterSettingsModal submitted for profile_type: 'ai', is_setup_flow: True
2025-10-12 01:24:35 - [INFO] - [512280345618546699] æ¥æ”¶åˆ° profile æ›´æ–°è«‹æ±‚: ['ai_profile']
2025-10-12 01:24:35 - [INFO] - [512280345618546699] Profile æ›´æ–°ä¸¦æŒä¹…åŒ–æˆåŠŸã€‚
2025-10-12 01:24:36 - [INFO] - [512280345618546699] [å‰µä¸–æµç¨‹] æª”æ¡ˆä¸Šå‚³é–‹å§‹ï¼Œå·²è¨­å®š active_setups ç‹€æ…‹é–ã€‚
2025-10-12 01:24:43 - [INFO] - [512280345618546699] (on_message) åµæ¸¬åˆ°ç”¨æˆ¶è™•æ–¼æ´»èºçš„å‰µä¸–æµç¨‹ä¸­ï¼Œå·²å¿½ç•¥å¸¸è¦è¨Šæ¯ '...' ä»¥é˜²æ­¢ç«¶çˆ­ã€‚
2025-10-12 08:18:45 - [INFO] - æ­£åœ¨åŠ è¼‰æ ¸å¿ƒ Cog (core_cog)...
2025-10-12 08:18:55 - [INFO] - âœ… æ ¸å¿ƒ Cog (core_cog) å·²åŠ è¼‰ï¼Œä¸¦ä¸”æ‰€æœ‰æŒä¹…åŒ–è¦–åœ–å·²æˆåŠŸè¨»å†Šã€‚
2025-10-12 08:18:55 - [INFO] - âœ… æ ¸å¿ƒ Cog åŠ è¼‰æˆåŠŸã€‚
2025-10-12 08:18:55 - [INFO] - æ­£åœ¨å…¨åŸŸåŒæ­¥æ‡‰ç”¨ç¨‹å¼æŒ‡ä»¤...
2025-10-12 08:18:55 - [INFO] - âœ… æŒ‡ä»¤å·²å…¨åŸŸåŒæ­¥ï¼
2025-10-12 08:18:55 - [INFO] - Discord Bot setup hook finished!
2025-10-12 08:18:58 - [INFO] - Logged in as AI#4450 (ID: 1358417100250808531)
2025-10-12 08:18:59 - [INFO] - å·²æˆåŠŸç™¼é€å•Ÿå‹•æˆåŠŸé€šçŸ¥çµ¦ç®¡ç†å“¡ã€‚
